/usr/sbin/kacpimon
/usr/sbin/kacpimon
/usr/share/man/man8/kacpimon.8
/usr/share/man/man8/kacpimon.8
/usr/bin/acpi_listen
/usr/bin/acpi_listen
/usr/sbin/acpid
/usr/sbin/acpid
/usr/share/doc/acpid-2.0.23/COPYING
/usr/share/doc/acpid-2.0.23/COPYING
/usr/share/doc/acpid-2.0.23/Changelog
/usr/share/doc/acpid-2.0.23/Changelog
/usr/share/doc/acpid-2.0.23/README
/usr/share/doc/acpid-2.0.23/README
/usr/share/doc/acpid-2.0.23/TESTPLAN
/usr/share/doc/acpid-2.0.23/TESTPLAN
/usr/share/doc/acpid-2.0.23/TODO
/usr/share/doc/acpid-2.0.23/TODO
/usr/share/man/man8/acpid.8
/usr/share/man/man8/acpid.8
/usr/share/man/man8/acpi_listen.8
/usr/share/man/man8/acpi_listen.8
/etc/acpi/events/power
/etc/acpi/events/power
/etc/acpi/power.sh
/etc/acpi/power.sh
/etc/rc.d/init.d/acpid
/etc/rc.d/init.d/acpid
/etc/rc.d/rc0.d/K32acpid
/etc/rc.d/rc1.d/K32acpid
/etc/rc.d/rc2.d/S18acpid
/etc/rc.d/rc3.d/S18acpid
/etc/rc.d/rc4.d/S18acpid
/etc/rc.d/rc5.d/S18acpid
/etc/rc.d/rc6.d/K32acpid
