/bin/attr
/bin/attr
/bin/getfattr
/bin/getfattr
/bin/setfattr
/bin/setfattr
/usr/share/man/man1/attr.1
/usr/share/man/man1/attr.1
/usr/share/man/man1/getfattr.1
/usr/share/man/man1/getfattr.1
/usr/share/man/man1/setfattr.1
/usr/share/man/man1/setfattr.1
/usr/share/man/man5/attr.5
/usr/share/man/man5/attr.5
/usr/share/doc/attr-2.4.47/PORTING
/usr/share/doc/attr-2.4.47/PORTING
/usr/share/doc/attr-2.4.47/CHANGES.gz
/usr/share/doc/attr-2.4.47/CHANGES.gz
/usr/share/doc/attr-2.4.47/COPYING
/usr/share/doc/attr-2.4.47/COPYING
/usr/share/doc/attr-2.4.47/COPYING.LGPL
/usr/share/doc/attr-2.4.47/COPYING.LGPL
/usr/share/locale/cs/LC_MESSAGES/attr.mo
/usr/share/locale/cs/LC_MESSAGES/attr.mo
/usr/share/locale/de/LC_MESSAGES/attr.mo
/usr/share/locale/de/LC_MESSAGES/attr.mo
/usr/share/locale/es/LC_MESSAGES/attr.mo
/usr/share/locale/es/LC_MESSAGES/attr.mo
/usr/share/locale/fr/LC_MESSAGES/attr.mo
/usr/share/locale/fr/LC_MESSAGES/attr.mo
/usr/share/locale/gl/LC_MESSAGES/attr.mo
/usr/share/locale/gl/LC_MESSAGES/attr.mo
/usr/share/locale/nl/LC_MESSAGES/attr.mo
/usr/share/locale/nl/LC_MESSAGES/attr.mo
/usr/share/locale/pl/LC_MESSAGES/attr.mo
/usr/share/locale/pl/LC_MESSAGES/attr.mo
/usr/share/locale/sv/LC_MESSAGES/attr.mo
/usr/share/locale/sv/LC_MESSAGES/attr.mo
/usr/share/doc/attr-2.4.47/README
/usr/share/doc/attr-2.4.47/README
/usr/include/attr/attributes.h
/usr/include/attr/attributes.h
/usr/include/attr/xattr.h
/usr/include/attr/xattr.h
/usr/include/attr/error_context.h
/usr/include/attr/error_context.h
/usr/include/attr/libattr.h
/usr/include/attr/libattr.h
/usr/lib/libattr.a
/usr/lib/libattr.a
/usr/lib/libattr.la
/usr/lib/libattr.la
/usr/lib/libattr.so
/usr/share/man/man2/getxattr.2
/usr/share/man/man2/getxattr.2
/usr/share/man/man2/lgetxattr.2
/usr/share/man/man2/fgetxattr.2
/usr/share/man/man2/listxattr.2
/usr/share/man/man2/listxattr.2
/usr/share/man/man2/llistxattr.2
/usr/share/man/man2/flistxattr.2
/usr/share/man/man2/removexattr.2
/usr/share/man/man2/removexattr.2
/usr/share/man/man2/lremovexattr.2
/usr/share/man/man2/fremovexattr.2
/usr/share/man/man2/setxattr.2
/usr/share/man/man2/setxattr.2
/usr/share/man/man2/lsetxattr.2
/usr/share/man/man2/fsetxattr.2
/usr/share/man/man3/attr_get.3
/usr/share/man/man3/attr_get.3
/usr/share/man/man3/attr_getf.3
/usr/share/man/man3/attr_list.3
/usr/share/man/man3/attr_list.3
/usr/share/man/man3/attr_listf.3
/usr/share/man/man3/attr_multi.3
/usr/share/man/man3/attr_multi.3
/usr/share/man/man3/attr_multif.3
/usr/share/man/man3/attr_remove.3
/usr/share/man/man3/attr_remove.3
/usr/share/man/man3/attr_removef.3
/usr/share/man/man3/attr_set.3
/usr/share/man/man3/attr_set.3
/usr/share/man/man3/attr_setf.3
/usr/lib/libattr.so.1.1.0
/usr/lib/libattr.so.1.1.0
/usr/lib/libattr.so.1
/usr/lib/libattr.so.1
/lib/libattr.so.1
/usr/lib/libattr.so.1.1.0
/lib/libattr.so.1.1.0
/usr/lib/libattr.so
