/bin/bash
/bin/bash
/bin/bash
/bin/bash
/bin/bash
/bin/bash
/bin/bash
/bin/bash
/bin/bash
/bin/bash
/bin/bash
/bin/bash
/bin/bash
/bin/bash
/bin/bash
/bin/bash
/bin/sh
/bin/bashbug
/bin/bashbug
/usr/share/doc/bash-4.3/CHANGES
/usr/share/doc/bash-4.3/CHANGES
/usr/share/doc/bash-4.3/CHANGES
/usr/share/doc/bash-4.3/CHANGES
/usr/share/doc/bash-4.3/COMPAT
/usr/share/doc/bash-4.3/COMPAT
/usr/share/doc/bash-4.3/NEWS
/usr/share/doc/bash-4.3/NEWS
/usr/share/doc/bash-4.3/POSIX
/usr/share/doc/bash-4.3/POSIX
/usr/share/doc/bash-4.3/RBASH
/usr/share/doc/bash-4.3/RBASH
/usr/share/doc/bash-4.3/README
/usr/share/doc/bash-4.3/README
/usr/share/man/man1/bash.1
/usr/share/man/man1/bash.1
/usr/share/man/man1/bash.1
/usr/share/man/man1/bash.1
/usr/share/man/man1/bashbug.1
/usr/share/man/man1/bashbug.1
/usr/share/doc/bash-4.3/FAQ
/usr/share/doc/bash-4.3/FAQ
/usr/share/doc/bash-4.3/INTRO
/usr/share/doc/bash-4.3/INTRO
/usr/share/info/bash.info
/usr/share/info/bash.info
/usr/share/info/bash.info
/usr/share/info/bash.info
/usr/share/info/bash.info
/usr/share/info/dir
/usr/share/info/dir
/usr/share/info/dir
/usr/share/info/dir
/usr/share/info/dir
/usr/share/info/dir
/usr/share/info/dir
/usr/share/info/dir
/usr/share/info/dir
/usr/share/info/dir
/usr/share/info/dir
/usr/share/info/dir
/usr/share/info/dir
/usr/share/info/dir
/usr/share/info/dir
/usr/share/info/dir
/usr/share/info/dir
/usr/share/info/dir
/usr/share/info/dir
/usr/share/info/dir
/usr/share/doc/bash-4.3/bash.html
/usr/share/doc/bash-4.3/bash.html
/usr/share/doc/bash-4.3/bash.html
/usr/share/doc/bash-4.3/bash.html
/usr/share/doc/bash-4.3/bashref.html
/usr/share/doc/bash-4.3/bashref.html
/usr/share/doc/bash-4.3/bashref.html
/usr/share/doc/bash-4.3/bashref.html
/usr/share/doc/bash-4.3/bashref.html
/usr/share/doc/bash-4.3/bashref.html
/usr/share/doc/bash-4.3/bashref.html
/usr/share/doc/bash-4.3/bashref.html
/usr/share/locale/en@quot/LC_MESSAGES/bash.mo
/usr/share/locale/en@quot/LC_MESSAGES/bash.mo
/usr/share/locale/en@quot/LC_MESSAGES/bash.mo
/usr/share/locale/en@boldquot/LC_MESSAGES/bash.mo
/usr/share/locale/en@boldquot/LC_MESSAGES/bash.mo
/usr/share/locale/en@boldquot/LC_MESSAGES/bash.mo
/usr/share/locale/af/LC_MESSAGES/bash.mo
/usr/share/locale/af/LC_MESSAGES/bash.mo
/usr/share/locale/bg/LC_MESSAGES/bash.mo
/usr/share/locale/bg/LC_MESSAGES/bash.mo
/usr/share/locale/bg/LC_MESSAGES/bash.mo
/usr/share/locale/ca/LC_MESSAGES/bash.mo
/usr/share/locale/ca/LC_MESSAGES/bash.mo
/usr/share/locale/cs/LC_MESSAGES/bash.mo
/usr/share/locale/cs/LC_MESSAGES/bash.mo
/usr/share/locale/cs/LC_MESSAGES/bash.mo
/usr/share/locale/da/LC_MESSAGES/bash.mo
/usr/share/locale/da/LC_MESSAGES/bash.mo
/usr/share/locale/de/LC_MESSAGES/bash.mo
/usr/share/locale/de/LC_MESSAGES/bash.mo
/usr/share/locale/el/LC_MESSAGES/bash.mo
/usr/share/locale/el/LC_MESSAGES/bash.mo
/usr/share/locale/eo/LC_MESSAGES/bash.mo
/usr/share/locale/eo/LC_MESSAGES/bash.mo
/usr/share/locale/eo/LC_MESSAGES/bash.mo
/usr/share/locale/es/LC_MESSAGES/bash.mo
/usr/share/locale/es/LC_MESSAGES/bash.mo
/usr/share/locale/et/LC_MESSAGES/bash.mo
/usr/share/locale/et/LC_MESSAGES/bash.mo
/usr/share/locale/fi/LC_MESSAGES/bash.mo
/usr/share/locale/fi/LC_MESSAGES/bash.mo
/usr/share/locale/fr/LC_MESSAGES/bash.mo
/usr/share/locale/fr/LC_MESSAGES/bash.mo
/usr/share/locale/ga/LC_MESSAGES/bash.mo
/usr/share/locale/ga/LC_MESSAGES/bash.mo
/usr/share/locale/gl/LC_MESSAGES/bash.mo
/usr/share/locale/gl/LC_MESSAGES/bash.mo
/usr/share/locale/hr/LC_MESSAGES/bash.mo
/usr/share/locale/hr/LC_MESSAGES/bash.mo
/usr/share/locale/hu/LC_MESSAGES/bash.mo
/usr/share/locale/hu/LC_MESSAGES/bash.mo
/usr/share/locale/id/LC_MESSAGES/bash.mo
/usr/share/locale/id/LC_MESSAGES/bash.mo
/usr/share/locale/it/LC_MESSAGES/bash.mo
/usr/share/locale/it/LC_MESSAGES/bash.mo
/usr/share/locale/ja/LC_MESSAGES/bash.mo
/usr/share/locale/ja/LC_MESSAGES/bash.mo
/usr/share/locale/ja/LC_MESSAGES/bash.mo
/usr/share/locale/lt/LC_MESSAGES/bash.mo
/usr/share/locale/lt/LC_MESSAGES/bash.mo
/usr/share/locale/nl/LC_MESSAGES/bash.mo
/usr/share/locale/nl/LC_MESSAGES/bash.mo
/usr/share/locale/nl/LC_MESSAGES/bash.mo
/usr/share/locale/pl/LC_MESSAGES/bash.mo
/usr/share/locale/pl/LC_MESSAGES/bash.mo
/usr/share/locale/pl/LC_MESSAGES/bash.mo
/usr/share/locale/pt_BR/LC_MESSAGES/bash.mo
/usr/share/locale/pt_BR/LC_MESSAGES/bash.mo
/usr/share/locale/ro/LC_MESSAGES/bash.mo
/usr/share/locale/ro/LC_MESSAGES/bash.mo
/usr/share/locale/ru/LC_MESSAGES/bash.mo
/usr/share/locale/ru/LC_MESSAGES/bash.mo
/usr/share/locale/sk/LC_MESSAGES/bash.mo
/usr/share/locale/sk/LC_MESSAGES/bash.mo
/usr/share/locale/sl/LC_MESSAGES/bash.mo
/usr/share/locale/sl/LC_MESSAGES/bash.mo
/usr/share/locale/sr/LC_MESSAGES/bash.mo
/usr/share/locale/sr/LC_MESSAGES/bash.mo
/usr/share/locale/sr/LC_MESSAGES/bash.mo
/usr/share/locale/sv/LC_MESSAGES/bash.mo
/usr/share/locale/sv/LC_MESSAGES/bash.mo
/usr/share/locale/sv/LC_MESSAGES/bash.mo
/usr/share/locale/tr/LC_MESSAGES/bash.mo
/usr/share/locale/tr/LC_MESSAGES/bash.mo
/usr/share/locale/uk/LC_MESSAGES/bash.mo
/usr/share/locale/uk/LC_MESSAGES/bash.mo
/usr/share/locale/uk/LC_MESSAGES/bash.mo
/usr/share/locale/vi/LC_MESSAGES/bash.mo
/usr/share/locale/vi/LC_MESSAGES/bash.mo
/usr/share/locale/vi/LC_MESSAGES/bash.mo
/usr/share/locale/zh_CN/LC_MESSAGES/bash.mo
/usr/share/locale/zh_CN/LC_MESSAGES/bash.mo
/usr/share/locale/zh_TW/LC_MESSAGES/bash.mo
/usr/share/locale/zh_TW/LC_MESSAGES/bash.mo
/etc/profile

