/usr/bin/bc
/usr/bin/bc
/usr/bin/bc
/usr/bin/dc
/usr/bin/dc
/usr/share/info/bc.info
/usr/share/info/bc.info
/usr/share/info/dc.info
/usr/share/info/dc.info
/usr/share/info/dir
/usr/share/info/dir
/usr/share/info/dir
/usr/share/info/dir
/usr/share/info/dir
/usr/share/info/dir
/usr/share/info/dir
/usr/share/info/dir
/usr/share/info/dir
/usr/share/info/dir
/usr/share/info/dir
/usr/share/info/dir
/usr/share/info/dir
/usr/share/info/dir
/usr/share/info/dir
/usr/share/info/dir
/usr/share/info/dir
/usr/share/info/dir
/usr/share/info/dir
/usr/share/info/dir
/usr/share/info/dir
/usr/share/info/dir
/usr/share/info/dir
/usr/share/info/dir
/usr/share/info/dir
/usr/share/info/dir
/usr/share/info/dir
/usr/share/info/dir
/usr/share/info/dir
/usr/share/info/dir
/usr/share/info/dir
/usr/share/info/dir
/usr/share/info/dir
/usr/share/info/dir
/usr/share/info/dir
/usr/share/info/dir
/usr/share/info/dir
/usr/share/info/dir
/usr/share/info/dir
/usr/share/info/dir
/usr/share/man/man1/bc.1
/usr/share/man/man1/bc.1
/usr/share/man/man1/dc.1
/usr/share/man/man1/dc.1
