/usr/share/info/bfd.info
/usr/share/info/bfd.info
/usr/share/info/bfd.info
/usr/share/info/bfd.info
/usr/share/info/bfd.info
/usr/share/info/bfd.info
/usr/share/info/dir
/usr/share/info/dir
/usr/share/info/dir
/usr/share/info/dir
/usr/share/info/dir
/usr/share/info/dir
/usr/share/info/dir
/usr/share/info/dir
/usr/share/info/dir
/usr/share/info/dir
/usr/share/info/dir
/usr/share/info/dir
/usr/share/info/dir
/usr/share/info/dir
/usr/share/info/dir
/usr/share/info/dir
/usr/share/info/dir
/usr/share/locale/da/LC_MESSAGES/bfd.mo
/usr/share/locale/da/LC_MESSAGES/bfd.mo
/usr/share/locale/da/LC_MESSAGES/bfd.mo
/usr/share/locale/es/LC_MESSAGES/bfd.mo
/usr/share/locale/es/LC_MESSAGES/bfd.mo
/usr/share/locale/es/LC_MESSAGES/bfd.mo
/usr/share/locale/fi/LC_MESSAGES/bfd.mo
/usr/share/locale/fi/LC_MESSAGES/bfd.mo
/usr/share/locale/fi/LC_MESSAGES/bfd.mo
/usr/share/locale/fr/LC_MESSAGES/bfd.mo
/usr/share/locale/fr/LC_MESSAGES/bfd.mo
/usr/share/locale/fr/LC_MESSAGES/bfd.mo
/usr/share/locale/id/LC_MESSAGES/bfd.mo
/usr/share/locale/id/LC_MESSAGES/bfd.mo
/usr/share/locale/ja/LC_MESSAGES/bfd.mo
/usr/share/locale/ja/LC_MESSAGES/bfd.mo
/usr/share/locale/ja/LC_MESSAGES/bfd.mo
/usr/share/locale/ro/LC_MESSAGES/bfd.mo
/usr/share/locale/ro/LC_MESSAGES/bfd.mo
/usr/share/locale/ru/LC_MESSAGES/bfd.mo
/usr/share/locale/ru/LC_MESSAGES/bfd.mo
/usr/share/locale/ru/LC_MESSAGES/bfd.mo
/usr/share/locale/rw/LC_MESSAGES/bfd.mo
/usr/share/locale/rw/LC_MESSAGES/bfd.mo
/usr/share/locale/sv/LC_MESSAGES/bfd.mo
/usr/share/locale/sv/LC_MESSAGES/bfd.mo
/usr/share/locale/tr/LC_MESSAGES/bfd.mo
/usr/share/locale/tr/LC_MESSAGES/bfd.mo
/usr/share/locale/uk/LC_MESSAGES/bfd.mo
/usr/share/locale/uk/LC_MESSAGES/bfd.mo
/usr/share/locale/uk/LC_MESSAGES/bfd.mo
/usr/share/locale/vi/LC_MESSAGES/bfd.mo
/usr/share/locale/vi/LC_MESSAGES/bfd.mo
/usr/share/locale/vi/LC_MESSAGES/bfd.mo
/usr/share/locale/zh_CN/LC_MESSAGES/bfd.mo
/usr/share/locale/zh_CN/LC_MESSAGES/bfd.mo
/usr/share/locale/da/LC_MESSAGES/bfd.mo
/usr/share/locale/da/LC_MESSAGES/bfd.mo
/usr/share/locale/da/LC_MESSAGES/bfd.mo
/usr/share/locale/es/LC_MESSAGES/bfd.mo
/usr/share/locale/es/LC_MESSAGES/bfd.mo
/usr/share/locale/es/LC_MESSAGES/bfd.mo
/usr/share/locale/fi/LC_MESSAGES/bfd.mo
/usr/share/locale/fi/LC_MESSAGES/bfd.mo
/usr/share/locale/fi/LC_MESSAGES/bfd.mo
/usr/share/locale/fr/LC_MESSAGES/bfd.mo
/usr/share/locale/fr/LC_MESSAGES/bfd.mo
/usr/share/locale/fr/LC_MESSAGES/bfd.mo
/usr/share/locale/id/LC_MESSAGES/bfd.mo
/usr/share/locale/id/LC_MESSAGES/bfd.mo
/usr/share/locale/ja/LC_MESSAGES/bfd.mo
/usr/share/locale/ja/LC_MESSAGES/bfd.mo
/usr/share/locale/ja/LC_MESSAGES/bfd.mo
/usr/share/locale/ro/LC_MESSAGES/bfd.mo
/usr/share/locale/ro/LC_MESSAGES/bfd.mo
/usr/share/locale/ru/LC_MESSAGES/bfd.mo
/usr/share/locale/ru/LC_MESSAGES/bfd.mo
/usr/share/locale/ru/LC_MESSAGES/bfd.mo
/usr/share/locale/rw/LC_MESSAGES/bfd.mo
/usr/share/locale/rw/LC_MESSAGES/bfd.mo
/usr/share/locale/sv/LC_MESSAGES/bfd.mo
/usr/share/locale/sv/LC_MESSAGES/bfd.mo
/usr/share/locale/tr/LC_MESSAGES/bfd.mo
/usr/share/locale/tr/LC_MESSAGES/bfd.mo
/usr/share/locale/uk/LC_MESSAGES/bfd.mo
/usr/share/locale/uk/LC_MESSAGES/bfd.mo
/usr/share/locale/uk/LC_MESSAGES/bfd.mo
/usr/share/locale/vi/LC_MESSAGES/bfd.mo
/usr/share/locale/vi/LC_MESSAGES/bfd.mo
/usr/share/locale/vi/LC_MESSAGES/bfd.mo
/usr/share/locale/zh_CN/LC_MESSAGES/bfd.mo
/usr/share/locale/zh_CN/LC_MESSAGES/bfd.mo
/usr/include/bfd.h
/usr/include/bfd.h
/usr/include/bfd.h
/usr/include/ansidecl.h
/usr/include/ansidecl.h
/usr/include/symcat.h
/usr/include/symcat.h
/usr/include/bfdlink.h
/usr/include/bfdlink.h
/usr/lib/libbfd-2.24.so
/usr/lib/libbfd-2.24.so
/usr/lib/libbfd-2.24.so
/usr/lib/libbfd-2.24.so
/usr/lib/libbfd-2.24.so
/usr/lib/libbfd-2.24.so
/usr/lib/libbfd-2.24.so
/usr/lib/libbfd-2.24.so
/usr/lib/libbfd-2.24.so
/usr/lib/libbfd.so
/usr/lib/libbfd.la
/usr/lib/libbfd.la
/usr/lib/libbfd.a
/usr/lib/libbfd.a
/usr/lib/libbfd.a
/usr/lib/libbfd.a
/usr/lib/libbfd.a
/usr/lib/libbfd.a
/usr/lib/libbfd.a
/usr/lib/libbfd.a
/usr/lib/libbfd.a
/usr/lib/libbfd.a
/usr/lib/libbfd.a
/usr/lib/libbfd.a
/usr/lib/libbfd.a
/usr/lib/libbfd.a
/usr/lib/libbfd.a
/usr/lib/libbfd.a
/usr/lib/libbfd.a
/usr/lib/libbfd.a
/usr/lib/libbfd.a
/usr/lib/libbfd.a
/usr/lib/libbfd.a
/usr/lib/libbfd.a
/usr/lib/libbfd.a
/usr/lib/libbfd.a
/usr/lib/libbfd.a
/usr/lib/libbfd.a
/usr/lib/libbfd.a
/usr/lib/libbfd.a
/usr/lib/libbfd.a
/usr/lib/libbfd.a
/usr/lib/libbfd.a
/usr/lib/libbfd.a
/usr/lib/libbfd.a
/usr/lib/libbfd.a
/usr/lib/libbfd.a
/usr/lib/libbfd.a
/usr/lib/libbfd.a
/usr/lib/libbfd.a
/usr/lib/libbfd.a
/usr/lib/libbfd.a
/usr/lib/libbfd.a
/usr/lib/libbfd.a
/usr/lib/libbfd.a
/usr/lib/libbfd.a
/usr/lib/libbfd.a
/usr/lib/libbfd.a
/usr/lib/libbfd.a
/usr/lib/libbfd.a
/usr/lib/libbfd.a
/usr/lib/libbfd.a
/usr/lib/libbfd.a
/usr/lib/libbfd.a
/usr/lib/libbfd.a
/usr/lib/libbfd.a
/usr/lib/libbfd.a
/usr/lib/stJbUS5o
/usr/lib/stJbUS5o
/usr/lib/stJbUS5o
/usr/lib/stJbUS5o
/usr/lib/stJbUS5o
/usr/lib/stJbUS5o
/usr/lib/stJbUS5o
/usr/lib/stJbUS5o
/usr/lib/stJbUS5o
/usr/lib/stJbUS5o
/usr/lib/stJbUS5o
/usr/lib/stJbUS5o
/usr/lib/stJbUS5o
/usr/lib/stJbUS5o
/usr/lib/stJbUS5o
/usr/lib/stJbUS5o
/usr/lib/stJbUS5o
/usr/lib/stJbUS5o
/usr/lib/stJbUS5o
/usr/lib/stJbUS5o
/usr/lib/stJbUS5o
/usr/lib/stJbUS5o
/usr/lib/stJbUS5o
/usr/lib/stJbUS5o
/usr/lib/stJbUS5o
/usr/lib/stJbUS5o
/usr/lib/stJbUS5o
/usr/lib/stJbUS5o
/usr/lib/stJbUS5o
/usr/lib/stJbUS5o
/usr/lib/stJbUS5o
/usr/lib/stJbUS5o
/usr/lib/stJbUS5o
/usr/lib/stJbUS5o
/usr/lib/stJbUS5o
/usr/lib/stJbUS5o
/usr/lib/stJbUS5o
/usr/lib/stJbUS5o
/usr/lib/stJbUS5o
/usr/lib/stJbUS5o
/usr/lib/stJbUS5o
/usr/lib/stJbUS5o
/usr/lib/stJbUS5o
/usr/lib/stJbUS5o
/usr/lib/stJbUS5o
/usr/lib/stJbUS5o
/usr/lib/stJbUS5o
/usr/lib/stJbUS5o
/usr/lib/stJbUS5o
/usr/lib/stJbUS5o
/usr/lib/stJbUS5o
/usr/lib/stJbUS5o
/usr/lib/stJbUS5o
/usr/lib/stJbUS5o
/usr/lib/stJbUS5o
/usr/lib/stJbUS5o
/usr/lib/stJbUS5o
/usr/lib/stJbUS5o
/usr/lib/stJbUS5o
/usr/lib/stJbUS5o
/usr/lib/stJbUS5o
/usr/lib/stJbUS5o
/usr/lib/stJbUS5o
/usr/lib/stJbUS5o
/usr/lib/stJbUS5o
/usr/lib/stJbUS5o
/usr/lib/stJbUS5o
/usr/lib/stJbUS5o
/usr/lib/stJbUS5o
/usr/lib/stJbUS5o
/usr/lib/stJbUS5o
/usr/lib/stJbUS5o
/usr/lib/stJbUS5o
/usr/lib/stJbUS5o
/usr/lib/stJbUS5o
/usr/lib/stJbUS5o
/usr/lib/stJbUS5o
/usr/lib/stJbUS5o
/usr/lib/stJbUS5o
/usr/lib/stJbUS5o
/usr/lib/stJbUS5o
/usr/lib/stJbUS5o
/usr/lib/stJbUS5o
/usr/lib/stJbUS5o
/usr/lib/stJbUS5o
/usr/lib/stJbUS5o
/usr/lib/stJbUS5o
/usr/lib/stJbUS5o
/usr/lib/stJbUS5o
/usr/lib/stJbUS5o
/usr/lib/stJbUS5o
/usr/lib/stJbUS5o
/usr/lib/stJbUS5o
/usr/lib/stJbUS5o
/usr/lib/stJbUS5o
/usr/lib/stJbUS5o
/usr/lib/stJbUS5o
/usr/lib/stJbUS5o
/usr/lib/stJbUS5o
/usr/lib/stJbUS5o
/usr/lib/stJbUS5o
/usr/lib/stJbUS5o
/usr/lib/stJbUS5o
/usr/lib/stJbUS5o
/usr/lib/stJbUS5o
/usr/lib/stJbUS5o
/usr/lib/stJbUS5o
/usr/lib/stJbUS5o
/usr/lib/stJbUS5o
/usr/lib/stJbUS5o
/usr/lib/stJbUS5o
/usr/lib/stJbUS5o
/usr/lib/stJbUS5o
/usr/lib/stJbUS5o
/usr/lib/stJbUS5o
/usr/lib/stJbUS5o
/usr/lib/stJbUS5o
/usr/lib/stJbUS5o
/usr/lib/stJbUS5o
/usr/lib/stJbUS5o
/usr/lib/stJbUS5o
/usr/lib/stJbUS5o
/usr/lib/stJbUS5o
/usr/lib/stJbUS5o
/usr/lib/stJbUS5o
/usr/lib/stJbUS5o
/usr/lib/stJbUS5o
/usr/lib/stJbUS5o
/usr/lib/stJbUS5o
/usr/lib/stJbUS5o
/usr/lib/stJbUS5o
/usr/lib/stJbUS5o
/usr/lib/stJbUS5o
/usr/lib/stJbUS5o
/usr/lib/stJbUS5o
/usr/lib/stJbUS5o
/usr/lib/stJbUS5o
/usr/lib/stJbUS5o
/usr/lib/stJbUS5o
/usr/lib/stJbUS5o
/usr/lib/stJbUS5o
/usr/lib/stJbUS5o
/usr/lib/stJbUS5o
/usr/lib/stJbUS5o
/usr/lib/stJbUS5o
/usr/lib/stJbUS5o
/usr/lib/stJbUS5o
/usr/lib/stJbUS5o
/usr/lib/stJbUS5o
/usr/lib/stJbUS5o
/usr/lib/stJbUS5o
/usr/lib/stJbUS5o
/usr/lib/stJbUS5o
/usr/lib/stJbUS5o
/usr/lib/stJbUS5o
/usr/lib/stJbUS5o
/usr/lib/stJbUS5o
/usr/lib/stJbUS5o
/usr/lib/stJbUS5o
/usr/lib/stJbUS5o
/usr/lib/stJbUS5o
/usr/lib/stJbUS5o
/usr/lib/stJbUS5o
/usr/lib/stJbUS5o
/usr/lib/stJbUS5o
/usr/lib/stJbUS5o
/usr/lib/stJbUS5o
/usr/lib/stJbUS5o
/usr/lib/stJbUS5o
/usr/lib/stJbUS5o
/usr/lib/stJbUS5o
/usr/lib/stJbUS5o
/usr/lib/stJbUS5o
/usr/lib/stJbUS5o
/usr/lib/stJbUS5o
/usr/lib/stJbUS5o
/usr/lib/stJbUS5o
/usr/lib/stJbUS5o
/usr/lib/stJbUS5o
/usr/lib/stJbUS5o
/usr/lib/stJbUS5o
/usr/lib/stJbUS5o
/usr/lib/stJbUS5o
/usr/lib/stJbUS5o
/usr/lib/stJbUS5o
/usr/lib/stJbUS5o
/usr/lib/stJbUS5o
/usr/lib/stJbUS5o
/usr/lib/stJbUS5o
/usr/lib/stJbUS5o
/usr/lib/stJbUS5o
/usr/lib/stJbUS5o
/usr/lib/stJbUS5o
/usr/lib/stJbUS5o
/usr/lib/stJbUS5o
/usr/lib/stJbUS5o
/usr/lib/stJbUS5o
/usr/lib/stJbUS5o
/usr/lib/stJbUS5o
/usr/lib/stJbUS5o
/usr/lib/stJbUS5o
/usr/lib/stJbUS5o
/usr/lib/stJbUS5o
/usr/lib/stJbUS5o
/usr/lib/stJbUS5o
/usr/lib/stJbUS5o
/usr/lib/stJbUS5o
/usr/lib/stJbUS5o
/usr/lib/stJbUS5o
/usr/lib/stJbUS5o
/usr/lib/stJbUS5o
/usr/lib/stJbUS5o
/usr/lib/stJbUS5o
/usr/lib/stJbUS5o
/usr/lib/stJbUS5o
/usr/lib/stJbUS5o
/usr/lib/stJbUS5o
/usr/lib/stJbUS5o
/usr/lib/stJbUS5o
/usr/lib/stJbUS5o
/usr/lib/stJbUS5o
/usr/lib/stJbUS5o
/usr/lib/stJbUS5o
/usr/lib/stJbUS5o
/usr/lib/stJbUS5o
/usr/lib/stJbUS5o
/usr/lib/stJbUS5o
/usr/lib/stJbUS5o
/usr/lib/stJbUS5o
/usr/lib/stJbUS5o
/usr/lib/stJbUS5o
/usr/lib/stJbUS5o
/usr/lib/stJbUS5o
/usr/lib/stJbUS5o
/usr/lib/stJbUS5o
/usr/lib/stJbUS5o
/usr/lib/stJbUS5o
/usr/lib/stJbUS5o
/usr/lib/stJbUS5o
/usr/lib/stJbUS5o
/usr/lib/stJbUS5o
/usr/lib/stJbUS5o
/usr/lib/stJbUS5o
/usr/lib/stJbUS5o
/usr/lib/stJbUS5o
/usr/lib/stJbUS5o
/usr/lib/stJbUS5o
/usr/lib/stJbUS5o
/usr/lib/stJbUS5o
/usr/lib/stJbUS5o
/usr/lib/stJbUS5o
/usr/lib/stJbUS5o
/usr/lib/stJbUS5o
/usr/lib/stJbUS5o
/usr/lib/stJbUS5o
/usr/lib/stJbUS5o
/usr/lib/stJbUS5o
/usr/lib/stJbUS5o
/usr/lib/stJbUS5o
/usr/lib/stJbUS5o
/usr/lib/stJbUS5o
/usr/lib/stJbUS5o
/usr/lib/stJbUS5o
/usr/lib/stJbUS5o
/usr/lib/stJbUS5o
/usr/lib/stJbUS5o
/usr/lib/stJbUS5o
/usr/lib/stJbUS5o
/usr/lib/stJbUS5o
/usr/lib/stJbUS5o
/usr/lib/stJbUS5o
/usr/lib/stJbUS5o
/usr/lib/stJbUS5o
/usr/lib/stJbUS5o
/usr/lib/stJbUS5o
/usr/lib/stJbUS5o
/usr/lib/stJbUS5o
/usr/lib/stJbUS5o
/usr/lib/stJbUS5o
/usr/lib/stJbUS5o
/usr/lib/stJbUS5o
/usr/lib/stJbUS5o
/usr/lib/stJbUS5o
/usr/lib/stJbUS5o
/usr/lib/stJbUS5o
/usr/lib/stJbUS5o
/usr/lib/stJbUS5o
/usr/lib/stJbUS5o
/usr/lib/stJbUS5o
/usr/lib/stJbUS5o
/usr/lib/stJbUS5o
/usr/lib/stJbUS5o
/usr/lib/stJbUS5o
/usr/lib/stJbUS5o
/usr/lib/stJbUS5o
/usr/lib/stJbUS5o
/usr/lib/stJbUS5o
/usr/lib/stJbUS5o
/usr/lib/stJbUS5o
/usr/lib/stJbUS5o
/usr/lib/stJbUS5o
/usr/lib/stJbUS5o
/usr/lib/stJbUS5o
/usr/lib/stJbUS5o
/usr/lib/stJbUS5o
/usr/lib/stJbUS5o
/usr/lib/stJbUS5o
/usr/lib/stJbUS5o
/usr/lib/stJbUS5o
/usr/lib/stJbUS5o
/usr/lib/stJbUS5o
/usr/lib/stJbUS5o
/usr/lib/stJbUS5o
/usr/lib/stJbUS5o
/usr/lib/stJbUS5o
/usr/lib/stJbUS5o
/usr/lib/stJbUS5o
/usr/lib/stJbUS5o
/usr/lib/stJbUS5o
/usr/lib/stJbUS5o
/usr/lib/stJbUS5o
/usr/lib/stJbUS5o
/usr/lib/stJbUS5o
/usr/lib/stJbUS5o
/usr/lib/stJbUS5o
/usr/lib/stJbUS5o
/usr/lib/stJbUS5o
/usr/lib/stJbUS5o
/usr/lib/stJbUS5o
/usr/lib/stJbUS5o
/usr/lib/stJbUS5o
/usr/lib/stJbUS5o
/usr/lib/stJbUS5o
/usr/lib/stJbUS5o
/usr/lib/stJbUS5o
/usr/lib/stJbUS5o
/usr/lib/stJbUS5o
/usr/lib/stJbUS5o
/usr/lib/stJbUS5o
/usr/lib/stJbUS5o
/usr/lib/stJbUS5o
/usr/lib/stJbUS5o
/usr/lib/stJbUS5o
/usr/lib/stJbUS5o
/usr/lib/stJbUS5o
/usr/lib/stJbUS5o
/usr/lib/stJbUS5o
/usr/lib/stJbUS5o
/usr/lib/stJbUS5o
/usr/lib/stJbUS5o
/usr/lib/stJbUS5o
/usr/lib/stJbUS5o
/usr/lib/stJbUS5o
/usr/lib/stJbUS5o
/usr/lib/stJbUS5o
/usr/lib/stJbUS5o
/usr/lib/stJbUS5o
/usr/lib/stJbUS5o
/usr/lib/stJbUS5o
/usr/lib/stJbUS5o
/usr/lib/stJbUS5o
/usr/lib/stJbUS5o
/usr/lib/stJbUS5o
/usr/lib/stJbUS5o
/usr/lib/stJbUS5o
/usr/lib/stJbUS5o
/usr/lib/stJbUS5o
/usr/lib/stJbUS5o
/usr/lib/stJbUS5o
/usr/lib/stJbUS5o
/usr/lib/stJbUS5o
/usr/lib/stJbUS5o
/usr/lib/stJbUS5o
/usr/lib/stJbUS5o
/usr/lib/stJbUS5o
/usr/lib/stJbUS5o
/usr/lib/stJbUS5o
/usr/lib/stJbUS5o
/usr/lib/stJbUS5o
/usr/lib/stJbUS5o
/usr/lib/stJbUS5o
/usr/lib/stJbUS5o
/usr/lib/stJbUS5o
/usr/lib/stJbUS5o
/usr/lib/stJbUS5o
/usr/lib/stJbUS5o
/usr/lib/stJbUS5o
/usr/lib/stJbUS5o
/usr/lib/stJbUS5o
/usr/lib/stJbUS5o
/usr/lib/stJbUS5o
/usr/lib/stJbUS5o
/usr/lib/stJbUS5o
/usr/lib/libbfd.a
/usr/include/dis-asm.h
/usr/include/dis-asm.h
/usr/lib/libopcodes-2.24.so
/usr/lib/libopcodes-2.24.so
/usr/lib/libopcodes-2.24.so
/usr/lib/libopcodes-2.24.so
/usr/lib/libopcodes-2.24.so
/usr/lib/libopcodes-2.24.so
/usr/lib/libopcodes-2.24.so
/usr/lib/libopcodes-2.24.so
/usr/lib/libopcodes-2.24.so
/usr/lib/libopcodes-2.24.so
/usr/lib/libopcodes.so
/usr/lib/libopcodes.la
/usr/lib/libopcodes.la
/usr/lib/libopcodes.a
/usr/lib/libopcodes.a
/usr/lib/libopcodes.a
/usr/lib/libopcodes.a
/usr/lib/libopcodes.a
/usr/lib/libopcodes.a
/usr/lib/libopcodes.a
/usr/lib/libopcodes.a
/usr/lib/libopcodes.a
/usr/lib/libopcodes.a
/usr/lib/libopcodes.a
/usr/lib/libopcodes.a
/usr/lib/stLokxlE
/usr/lib/stLokxlE
/usr/lib/stLokxlE
/usr/lib/stLokxlE
/usr/lib/stLokxlE
/usr/lib/stLokxlE
/usr/lib/stLokxlE
/usr/lib/stLokxlE
/usr/lib/stLokxlE
/usr/lib/stLokxlE
/usr/lib/stLokxlE
/usr/lib/stLokxlE
/usr/lib/stLokxlE
/usr/lib/stLokxlE
/usr/lib/stLokxlE
/usr/lib/stLokxlE
/usr/lib/stLokxlE
/usr/lib/stLokxlE
/usr/lib/stLokxlE
/usr/lib/stLokxlE
/usr/lib/stLokxlE
/usr/lib/stLokxlE
/usr/lib/stLokxlE
/usr/lib/stLokxlE
/usr/lib/stLokxlE
/usr/lib/stLokxlE
/usr/lib/stLokxlE
/usr/lib/stLokxlE
/usr/lib/stLokxlE
/usr/lib/stLokxlE
/usr/lib/stLokxlE
/usr/lib/stLokxlE
/usr/lib/stLokxlE
/usr/lib/stLokxlE
/usr/lib/stLokxlE
/usr/lib/stLokxlE
/usr/lib/stLokxlE
/usr/lib/stLokxlE
/usr/lib/stLokxlE
/usr/lib/stLokxlE
/usr/lib/stLokxlE
/usr/lib/stLokxlE
/usr/lib/stLokxlE
/usr/lib/stLokxlE
/usr/lib/stLokxlE
/usr/lib/stLokxlE
/usr/lib/stLokxlE
/usr/lib/stLokxlE
/usr/lib/stLokxlE
/usr/lib/stLokxlE
/usr/lib/stLokxlE
/usr/lib/stLokxlE
/usr/lib/stLokxlE
/usr/lib/stLokxlE
/usr/lib/stLokxlE
/usr/lib/stLokxlE
/usr/lib/stLokxlE
/usr/lib/stLokxlE
/usr/lib/stLokxlE
/usr/lib/stLokxlE
/usr/lib/stLokxlE
/usr/lib/stLokxlE
/usr/lib/stLokxlE
/usr/lib/stLokxlE
/usr/lib/stLokxlE
/usr/lib/stLokxlE
/usr/lib/stLokxlE
/usr/lib/stLokxlE
/usr/lib/stLokxlE
/usr/lib/stLokxlE
/usr/lib/stLokxlE
/usr/lib/stLokxlE
/usr/lib/stLokxlE
/usr/lib/stLokxlE
/usr/lib/stLokxlE
/usr/lib/stLokxlE
/usr/lib/stLokxlE
/usr/lib/stLokxlE
/usr/lib/stLokxlE
/usr/lib/stLokxlE
/usr/lib/stLokxlE
/usr/lib/stLokxlE
/usr/lib/stLokxlE
/usr/lib/stLokxlE
/usr/lib/stLokxlE
/usr/lib/stLokxlE
/usr/lib/stLokxlE
/usr/lib/stLokxlE
/usr/lib/stLokxlE
/usr/lib/stLokxlE
/usr/lib/stLokxlE
/usr/lib/stLokxlE
/usr/lib/stLokxlE
/usr/lib/stLokxlE
/usr/lib/stLokxlE
/usr/lib/stLokxlE
/usr/lib/stLokxlE
/usr/lib/stLokxlE
/usr/lib/stLokxlE
/usr/lib/stLokxlE
/usr/lib/stLokxlE
/usr/lib/stLokxlE
/usr/lib/stLokxlE
/usr/lib/stLokxlE
/usr/lib/stLokxlE
/usr/lib/stLokxlE
/usr/lib/stLokxlE
/usr/lib/stLokxlE
/usr/lib/stLokxlE
/usr/lib/stLokxlE
/usr/lib/stLokxlE
/usr/lib/stLokxlE
/usr/lib/stLokxlE
/usr/lib/stLokxlE
/usr/lib/stLokxlE
/usr/lib/stLokxlE
/usr/lib/stLokxlE
/usr/lib/stLokxlE
/usr/lib/stLokxlE
/usr/lib/stLokxlE
/usr/lib/stLokxlE
/usr/lib/stLokxlE
/usr/lib/stLokxlE
/usr/lib/stLokxlE
/usr/lib/stLokxlE
/usr/lib/stLokxlE
/usr/lib/stLokxlE
/usr/lib/stLokxlE
/usr/lib/stLokxlE
/usr/lib/stLokxlE
/usr/lib/stLokxlE
/usr/lib/stLokxlE
/usr/lib/stLokxlE
/usr/lib/stLokxlE
/usr/lib/stLokxlE
/usr/lib/stLokxlE
/usr/lib/stLokxlE
/usr/lib/stLokxlE
/usr/lib/stLokxlE
/usr/lib/stLokxlE
/usr/lib/stLokxlE
/usr/lib/stLokxlE
/usr/lib/stLokxlE
/usr/lib/stLokxlE
/usr/lib/stLokxlE
/usr/lib/stLokxlE
/usr/lib/stLokxlE
/usr/lib/stLokxlE
/usr/lib/stLokxlE
/usr/lib/stLokxlE
/usr/lib/stLokxlE
/usr/lib/stLokxlE
/usr/lib/stLokxlE
/usr/lib/stLokxlE
/usr/lib/stLokxlE
/usr/lib/stLokxlE
/usr/lib/stLokxlE
/usr/lib/stLokxlE
/usr/lib/stLokxlE
/usr/lib/stLokxlE
/usr/lib/stLokxlE
/usr/lib/stLokxlE
/usr/lib/stLokxlE
/usr/lib/stLokxlE
/usr/lib/stLokxlE
/usr/lib/stLokxlE
/usr/lib/stLokxlE
/usr/lib/stLokxlE
/usr/lib/stLokxlE
/usr/lib/stLokxlE
/usr/lib/stLokxlE
/usr/lib/stLokxlE
/usr/lib/stLokxlE
/usr/lib/stLokxlE
/usr/lib/stLokxlE
/usr/lib/stLokxlE
/usr/lib/stLokxlE
/usr/lib/stLokxlE
/usr/lib/stLokxlE
/usr/lib/stLokxlE
/usr/lib/stLokxlE
/usr/lib/stLokxlE
/usr/lib/stLokxlE
/usr/lib/stLokxlE
/usr/lib/stLokxlE
/usr/lib/stLokxlE
/usr/lib/stLokxlE
/usr/lib/stLokxlE
/usr/lib/stLokxlE
/usr/lib/stLokxlE
/usr/lib/stLokxlE
/usr/lib/stLokxlE
/usr/lib/stLokxlE
/usr/lib/stLokxlE
/usr/lib/stLokxlE
/usr/lib/stLokxlE
/usr/lib/stLokxlE
/usr/lib/stLokxlE
/usr/lib/stLokxlE
/usr/lib/stLokxlE
/usr/lib/stLokxlE
/usr/lib/stLokxlE
/usr/lib/stLokxlE
/usr/lib/stLokxlE
/usr/lib/stLokxlE
/usr/lib/stLokxlE
/usr/lib/stLokxlE
/usr/lib/stLokxlE
/usr/lib/stLokxlE
/usr/lib/stLokxlE
/usr/lib/stLokxlE
/usr/lib/stLokxlE
/usr/lib/stLokxlE
/usr/lib/stLokxlE
/usr/lib/stLokxlE
/usr/lib/stLokxlE
/usr/lib/stLokxlE
/usr/lib/stLokxlE
/usr/lib/stLokxlE
/usr/lib/stLokxlE
/usr/lib/stLokxlE
/usr/lib/stLokxlE
/usr/lib/stLokxlE
/usr/lib/stLokxlE
/usr/lib/stLokxlE
/usr/lib/stLokxlE
/usr/lib/stLokxlE
/usr/lib/stLokxlE
/usr/lib/stLokxlE
/usr/lib/stLokxlE
/usr/lib/stLokxlE
/usr/lib/stLokxlE
/usr/lib/stLokxlE
/usr/lib/stLokxlE
/usr/lib/stLokxlE
/usr/lib/stLokxlE
/usr/lib/stLokxlE
/usr/lib/stLokxlE
/usr/lib/stLokxlE
/usr/lib/stLokxlE
/usr/lib/stLokxlE
/usr/lib/stLokxlE
/usr/lib/stLokxlE
/usr/lib/stLokxlE
/usr/lib/stLokxlE
/usr/lib/stLokxlE
/usr/lib/stLokxlE
/usr/lib/stLokxlE
/usr/lib/stLokxlE
/usr/lib/stLokxlE
/usr/lib/stLokxlE
/usr/lib/stLokxlE
/usr/lib/stLokxlE
/usr/lib/stLokxlE
/usr/lib/stLokxlE
/usr/lib/stLokxlE
/usr/lib/stLokxlE
/usr/lib/stLokxlE
/usr/lib/stLokxlE
/usr/lib/stLokxlE
/usr/lib/stLokxlE
/usr/lib/stLokxlE
/usr/lib/stLokxlE
/usr/lib/stLokxlE
/usr/lib/stLokxlE
/usr/lib/stLokxlE
/usr/lib/stLokxlE
/usr/lib/stLokxlE
/usr/lib/stLokxlE
/usr/lib/stLokxlE
/usr/lib/stLokxlE
/usr/lib/stLokxlE
/usr/lib/stLokxlE
/usr/lib/stLokxlE
/usr/lib/stLokxlE
/usr/lib/stLokxlE
/usr/lib/stLokxlE
/usr/lib/stLokxlE
/usr/lib/stLokxlE
/usr/lib/stLokxlE
/usr/lib/stLokxlE
/usr/lib/stLokxlE
/usr/lib/stLokxlE
/usr/lib/stLokxlE
/usr/lib/stLokxlE
/usr/lib/stLokxlE
/usr/lib/stLokxlE
/usr/lib/stLokxlE
/usr/lib/stLokxlE
/usr/lib/stLokxlE
/usr/lib/stLokxlE
/usr/lib/stLokxlE
/usr/lib/stLokxlE
/usr/lib/stLokxlE
/usr/lib/stLokxlE
/usr/lib/stLokxlE
/usr/lib/stLokxlE
/usr/lib/stLokxlE
/usr/lib/stLokxlE
/usr/lib/stLokxlE
/usr/lib/stLokxlE
/usr/lib/stLokxlE
/usr/lib/stLokxlE
/usr/lib/stLokxlE
/usr/lib/stLokxlE
/usr/lib/stLokxlE
/usr/lib/stLokxlE
/usr/lib/stLokxlE
/usr/lib/stLokxlE
/usr/lib/stLokxlE
/usr/lib/stLokxlE
/usr/lib/stLokxlE
/usr/lib/stLokxlE
/usr/lib/stLokxlE
/usr/lib/stLokxlE
/usr/lib/stLokxlE
/usr/lib/stLokxlE
/usr/lib/stLokxlE
/usr/lib/stLokxlE
/usr/lib/stLokxlE
/usr/lib/stLokxlE
/usr/lib/stLokxlE
/usr/lib/stLokxlE
/usr/lib/stLokxlE
/usr/lib/stLokxlE
/usr/lib/stLokxlE
/usr/lib/stLokxlE
/usr/lib/stLokxlE
/usr/lib/stLokxlE
/usr/lib/stLokxlE
/usr/lib/stLokxlE
/usr/lib/stLokxlE
/usr/lib/stLokxlE
/usr/lib/stLokxlE
/usr/lib/stLokxlE
/usr/lib/stLokxlE
/usr/lib/stLokxlE
/usr/lib/stLokxlE
/usr/lib/stLokxlE
/usr/lib/stLokxlE
/usr/lib/stLokxlE
/usr/lib/stLokxlE
/usr/lib/libopcodes.a
/usr/share/locale/da/LC_MESSAGES/opcodes.mo
/usr/share/locale/da/LC_MESSAGES/opcodes.mo
/usr/share/locale/de/LC_MESSAGES/opcodes.mo
/usr/share/locale/de/LC_MESSAGES/opcodes.mo
/usr/share/locale/es/LC_MESSAGES/opcodes.mo
/usr/share/locale/es/LC_MESSAGES/opcodes.mo
/usr/share/locale/fi/LC_MESSAGES/opcodes.mo
/usr/share/locale/fi/LC_MESSAGES/opcodes.mo
/usr/share/locale/fr/LC_MESSAGES/opcodes.mo
/usr/share/locale/fr/LC_MESSAGES/opcodes.mo
/usr/share/locale/ga/LC_MESSAGES/opcodes.mo
/usr/share/locale/ga/LC_MESSAGES/opcodes.mo
/usr/share/locale/id/LC_MESSAGES/opcodes.mo
/usr/share/locale/id/LC_MESSAGES/opcodes.mo
/usr/share/locale/it/LC_MESSAGES/opcodes.mo
/usr/share/locale/it/LC_MESSAGES/opcodes.mo
/usr/share/locale/nl/LC_MESSAGES/opcodes.mo
/usr/share/locale/nl/LC_MESSAGES/opcodes.mo
/usr/share/locale/pt_BR/LC_MESSAGES/opcodes.mo
/usr/share/locale/pt_BR/LC_MESSAGES/opcodes.mo
/usr/share/locale/ro/LC_MESSAGES/opcodes.mo
/usr/share/locale/ro/LC_MESSAGES/opcodes.mo
/usr/share/locale/sv/LC_MESSAGES/opcodes.mo
/usr/share/locale/sv/LC_MESSAGES/opcodes.mo
/usr/share/locale/tr/LC_MESSAGES/opcodes.mo
/usr/share/locale/tr/LC_MESSAGES/opcodes.mo
/usr/share/locale/uk/LC_MESSAGES/opcodes.mo
/usr/share/locale/uk/LC_MESSAGES/opcodes.mo
/usr/share/locale/vi/LC_MESSAGES/opcodes.mo
/usr/share/locale/vi/LC_MESSAGES/opcodes.mo
/usr/share/locale/zh_CN/LC_MESSAGES/opcodes.mo
/usr/share/locale/zh_CN/LC_MESSAGES/opcodes.mo
/usr/share/locale/da/LC_MESSAGES/opcodes.mo
/usr/share/locale/da/LC_MESSAGES/opcodes.mo
/usr/share/locale/de/LC_MESSAGES/opcodes.mo
/usr/share/locale/de/LC_MESSAGES/opcodes.mo
/usr/share/locale/es/LC_MESSAGES/opcodes.mo
/usr/share/locale/es/LC_MESSAGES/opcodes.mo
/usr/share/locale/fi/LC_MESSAGES/opcodes.mo
/usr/share/locale/fi/LC_MESSAGES/opcodes.mo
/usr/share/locale/fr/LC_MESSAGES/opcodes.mo
/usr/share/locale/fr/LC_MESSAGES/opcodes.mo
/usr/share/locale/ga/LC_MESSAGES/opcodes.mo
/usr/share/locale/ga/LC_MESSAGES/opcodes.mo
/usr/share/locale/id/LC_MESSAGES/opcodes.mo
/usr/share/locale/id/LC_MESSAGES/opcodes.mo
/usr/share/locale/it/LC_MESSAGES/opcodes.mo
/usr/share/locale/it/LC_MESSAGES/opcodes.mo
/usr/share/locale/nl/LC_MESSAGES/opcodes.mo
/usr/share/locale/nl/LC_MESSAGES/opcodes.mo
/usr/share/locale/pt_BR/LC_MESSAGES/opcodes.mo
/usr/share/locale/pt_BR/LC_MESSAGES/opcodes.mo
/usr/share/locale/ro/LC_MESSAGES/opcodes.mo
/usr/share/locale/ro/LC_MESSAGES/opcodes.mo
/usr/share/locale/sv/LC_MESSAGES/opcodes.mo
/usr/share/locale/sv/LC_MESSAGES/opcodes.mo
/usr/share/locale/tr/LC_MESSAGES/opcodes.mo
/usr/share/locale/tr/LC_MESSAGES/opcodes.mo
/usr/share/locale/uk/LC_MESSAGES/opcodes.mo
/usr/share/locale/uk/LC_MESSAGES/opcodes.mo
/usr/share/locale/vi/LC_MESSAGES/opcodes.mo
/usr/share/locale/vi/LC_MESSAGES/opcodes.mo
/usr/share/locale/zh_CN/LC_MESSAGES/opcodes.mo
/usr/share/locale/zh_CN/LC_MESSAGES/opcodes.mo
/usr/share/info/binutils.info
/usr/share/info/binutils.info
/usr/share/info/binutils.info
/usr/share/info/dir
/usr/share/info/dir
/usr/share/info/dir
/usr/share/info/dir
/usr/share/info/dir
/usr/share/info/dir
/usr/share/info/dir
/usr/share/info/dir
/usr/share/info/dir
/usr/share/info/dir
/usr/share/info/dir
/usr/share/info/dir
/usr/share/info/dir
/usr/share/info/dir
/usr/share/info/dir
/usr/share/info/dir
/usr/share/info/dir
/usr/share/info/dir
/usr/share/man/man1/addr2line.1
/usr/share/man/man1/addr2line.1
/usr/share/man/man1/ar.1
/usr/share/man/man1/ar.1
/usr/share/man/man1/dlltool.1
/usr/share/man/man1/dlltool.1
/usr/share/man/man1/nlmconv.1
/usr/share/man/man1/nlmconv.1
/usr/share/man/man1/nm.1
/usr/share/man/man1/nm.1
/usr/share/man/man1/objcopy.1
/usr/share/man/man1/objcopy.1
/usr/share/man/man1/objdump.1
/usr/share/man/man1/objdump.1
/usr/share/man/man1/ranlib.1
/usr/share/man/man1/ranlib.1
/usr/share/man/man1/readelf.1
/usr/share/man/man1/readelf.1
/usr/share/man/man1/size.1
/usr/share/man/man1/size.1
/usr/share/man/man1/strings.1
/usr/share/man/man1/strings.1
/usr/share/man/man1/strip.1
/usr/share/man/man1/strip.1
/usr/share/man/man1/elfedit.1
/usr/share/man/man1/elfedit.1
/usr/share/man/man1/windres.1
/usr/share/man/man1/windres.1
/usr/share/man/man1/windmc.1
/usr/share/man/man1/windmc.1
/usr/share/man/man1/c++filt.1
/usr/share/man/man1/c++filt.1
/usr/share/locale/bg/LC_MESSAGES/binutils.mo
/usr/share/locale/bg/LC_MESSAGES/binutils.mo
/usr/share/locale/da/LC_MESSAGES/binutils.mo
/usr/share/locale/da/LC_MESSAGES/binutils.mo
/usr/share/locale/es/LC_MESSAGES/binutils.mo
/usr/share/locale/es/LC_MESSAGES/binutils.mo
/usr/share/locale/es/LC_MESSAGES/binutils.mo
/usr/share/locale/fi/LC_MESSAGES/binutils.mo
/usr/share/locale/fi/LC_MESSAGES/binutils.mo
/usr/share/locale/fi/LC_MESSAGES/binutils.mo
/usr/share/locale/fr/LC_MESSAGES/binutils.mo
/usr/share/locale/fr/LC_MESSAGES/binutils.mo
/usr/share/locale/fr/LC_MESSAGES/binutils.mo
/usr/share/locale/hr/LC_MESSAGES/binutils.mo
/usr/share/locale/hr/LC_MESSAGES/binutils.mo
/usr/share/locale/id/LC_MESSAGES/binutils.mo
/usr/share/locale/id/LC_MESSAGES/binutils.mo
/usr/share/locale/id/LC_MESSAGES/binutils.mo
/usr/share/locale/it/LC_MESSAGES/binutils.mo
/usr/share/locale/it/LC_MESSAGES/binutils.mo
/usr/share/locale/it/LC_MESSAGES/binutils.mo
/usr/share/locale/ja/LC_MESSAGES/binutils.mo
/usr/share/locale/ja/LC_MESSAGES/binutils.mo
/usr/share/locale/ja/LC_MESSAGES/binutils.mo
/usr/share/locale/ro/LC_MESSAGES/binutils.mo
/usr/share/locale/ro/LC_MESSAGES/binutils.mo
/usr/share/locale/ru/LC_MESSAGES/binutils.mo
/usr/share/locale/ru/LC_MESSAGES/binutils.mo
/usr/share/locale/ru/LC_MESSAGES/binutils.mo
/usr/share/locale/rw/LC_MESSAGES/binutils.mo
/usr/share/locale/rw/LC_MESSAGES/binutils.mo
/usr/share/locale/sk/LC_MESSAGES/binutils.mo
/usr/share/locale/sk/LC_MESSAGES/binutils.mo
/usr/share/locale/sk/LC_MESSAGES/binutils.mo
/usr/share/locale/sv/LC_MESSAGES/binutils.mo
/usr/share/locale/sv/LC_MESSAGES/binutils.mo
/usr/share/locale/tr/LC_MESSAGES/binutils.mo
/usr/share/locale/tr/LC_MESSAGES/binutils.mo
/usr/share/locale/uk/LC_MESSAGES/binutils.mo
/usr/share/locale/uk/LC_MESSAGES/binutils.mo
/usr/share/locale/uk/LC_MESSAGES/binutils.mo
/usr/share/locale/vi/LC_MESSAGES/binutils.mo
/usr/share/locale/vi/LC_MESSAGES/binutils.mo
/usr/share/locale/vi/LC_MESSAGES/binutils.mo
/usr/share/locale/zh_CN/LC_MESSAGES/binutils.mo
/usr/share/locale/zh_CN/LC_MESSAGES/binutils.mo
/usr/share/locale/zh_TW/LC_MESSAGES/binutils.mo
/usr/share/locale/zh_TW/LC_MESSAGES/binutils.mo
/usr/share/locale/bg/LC_MESSAGES/binutils.mo
/usr/share/locale/bg/LC_MESSAGES/binutils.mo
/usr/share/locale/da/LC_MESSAGES/binutils.mo
/usr/share/locale/da/LC_MESSAGES/binutils.mo
/usr/share/locale/es/LC_MESSAGES/binutils.mo
/usr/share/locale/es/LC_MESSAGES/binutils.mo
/usr/share/locale/es/LC_MESSAGES/binutils.mo
/usr/share/locale/fi/LC_MESSAGES/binutils.mo
/usr/share/locale/fi/LC_MESSAGES/binutils.mo
/usr/share/locale/fi/LC_MESSAGES/binutils.mo
/usr/share/locale/fr/LC_MESSAGES/binutils.mo
/usr/share/locale/fr/LC_MESSAGES/binutils.mo
/usr/share/locale/fr/LC_MESSAGES/binutils.mo
/usr/share/locale/hr/LC_MESSAGES/binutils.mo
/usr/share/locale/hr/LC_MESSAGES/binutils.mo
/usr/share/locale/id/LC_MESSAGES/binutils.mo
/usr/share/locale/id/LC_MESSAGES/binutils.mo
/usr/share/locale/id/LC_MESSAGES/binutils.mo
/usr/share/locale/it/LC_MESSAGES/binutils.mo
/usr/share/locale/it/LC_MESSAGES/binutils.mo
/usr/share/locale/it/LC_MESSAGES/binutils.mo
/usr/share/locale/ja/LC_MESSAGES/binutils.mo
/usr/share/locale/ja/LC_MESSAGES/binutils.mo
/usr/share/locale/ja/LC_MESSAGES/binutils.mo
/usr/share/locale/ro/LC_MESSAGES/binutils.mo
/usr/share/locale/ro/LC_MESSAGES/binutils.mo
/usr/share/locale/ru/LC_MESSAGES/binutils.mo
/usr/share/locale/ru/LC_MESSAGES/binutils.mo
/usr/share/locale/ru/LC_MESSAGES/binutils.mo
/usr/share/locale/rw/LC_MESSAGES/binutils.mo
/usr/share/locale/rw/LC_MESSAGES/binutils.mo
/usr/share/locale/sk/LC_MESSAGES/binutils.mo
/usr/share/locale/sk/LC_MESSAGES/binutils.mo
/usr/share/locale/sk/LC_MESSAGES/binutils.mo
/usr/share/locale/sv/LC_MESSAGES/binutils.mo
/usr/share/locale/sv/LC_MESSAGES/binutils.mo
/usr/share/locale/tr/LC_MESSAGES/binutils.mo
/usr/share/locale/tr/LC_MESSAGES/binutils.mo
/usr/share/locale/uk/LC_MESSAGES/binutils.mo
/usr/share/locale/uk/LC_MESSAGES/binutils.mo
/usr/share/locale/uk/LC_MESSAGES/binutils.mo
/usr/share/locale/vi/LC_MESSAGES/binutils.mo
/usr/share/locale/vi/LC_MESSAGES/binutils.mo
/usr/share/locale/vi/LC_MESSAGES/binutils.mo
/usr/share/locale/zh_CN/LC_MESSAGES/binutils.mo
/usr/share/locale/zh_CN/LC_MESSAGES/binutils.mo
/usr/share/locale/zh_TW/LC_MESSAGES/binutils.mo
/usr/share/locale/zh_TW/LC_MESSAGES/binutils.mo
/usr/bin/size
/usr/bin/size
/usr/bin/objdump
/usr/bin/objdump
/usr/bin/objdump
/usr/bin/objdump
/usr/bin/ar
/usr/bin/ar
/usr/bin/ar
/usr/bin/ar
/usr/bin/strings
/usr/bin/strings
/usr/bin/strings
/usr/bin/ranlib
/usr/bin/ranlib
/usr/bin/ranlib
/usr/bin/ranlib
/usr/bin/objcopy
/usr/bin/objcopy
/usr/bin/addr2line
/usr/bin/addr2line
/usr/bin/addr2line
/usr/bin/readelf
/usr/bin/readelf
/usr/bin/readelf
/usr/bin/readelf
/usr/bin/readelf
/usr/bin/readelf
/usr/bin/readelf
/usr/bin/readelf
/usr/bin/elfedit
/usr/bin/elfedit
/usr/bin/nm
/usr/bin/nm
/usr/bin/nm
/usr/bin/strip
/usr/bin/strip
/usr/bin/strip
/usr/bin/strip
/usr/bin/strip
/usr/bin/strip
/usr/bin/strip
/usr/bin/strip
/usr/bin/c++filt
/usr/bin/c++filt
/usr/bin/c++filt
/usr/share/info/standards.info
/usr/share/info/standards.info
/usr/share/info/standards.info
/usr/share/info/configure.info
/usr/share/info/configure.info
/usr/share/info/as.info
/usr/share/info/as.info
/usr/share/info/as.info
/usr/share/info/as.info
/usr/share/info/as.info
/usr/share/info/as.info
/usr/share/info/as.info
/usr/share/info/as.info
/usr/share/info/as.info
/usr/share/info/dir
/usr/share/info/dir
/usr/share/info/dir
/usr/share/info/dir
/usr/share/info/dir
/usr/share/info/dir
/usr/share/info/dir
/usr/share/info/dir
/usr/share/info/dir
/usr/share/info/dir
/usr/share/info/dir
/usr/share/info/dir
/usr/share/info/dir
/usr/share/info/dir
/usr/share/info/dir
/usr/share/info/dir
/usr/share/info/dir
/usr/share/info/dir
/usr/share/man/man1/as.1
/usr/share/man/man1/as.1
/usr/share/locale/es/LC_MESSAGES/gas.mo
/usr/share/locale/es/LC_MESSAGES/gas.mo
/usr/share/locale/es/LC_MESSAGES/gas.mo
/usr/share/locale/es/LC_MESSAGES/gas.mo
/usr/share/locale/es/LC_MESSAGES/gas.mo
/usr/share/locale/fi/LC_MESSAGES/gas.mo
/usr/share/locale/fi/LC_MESSAGES/gas.mo
/usr/share/locale/fi/LC_MESSAGES/gas.mo
/usr/share/locale/fi/LC_MESSAGES/gas.mo
/usr/share/locale/fi/LC_MESSAGES/gas.mo
/usr/share/locale/fr/LC_MESSAGES/gas.mo
/usr/share/locale/fr/LC_MESSAGES/gas.mo
/usr/share/locale/fr/LC_MESSAGES/gas.mo
/usr/share/locale/fr/LC_MESSAGES/gas.mo
/usr/share/locale/fr/LC_MESSAGES/gas.mo
/usr/share/locale/id/LC_MESSAGES/gas.mo
/usr/share/locale/id/LC_MESSAGES/gas.mo
/usr/share/locale/id/LC_MESSAGES/gas.mo
/usr/share/locale/id/LC_MESSAGES/gas.mo
/usr/share/locale/ja/LC_MESSAGES/gas.mo
/usr/share/locale/ja/LC_MESSAGES/gas.mo
/usr/share/locale/ru/LC_MESSAGES/gas.mo
/usr/share/locale/ru/LC_MESSAGES/gas.mo
/usr/share/locale/rw/LC_MESSAGES/gas.mo
/usr/share/locale/rw/LC_MESSAGES/gas.mo
/usr/share/locale/tr/LC_MESSAGES/gas.mo
/usr/share/locale/tr/LC_MESSAGES/gas.mo
/usr/share/locale/tr/LC_MESSAGES/gas.mo
/usr/share/locale/es/LC_MESSAGES/gas.mo
/usr/share/locale/es/LC_MESSAGES/gas.mo
/usr/share/locale/es/LC_MESSAGES/gas.mo
/usr/share/locale/es/LC_MESSAGES/gas.mo
/usr/share/locale/es/LC_MESSAGES/gas.mo
/usr/share/locale/fi/LC_MESSAGES/gas.mo
/usr/share/locale/fi/LC_MESSAGES/gas.mo
/usr/share/locale/fi/LC_MESSAGES/gas.mo
/usr/share/locale/fi/LC_MESSAGES/gas.mo
/usr/share/locale/fi/LC_MESSAGES/gas.mo
/usr/share/locale/fr/LC_MESSAGES/gas.mo
/usr/share/locale/fr/LC_MESSAGES/gas.mo
/usr/share/locale/fr/LC_MESSAGES/gas.mo
/usr/share/locale/fr/LC_MESSAGES/gas.mo
/usr/share/locale/fr/LC_MESSAGES/gas.mo
/usr/share/locale/id/LC_MESSAGES/gas.mo
/usr/share/locale/id/LC_MESSAGES/gas.mo
/usr/share/locale/id/LC_MESSAGES/gas.mo
/usr/share/locale/id/LC_MESSAGES/gas.mo
/usr/share/locale/ja/LC_MESSAGES/gas.mo
/usr/share/locale/ja/LC_MESSAGES/gas.mo
/usr/share/locale/ru/LC_MESSAGES/gas.mo
/usr/share/locale/ru/LC_MESSAGES/gas.mo
/usr/share/locale/rw/LC_MESSAGES/gas.mo
/usr/share/locale/rw/LC_MESSAGES/gas.mo
/usr/share/locale/tr/LC_MESSAGES/gas.mo
/usr/share/locale/tr/LC_MESSAGES/gas.mo
/usr/share/locale/tr/LC_MESSAGES/gas.mo
/usr/bin/as
/usr/bin/as
/usr/bin/as
/usr/bin/as
/usr/bin/as
/usr/bin/as
/usr/bin/as
/usr/share/locale/bg/LC_MESSAGES/gprof.mo
/usr/share/locale/bg/LC_MESSAGES/gprof.mo
/usr/share/locale/da/LC_MESSAGES/gprof.mo
/usr/share/locale/da/LC_MESSAGES/gprof.mo
/usr/share/locale/de/LC_MESSAGES/gprof.mo
/usr/share/locale/de/LC_MESSAGES/gprof.mo
/usr/share/locale/eo/LC_MESSAGES/gprof.mo
/usr/share/locale/eo/LC_MESSAGES/gprof.mo
/usr/share/locale/es/LC_MESSAGES/gprof.mo
/usr/share/locale/es/LC_MESSAGES/gprof.mo
/usr/share/locale/fi/LC_MESSAGES/gprof.mo
/usr/share/locale/fi/LC_MESSAGES/gprof.mo
/usr/share/locale/fr/LC_MESSAGES/gprof.mo
/usr/share/locale/fr/LC_MESSAGES/gprof.mo
/usr/share/locale/ga/LC_MESSAGES/gprof.mo
/usr/share/locale/ga/LC_MESSAGES/gprof.mo
/usr/share/locale/id/LC_MESSAGES/gprof.mo
/usr/share/locale/id/LC_MESSAGES/gprof.mo
/usr/share/locale/it/LC_MESSAGES/gprof.mo
/usr/share/locale/it/LC_MESSAGES/gprof.mo
/usr/share/locale/ja/LC_MESSAGES/gprof.mo
/usr/share/locale/ja/LC_MESSAGES/gprof.mo
/usr/share/locale/ms/LC_MESSAGES/gprof.mo
/usr/share/locale/ms/LC_MESSAGES/gprof.mo
/usr/share/locale/nl/LC_MESSAGES/gprof.mo
/usr/share/locale/nl/LC_MESSAGES/gprof.mo
/usr/share/locale/pt_BR/LC_MESSAGES/gprof.mo
/usr/share/locale/pt_BR/LC_MESSAGES/gprof.mo
/usr/share/locale/ro/LC_MESSAGES/gprof.mo
/usr/share/locale/ro/LC_MESSAGES/gprof.mo
/usr/share/locale/ru/LC_MESSAGES/gprof.mo
/usr/share/locale/ru/LC_MESSAGES/gprof.mo
/usr/share/locale/rw/LC_MESSAGES/gprof.mo
/usr/share/locale/rw/LC_MESSAGES/gprof.mo
/usr/share/locale/sr/LC_MESSAGES/gprof.mo
/usr/share/locale/sr/LC_MESSAGES/gprof.mo
/usr/share/locale/sv/LC_MESSAGES/gprof.mo
/usr/share/locale/sv/LC_MESSAGES/gprof.mo
/usr/share/locale/tr/LC_MESSAGES/gprof.mo
/usr/share/locale/tr/LC_MESSAGES/gprof.mo
/usr/share/locale/uk/LC_MESSAGES/gprof.mo
/usr/share/locale/uk/LC_MESSAGES/gprof.mo
/usr/share/locale/vi/LC_MESSAGES/gprof.mo
/usr/share/locale/vi/LC_MESSAGES/gprof.mo
/usr/share/locale/bg/LC_MESSAGES/gprof.mo
/usr/share/locale/bg/LC_MESSAGES/gprof.mo
/usr/share/locale/da/LC_MESSAGES/gprof.mo
/usr/share/locale/da/LC_MESSAGES/gprof.mo
/usr/share/locale/de/LC_MESSAGES/gprof.mo
/usr/share/locale/de/LC_MESSAGES/gprof.mo
/usr/share/locale/eo/LC_MESSAGES/gprof.mo
/usr/share/locale/eo/LC_MESSAGES/gprof.mo
/usr/share/locale/es/LC_MESSAGES/gprof.mo
/usr/share/locale/es/LC_MESSAGES/gprof.mo
/usr/share/locale/fi/LC_MESSAGES/gprof.mo
/usr/share/locale/fi/LC_MESSAGES/gprof.mo
/usr/share/locale/fr/LC_MESSAGES/gprof.mo
/usr/share/locale/fr/LC_MESSAGES/gprof.mo
/usr/share/locale/ga/LC_MESSAGES/gprof.mo
/usr/share/locale/ga/LC_MESSAGES/gprof.mo
/usr/share/locale/id/LC_MESSAGES/gprof.mo
/usr/share/locale/id/LC_MESSAGES/gprof.mo
/usr/share/locale/it/LC_MESSAGES/gprof.mo
/usr/share/locale/it/LC_MESSAGES/gprof.mo
/usr/share/locale/ja/LC_MESSAGES/gprof.mo
/usr/share/locale/ja/LC_MESSAGES/gprof.mo
/usr/share/locale/ms/LC_MESSAGES/gprof.mo
/usr/share/locale/ms/LC_MESSAGES/gprof.mo
/usr/share/locale/nl/LC_MESSAGES/gprof.mo
/usr/share/locale/nl/LC_MESSAGES/gprof.mo
/usr/share/locale/pt_BR/LC_MESSAGES/gprof.mo
/usr/share/locale/pt_BR/LC_MESSAGES/gprof.mo
/usr/share/locale/ro/LC_MESSAGES/gprof.mo
/usr/share/locale/ro/LC_MESSAGES/gprof.mo
/usr/share/locale/ru/LC_MESSAGES/gprof.mo
/usr/share/locale/ru/LC_MESSAGES/gprof.mo
/usr/share/locale/rw/LC_MESSAGES/gprof.mo
/usr/share/locale/rw/LC_MESSAGES/gprof.mo
/usr/share/locale/sr/LC_MESSAGES/gprof.mo
/usr/share/locale/sr/LC_MESSAGES/gprof.mo
/usr/share/locale/sv/LC_MESSAGES/gprof.mo
/usr/share/locale/sv/LC_MESSAGES/gprof.mo
/usr/share/locale/tr/LC_MESSAGES/gprof.mo
/usr/share/locale/tr/LC_MESSAGES/gprof.mo
/usr/share/locale/uk/LC_MESSAGES/gprof.mo
/usr/share/locale/uk/LC_MESSAGES/gprof.mo
/usr/share/locale/vi/LC_MESSAGES/gprof.mo
/usr/share/locale/vi/LC_MESSAGES/gprof.mo
/usr/bin/gprof
/usr/bin/gprof
/usr/bin/gprof
/usr/bin/gprof
/usr/bin/gprof
/usr/bin/gprof
/usr/share/info/gprof.info
/usr/share/info/gprof.info
/usr/share/info/dir
/usr/share/info/dir
/usr/share/info/dir
/usr/share/info/dir
/usr/share/info/dir
/usr/share/info/dir
/usr/share/info/dir
/usr/share/info/dir
/usr/share/info/dir
/usr/share/info/dir
/usr/share/info/dir
/usr/share/info/dir
/usr/share/info/dir
/usr/share/info/dir
/usr/share/info/dir
/usr/share/info/dir
/usr/share/info/dir
/usr/share/info/dir
/usr/share/man/man1/gprof.1
/usr/share/man/man1/gprof.1
/usr/share/locale/bg/LC_MESSAGES/ld.mo
/usr/share/locale/bg/LC_MESSAGES/ld.mo
/usr/share/locale/da/LC_MESSAGES/ld.mo
/usr/share/locale/da/LC_MESSAGES/ld.mo
/usr/share/locale/es/LC_MESSAGES/ld.mo
/usr/share/locale/es/LC_MESSAGES/ld.mo
/usr/share/locale/fi/LC_MESSAGES/ld.mo
/usr/share/locale/fi/LC_MESSAGES/ld.mo
/usr/share/locale/fr/LC_MESSAGES/ld.mo
/usr/share/locale/fr/LC_MESSAGES/ld.mo
/usr/share/locale/ga/LC_MESSAGES/ld.mo
/usr/share/locale/ga/LC_MESSAGES/ld.mo
/usr/share/locale/id/LC_MESSAGES/ld.mo
/usr/share/locale/id/LC_MESSAGES/ld.mo
/usr/share/locale/it/LC_MESSAGES/ld.mo
/usr/share/locale/it/LC_MESSAGES/ld.mo
/usr/share/locale/ja/LC_MESSAGES/ld.mo
/usr/share/locale/ja/LC_MESSAGES/ld.mo
/usr/share/locale/sv/LC_MESSAGES/ld.mo
/usr/share/locale/sv/LC_MESSAGES/ld.mo
/usr/share/locale/tr/LC_MESSAGES/ld.mo
/usr/share/locale/tr/LC_MESSAGES/ld.mo
/usr/share/locale/uk/LC_MESSAGES/ld.mo
/usr/share/locale/uk/LC_MESSAGES/ld.mo
/usr/share/locale/vi/LC_MESSAGES/ld.mo
/usr/share/locale/vi/LC_MESSAGES/ld.mo
/usr/share/locale/zh_CN/LC_MESSAGES/ld.mo
/usr/share/locale/zh_CN/LC_MESSAGES/ld.mo
/usr/share/locale/zh_TW/LC_MESSAGES/ld.mo
/usr/share/locale/zh_TW/LC_MESSAGES/ld.mo
/usr/share/locale/bg/LC_MESSAGES/ld.mo
/usr/share/locale/bg/LC_MESSAGES/ld.mo
/usr/share/locale/da/LC_MESSAGES/ld.mo
/usr/share/locale/da/LC_MESSAGES/ld.mo
/usr/share/locale/es/LC_MESSAGES/ld.mo
/usr/share/locale/es/LC_MESSAGES/ld.mo
/usr/share/locale/fi/LC_MESSAGES/ld.mo
/usr/share/locale/fi/LC_MESSAGES/ld.mo
/usr/share/locale/fr/LC_MESSAGES/ld.mo
/usr/share/locale/fr/LC_MESSAGES/ld.mo
/usr/share/locale/ga/LC_MESSAGES/ld.mo
/usr/share/locale/ga/LC_MESSAGES/ld.mo
/usr/share/locale/id/LC_MESSAGES/ld.mo
/usr/share/locale/id/LC_MESSAGES/ld.mo
/usr/share/locale/it/LC_MESSAGES/ld.mo
/usr/share/locale/it/LC_MESSAGES/ld.mo
/usr/share/locale/ja/LC_MESSAGES/ld.mo
/usr/share/locale/ja/LC_MESSAGES/ld.mo
/usr/share/locale/sv/LC_MESSAGES/ld.mo
/usr/share/locale/sv/LC_MESSAGES/ld.mo
/usr/share/locale/tr/LC_MESSAGES/ld.mo
/usr/share/locale/tr/LC_MESSAGES/ld.mo
/usr/share/locale/uk/LC_MESSAGES/ld.mo
/usr/share/locale/uk/LC_MESSAGES/ld.mo
/usr/share/locale/vi/LC_MESSAGES/ld.mo
/usr/share/locale/vi/LC_MESSAGES/ld.mo
/usr/share/locale/zh_CN/LC_MESSAGES/ld.mo
/usr/share/locale/zh_CN/LC_MESSAGES/ld.mo
/usr/share/locale/zh_TW/LC_MESSAGES/ld.mo
/usr/share/locale/zh_TW/LC_MESSAGES/ld.mo
/usr/bin/ld.bfd
/usr/bin/ld.bfd
/usr/bin/ld.bfd
/usr/bin/ld.bfd
/usr/bin/ld.bfd
/usr/bin/ld.bfd
/usr/bin/ld.bfd
/usr/bin/ld.bfd
/usr/bin/ld.bfd
/usr/bin/ld.bfd
/usr/bin/ld.bfd
/usr/bin/ld.bfd
/usr/bin/ld.bfd
/usr/bin/ld
/usr/lib/ldscripts/elf32_x86_64.x
/usr/lib/ldscripts/elf32_x86_64.x
/usr/lib/ldscripts/elf32_x86_64.xbn
/usr/lib/ldscripts/elf32_x86_64.xbn
/usr/lib/ldscripts/elf32_x86_64.xc
/usr/lib/ldscripts/elf32_x86_64.xc
/usr/lib/ldscripts/elf32_x86_64.xd
/usr/lib/ldscripts/elf32_x86_64.xd
/usr/lib/ldscripts/elf32_x86_64.xdc
/usr/lib/ldscripts/elf32_x86_64.xdc
/usr/lib/ldscripts/elf32_x86_64.xdw
/usr/lib/ldscripts/elf32_x86_64.xdw
/usr/lib/ldscripts/elf32_x86_64.xn
/usr/lib/ldscripts/elf32_x86_64.xn
/usr/lib/ldscripts/elf32_x86_64.xr
/usr/lib/ldscripts/elf32_x86_64.xr
/usr/lib/ldscripts/elf32_x86_64.xs
/usr/lib/ldscripts/elf32_x86_64.xs
/usr/lib/ldscripts/elf32_x86_64.xsc
/usr/lib/ldscripts/elf32_x86_64.xsc
/usr/lib/ldscripts/elf32_x86_64.xsw
/usr/lib/ldscripts/elf32_x86_64.xsw
/usr/lib/ldscripts/elf32_x86_64.xu
/usr/lib/ldscripts/elf32_x86_64.xu
/usr/lib/ldscripts/elf32_x86_64.xw
/usr/lib/ldscripts/elf32_x86_64.xw
/usr/lib/ldscripts/elf_i386.x
/usr/lib/ldscripts/elf_i386.x
/usr/lib/ldscripts/elf_i386.xbn
/usr/lib/ldscripts/elf_i386.xbn
/usr/lib/ldscripts/elf_i386.xc
/usr/lib/ldscripts/elf_i386.xc
/usr/lib/ldscripts/elf_i386.xd
/usr/lib/ldscripts/elf_i386.xd
/usr/lib/ldscripts/elf_i386.xdc
/usr/lib/ldscripts/elf_i386.xdc
/usr/lib/ldscripts/elf_i386.xdw
/usr/lib/ldscripts/elf_i386.xdw
/usr/lib/ldscripts/elf_i386.xn
/usr/lib/ldscripts/elf_i386.xn
/usr/lib/ldscripts/elf_i386.xr
/usr/lib/ldscripts/elf_i386.xr
/usr/lib/ldscripts/elf_i386.xs
/usr/lib/ldscripts/elf_i386.xs
/usr/lib/ldscripts/elf_i386.xsc
/usr/lib/ldscripts/elf_i386.xsc
/usr/lib/ldscripts/elf_i386.xsw
/usr/lib/ldscripts/elf_i386.xsw
/usr/lib/ldscripts/elf_i386.xu
/usr/lib/ldscripts/elf_i386.xu
/usr/lib/ldscripts/elf_i386.xw
/usr/lib/ldscripts/elf_i386.xw
/usr/lib/ldscripts/i386linux.x
/usr/lib/ldscripts/i386linux.x
/usr/lib/ldscripts/i386linux.xbn
/usr/lib/ldscripts/i386linux.xbn
/usr/lib/ldscripts/i386linux.xn
/usr/lib/ldscripts/i386linux.xn
/usr/lib/ldscripts/i386linux.xr
/usr/lib/ldscripts/i386linux.xr
/usr/lib/ldscripts/i386linux.xu
/usr/lib/ldscripts/i386linux.xu
/usr/share/info/ld.info
/usr/share/info/ld.info
/usr/share/info/ld.info
/usr/share/info/ld.info
/usr/share/info/dir
/usr/share/info/dir
/usr/share/info/dir
/usr/share/info/dir
/usr/share/info/dir
/usr/share/info/dir
/usr/share/info/dir
/usr/share/info/dir
/usr/share/info/dir
/usr/share/info/dir
/usr/share/info/dir
/usr/share/info/dir
/usr/share/info/dir
/usr/share/info/dir
/usr/share/info/dir
/usr/share/info/dir
/usr/share/info/dir
/usr/share/info/dir
/usr/share/man/man1/ld.1
/usr/share/man/man1/ld.1
