/usr/share/locale/da/LC_MESSAGES/bison.mo
/usr/share/locale/da/LC_MESSAGES/bison.mo
/usr/share/locale/de/LC_MESSAGES/bison.mo
/usr/share/locale/de/LC_MESSAGES/bison.mo
/usr/share/locale/el/LC_MESSAGES/bison.mo
/usr/share/locale/el/LC_MESSAGES/bison.mo
/usr/share/locale/eo/LC_MESSAGES/bison.mo
/usr/share/locale/eo/LC_MESSAGES/bison.mo
/usr/share/locale/es/LC_MESSAGES/bison.mo
/usr/share/locale/es/LC_MESSAGES/bison.mo
/usr/share/locale/et/LC_MESSAGES/bison.mo
/usr/share/locale/et/LC_MESSAGES/bison.mo
/usr/share/locale/fi/LC_MESSAGES/bison.mo
/usr/share/locale/fi/LC_MESSAGES/bison.mo
/usr/share/locale/fr/LC_MESSAGES/bison.mo
/usr/share/locale/fr/LC_MESSAGES/bison.mo
/usr/share/locale/ga/LC_MESSAGES/bison.mo
/usr/share/locale/ga/LC_MESSAGES/bison.mo
/usr/share/locale/hr/LC_MESSAGES/bison.mo
/usr/share/locale/hr/LC_MESSAGES/bison.mo
/usr/share/locale/id/LC_MESSAGES/bison.mo
/usr/share/locale/id/LC_MESSAGES/bison.mo
/usr/share/locale/it/LC_MESSAGES/bison.mo
/usr/share/locale/it/LC_MESSAGES/bison.mo
/usr/share/locale/ja/LC_MESSAGES/bison.mo
/usr/share/locale/ja/LC_MESSAGES/bison.mo
/usr/share/locale/ms/LC_MESSAGES/bison.mo
/usr/share/locale/ms/LC_MESSAGES/bison.mo
/usr/share/locale/nb/LC_MESSAGES/bison.mo
/usr/share/locale/nb/LC_MESSAGES/bison.mo
/usr/share/locale/nl/LC_MESSAGES/bison.mo
/usr/share/locale/nl/LC_MESSAGES/bison.mo
/usr/share/locale/pl/LC_MESSAGES/bison.mo
/usr/share/locale/pl/LC_MESSAGES/bison.mo
/usr/share/locale/pt/LC_MESSAGES/bison.mo
/usr/share/locale/pt/LC_MESSAGES/bison.mo
/usr/share/locale/pt_BR/LC_MESSAGES/bison.mo
/usr/share/locale/pt_BR/LC_MESSAGES/bison.mo
/usr/share/locale/ro/LC_MESSAGES/bison.mo
/usr/share/locale/ro/LC_MESSAGES/bison.mo
/usr/share/locale/ru/LC_MESSAGES/bison.mo
/usr/share/locale/ru/LC_MESSAGES/bison.mo
/usr/share/locale/sr/LC_MESSAGES/bison.mo
/usr/share/locale/sr/LC_MESSAGES/bison.mo
/usr/share/locale/sv/LC_MESSAGES/bison.mo
/usr/share/locale/sv/LC_MESSAGES/bison.mo
/usr/share/locale/tr/LC_MESSAGES/bison.mo
/usr/share/locale/tr/LC_MESSAGES/bison.mo
/usr/share/locale/uk/LC_MESSAGES/bison.mo
/usr/share/locale/uk/LC_MESSAGES/bison.mo
/usr/share/locale/vi/LC_MESSAGES/bison.mo
/usr/share/locale/vi/LC_MESSAGES/bison.mo
/usr/share/locale/zh_CN/LC_MESSAGES/bison.mo
/usr/share/locale/zh_CN/LC_MESSAGES/bison.mo
/usr/share/locale/zh_TW/LC_MESSAGES/bison.mo
/usr/share/locale/zh_TW/LC_MESSAGES/bison.mo
/usr/share/locale/ast/LC_MESSAGES/bison-runtime.mo
/usr/share/locale/ast/LC_MESSAGES/bison-runtime.mo
/usr/share/locale/da/LC_MESSAGES/bison-runtime.mo
/usr/share/locale/da/LC_MESSAGES/bison-runtime.mo
/usr/share/locale/de/LC_MESSAGES/bison-runtime.mo
/usr/share/locale/de/LC_MESSAGES/bison-runtime.mo
/usr/share/locale/el/LC_MESSAGES/bison-runtime.mo
/usr/share/locale/el/LC_MESSAGES/bison-runtime.mo
/usr/share/locale/eo/LC_MESSAGES/bison-runtime.mo
/usr/share/locale/eo/LC_MESSAGES/bison-runtime.mo
/usr/share/locale/es/LC_MESSAGES/bison-runtime.mo
/usr/share/locale/es/LC_MESSAGES/bison-runtime.mo
/usr/share/locale/et/LC_MESSAGES/bison-runtime.mo
/usr/share/locale/et/LC_MESSAGES/bison-runtime.mo
/usr/share/locale/fi/LC_MESSAGES/bison-runtime.mo
/usr/share/locale/fi/LC_MESSAGES/bison-runtime.mo
/usr/share/locale/fr/LC_MESSAGES/bison-runtime.mo
/usr/share/locale/fr/LC_MESSAGES/bison-runtime.mo
/usr/share/locale/ga/LC_MESSAGES/bison-runtime.mo
/usr/share/locale/ga/LC_MESSAGES/bison-runtime.mo
/usr/share/locale/gl/LC_MESSAGES/bison-runtime.mo
/usr/share/locale/gl/LC_MESSAGES/bison-runtime.mo
/usr/share/locale/hr/LC_MESSAGES/bison-runtime.mo
/usr/share/locale/hr/LC_MESSAGES/bison-runtime.mo
/usr/share/locale/hu/LC_MESSAGES/bison-runtime.mo
/usr/share/locale/hu/LC_MESSAGES/bison-runtime.mo
/usr/share/locale/ia/LC_MESSAGES/bison-runtime.mo
/usr/share/locale/ia/LC_MESSAGES/bison-runtime.mo
/usr/share/locale/id/LC_MESSAGES/bison-runtime.mo
/usr/share/locale/id/LC_MESSAGES/bison-runtime.mo
/usr/share/locale/it/LC_MESSAGES/bison-runtime.mo
/usr/share/locale/it/LC_MESSAGES/bison-runtime.mo
/usr/share/locale/ja/LC_MESSAGES/bison-runtime.mo
/usr/share/locale/ja/LC_MESSAGES/bison-runtime.mo
/usr/share/locale/ky/LC_MESSAGES/bison-runtime.mo
/usr/share/locale/ky/LC_MESSAGES/bison-runtime.mo
/usr/share/locale/lt/LC_MESSAGES/bison-runtime.mo
/usr/share/locale/lt/LC_MESSAGES/bison-runtime.mo
/usr/share/locale/lv/LC_MESSAGES/bison-runtime.mo
/usr/share/locale/lv/LC_MESSAGES/bison-runtime.mo
/usr/share/locale/ms/LC_MESSAGES/bison-runtime.mo
/usr/share/locale/ms/LC_MESSAGES/bison-runtime.mo
/usr/share/locale/nb/LC_MESSAGES/bison-runtime.mo
/usr/share/locale/nb/LC_MESSAGES/bison-runtime.mo
/usr/share/locale/nl/LC_MESSAGES/bison-runtime.mo
/usr/share/locale/nl/LC_MESSAGES/bison-runtime.mo
/usr/share/locale/pl/LC_MESSAGES/bison-runtime.mo
/usr/share/locale/pl/LC_MESSAGES/bison-runtime.mo
/usr/share/locale/pt/LC_MESSAGES/bison-runtime.mo
/usr/share/locale/pt/LC_MESSAGES/bison-runtime.mo
/usr/share/locale/pt_BR/LC_MESSAGES/bison-runtime.mo
/usr/share/locale/pt_BR/LC_MESSAGES/bison-runtime.mo
/usr/share/locale/ro/LC_MESSAGES/bison-runtime.mo
/usr/share/locale/ro/LC_MESSAGES/bison-runtime.mo
/usr/share/locale/ru/LC_MESSAGES/bison-runtime.mo
/usr/share/locale/ru/LC_MESSAGES/bison-runtime.mo
/usr/share/locale/sl/LC_MESSAGES/bison-runtime.mo
/usr/share/locale/sl/LC_MESSAGES/bison-runtime.mo
/usr/share/locale/sq/LC_MESSAGES/bison-runtime.mo
/usr/share/locale/sq/LC_MESSAGES/bison-runtime.mo
/usr/share/locale/sr/LC_MESSAGES/bison-runtime.mo
/usr/share/locale/sr/LC_MESSAGES/bison-runtime.mo
/usr/share/locale/sv/LC_MESSAGES/bison-runtime.mo
/usr/share/locale/sv/LC_MESSAGES/bison-runtime.mo
/usr/share/locale/th/LC_MESSAGES/bison-runtime.mo
/usr/share/locale/th/LC_MESSAGES/bison-runtime.mo
/usr/share/locale/tr/LC_MESSAGES/bison-runtime.mo
/usr/share/locale/tr/LC_MESSAGES/bison-runtime.mo
/usr/share/locale/uk/LC_MESSAGES/bison-runtime.mo
/usr/share/locale/uk/LC_MESSAGES/bison-runtime.mo
/usr/share/locale/vi/LC_MESSAGES/bison-runtime.mo
/usr/share/locale/vi/LC_MESSAGES/bison-runtime.mo
/usr/share/locale/zh_CN/LC_MESSAGES/bison-runtime.mo
/usr/share/locale/zh_CN/LC_MESSAGES/bison-runtime.mo
/usr/share/locale/zh_TW/LC_MESSAGES/bison-runtime.mo
/usr/share/locale/zh_TW/LC_MESSAGES/bison-runtime.mo
/usr/bin/bison
/usr/bin/bison
/usr/bin/bison
/usr/bin/bison
/usr/bin/bison
/usr/bin/bison
/usr/bin/bison
/usr/bin/bison
/usr/bin/bison
/usr/bin/bison
/usr/bin/bison
/usr/bin/yacc
/usr/bin/yacc
/usr/lib/liby.a
/usr/lib/liby.a
/usr/lib/stKDJqOZ
/usr/lib/stKDJqOZ
/usr/lib/stKDJqOZ
/usr/lib/stKDJqOZ
/usr/lib/stKDJqOZ
/usr/lib/liby.a
/usr/share/aclocal/bison-i18n.m4
/usr/share/aclocal/bison-i18n.m4
/usr/share/bison/m4sugar/foreach.m4
/usr/share/bison/m4sugar/foreach.m4
/usr/share/bison/m4sugar/m4sugar.m4
/usr/share/bison/m4sugar/m4sugar.m4
/usr/share/bison/README
/usr/share/bison/README
/usr/share/bison/bison.m4
/usr/share/bison/bison.m4
/usr/share/bison/c++-skel.m4
/usr/share/bison/c++-skel.m4
/usr/share/bison/c++.m4
/usr/share/bison/c++.m4
/usr/share/bison/c-like.m4
/usr/share/bison/c-like.m4
/usr/share/bison/c-skel.m4
/usr/share/bison/c-skel.m4
/usr/share/bison/c.m4
/usr/share/bison/c.m4
/usr/share/bison/glr.c
/usr/share/bison/glr.c
/usr/share/bison/glr.cc
/usr/share/bison/glr.cc
/usr/share/bison/java-skel.m4
/usr/share/bison/java-skel.m4
/usr/share/bison/java.m4
/usr/share/bison/java.m4
/usr/share/bison/lalr1.cc
/usr/share/bison/lalr1.cc
/usr/share/bison/lalr1.java
/usr/share/bison/lalr1.java
/usr/share/bison/location.cc
/usr/share/bison/location.cc
/usr/share/bison/stack.hh
/usr/share/bison/stack.hh
/usr/share/bison/variant.hh
/usr/share/bison/variant.hh
/usr/share/bison/yacc.c
/usr/share/bison/yacc.c
/usr/share/bison/xslt/bison.xsl
/usr/share/bison/xslt/bison.xsl
/usr/share/bison/xslt/xml2dot.xsl
/usr/share/bison/xslt/xml2dot.xsl
/usr/share/bison/xslt/xml2text.xsl
/usr/share/bison/xslt/xml2text.xsl
/usr/share/bison/xslt/xml2xhtml.xsl
/usr/share/bison/xslt/xml2xhtml.xsl
/usr/share/info/bison.info
/usr/share/info/bison.info
/usr/share/info/bison.info
/usr/share/info/bison.info
/usr/share/info/bison.info
/usr/share/info/bison.info
/usr/share/info/dir
/usr/share/info/dir
/usr/share/info/dir
/usr/share/info/dir
/usr/share/info/dir
/usr/share/info/dir
/usr/share/info/dir
/usr/share/info/dir
/usr/share/info/dir
/usr/share/info/dir
/usr/share/info/dir
/usr/share/info/dir
/usr/share/info/dir
/usr/share/info/dir
/usr/share/info/dir
/usr/share/info/dir
/usr/share/info/dir
/usr/share/info/dir
/usr/share/info/dir
/usr/share/info/dir
/usr/share/man/man1/bison.1
/usr/share/man/man1/bison.1
/usr/share/man/man1/yacc.1
/usr/share/man/man1/yacc.1
