/usr/bin/bzip2
/usr/bin/bzip2
/usr/bin/bzip2
/usr/bin/bunzip2
/usr/bin/bunzip2
/usr/bin/bunzip2
/usr/bin/bzcat
/usr/bin/bzcat
/usr/bin/bzcat
/usr/bin/bzip2recover
/usr/bin/bzip2recover
/usr/share/man/man1/bzip2.1
/usr/share/man/man1/bzip2.1
/usr/include/bzlib.h
/usr/include/bzlib.h
/usr/lib/libbz2.a
/usr/lib/libbz2.a
/usr/lib/libbz2.a
/usr/bin/bzgrep
/usr/bin/bzgrep
/usr/bin/bzegrep
/usr/bin/bzfgrep
/usr/bin/bzmore
/usr/bin/bzmore
/usr/bin/bzless
/usr/bin/bzdiff
/usr/bin/bzdiff
/usr/bin/bzcmp
/usr/share/man/man1/bzgrep.1
/usr/share/man/man1/bzgrep.1
/usr/share/man/man1/bzmore.1
/usr/share/man/man1/bzmore.1
/usr/share/man/man1/bzdiff.1
/usr/share/man/man1/bzdiff.1
/usr/share/man/man1/bzegrep.1
/usr/share/man/man1/bzegrep.1
/usr/share/man/man1/bzfgrep.1
/usr/share/man/man1/bzfgrep.1
/usr/share/man/man1/bzless.1
/usr/share/man/man1/bzless.1
/usr/share/man/man1/bzcmp.1
/usr/share/man/man1/bzcmp.1
/usr/share/doc/bzip2-1.0.6/manual.html
/usr/share/doc/bzip2-1.0.6/manual.html
/usr/share/doc/bzip2-1.0.6/manual.pdf
/usr/share/doc/bzip2-1.0.6/manual.pdf
/usr/share/doc/bzip2-1.0.6/manual.pdf
/usr/share/doc/bzip2-1.0.6/manual.ps
/usr/share/doc/bzip2-1.0.6/manual.ps
/usr/share/doc/bzip2-1.0.6/manual.ps
/usr/share/doc/bzip2-1.0.6/manual.ps
/usr/share/doc/bzip2-1.0.6/manual.ps
/usr/share/doc/bzip2-1.0.6/manual.ps
/usr/share/doc/bzip2-1.0.6/manual.ps
/usr/share/doc/bzip2-1.0.6/manual.ps
/usr/share/doc/bzip2-1.0.6/manual.ps
/usr/share/doc/bzip2-1.0.6/manual.ps
/usr/share/doc/bzip2-1.0.6/bzip2.txt
/usr/share/doc/bzip2-1.0.6/bzip2.txt
/bin/bzip2
/bin/bzip2
/lib/libbz2.so.1.0
/lib/libbz2.so.1.0.6
/lib/libbz2.so.1.0.6
/lib/libbz2.so.1.0.6
/usr/lib/libbz2.so
/bin/bunzip2
/bin/bzcat
