/usr/bin/make-cert.pl
/usr/bin/make-cert.pl
/usr/bin/make-ca.sh
/usr/bin/make-ca.sh
/usr/bin/remove-expired-certs.sh
/usr/bin/remove-expired-certs.sh
/etc/ssl/certs/024dc131.pem
/etc/ssl/certs/024dc131.pem
/etc/ssl/certs/034868d6.pem
/etc/ssl/certs/034868d6.pem
/etc/ssl/certs/039c618a.pem
/etc/ssl/certs/039c618a.pem
/etc/ssl/certs/062cdee6.pem
/etc/ssl/certs/062cdee6.pem
/etc/ssl/certs/064e0aa9.pem
/etc/ssl/certs/064e0aa9.pem
/etc/ssl/certs/080911ac.pem
/etc/ssl/certs/080911ac.pem
/etc/ssl/certs/0810ba98.pem
/etc/ssl/certs/0810ba98.pem
/etc/ssl/certs/09789157.pem
/etc/ssl/certs/09789157.pem
/etc/ssl/certs/0b759015.pem
/etc/ssl/certs/0b759015.pem
/etc/ssl/certs/0ba01d19.pem
/etc/ssl/certs/0ba01d19.pem
/etc/ssl/certs/0c4c9b6c.pem
/etc/ssl/certs/0c4c9b6c.pem
/etc/ssl/certs/0d1b923b.pem
/etc/ssl/certs/0d1b923b.pem
/etc/ssl/certs/116bf586.pem
/etc/ssl/certs/116bf586.pem
/etc/ssl/certs/128805a3.pem
/etc/ssl/certs/128805a3.pem
/etc/ssl/certs/157753a5.pem
/etc/ssl/certs/157753a5.pem
/etc/ssl/certs/1636090b.pem
/etc/ssl/certs/1636090b.pem
/etc/ssl/certs/1874d4aa.pem
/etc/ssl/certs/1874d4aa.pem
/etc/ssl/certs/18856ac4.pem
/etc/ssl/certs/18856ac4.pem
/etc/ssl/certs/1d3472b9.pem
/etc/ssl/certs/1d3472b9.pem
/etc/ssl/certs/1e09d511.pem
/etc/ssl/certs/1e09d511.pem
/etc/ssl/certs/1ec4d31a.pem
/etc/ssl/certs/1ec4d31a.pem
/etc/ssl/certs/2251b13a.pem
/etc/ssl/certs/2251b13a.pem
/etc/ssl/certs/244b5494.pem
/etc/ssl/certs/244b5494.pem
/etc/ssl/certs/24ad0b63.pem
/etc/ssl/certs/24ad0b63.pem
/etc/ssl/certs/2ab3b959.pem
/etc/ssl/certs/2ab3b959.pem
/etc/ssl/certs/2ae6433e.pem
/etc/ssl/certs/2ae6433e.pem
/etc/ssl/certs/2b349938.pem
/etc/ssl/certs/2b349938.pem
/etc/ssl/certs/2c3e3f84.pem
/etc/ssl/certs/2c3e3f84.pem
/etc/ssl/certs/2c543cd1.pem
/etc/ssl/certs/2c543cd1.pem
/etc/ssl/certs/2e4eed3c.pem
/etc/ssl/certs/2e4eed3c.pem
/etc/ssl/certs/2e5ac55d.pem
/etc/ssl/certs/2e5ac55d.pem
/etc/ssl/certs/349f2832.pem
/etc/ssl/certs/349f2832.pem
/etc/ssl/certs/3513523f.pem
/etc/ssl/certs/3513523f.pem
/etc/ssl/certs/381ce4dd.pem
/etc/ssl/certs/381ce4dd.pem
/etc/ssl/certs/3b2716e5.pem
/etc/ssl/certs/3b2716e5.pem
/etc/ssl/certs/3bde41ac.pem
/etc/ssl/certs/3bde41ac.pem
/etc/ssl/certs/3e45d192.pem
/etc/ssl/certs/3e45d192.pem
/etc/ssl/certs/3ee7e181.pem
/etc/ssl/certs/3ee7e181.pem
/etc/ssl/certs/3efd4dc0.pem
/etc/ssl/certs/3efd4dc0.pem
/etc/ssl/certs/40547a79.pem
/etc/ssl/certs/40547a79.pem
/etc/ssl/certs/415660c1.pem
/etc/ssl/certs/415660c1.pem
/etc/ssl/certs/4304c5e5.pem
/etc/ssl/certs/4304c5e5.pem
/etc/ssl/certs/442adcac.pem
/etc/ssl/certs/442adcac.pem
/etc/ssl/certs/480720ec.pem
/etc/ssl/certs/480720ec.pem
/etc/ssl/certs/4881cc08.pem
/etc/ssl/certs/4881cc08.pem
/etc/ssl/certs/48bec511.pem
/etc/ssl/certs/48bec511.pem
/etc/ssl/certs/4a6481c9.pem
/etc/ssl/certs/4a6481c9.pem
/etc/ssl/certs/4bfab552.pem
/etc/ssl/certs/4bfab552.pem
/etc/ssl/certs/4f316efb.pem
/etc/ssl/certs/4f316efb.pem
/etc/ssl/certs/5273a94c.pem
/etc/ssl/certs/5273a94c.pem
/etc/ssl/certs/5443e9e3.pem
/etc/ssl/certs/5443e9e3.pem
/etc/ssl/certs/54657681.pem
/etc/ssl/certs/54657681.pem
/etc/ssl/certs/5620c4aa.pem
/etc/ssl/certs/5620c4aa.pem
/etc/ssl/certs/56657bde.pem
/etc/ssl/certs/56657bde.pem
/etc/ssl/certs/578d5c04.pem
/etc/ssl/certs/578d5c04.pem
/etc/ssl/certs/57b0f75e.pem
/etc/ssl/certs/57b0f75e.pem
/etc/ssl/certs/57bbd831.pem
/etc/ssl/certs/57bbd831.pem
/etc/ssl/certs/57bcb2da.pem
/etc/ssl/certs/57bcb2da.pem
/etc/ssl/certs/592c0a9a.pem
/etc/ssl/certs/592c0a9a.pem
/etc/ssl/certs/5ad8a5d6.pem
/etc/ssl/certs/5ad8a5d6.pem
/etc/ssl/certs/5c44d531.pem
/etc/ssl/certs/5c44d531.pem
/etc/ssl/certs/5cd81ad7.pem
/etc/ssl/certs/5cd81ad7.pem
/etc/ssl/certs/5d63b0ae.pem
/etc/ssl/certs/5d63b0ae.pem
/etc/ssl/certs/5f15c80c.pem
/etc/ssl/certs/5f15c80c.pem
/etc/ssl/certs/607986c7.pem
/etc/ssl/certs/607986c7.pem
/etc/ssl/certs/6410666e.pem
/etc/ssl/certs/6410666e.pem
/etc/ssl/certs/653b494a.pem
/etc/ssl/certs/653b494a.pem
/etc/ssl/certs/65b876bd.pem
/etc/ssl/certs/65b876bd.pem
/etc/ssl/certs/667c66d4.pem
/etc/ssl/certs/667c66d4.pem
/etc/ssl/certs/67d559d1.pem
/etc/ssl/certs/67d559d1.pem
/etc/ssl/certs/6b99d060.pem
/etc/ssl/certs/6b99d060.pem
/etc/ssl/certs/6f2c1157.pem
/etc/ssl/certs/6f2c1157.pem
/etc/ssl/certs/706f604c.pem
/etc/ssl/certs/706f604c.pem
/etc/ssl/certs/749e9e03.pem
/etc/ssl/certs/749e9e03.pem
/etc/ssl/certs/75d1b2ed.pem
/etc/ssl/certs/75d1b2ed.pem
/etc/ssl/certs/76cb8f92.pem
/etc/ssl/certs/76cb8f92.pem
/etc/ssl/certs/76faf6c0.pem
/etc/ssl/certs/76faf6c0.pem
/etc/ssl/certs/778e3cb0.pem
/etc/ssl/certs/778e3cb0.pem
/etc/ssl/certs/790a7190.pem
/etc/ssl/certs/790a7190.pem
/etc/ssl/certs/79ad8b43.pem
/etc/ssl/certs/79ad8b43.pem
/etc/ssl/certs/7d0b38bd.pem
/etc/ssl/certs/7d0b38bd.pem
/etc/ssl/certs/7d5a75e4.pem
/etc/ssl/certs/7d5a75e4.pem
/etc/ssl/certs/7f3d5d1d.pem
/etc/ssl/certs/7f3d5d1d.pem
/etc/ssl/certs/8096d0a9.pem
/etc/ssl/certs/8096d0a9.pem
/etc/ssl/certs/812e17de.pem
/etc/ssl/certs/812e17de.pem
/etc/ssl/certs/8160b96c.pem
/etc/ssl/certs/8160b96c.pem
/etc/ssl/certs/861a399d.pem
/etc/ssl/certs/861a399d.pem
/etc/ssl/certs/861e0100.pem
/etc/ssl/certs/861e0100.pem
/etc/ssl/certs/876f1e28.pem
/etc/ssl/certs/876f1e28.pem
/etc/ssl/certs/8867006a.pem
/etc/ssl/certs/8867006a.pem
/etc/ssl/certs/88f89ea7.pem
/etc/ssl/certs/88f89ea7.pem
/etc/ssl/certs/8b59b1ad.pem
/etc/ssl/certs/8b59b1ad.pem
/etc/ssl/certs/8d86cdd1.pem
/etc/ssl/certs/8d86cdd1.pem
/etc/ssl/certs/8e52d3cd.pem
/etc/ssl/certs/8e52d3cd.pem
/etc/ssl/certs/9007ae68.pem
/etc/ssl/certs/9007ae68.pem
/etc/ssl/certs/930ac5d2.pem
/etc/ssl/certs/930ac5d2.pem
/etc/ssl/certs/93bc0acc.pem
/etc/ssl/certs/93bc0acc.pem
/etc/ssl/certs/9818ca0b.pem
/etc/ssl/certs/9818ca0b.pem
/etc/ssl/certs/988a38cb.pem
/etc/ssl/certs/988a38cb.pem
/etc/ssl/certs/9c2e7d30.pem
/etc/ssl/certs/9c2e7d30.pem
/etc/ssl/certs/9c472bf7.pem
/etc/ssl/certs/9c472bf7.pem
/etc/ssl/certs/9c8dfbd4.pem
/etc/ssl/certs/9c8dfbd4.pem
/etc/ssl/certs/9d04f354.pem
/etc/ssl/certs/9d04f354.pem
/etc/ssl/certs/9d520b32.pem
/etc/ssl/certs/9d520b32.pem
/etc/ssl/certs/9f541fb4.pem
/etc/ssl/certs/9f541fb4.pem
/etc/ssl/certs/a5fd78f0.pem
/etc/ssl/certs/a5fd78f0.pem
/etc/ssl/certs/a6a593ba.pem
/etc/ssl/certs/a6a593ba.pem
/etc/ssl/certs/a760e1bd.pem
/etc/ssl/certs/a760e1bd.pem
/etc/ssl/certs/a8dee976.pem
/etc/ssl/certs/a8dee976.pem
/etc/ssl/certs/a94d09e5.pem
/etc/ssl/certs/a94d09e5.pem
/etc/ssl/certs/ad088e1d.pem
/etc/ssl/certs/ad088e1d.pem
/etc/ssl/certs/ae8153b9.pem
/etc/ssl/certs/ae8153b9.pem
/etc/ssl/certs/aee5f10d.pem
/etc/ssl/certs/aee5f10d.pem
/etc/ssl/certs/b0e59380.pem
/etc/ssl/certs/b0e59380.pem
/etc/ssl/certs/b1159c4c.pem
/etc/ssl/certs/b1159c4c.pem
/etc/ssl/certs/b13cc6df.pem
/etc/ssl/certs/b13cc6df.pem
/etc/ssl/certs/b1b8a7f3.pem
/etc/ssl/certs/b1b8a7f3.pem
/etc/ssl/certs/b204d74a.pem
/etc/ssl/certs/b204d74a.pem
/etc/ssl/certs/b42ff584.pem
/etc/ssl/certs/b42ff584.pem
/etc/ssl/certs/b66938e9.pem
/etc/ssl/certs/b66938e9.pem
/etc/ssl/certs/b6c5745d.pem
/etc/ssl/certs/b6c5745d.pem
/etc/ssl/certs/b727005e.pem
/etc/ssl/certs/b727005e.pem
/etc/ssl/certs/b7a5b843.pem
/etc/ssl/certs/b7a5b843.pem
/etc/ssl/certs/b7e7231a.pem
/etc/ssl/certs/b7e7231a.pem
/etc/ssl/certs/b8e83700.pem
/etc/ssl/certs/b8e83700.pem
/etc/ssl/certs/ba89ed3b.pem
/etc/ssl/certs/ba89ed3b.pem
/etc/ssl/certs/bad35b78.pem
/etc/ssl/certs/bad35b78.pem
/etc/ssl/certs/bb2d49a0.pem
/etc/ssl/certs/bb2d49a0.pem
/etc/ssl/certs/bd1910d4.pem
/etc/ssl/certs/bd1910d4.pem
/etc/ssl/certs/c01cdfa2.pem
/etc/ssl/certs/c01cdfa2.pem
/etc/ssl/certs/c089bbbd.pem
/etc/ssl/certs/c089bbbd.pem
/etc/ssl/certs/c0ff1f52.pem
/etc/ssl/certs/c0ff1f52.pem
/etc/ssl/certs/c28a8a30.pem
/etc/ssl/certs/c28a8a30.pem
/etc/ssl/certs/c47d9980.pem
/etc/ssl/certs/c47d9980.pem
/etc/ssl/certs/c5d3212a.pem
/etc/ssl/certs/c5d3212a.pem
/etc/ssl/certs/c5e082db.pem
/etc/ssl/certs/c5e082db.pem
/etc/ssl/certs/c8841d13.pem
/etc/ssl/certs/c8841d13.pem
/etc/ssl/certs/c99398f3.pem
/etc/ssl/certs/c99398f3.pem
/etc/ssl/certs/c9f83a1c.pem
/etc/ssl/certs/c9f83a1c.pem
/etc/ssl/certs/ca6e4ad9.pem
/etc/ssl/certs/ca6e4ad9.pem
/etc/ssl/certs/cb357862.pem
/etc/ssl/certs/cb357862.pem
/etc/ssl/certs/cb59f961.pem
/etc/ssl/certs/cb59f961.pem
/etc/ssl/certs/cbeee9e2.pem
/etc/ssl/certs/cbeee9e2.pem
/etc/ssl/certs/cbf06781.pem
/etc/ssl/certs/cbf06781.pem
/etc/ssl/certs/cc450945.pem
/etc/ssl/certs/cc450945.pem
/etc/ssl/certs/cd58d51e.pem
/etc/ssl/certs/cd58d51e.pem
/etc/ssl/certs/cfa1c2ee.pem
/etc/ssl/certs/cfa1c2ee.pem
/etc/ssl/certs/d4dae3dd.pem
/etc/ssl/certs/d4dae3dd.pem
/etc/ssl/certs/d6325660.pem
/etc/ssl/certs/d6325660.pem
/etc/ssl/certs/d7e8dc79.pem
/etc/ssl/certs/d7e8dc79.pem
/etc/ssl/certs/d853d49e.pem
/etc/ssl/certs/d853d49e.pem
/etc/ssl/certs/d957f522.pem
/etc/ssl/certs/d957f522.pem
/etc/ssl/certs/d9d12c58.pem
/etc/ssl/certs/d9d12c58.pem
/etc/ssl/certs/dc45b0bd.pem
/etc/ssl/certs/dc45b0bd.pem
/etc/ssl/certs/dd8e9d41.pem
/etc/ssl/certs/dd8e9d41.pem
/etc/ssl/certs/e113c810.pem
/etc/ssl/certs/e113c810.pem
/etc/ssl/certs/e18bfb83.pem
/etc/ssl/certs/e18bfb83.pem
/etc/ssl/certs/e2799e36.pem
/etc/ssl/certs/e2799e36.pem
/etc/ssl/certs/e36a6752.pem
/etc/ssl/certs/e36a6752.pem
/etc/ssl/certs/e536d871.pem
/etc/ssl/certs/e536d871.pem
/etc/ssl/certs/e8de2f56.pem
/etc/ssl/certs/e8de2f56.pem
/etc/ssl/certs/eb99629b.pem
/etc/ssl/certs/eb99629b.pem
/etc/ssl/certs/ee1365c0.pem
/etc/ssl/certs/ee1365c0.pem
/etc/ssl/certs/ee64a828.pem
/etc/ssl/certs/ee64a828.pem
/etc/ssl/certs/eed8c118.pem
/etc/ssl/certs/eed8c118.pem
/etc/ssl/certs/ef2f636c.pem
/etc/ssl/certs/ef2f636c.pem
/etc/ssl/certs/f060240e.pem
/etc/ssl/certs/f060240e.pem
/etc/ssl/certs/f081611a.pem
/etc/ssl/certs/f081611a.pem
/etc/ssl/certs/f30dd6ad.pem
/etc/ssl/certs/f30dd6ad.pem
/etc/ssl/certs/f3377b1b.pem
/etc/ssl/certs/f3377b1b.pem
/etc/ssl/certs/f387163d.pem
/etc/ssl/certs/f387163d.pem
/etc/ssl/certs/f39fc864.pem
/etc/ssl/certs/f39fc864.pem
/etc/ssl/certs/f90208f7.pem
/etc/ssl/certs/f90208f7.pem
/etc/ssl/certs/fc5a8f99.pem
/etc/ssl/certs/fc5a8f99.pem
/etc/ssl/certs/fcac10e3.pem
/etc/ssl/certs/fcac10e3.pem
/etc/ssl/certs/861e0100.0
/etc/ssl/certs/fcac10e3.0
/etc/ssl/certs/c9f83a1c.0
/etc/ssl/certs/480720ec.0
/etc/ssl/certs/128805a3.0
/etc/ssl/certs/9d520b32.0
/etc/ssl/certs/5443e9e3.0
/etc/ssl/certs/b66938e9.0
/etc/ssl/certs/8867006a.0
/etc/ssl/certs/706f604c.0
/etc/ssl/certs/b42ff584.0
/etc/ssl/certs/3ee7e181.0
/etc/ssl/certs/b7a5b843.0
/etc/ssl/certs/024dc131.0
/etc/ssl/certs/0ba01d19.0
/etc/ssl/certs/2e5ac55d.0
/etc/ssl/certs/415660c1.0
/etc/ssl/certs/c0ff1f52.0
/etc/ssl/certs/667c66d4.0
/etc/ssl/certs/09789157.0
/etc/ssl/certs/e536d871.0
/etc/ssl/certs/ca6e4ad9.0
/etc/ssl/certs/c8841d13.0
/etc/ssl/certs/381ce4dd.0
/etc/ssl/certs/116bf586.0
/etc/ssl/certs/0b759015.0
/etc/ssl/certs/5273a94c.0
/etc/ssl/certs/b1b8a7f3.0
/etc/ssl/certs/f90208f7.0
/etc/ssl/certs/79ad8b43.0
/etc/ssl/certs/40547a79.0
/etc/ssl/certs/f39fc864.0
/etc/ssl/certs/a94d09e5.0
/etc/ssl/certs/f081611a.0
/etc/ssl/certs/b8e83700.0
/etc/ssl/certs/653b494a.0
/etc/ssl/certs/c5d3212a.0
/etc/ssl/certs/0d1b923b.0
/etc/ssl/certs/861a399d.0
/etc/ssl/certs/d7e8dc79.0
/etc/ssl/certs/d4dae3dd.0
/etc/ssl/certs/7f3d5d1d.0
/etc/ssl/certs/e8de2f56.0
/etc/ssl/certs/592c0a9a.0
/etc/ssl/certs/ba89ed3b.0
/etc/ssl/certs/a760e1bd.0
/etc/ssl/certs/157753a5.0
/etc/ssl/certs/0c4c9b6c.0
/etc/ssl/certs/5620c4aa.0
/etc/ssl/certs/3bde41ac.0
/etc/ssl/certs/eb99629b.0
/etc/ssl/certs/65b876bd.0
/etc/ssl/certs/e113c810.0
/etc/ssl/certs/b727005e.0
/etc/ssl/certs/6410666e.0
/etc/ssl/certs/aee5f10d.0
/etc/ssl/certs/a5fd78f0.0
/etc/ssl/certs/24ad0b63.0
/etc/ssl/certs/b0e59380.0
/etc/ssl/certs/778e3cb0.0
/etc/ssl/certs/9c8dfbd4.0
/etc/ssl/certs/2ae6433e.0
/etc/ssl/certs/812e17de.0
/etc/ssl/certs/b1159c4c.0
/etc/ssl/certs/9f541fb4.0
/etc/ssl/certs/5ad8a5d6.0
/etc/ssl/certs/4304c5e5.0
/etc/ssl/certs/a8dee976.0
/etc/ssl/certs/67d559d1.0
/etc/ssl/certs/eed8c118.0
/etc/ssl/certs/1636090b.0
/etc/ssl/certs/ee1365c0.0
/etc/ssl/certs/b7e7231a.0
/etc/ssl/certs/c5e082db.0
/etc/ssl/certs/d6325660.0
/etc/ssl/certs/244b5494.0
/etc/ssl/certs/cb59f961.0
/etc/ssl/certs/ee64a828.0
/etc/ssl/certs/080911ac.0
/etc/ssl/certs/062cdee6.0
/etc/ssl/certs/930ac5d2.0
/etc/ssl/certs/988a38cb.0
/etc/ssl/certs/7d0b38bd.0
/etc/ssl/certs/f060240e.0
/etc/ssl/certs/e36a6752.0
/etc/ssl/certs/034868d6.0
/etc/ssl/certs/3513523f.0
/etc/ssl/certs/f3377b1b.0
/etc/ssl/certs/8e52d3cd.0
/etc/ssl/certs/cfa1c2ee.0
/etc/ssl/certs/3e45d192.0
/etc/ssl/certs/5d63b0ae.0
/etc/ssl/certs/8b59b1ad.0
/etc/ssl/certs/4bfab552.0
/etc/ssl/certs/6f2c1157.0
/etc/ssl/certs/4881cc08.0
/etc/ssl/certs/18856ac4.0
/etc/ssl/certs/88f89ea7.0
/etc/ssl/certs/1874d4aa.0
/etc/ssl/certs/1e09d511.0
/etc/ssl/certs/e2799e36.0
/etc/ssl/certs/790a7190.0
/etc/ssl/certs/b6c5745d.0
/etc/ssl/certs/2ab3b959.0
/etc/ssl/certs/749e9e03.0
/etc/ssl/certs/5f15c80c.0
/etc/ssl/certs/cbeee9e2.0
/etc/ssl/certs/76faf6c0.0
/etc/ssl/certs/93bc0acc.0
/etc/ssl/certs/cb357862.0
/etc/ssl/certs/c01cdfa2.0
/etc/ssl/certs/d853d49e.0
/etc/ssl/certs/8096d0a9.0
/etc/ssl/certs/5cd81ad7.0
/etc/ssl/certs/dc45b0bd.0
/etc/ssl/certs/75d1b2ed.0
/etc/ssl/certs/b204d74a.0
/etc/ssl/certs/54657681.0
/etc/ssl/certs/2e4eed3c.0
/etc/ssl/certs/876f1e28.0
/etc/ssl/certs/2251b13a.0
/etc/ssl/certs/3b2716e5.0
/etc/ssl/certs/3efd4dc0.0
/etc/ssl/certs/1d3472b9.0
/etc/ssl/certs/607986c7.0
/etc/ssl/certs/8160b96c.0
/etc/ssl/certs/7d5a75e4.0
/etc/ssl/certs/4f316efb.0
/etc/ssl/certs/76cb8f92.0
/etc/ssl/certs/57b0f75e.0
/etc/ssl/certs/c99398f3.0
/etc/ssl/certs/f387163d.0
/etc/ssl/certs/c28a8a30.0
/etc/ssl/certs/fc5a8f99.0
/etc/ssl/certs/dd8e9d41.0
/etc/ssl/certs/9007ae68.0
/etc/ssl/certs/9d04f354.0
/etc/ssl/certs/9c2e7d30.0
/etc/ssl/certs/57bbd831.0
/etc/ssl/certs/0810ba98.0
/etc/ssl/certs/5c44d531.0
/etc/ssl/certs/bad35b78.0
/etc/ssl/certs/bd1910d4.0
/etc/ssl/certs/a6a593ba.0
/etc/ssl/certs/ad088e1d.0
/etc/ssl/certs/442adcac.0
/etc/ssl/certs/cbf06781.0
/etc/ssl/certs/039c618a.0
/etc/ssl/certs/bb2d49a0.0
/etc/ssl/certs/b13cc6df.0
/etc/ssl/certs/2c3e3f84.0
/etc/ssl/certs/2b349938.0
/etc/ssl/certs/9818ca0b.0
/etc/ssl/certs/48bec511.0
/etc/ssl/certs/4a6481c9.0
/etc/ssl/certs/1ec4d31a.0
/etc/ssl/certs/56657bde.0
/etc/ssl/certs/cc450945.0
/etc/ssl/certs/c47d9980.0
/etc/ssl/certs/064e0aa9.0
/etc/ssl/certs/c089bbbd.0
/etc/ssl/certs/9c472bf7.0
/etc/ssl/certs/ae8153b9.0
/etc/ssl/certs/d957f522.0
/etc/ssl/certs/e18bfb83.0
/etc/ssl/certs/cd58d51e.0
/etc/ssl/certs/8d86cdd1.0
/etc/ssl/certs/ef2f636c.0
/etc/ssl/certs/2c543cd1.0
/etc/ssl/certs/57bcb2da.0
/etc/ssl/certs/349f2832.0
/etc/ssl/certs/d9d12c58.0
/etc/ssl/certs/f30dd6ad.0
/etc/ssl/certs/578d5c04.0
/etc/ssl/certs/6b99d060.0
/etc/ssl/ca-bundle.crt
/etc/ssl/ca-bundle.crt
/etc/ssl/ca-bundle.crt
/etc/ssl/ca-bundle.crt
/etc/ssl/ca-bundle.crt
/etc/ssl/ca-bundle.crt
/etc/ssl/ca-bundle.crt
/etc/ssl/ca-bundle.crt
/etc/ssl/ca-bundle.crt
/etc/ssl/certs/ca-certificates.crt
