/srv/mysql/chanzhi/eps_category.MYD
/srv/mysql/chanzhi/eps_order.MYI
/srv/mysql/chanzhi/eps_relation.frm
/srv/mysql/chanzhi/eps_product.MYI
/srv/mysql/chanzhi/eps_block.frm
/srv/mysql/chanzhi/eps_file.MYD
/srv/mysql/chanzhi/eps_message.MYI
/srv/mysql/chanzhi/eps_reply.frm
/srv/mysql/chanzhi/eps_orderProduct.MYI
/srv/mysql/chanzhi/eps_tag.frm
/srv/mysql/chanzhi/eps_search_dict.frm
/srv/mysql/chanzhi/eps_layout.frm
/srv/mysql/chanzhi/eps_book.MYD
/srv/mysql/chanzhi/eps_wx_message.MYD
/srv/mysql/chanzhi/eps_file.frm
/srv/mysql/chanzhi/eps_cart.frm
/srv/mysql/chanzhi/eps_block.MYI
/srv/mysql/chanzhi/eps_oauth.MYD
/srv/mysql/chanzhi/eps_book.frm
/srv/mysql/chanzhi/eps_category.frm
/srv/mysql/chanzhi/eps_down.frm
/srv/mysql/chanzhi/eps_group.MYI
/srv/mysql/chanzhi/eps_product_custom.frm
/srv/mysql/chanzhi/eps_thread.MYD
/srv/mysql/chanzhi/eps_search_index.MYI
/srv/mysql/chanzhi/eps_reply.MYD
/srv/mysql/chanzhi/eps_layout.MYD
/srv/mysql/chanzhi/eps_relation.MYD
/srv/mysql/chanzhi/eps_layout.MYI
/srv/mysql/chanzhi/eps_address.MYD
/srv/mysql/chanzhi/eps_reply.MYI
/srv/mysql/chanzhi/eps_article.frm
/srv/mysql/chanzhi/eps_search_index.MYD
/srv/mysql/chanzhi/eps_wx_public.MYD
/srv/mysql/chanzhi/eps_log.MYI
/srv/mysql/chanzhi/eps_book.MYI
/srv/mysql/chanzhi/eps_order.MYD
/srv/mysql/chanzhi/eps_user.MYI
/srv/mysql/chanzhi/eps_search_dict.MYD
/srv/mysql/chanzhi/eps_package.MYI
/srv/mysql/chanzhi/eps_tag.MYI
/srv/mysql/chanzhi/eps_product_custom.MYI
/srv/mysql/chanzhi/eps_wx_message.MYI
/srv/mysql/chanzhi/eps_config.MYI
/srv/mysql/chanzhi/eps_article.MYI
/srv/mysql/chanzhi/eps_wx_response.MYI
/srv/mysql/chanzhi/eps_product_custom.MYD
/srv/mysql/chanzhi/eps_product.MYD
/srv/mysql/chanzhi/eps_grouppriv.MYD
/srv/mysql/chanzhi/eps_config.frm
/srv/mysql/chanzhi/eps_wx_response.MYD
/srv/mysql/chanzhi/eps_down.MYD
/srv/mysql/chanzhi/eps_thread.frm
/srv/mysql/chanzhi/eps_grouppriv.frm
/srv/mysql/chanzhi/eps_package.MYD
/srv/mysql/chanzhi/eps_group.frm
/srv/mysql/chanzhi/eps_address.frm
/srv/mysql/chanzhi/eps_wx_message.frm
/srv/mysql/chanzhi/eps_wx_public.MYI
/srv/mysql/chanzhi/eps_oauth.MYI
/srv/mysql/chanzhi/eps_block.MYD
/srv/mysql/chanzhi/eps_tag.MYD
/srv/mysql/chanzhi/eps_cart.MYD
/srv/mysql/chanzhi/eps_user.frm
/srv/mysql/chanzhi/eps_thread.MYI
/srv/mysql/chanzhi/eps_product.frm
/srv/mysql/chanzhi/eps_message.MYD
/srv/mysql/chanzhi/eps_category.MYI
/srv/mysql/chanzhi/eps_message.frm
/srv/mysql/chanzhi/eps_grouppriv.MYI
/srv/mysql/chanzhi/eps_usergroup.MYI
/srv/mysql/chanzhi/eps_relation.MYI
/srv/mysql/chanzhi/eps_log.frm
/srv/mysql/chanzhi/eps_search_dict.MYI
/srv/mysql/chanzhi/eps_config.MYD
/srv/mysql/chanzhi/eps_usergroup.MYD
/srv/mysql/chanzhi/eps_wx_response.frm
/srv/mysql/chanzhi/eps_orderProduct.MYD
/srv/mysql/chanzhi/eps_order.frm
/srv/mysql/chanzhi/eps_group.MYD
/srv/mysql/chanzhi/eps_oauth.frm
/srv/mysql/chanzhi/eps_search_index.frm
/srv/mysql/chanzhi/eps_package.frm
/srv/mysql/chanzhi/eps_orderProduct.frm
/srv/mysql/chanzhi/eps_user.MYD
/srv/mysql/chanzhi/eps_address.MYI
/srv/mysql/chanzhi/eps_file.MYI
/srv/mysql/chanzhi/eps_usergroup.frm
/srv/mysql/chanzhi/eps_log.MYD
/srv/mysql/chanzhi/eps_article.MYD
/srv/mysql/chanzhi/db.opt
/srv/mysql/chanzhi/eps_down.MYI
/srv/mysql/chanzhi/eps_cart.MYI
/srv/mysql/chanzhi/eps_wx_public.frm
