/usr/share/doc/cmake-3.0.1/Copyright.txt
/usr/share/doc/cmake-3.0.1/Copyright.txt
/usr/share/cmake-3.0/Help/release/dev.txt
/usr/share/cmake-3.0/Help/release/dev.txt
/usr/share/cmake-3.0/Help/release/index.rst
/usr/share/cmake-3.0/Help/release/index.rst
/usr/share/cmake-3.0/Help/release/3.0.0.rst
/usr/share/cmake-3.0/Help/release/3.0.0.rst
/usr/share/cmake-3.0/Help/release/3.0.0.rst
/usr/share/cmake-3.0/Help/release/3.0.0.rst
/usr/share/cmake-3.0/Help/release/3.0.0.rst
/usr/share/cmake-3.0/Help/release/3.0.0.rst
/usr/share/cmake-3.0/Help/manual/cmake-generator-expressions.7.rst
/usr/share/cmake-3.0/Help/manual/cmake-generator-expressions.7.rst
/usr/share/cmake-3.0/Help/manual/cmake-generator-expressions.7.rst
/usr/share/cmake-3.0/Help/manual/LINKS.txt
/usr/share/cmake-3.0/Help/manual/LINKS.txt
/usr/share/cmake-3.0/Help/manual/cmake-toolchains.7.rst
/usr/share/cmake-3.0/Help/manual/cmake-toolchains.7.rst
/usr/share/cmake-3.0/Help/manual/cmake-toolchains.7.rst
/usr/share/cmake-3.0/Help/manual/cmake-developer.7.rst
/usr/share/cmake-3.0/Help/manual/cmake-developer.7.rst
/usr/share/cmake-3.0/Help/manual/cmake-developer.7.rst
/usr/share/cmake-3.0/Help/manual/cmake-developer.7.rst
/usr/share/cmake-3.0/Help/manual/cmake-developer.7.rst
/usr/share/cmake-3.0/Help/manual/cmake-developer.7.rst
/usr/share/cmake-3.0/Help/manual/cmake-developer.7.rst
/usr/share/cmake-3.0/Help/manual/cmake-developer.7.rst
/usr/share/cmake-3.0/Help/manual/ccmake.1.rst
/usr/share/cmake-3.0/Help/manual/ccmake.1.rst
/usr/share/cmake-3.0/Help/manual/ctest.1.rst
/usr/share/cmake-3.0/Help/manual/ctest.1.rst
/usr/share/cmake-3.0/Help/manual/ctest.1.rst
/usr/share/cmake-3.0/Help/manual/ctest.1.rst
/usr/share/cmake-3.0/Help/manual/cmake-packages.7.rst
/usr/share/cmake-3.0/Help/manual/cmake-packages.7.rst
/usr/share/cmake-3.0/Help/manual/cmake-packages.7.rst
/usr/share/cmake-3.0/Help/manual/cmake-packages.7.rst
/usr/share/cmake-3.0/Help/manual/cmake-packages.7.rst
/usr/share/cmake-3.0/Help/manual/cmake-packages.7.rst
/usr/share/cmake-3.0/Help/manual/cmake-packages.7.rst
/usr/share/cmake-3.0/Help/manual/OPTIONS_BUILD.txt
/usr/share/cmake-3.0/Help/manual/OPTIONS_BUILD.txt
/usr/share/cmake-3.0/Help/manual/cpack.1.rst
/usr/share/cmake-3.0/Help/manual/cpack.1.rst
/usr/share/cmake-3.0/Help/manual/cmake-variables.7.rst
/usr/share/cmake-3.0/Help/manual/cmake-variables.7.rst
/usr/share/cmake-3.0/Help/manual/cmake-variables.7.rst
/usr/share/cmake-3.0/Help/manual/cmake-variables.7.rst
/usr/share/cmake-3.0/Help/manual/cmake-buildsystem.7.rst
/usr/share/cmake-3.0/Help/manual/cmake-buildsystem.7.rst
/usr/share/cmake-3.0/Help/manual/cmake-buildsystem.7.rst
/usr/share/cmake-3.0/Help/manual/cmake-buildsystem.7.rst
/usr/share/cmake-3.0/Help/manual/cmake-buildsystem.7.rst
/usr/share/cmake-3.0/Help/manual/cmake-buildsystem.7.rst
/usr/share/cmake-3.0/Help/manual/cmake-buildsystem.7.rst
/usr/share/cmake-3.0/Help/manual/cmake-buildsystem.7.rst
/usr/share/cmake-3.0/Help/manual/cmake-buildsystem.7.rst
/usr/share/cmake-3.0/Help/manual/cmake-buildsystem.7.rst
/usr/share/cmake-3.0/Help/manual/cmake-properties.7.rst
/usr/share/cmake-3.0/Help/manual/cmake-properties.7.rst
/usr/share/cmake-3.0/Help/manual/cmake-properties.7.rst
/usr/share/cmake-3.0/Help/manual/cmake-properties.7.rst
/usr/share/cmake-3.0/Help/manual/cmake-generators.7.rst
/usr/share/cmake-3.0/Help/manual/cmake-generators.7.rst
/usr/share/cmake-3.0/Help/manual/cmake-qt.7.rst
/usr/share/cmake-3.0/Help/manual/cmake-qt.7.rst
/usr/share/cmake-3.0/Help/manual/cmake-qt.7.rst
/usr/share/cmake-3.0/Help/manual/OPTIONS_HELP.txt
/usr/share/cmake-3.0/Help/manual/OPTIONS_HELP.txt
/usr/share/cmake-3.0/Help/manual/cmake-language.7.rst
/usr/share/cmake-3.0/Help/manual/cmake-language.7.rst
/usr/share/cmake-3.0/Help/manual/cmake-language.7.rst
/usr/share/cmake-3.0/Help/manual/cmake-language.7.rst
/usr/share/cmake-3.0/Help/manual/cmake-language.7.rst
/usr/share/cmake-3.0/Help/manual/cmake-gui.1.rst
/usr/share/cmake-3.0/Help/manual/cmake-gui.1.rst
/usr/share/cmake-3.0/Help/manual/cmake-commands.7.rst
/usr/share/cmake-3.0/Help/manual/cmake-commands.7.rst
/usr/share/cmake-3.0/Help/manual/cmake-policies.7.rst
/usr/share/cmake-3.0/Help/manual/cmake-policies.7.rst
/usr/share/cmake-3.0/Help/manual/cmake-modules.7.rst
/usr/share/cmake-3.0/Help/manual/cmake-modules.7.rst
/usr/share/cmake-3.0/Help/manual/cmake-modules.7.rst
/usr/share/cmake-3.0/Help/manual/cmake.1.rst
/usr/share/cmake-3.0/Help/manual/cmake.1.rst
/usr/share/cmake-3.0/Help/manual/cmake.1.rst
/usr/share/cmake-3.0/Help/prop_test/REQUIRED_FILES.rst
/usr/share/cmake-3.0/Help/prop_test/REQUIRED_FILES.rst
/usr/share/cmake-3.0/Help/prop_test/LABELS.rst
/usr/share/cmake-3.0/Help/prop_test/LABELS.rst
/usr/share/cmake-3.0/Help/prop_test/TIMEOUT.rst
/usr/share/cmake-3.0/Help/prop_test/TIMEOUT.rst
/usr/share/cmake-3.0/Help/prop_test/WORKING_DIRECTORY.rst
/usr/share/cmake-3.0/Help/prop_test/WORKING_DIRECTORY.rst
/usr/share/cmake-3.0/Help/prop_test/PASS_REGULAR_EXPRESSION.rst
/usr/share/cmake-3.0/Help/prop_test/PASS_REGULAR_EXPRESSION.rst
/usr/share/cmake-3.0/Help/prop_test/PROCESSORS.rst
/usr/share/cmake-3.0/Help/prop_test/PROCESSORS.rst
/usr/share/cmake-3.0/Help/prop_test/ATTACHED_FILES.rst
/usr/share/cmake-3.0/Help/prop_test/ATTACHED_FILES.rst
/usr/share/cmake-3.0/Help/prop_test/MEASUREMENT.rst
/usr/share/cmake-3.0/Help/prop_test/MEASUREMENT.rst
/usr/share/cmake-3.0/Help/prop_test/RESOURCE_LOCK.rst
/usr/share/cmake-3.0/Help/prop_test/RESOURCE_LOCK.rst
/usr/share/cmake-3.0/Help/prop_test/SKIP_RETURN_CODE.rst
/usr/share/cmake-3.0/Help/prop_test/SKIP_RETURN_CODE.rst
/usr/share/cmake-3.0/Help/prop_test/RUN_SERIAL.rst
/usr/share/cmake-3.0/Help/prop_test/RUN_SERIAL.rst
/usr/share/cmake-3.0/Help/prop_test/DEPENDS.rst
/usr/share/cmake-3.0/Help/prop_test/DEPENDS.rst
/usr/share/cmake-3.0/Help/prop_test/COST.rst
/usr/share/cmake-3.0/Help/prop_test/COST.rst
/usr/share/cmake-3.0/Help/prop_test/ATTACHED_FILES_ON_FAIL.rst
/usr/share/cmake-3.0/Help/prop_test/ATTACHED_FILES_ON_FAIL.rst
/usr/share/cmake-3.0/Help/prop_test/FAIL_REGULAR_EXPRESSION.rst
/usr/share/cmake-3.0/Help/prop_test/FAIL_REGULAR_EXPRESSION.rst
/usr/share/cmake-3.0/Help/prop_test/WILL_FAIL.rst
/usr/share/cmake-3.0/Help/prop_test/WILL_FAIL.rst
/usr/share/cmake-3.0/Help/prop_test/ENVIRONMENT.rst
/usr/share/cmake-3.0/Help/prop_test/ENVIRONMENT.rst
/usr/share/cmake-3.0/Help/prop_cache/STRINGS.rst
/usr/share/cmake-3.0/Help/prop_cache/STRINGS.rst
/usr/share/cmake-3.0/Help/prop_cache/VALUE.rst
/usr/share/cmake-3.0/Help/prop_cache/VALUE.rst
/usr/share/cmake-3.0/Help/prop_cache/ADVANCED.rst
/usr/share/cmake-3.0/Help/prop_cache/ADVANCED.rst
/usr/share/cmake-3.0/Help/prop_cache/MODIFIED.rst
/usr/share/cmake-3.0/Help/prop_cache/MODIFIED.rst
/usr/share/cmake-3.0/Help/prop_cache/HELPSTRING.rst
/usr/share/cmake-3.0/Help/prop_cache/HELPSTRING.rst
/usr/share/cmake-3.0/Help/prop_cache/TYPE.rst
/usr/share/cmake-3.0/Help/prop_cache/TYPE.rst
/usr/share/cmake-3.0/Help/module/FindTclStub.rst
/usr/share/cmake-3.0/Help/module/FindTclStub.rst
/usr/share/cmake-3.0/Help/module/FindGTest.rst
/usr/share/cmake-3.0/Help/module/FindGTest.rst
/usr/share/cmake-3.0/Help/module/FindSDL.rst
/usr/share/cmake-3.0/Help/module/FindSDL.rst
/usr/share/cmake-3.0/Help/module/TestForANSIForScope.rst
/usr/share/cmake-3.0/Help/module/TestForANSIForScope.rst
/usr/share/cmake-3.0/Help/module/FindJNI.rst
/usr/share/cmake-3.0/Help/module/FindJNI.rst
/usr/share/cmake-3.0/Help/module/FindosgIntrospection.rst
/usr/share/cmake-3.0/Help/module/FindosgIntrospection.rst
/usr/share/cmake-3.0/Help/module/FindMPEG.rst
/usr/share/cmake-3.0/Help/module/FindMPEG.rst
/usr/share/cmake-3.0/Help/module/FindPike.rst
/usr/share/cmake-3.0/Help/module/FindPike.rst
/usr/share/cmake-3.0/Help/module/CMakeFindPackageMode.rst
/usr/share/cmake-3.0/Help/module/CMakeFindPackageMode.rst
/usr/share/cmake-3.0/Help/module/UsewxWidgets.rst
/usr/share/cmake-3.0/Help/module/UsewxWidgets.rst
/usr/share/cmake-3.0/Help/module/FindRTI.rst
/usr/share/cmake-3.0/Help/module/FindRTI.rst
/usr/share/cmake-3.0/Help/module/CheckTypeSize.rst
/usr/share/cmake-3.0/Help/module/CheckTypeSize.rst
/usr/share/cmake-3.0/Help/module/FindSDL_ttf.rst
/usr/share/cmake-3.0/Help/module/FindSDL_ttf.rst
/usr/share/cmake-3.0/Help/module/FindSDL_net.rst
/usr/share/cmake-3.0/Help/module/FindSDL_net.rst
/usr/share/cmake-3.0/Help/module/CMakeExpandImportedTargets.rst
/usr/share/cmake-3.0/Help/module/CMakeExpandImportedTargets.rst
/usr/share/cmake-3.0/Help/module/FindBZip2.rst
/usr/share/cmake-3.0/Help/module/FindBZip2.rst
/usr/share/cmake-3.0/Help/module/FindosgDB.rst
/usr/share/cmake-3.0/Help/module/FindosgDB.rst
/usr/share/cmake-3.0/Help/module/CheckCSourceCompiles.rst
/usr/share/cmake-3.0/Help/module/CheckCSourceCompiles.rst
/usr/share/cmake-3.0/Help/module/FindX11.rst
/usr/share/cmake-3.0/Help/module/FindX11.rst
/usr/share/cmake-3.0/Help/module/FindMatlab.rst
/usr/share/cmake-3.0/Help/module/FindMatlab.rst
/usr/share/cmake-3.0/Help/module/FindUnixCommands.rst
/usr/share/cmake-3.0/Help/module/FindUnixCommands.rst
/usr/share/cmake-3.0/Help/module/CheckIncludeFile.rst
/usr/share/cmake-3.0/Help/module/CheckIncludeFile.rst
/usr/share/cmake-3.0/Help/module/FindASPELL.rst
/usr/share/cmake-3.0/Help/module/FindASPELL.rst
/usr/share/cmake-3.0/Help/module/FindPkgConfig.rst
/usr/share/cmake-3.0/Help/module/FindPkgConfig.rst
/usr/share/cmake-3.0/Help/module/FindVTK.rst
/usr/share/cmake-3.0/Help/module/FindVTK.rst
/usr/share/cmake-3.0/Help/module/FindBISON.rst
/usr/share/cmake-3.0/Help/module/FindBISON.rst
/usr/share/cmake-3.0/Help/module/CMakeFindDependencyMacro.rst
/usr/share/cmake-3.0/Help/module/CMakeFindDependencyMacro.rst
/usr/share/cmake-3.0/Help/module/FindGDAL.rst
/usr/share/cmake-3.0/Help/module/FindGDAL.rst
/usr/share/cmake-3.0/Help/module/Dart.rst
/usr/share/cmake-3.0/Help/module/Dart.rst
/usr/share/cmake-3.0/Help/module/FindSelfPackers.rst
/usr/share/cmake-3.0/Help/module/FindSelfPackers.rst
/usr/share/cmake-3.0/Help/module/FindOpenGL.rst
/usr/share/cmake-3.0/Help/module/FindOpenGL.rst
/usr/share/cmake-3.0/Help/module/UseEcos.rst
/usr/share/cmake-3.0/Help/module/UseEcos.rst
/usr/share/cmake-3.0/Help/module/FindSDL_mixer.rst
/usr/share/cmake-3.0/Help/module/FindSDL_mixer.rst
/usr/share/cmake-3.0/Help/module/ProcessorCount.rst
/usr/share/cmake-3.0/Help/module/ProcessorCount.rst
/usr/share/cmake-3.0/Help/module/FindGIF.rst
/usr/share/cmake-3.0/Help/module/FindGIF.rst
/usr/share/cmake-3.0/Help/module/FindOpenSceneGraph.rst
/usr/share/cmake-3.0/Help/module/FindOpenSceneGraph.rst
/usr/share/cmake-3.0/Help/module/CPackPackageMaker.rst
/usr/share/cmake-3.0/Help/module/CPackPackageMaker.rst
/usr/share/cmake-3.0/Help/module/CPackBundle.rst
/usr/share/cmake-3.0/Help/module/CPackBundle.rst
/usr/share/cmake-3.0/Help/module/FindosgWidget.rst
/usr/share/cmake-3.0/Help/module/FindosgWidget.rst
/usr/share/cmake-3.0/Help/module/FindosgGA.rst
/usr/share/cmake-3.0/Help/module/FindosgGA.rst
/usr/share/cmake-3.0/Help/module/FindSWIG.rst
/usr/share/cmake-3.0/Help/module/FindSWIG.rst
/usr/share/cmake-3.0/Help/module/FindosgPresentation.rst
/usr/share/cmake-3.0/Help/module/FindosgPresentation.rst
/usr/share/cmake-3.0/Help/module/FindwxWindows.rst
/usr/share/cmake-3.0/Help/module/FindwxWindows.rst
/usr/share/cmake-3.0/Help/module/FindosgAnimation.rst
/usr/share/cmake-3.0/Help/module/FindosgAnimation.rst
/usr/share/cmake-3.0/Help/module/FindHSPELL.rst
/usr/share/cmake-3.0/Help/module/FindHSPELL.rst
/usr/share/cmake-3.0/Help/module/CheckStructHasMember.rst
/usr/share/cmake-3.0/Help/module/CheckStructHasMember.rst
/usr/share/cmake-3.0/Help/module/FindosgTerrain.rst
/usr/share/cmake-3.0/Help/module/FindosgTerrain.rst
/usr/share/cmake-3.0/Help/module/FindTCL.rst
/usr/share/cmake-3.0/Help/module/FindTCL.rst
/usr/share/cmake-3.0/Help/module/FindPerlLibs.rst
/usr/share/cmake-3.0/Help/module/FindPerlLibs.rst
/usr/share/cmake-3.0/Help/module/FindosgManipulator.rst
/usr/share/cmake-3.0/Help/module/FindosgManipulator.rst
/usr/share/cmake-3.0/Help/module/CMakeFindFrameworks.rst
/usr/share/cmake-3.0/Help/module/CMakeFindFrameworks.rst
/usr/share/cmake-3.0/Help/module/FindLibXslt.rst
/usr/share/cmake-3.0/Help/module/FindLibXslt.rst
/usr/share/cmake-3.0/Help/module/FindOpenSSL.rst
/usr/share/cmake-3.0/Help/module/FindOpenSSL.rst
/usr/share/cmake-3.0/Help/module/FindArmadillo.rst
/usr/share/cmake-3.0/Help/module/FindArmadillo.rst
/usr/share/cmake-3.0/Help/module/CheckCCompilerFlag.rst
/usr/share/cmake-3.0/Help/module/CheckCCompilerFlag.rst
/usr/share/cmake-3.0/Help/module/FindBLAS.rst
/usr/share/cmake-3.0/Help/module/FindBLAS.rst
/usr/share/cmake-3.0/Help/module/FindJava.rst
/usr/share/cmake-3.0/Help/module/FindJava.rst
/usr/share/cmake-3.0/Help/module/CheckCXXSourceRuns.rst
/usr/share/cmake-3.0/Help/module/CheckCXXSourceRuns.rst
/usr/share/cmake-3.0/Help/module/FindQuickTime.rst
/usr/share/cmake-3.0/Help/module/FindQuickTime.rst
/usr/share/cmake-3.0/Help/module/InstallRequiredSystemLibraries.rst
/usr/share/cmake-3.0/Help/module/InstallRequiredSystemLibraries.rst
/usr/share/cmake-3.0/Help/module/FindLua51.rst
/usr/share/cmake-3.0/Help/module/FindLua51.rst
/usr/share/cmake-3.0/Help/module/FindQt.rst
/usr/share/cmake-3.0/Help/module/FindQt.rst
/usr/share/cmake-3.0/Help/module/FindHDF5.rst
/usr/share/cmake-3.0/Help/module/FindHDF5.rst
/usr/share/cmake-3.0/Help/module/FindLibLZMA.rst
/usr/share/cmake-3.0/Help/module/FindLibLZMA.rst
/usr/share/cmake-3.0/Help/module/TestCXXAcceptsFlag.rst
/usr/share/cmake-3.0/Help/module/TestCXXAcceptsFlag.rst
/usr/share/cmake-3.0/Help/module/FindGnuplot.rst
/usr/share/cmake-3.0/Help/module/FindGnuplot.rst
/usr/share/cmake-3.0/Help/module/FindCUDA.rst
/usr/share/cmake-3.0/Help/module/FindCUDA.rst
/usr/share/cmake-3.0/Help/module/FindosgShadow.rst
/usr/share/cmake-3.0/Help/module/FindosgShadow.rst
/usr/share/cmake-3.0/Help/module/FindLua.rst
/usr/share/cmake-3.0/Help/module/FindLua.rst
/usr/share/cmake-3.0/Help/module/CPackComponent.rst
/usr/share/cmake-3.0/Help/module/CPackComponent.rst
/usr/share/cmake-3.0/Help/module/FindFLTK.rst
/usr/share/cmake-3.0/Help/module/FindFLTK.rst
/usr/share/cmake-3.0/Help/module/FindLua50.rst
/usr/share/cmake-3.0/Help/module/FindLua50.rst
/usr/share/cmake-3.0/Help/module/CMakePrintHelpers.rst
/usr/share/cmake-3.0/Help/module/CMakePrintHelpers.rst
/usr/share/cmake-3.0/Help/module/FindosgViewer.rst
/usr/share/cmake-3.0/Help/module/FindosgViewer.rst
/usr/share/cmake-3.0/Help/module/FindMPEG2.rst
/usr/share/cmake-3.0/Help/module/FindMPEG2.rst
/usr/share/cmake-3.0/Help/module/TestForSSTREAM.rst
/usr/share/cmake-3.0/Help/module/TestForSSTREAM.rst
/usr/share/cmake-3.0/Help/module/FindSDL_image.rst
/usr/share/cmake-3.0/Help/module/FindSDL_image.rst
/usr/share/cmake-3.0/Help/module/CheckSymbolExists.rst
/usr/share/cmake-3.0/Help/module/CheckSymbolExists.rst
/usr/share/cmake-3.0/Help/module/FindBoost.rst
/usr/share/cmake-3.0/Help/module/FindBoost.rst
/usr/share/cmake-3.0/Help/module/FindCups.rst
/usr/share/cmake-3.0/Help/module/FindCups.rst
/usr/share/cmake-3.0/Help/module/CMakePushCheckState.rst
/usr/share/cmake-3.0/Help/module/CMakePushCheckState.rst
/usr/share/cmake-3.0/Help/module/Use_wxWindows.rst
/usr/share/cmake-3.0/Help/module/Use_wxWindows.rst
/usr/share/cmake-3.0/Help/module/CheckCXXSymbolExists.rst
/usr/share/cmake-3.0/Help/module/CheckCXXSymbolExists.rst
/usr/share/cmake-3.0/Help/module/ExternalData.rst
/usr/share/cmake-3.0/Help/module/ExternalData.rst
/usr/share/cmake-3.0/Help/module/FindGTK2.rst
/usr/share/cmake-3.0/Help/module/FindGTK2.rst
/usr/share/cmake-3.0/Help/module/CMakeForceCompiler.rst
/usr/share/cmake-3.0/Help/module/CMakeForceCompiler.rst
/usr/share/cmake-3.0/Help/module/DeployQt4.rst
/usr/share/cmake-3.0/Help/module/DeployQt4.rst
/usr/share/cmake-3.0/Help/module/FindMPI.rst
/usr/share/cmake-3.0/Help/module/FindMPI.rst
/usr/share/cmake-3.0/Help/module/FindLATEX.rst
/usr/share/cmake-3.0/Help/module/FindLATEX.rst
/usr/share/cmake-3.0/Help/module/FindMFC.rst
/usr/share/cmake-3.0/Help/module/FindMFC.rst
/usr/share/cmake-3.0/Help/module/GetPrerequisites.rst
/usr/share/cmake-3.0/Help/module/GetPrerequisites.rst
/usr/share/cmake-3.0/Help/module/FindXMLRPC.rst
/usr/share/cmake-3.0/Help/module/FindXMLRPC.rst
/usr/share/cmake-3.0/Help/module/CheckIncludeFiles.rst
/usr/share/cmake-3.0/Help/module/CheckIncludeFiles.rst
/usr/share/cmake-3.0/Help/module/FindAVIFile.rst
/usr/share/cmake-3.0/Help/module/FindAVIFile.rst
/usr/share/cmake-3.0/Help/module/FindPostgreSQL.rst
/usr/share/cmake-3.0/Help/module/FindPostgreSQL.rst
/usr/share/cmake-3.0/Help/module/FindKDE4.rst
/usr/share/cmake-3.0/Help/module/FindKDE4.rst
/usr/share/cmake-3.0/Help/module/CMakeAddFortranSubdirectory.rst
/usr/share/cmake-3.0/Help/module/CMakeAddFortranSubdirectory.rst
/usr/share/cmake-3.0/Help/module/FindOpenThreads.rst
/usr/share/cmake-3.0/Help/module/FindOpenThreads.rst
/usr/share/cmake-3.0/Help/module/FindTIFF.rst
/usr/share/cmake-3.0/Help/module/FindTIFF.rst
/usr/share/cmake-3.0/Help/module/CheckFortranFunctionExists.rst
/usr/share/cmake-3.0/Help/module/CheckFortranFunctionExists.rst
/usr/share/cmake-3.0/Help/module/ExternalProject.rst
/usr/share/cmake-3.0/Help/module/ExternalProject.rst
/usr/share/cmake-3.0/Help/module/FeatureSummary.rst
/usr/share/cmake-3.0/Help/module/FeatureSummary.rst
/usr/share/cmake-3.0/Help/module/FindDoxygen.rst
/usr/share/cmake-3.0/Help/module/FindDoxygen.rst
/usr/share/cmake-3.0/Help/module/FindPackageMessage.rst
/usr/share/cmake-3.0/Help/module/FindPackageMessage.rst
/usr/share/cmake-3.0/Help/module/CMakePrintSystemInformation.rst
/usr/share/cmake-3.0/Help/module/CMakePrintSystemInformation.rst
/usr/share/cmake-3.0/Help/module/TestBigEndian.rst
/usr/share/cmake-3.0/Help/module/TestBigEndian.rst
/usr/share/cmake-3.0/Help/module/FindQt4.rst
/usr/share/cmake-3.0/Help/module/FindQt4.rst
/usr/share/cmake-3.0/Help/module/UseJavaSymlinks.rst
/usr/share/cmake-3.0/Help/module/UseJavaSymlinks.rst
/usr/share/cmake-3.0/Help/module/FindGCCXML.rst
/usr/share/cmake-3.0/Help/module/FindGCCXML.rst
/usr/share/cmake-3.0/Help/module/AddFileDependencies.rst
/usr/share/cmake-3.0/Help/module/AddFileDependencies.rst
/usr/share/cmake-3.0/Help/module/FindCurses.rst
/usr/share/cmake-3.0/Help/module/FindCurses.rst
/usr/share/cmake-3.0/Help/module/CheckVariableExists.rst
/usr/share/cmake-3.0/Help/module/CheckVariableExists.rst
/usr/share/cmake-3.0/Help/module/FindBullet.rst
/usr/share/cmake-3.0/Help/module/FindBullet.rst
/usr/share/cmake-3.0/Help/module/MacroAddFileDependencies.rst
/usr/share/cmake-3.0/Help/module/MacroAddFileDependencies.rst
/usr/share/cmake-3.0/Help/module/FindGnuTLS.rst
/usr/share/cmake-3.0/Help/module/FindGnuTLS.rst
/usr/share/cmake-3.0/Help/module/FindHg.rst
/usr/share/cmake-3.0/Help/module/FindHg.rst
/usr/share/cmake-3.0/Help/module/FindosgText.rst
/usr/share/cmake-3.0/Help/module/FindosgText.rst
/usr/share/cmake-3.0/Help/module/CPack.rst
/usr/share/cmake-3.0/Help/module/CPack.rst
/usr/share/cmake-3.0/Help/module/UseSWIG.rst
/usr/share/cmake-3.0/Help/module/UseSWIG.rst
/usr/share/cmake-3.0/Help/module/FindosgSim.rst
/usr/share/cmake-3.0/Help/module/FindosgSim.rst
/usr/share/cmake-3.0/Help/module/UseJavaClassFilelist.rst
/usr/share/cmake-3.0/Help/module/UseJavaClassFilelist.rst
/usr/share/cmake-3.0/Help/module/CheckLibraryExists.rst
/usr/share/cmake-3.0/Help/module/CheckLibraryExists.rst
/usr/share/cmake-3.0/Help/module/FindPythonLibs.rst
/usr/share/cmake-3.0/Help/module/FindPythonLibs.rst
/usr/share/cmake-3.0/Help/module/FindDart.rst
/usr/share/cmake-3.0/Help/module/FindDart.rst
/usr/share/cmake-3.0/Help/module/CPackNSIS.rst
/usr/share/cmake-3.0/Help/module/CPackNSIS.rst
/usr/share/cmake-3.0/Help/module/SelectLibraryConfigurations.rst
/usr/share/cmake-3.0/Help/module/SelectLibraryConfigurations.rst
/usr/share/cmake-3.0/Help/module/FindProtobuf.rst
/usr/share/cmake-3.0/Help/module/FindProtobuf.rst
/usr/share/cmake-3.0/Help/module/FindCxxTest.rst
/usr/share/cmake-3.0/Help/module/FindCxxTest.rst
/usr/share/cmake-3.0/Help/module/FindQt3.rst
/usr/share/cmake-3.0/Help/module/FindQt3.rst
/usr/share/cmake-3.0/Help/module/FindImageMagick.rst
/usr/share/cmake-3.0/Help/module/FindImageMagick.rst
/usr/share/cmake-3.0/Help/module/GenerateExportHeader.rst
/usr/share/cmake-3.0/Help/module/GenerateExportHeader.rst
/usr/share/cmake-3.0/Help/module/FindPHP4.rst
/usr/share/cmake-3.0/Help/module/FindPHP4.rst
/usr/share/cmake-3.0/Help/module/FindWish.rst
/usr/share/cmake-3.0/Help/module/FindWish.rst
/usr/share/cmake-3.0/Help/module/SquishTestScript.rst
/usr/share/cmake-3.0/Help/module/SquishTestScript.rst
/usr/share/cmake-3.0/Help/module/FindLibArchive.rst
/usr/share/cmake-3.0/Help/module/FindLibArchive.rst
/usr/share/cmake-3.0/Help/module/Documentation.rst
/usr/share/cmake-3.0/Help/module/Documentation.rst
/usr/share/cmake-3.0/Help/module/FindJasper.rst
/usr/share/cmake-3.0/Help/module/FindJasper.rst
/usr/share/cmake-3.0/Help/module/FindPerl.rst
/usr/share/cmake-3.0/Help/module/FindPerl.rst
/usr/share/cmake-3.0/Help/module/FindHTMLHelp.rst
/usr/share/cmake-3.0/Help/module/FindHTMLHelp.rst
/usr/share/cmake-3.0/Help/module/CMakeBackwardCompatibilityCXX.rst
/usr/share/cmake-3.0/Help/module/CMakeBackwardCompatibilityCXX.rst
/usr/share/cmake-3.0/Help/module/CheckCXXSourceCompiles.rst
/usr/share/cmake-3.0/Help/module/CheckCXXSourceCompiles.rst
/usr/share/cmake-3.0/Help/module/CPackDeb.rst
/usr/share/cmake-3.0/Help/module/CPackDeb.rst
/usr/share/cmake-3.0/Help/module/FindKDE3.rst
/usr/share/cmake-3.0/Help/module/FindKDE3.rst
/usr/share/cmake-3.0/Help/module/CMakeDependentOption.rst
/usr/share/cmake-3.0/Help/module/CMakeDependentOption.rst
/usr/share/cmake-3.0/Help/module/CPackWIX.rst
/usr/share/cmake-3.0/Help/module/CPackWIX.rst
/usr/share/cmake-3.0/Help/module/CMakeGraphVizOptions.rst
/usr/share/cmake-3.0/Help/module/CMakeGraphVizOptions.rst
/usr/share/cmake-3.0/Help/module/FindCURL.rst
/usr/share/cmake-3.0/Help/module/FindCURL.rst
/usr/share/cmake-3.0/Help/module/FindPhysFS.rst
/usr/share/cmake-3.0/Help/module/FindPhysFS.rst
/usr/share/cmake-3.0/Help/module/UsePkgConfig.rst
/usr/share/cmake-3.0/Help/module/UsePkgConfig.rst
/usr/share/cmake-3.0/Help/module/CMakePackageConfigHelpers.rst
/usr/share/cmake-3.0/Help/module/CMakePackageConfigHelpers.rst
/usr/share/cmake-3.0/Help/module/FindosgVolume.rst
/usr/share/cmake-3.0/Help/module/FindosgVolume.rst
/usr/share/cmake-3.0/Help/module/UseJava.rst
/usr/share/cmake-3.0/Help/module/UseJava.rst
/usr/share/cmake-3.0/Help/module/FindGLUT.rst
/usr/share/cmake-3.0/Help/module/FindGLUT.rst
/usr/share/cmake-3.0/Help/module/FindGTK.rst
/usr/share/cmake-3.0/Help/module/FindGTK.rst
/usr/share/cmake-3.0/Help/module/FindosgFX.rst
/usr/share/cmake-3.0/Help/module/FindosgFX.rst
/usr/share/cmake-3.0/Help/module/FindJPEG.rst
/usr/share/cmake-3.0/Help/module/FindJPEG.rst
/usr/share/cmake-3.0/Help/module/CTest.rst
/usr/share/cmake-3.0/Help/module/CTest.rst
/usr/share/cmake-3.0/Help/module/CheckLanguage.rst
/usr/share/cmake-3.0/Help/module/CheckLanguage.rst
/usr/share/cmake-3.0/Help/module/FindDCMTK.rst
/usr/share/cmake-3.0/Help/module/FindDCMTK.rst
/usr/share/cmake-3.0/Help/module/FindOpenAL.rst
/usr/share/cmake-3.0/Help/module/FindOpenAL.rst
/usr/share/cmake-3.0/Help/module/FindCoin3D.rst
/usr/share/cmake-3.0/Help/module/FindCoin3D.rst
/usr/share/cmake-3.0/Help/module/FindRuby.rst
/usr/share/cmake-3.0/Help/module/FindRuby.rst
/usr/share/cmake-3.0/Help/module/FindITK.rst
/usr/share/cmake-3.0/Help/module/FindITK.rst
/usr/share/cmake-3.0/Help/module/FindWget.rst
/usr/share/cmake-3.0/Help/module/FindWget.rst
/usr/share/cmake-3.0/Help/module/FindMotif.rst
/usr/share/cmake-3.0/Help/module/FindMotif.rst
/usr/share/cmake-3.0/Help/module/CheckCSourceRuns.rst
/usr/share/cmake-3.0/Help/module/CheckCSourceRuns.rst
/usr/share/cmake-3.0/Help/module/CMakeVerifyManifest.rst
/usr/share/cmake-3.0/Help/module/CMakeVerifyManifest.rst
/usr/share/cmake-3.0/Help/module/FindSquish.rst
/usr/share/cmake-3.0/Help/module/FindSquish.rst
/usr/share/cmake-3.0/Help/module/FindLAPACK.rst
/usr/share/cmake-3.0/Help/module/FindLAPACK.rst
/usr/share/cmake-3.0/Help/module/FindGLEW.rst
/usr/share/cmake-3.0/Help/module/FindGLEW.rst
/usr/share/cmake-3.0/Help/module/FindDevIL.rst
/usr/share/cmake-3.0/Help/module/FindDevIL.rst
/usr/share/cmake-3.0/Help/module/CTestScriptMode.rst
/usr/share/cmake-3.0/Help/module/CTestScriptMode.rst
/usr/share/cmake-3.0/Help/module/CPackDMG.rst
/usr/share/cmake-3.0/Help/module/CPackDMG.rst
/usr/share/cmake-3.0/Help/module/FindFLTK2.rst
/usr/share/cmake-3.0/Help/module/FindFLTK2.rst
/usr/share/cmake-3.0/Help/module/FindThreads.rst
/usr/share/cmake-3.0/Help/module/FindThreads.rst
/usr/share/cmake-3.0/Help/module/TestForSTDNamespace.rst
/usr/share/cmake-3.0/Help/module/TestForSTDNamespace.rst
/usr/share/cmake-3.0/Help/module/FindwxWidgets.rst
/usr/share/cmake-3.0/Help/module/FindwxWidgets.rst
/usr/share/cmake-3.0/Help/module/FindProducer.rst
/usr/share/cmake-3.0/Help/module/FindProducer.rst
/usr/share/cmake-3.0/Help/module/FindSDL_sound.rst
/usr/share/cmake-3.0/Help/module/FindSDL_sound.rst
/usr/share/cmake-3.0/Help/module/FindTclsh.rst
/usr/share/cmake-3.0/Help/module/FindTclsh.rst
/usr/share/cmake-3.0/Help/module/FindPNG.rst
/usr/share/cmake-3.0/Help/module/FindPNG.rst
/usr/share/cmake-3.0/Help/module/FindFreetype.rst
/usr/share/cmake-3.0/Help/module/FindFreetype.rst
/usr/share/cmake-3.0/Help/module/BundleUtilities.rst
/usr/share/cmake-3.0/Help/module/BundleUtilities.rst
/usr/share/cmake-3.0/Help/module/CheckIncludeFileCXX.rst
/usr/share/cmake-3.0/Help/module/CheckIncludeFileCXX.rst
/usr/share/cmake-3.0/Help/module/FindosgParticle.rst
/usr/share/cmake-3.0/Help/module/FindosgParticle.rst
/usr/share/cmake-3.0/Help/module/FindALSA.rst
/usr/share/cmake-3.0/Help/module/FindALSA.rst
/usr/share/cmake-3.0/Help/module/FindLibXml2.rst
/usr/share/cmake-3.0/Help/module/FindLibXml2.rst
/usr/share/cmake-3.0/Help/module/CheckCXXCompilerFlag.rst
/usr/share/cmake-3.0/Help/module/CheckCXXCompilerFlag.rst
/usr/share/cmake-3.0/Help/module/FindBacktrace.rst
/usr/share/cmake-3.0/Help/module/FindBacktrace.rst
/usr/share/cmake-3.0/Help/module/CMakeDetermineVSServicePack.rst
/usr/share/cmake-3.0/Help/module/CMakeDetermineVSServicePack.rst
/usr/share/cmake-3.0/Help/module/FindIcotool.rst
/usr/share/cmake-3.0/Help/module/FindIcotool.rst
/usr/share/cmake-3.0/Help/module/FindCVS.rst
/usr/share/cmake-3.0/Help/module/FindCVS.rst
/usr/share/cmake-3.0/Help/module/FindPackageHandleStandardArgs.rst
/usr/share/cmake-3.0/Help/module/FindPackageHandleStandardArgs.rst
/usr/share/cmake-3.0/Help/module/FindFLEX.rst
/usr/share/cmake-3.0/Help/module/FindFLEX.rst
/usr/share/cmake-3.0/Help/module/GNUInstallDirs.rst
/usr/share/cmake-3.0/Help/module/GNUInstallDirs.rst
/usr/share/cmake-3.0/Help/module/CPackCygwin.rst
/usr/share/cmake-3.0/Help/module/CPackCygwin.rst
/usr/share/cmake-3.0/Help/module/FindEXPAT.rst
/usr/share/cmake-3.0/Help/module/FindEXPAT.rst
/usr/share/cmake-3.0/Help/module/FortranCInterface.rst
/usr/share/cmake-3.0/Help/module/FortranCInterface.rst
/usr/share/cmake-3.0/Help/module/CheckFunctionExists.rst
/usr/share/cmake-3.0/Help/module/CheckFunctionExists.rst
/usr/share/cmake-3.0/Help/module/Findosg.rst
/usr/share/cmake-3.0/Help/module/Findosg.rst
/usr/share/cmake-3.0/Help/module/FindZLIB.rst
/usr/share/cmake-3.0/Help/module/FindZLIB.rst
/usr/share/cmake-3.0/Help/module/FindosgProducer.rst
/usr/share/cmake-3.0/Help/module/FindosgProducer.rst
/usr/share/cmake-3.0/Help/module/FindSubversion.rst
/usr/share/cmake-3.0/Help/module/FindSubversion.rst
/usr/share/cmake-3.0/Help/module/FindosgUtil.rst
/usr/share/cmake-3.0/Help/module/FindosgUtil.rst
/usr/share/cmake-3.0/Help/module/FindCABLE.rst
/usr/share/cmake-3.0/Help/module/FindCABLE.rst
/usr/share/cmake-3.0/Help/module/FindPythonInterp.rst
/usr/share/cmake-3.0/Help/module/FindPythonInterp.rst
/usr/share/cmake-3.0/Help/module/FindGettext.rst
/usr/share/cmake-3.0/Help/module/FindGettext.rst
/usr/share/cmake-3.0/Help/module/CheckPrototypeDefinition.rst
/usr/share/cmake-3.0/Help/module/CheckPrototypeDefinition.rst
/usr/share/cmake-3.0/Help/module/FindOpenMP.rst
/usr/share/cmake-3.0/Help/module/FindOpenMP.rst
/usr/share/cmake-3.0/Help/module/FindosgQt.rst
/usr/share/cmake-3.0/Help/module/FindosgQt.rst
/usr/share/cmake-3.0/Help/module/FindGit.rst
/usr/share/cmake-3.0/Help/module/FindGit.rst
/usr/share/cmake-3.0/Help/module/CTestUseLaunchers.rst
/usr/share/cmake-3.0/Help/module/CTestUseLaunchers.rst
/usr/share/cmake-3.0/Help/module/WriteBasicConfigVersionFile.rst
/usr/share/cmake-3.0/Help/module/WriteBasicConfigVersionFile.rst
/usr/share/cmake-3.0/Help/module/TestForANSIStreamHeaders.rst
/usr/share/cmake-3.0/Help/module/TestForANSIStreamHeaders.rst
/usr/share/cmake-3.0/Help/module/FindCygwin.rst
/usr/share/cmake-3.0/Help/module/FindCygwin.rst
/usr/share/cmake-3.0/Help/module/Findosg_functions.rst
/usr/share/cmake-3.0/Help/module/Findosg_functions.rst
/usr/share/cmake-3.0/Help/module/CMakeParseArguments.rst
/usr/share/cmake-3.0/Help/module/CMakeParseArguments.rst
/usr/share/cmake-3.0/Help/module/CPackRPM.rst
/usr/share/cmake-3.0/Help/module/CPackRPM.rst
/usr/share/cmake-3.0/Help/variable/CMAKE_IGNORE_PATH.rst
/usr/share/cmake-3.0/Help/variable/CMAKE_IGNORE_PATH.rst
/usr/share/cmake-3.0/Help/variable/CPACK_PACKAGING_INSTALL_PREFIX.rst
/usr/share/cmake-3.0/Help/variable/CPACK_PACKAGING_INSTALL_PREFIX.rst
/usr/share/cmake-3.0/Help/variable/CMAKE_LANG_LINKER_PREFERENCE_PROPAGATES.rst
/usr/share/cmake-3.0/Help/variable/CMAKE_LANG_LINKER_PREFERENCE_PROPAGATES.rst
/usr/share/cmake-3.0/Help/variable/MSVC_IDE.rst
/usr/share/cmake-3.0/Help/variable/MSVC_IDE.rst
/usr/share/cmake-3.0/Help/variable/CMAKE_LANG_IMPLICIT_LINK_DIRECTORIES.rst
/usr/share/cmake-3.0/Help/variable/CMAKE_LANG_IMPLICIT_LINK_DIRECTORIES.rst
/usr/share/cmake-3.0/Help/variable/CMAKE_LIBRARY_PATH_FLAG.rst
/usr/share/cmake-3.0/Help/variable/CMAKE_LIBRARY_PATH_FLAG.rst
/usr/share/cmake-3.0/Help/variable/CMAKE_OBJECT_PATH_MAX.rst
/usr/share/cmake-3.0/Help/variable/CMAKE_OBJECT_PATH_MAX.rst
/usr/share/cmake-3.0/Help/variable/CMAKE_PROJECT_PROJECT-NAME_INCLUDE.rst
/usr/share/cmake-3.0/Help/variable/CMAKE_PROJECT_PROJECT-NAME_INCLUDE.rst
/usr/share/cmake-3.0/Help/variable/CMAKE_AUTOMOC_MOC_OPTIONS.rst
/usr/share/cmake-3.0/Help/variable/CMAKE_AUTOMOC_MOC_OPTIONS.rst
/usr/share/cmake-3.0/Help/variable/CMAKE_EXTRA_SHARED_LIBRARY_SUFFIXES.rst
/usr/share/cmake-3.0/Help/variable/CMAKE_EXTRA_SHARED_LIBRARY_SUFFIXES.rst
/usr/share/cmake-3.0/Help/variable/PROJECT-NAME_VERSION_TWEAK.rst
/usr/share/cmake-3.0/Help/variable/PROJECT-NAME_VERSION_TWEAK.rst
/usr/share/cmake-3.0/Help/variable/CMAKE_LANG_ARCHIVE_APPEND.rst
/usr/share/cmake-3.0/Help/variable/CMAKE_LANG_ARCHIVE_APPEND.rst
/usr/share/cmake-3.0/Help/variable/CMAKE_HOST_SYSTEM.rst
/usr/share/cmake-3.0/Help/variable/CMAKE_HOST_SYSTEM.rst
/usr/share/cmake-3.0/Help/variable/CMAKE_NO_SYSTEM_FROM_IMPORTED.rst
/usr/share/cmake-3.0/Help/variable/CMAKE_NO_SYSTEM_FROM_IMPORTED.rst
/usr/share/cmake-3.0/Help/variable/CMAKE_LANG_ARCHIVE_FINISH.rst
/usr/share/cmake-3.0/Help/variable/CMAKE_LANG_ARCHIVE_FINISH.rst
/usr/share/cmake-3.0/Help/variable/CMAKE_BUILD_TYPE.rst
/usr/share/cmake-3.0/Help/variable/CMAKE_BUILD_TYPE.rst
/usr/share/cmake-3.0/Help/variable/CMAKE_AUTOMOC.rst
/usr/share/cmake-3.0/Help/variable/CMAKE_AUTOMOC.rst
/usr/share/cmake-3.0/Help/variable/CMAKE_RUNTIME_OUTPUT_DIRECTORY.rst
/usr/share/cmake-3.0/Help/variable/CMAKE_RUNTIME_OUTPUT_DIRECTORY.rst
/usr/share/cmake-3.0/Help/variable/CMAKE_APPBUNDLE_PATH.rst
/usr/share/cmake-3.0/Help/variable/CMAKE_APPBUNDLE_PATH.rst
/usr/share/cmake-3.0/Help/variable/CMAKE_LANG_COMPILER.rst
/usr/share/cmake-3.0/Help/variable/CMAKE_LANG_COMPILER.rst
/usr/share/cmake-3.0/Help/variable/CMAKE_Fortran_MODOUT_FLAG.rst
/usr/share/cmake-3.0/Help/variable/CMAKE_Fortran_MODOUT_FLAG.rst
/usr/share/cmake-3.0/Help/variable/CMAKE_LINK_LIBRARY_FLAG.rst
/usr/share/cmake-3.0/Help/variable/CMAKE_LINK_LIBRARY_FLAG.rst
/usr/share/cmake-3.0/Help/variable/CMAKE_LANG_IMPLICIT_LINK_LIBRARIES.rst
/usr/share/cmake-3.0/Help/variable/CMAKE_LANG_IMPLICIT_LINK_LIBRARIES.rst
/usr/share/cmake-3.0/Help/variable/CMAKE_INSTALL_RPATH.rst
/usr/share/cmake-3.0/Help/variable/CMAKE_INSTALL_RPATH.rst
/usr/share/cmake-3.0/Help/variable/CMAKE_ARCHIVE_OUTPUT_DIRECTORY.rst
/usr/share/cmake-3.0/Help/variable/CMAKE_ARCHIVE_OUTPUT_DIRECTORY.rst
/usr/share/cmake-3.0/Help/variable/PROJECT_NAME.rst
/usr/share/cmake-3.0/Help/variable/PROJECT_NAME.rst
/usr/share/cmake-3.0/Help/variable/CPACK_COMPONENT_INCLUDE_TOPLEVEL_DIRECTORY.rst
/usr/share/cmake-3.0/Help/variable/CPACK_COMPONENT_INCLUDE_TOPLEVEL_DIRECTORY.rst
/usr/share/cmake-3.0/Help/variable/LIBRARY_OUTPUT_PATH.rst
/usr/share/cmake-3.0/Help/variable/LIBRARY_OUTPUT_PATH.rst
/usr/share/cmake-3.0/Help/variable/CMAKE_VERSION.rst
/usr/share/cmake-3.0/Help/variable/CMAKE_VERSION.rst
/usr/share/cmake-3.0/Help/variable/CMAKE_FIND_ROOT_PATH_MODE_XXX.txt
/usr/share/cmake-3.0/Help/variable/CMAKE_FIND_ROOT_PATH_MODE_XXX.txt
/usr/share/cmake-3.0/Help/variable/CPACK_SET_DESTDIR.rst
/usr/share/cmake-3.0/Help/variable/CPACK_SET_DESTDIR.rst
/usr/share/cmake-3.0/Help/variable/CMAKE_CACHEFILE_DIR.rst
/usr/share/cmake-3.0/Help/variable/CMAKE_CACHEFILE_DIR.rst
/usr/share/cmake-3.0/Help/variable/CMAKE_HOST_APPLE.rst
/usr/share/cmake-3.0/Help/variable/CMAKE_HOST_APPLE.rst
/usr/share/cmake-3.0/Help/variable/CMAKE_CURRENT_LIST_DIR.rst
/usr/share/cmake-3.0/Help/variable/CMAKE_CURRENT_LIST_DIR.rst
/usr/share/cmake-3.0/Help/variable/CMAKE_Fortran_FORMAT.rst
/usr/share/cmake-3.0/Help/variable/CMAKE_Fortran_FORMAT.rst
/usr/share/cmake-3.0/Help/variable/CMAKE_EXECUTABLE_SUFFIX.rst
/usr/share/cmake-3.0/Help/variable/CMAKE_EXECUTABLE_SUFFIX.rst
/usr/share/cmake-3.0/Help/variable/CMAKE_SYSTEM_LIBRARY_PATH.rst
/usr/share/cmake-3.0/Help/variable/CMAKE_SYSTEM_LIBRARY_PATH.rst
/usr/share/cmake-3.0/Help/variable/CMAKE_SHARED_MODULE_SUFFIX.rst
/usr/share/cmake-3.0/Help/variable/CMAKE_SHARED_MODULE_SUFFIX.rst
/usr/share/cmake-3.0/Help/variable/CMAKE_VS_INTEL_Fortran_PROJECT_VERSION.rst
/usr/share/cmake-3.0/Help/variable/CMAKE_VS_INTEL_Fortran_PROJECT_VERSION.rst
/usr/share/cmake-3.0/Help/variable/CMAKE_FIND_ROOT_PATH_MODE_INCLUDE.rst
/usr/share/cmake-3.0/Help/variable/CMAKE_FIND_ROOT_PATH_MODE_INCLUDE.rst
/usr/share/cmake-3.0/Help/variable/CMAKE_HOME_DIRECTORY.rst
/usr/share/cmake-3.0/Help/variable/CMAKE_HOME_DIRECTORY.rst
/usr/share/cmake-3.0/Help/variable/CMAKE_HOST_UNIX.rst
/usr/share/cmake-3.0/Help/variable/CMAKE_HOST_UNIX.rst
/usr/share/cmake-3.0/Help/variable/CMAKE_SCRIPT_MODE_FILE.rst
/usr/share/cmake-3.0/Help/variable/CMAKE_SCRIPT_MODE_FILE.rst
/usr/share/cmake-3.0/Help/variable/CMAKE_IMPORT_LIBRARY_PREFIX.rst
/usr/share/cmake-3.0/Help/variable/CMAKE_IMPORT_LIBRARY_PREFIX.rst
/usr/share/cmake-3.0/Help/variable/CMAKE_CFG_INTDIR.rst
/usr/share/cmake-3.0/Help/variable/CMAKE_CFG_INTDIR.rst
/usr/share/cmake-3.0/Help/variable/CMAKE_VS_DEVENV_COMMAND.rst
/usr/share/cmake-3.0/Help/variable/CMAKE_VS_DEVENV_COMMAND.rst
/usr/share/cmake-3.0/Help/variable/MSVC11.rst
/usr/share/cmake-3.0/Help/variable/MSVC11.rst
/usr/share/cmake-3.0/Help/variable/CMAKE_SKIP_INSTALL_RULES.rst
/usr/share/cmake-3.0/Help/variable/CMAKE_SKIP_INSTALL_RULES.rst
/usr/share/cmake-3.0/Help/variable/CMAKE_LANG_LIBRARY_ARCHITECTURE.rst
/usr/share/cmake-3.0/Help/variable/CMAKE_LANG_LIBRARY_ARCHITECTURE.rst
/usr/share/cmake-3.0/Help/variable/CMAKE_HOST_SYSTEM_VERSION.rst
/usr/share/cmake-3.0/Help/variable/CMAKE_HOST_SYSTEM_VERSION.rst
/usr/share/cmake-3.0/Help/variable/CMAKE_CACHE_MAJOR_VERSION.rst
/usr/share/cmake-3.0/Help/variable/CMAKE_CACHE_MAJOR_VERSION.rst
/usr/share/cmake-3.0/Help/variable/CMAKE_MINOR_VERSION.rst
/usr/share/cmake-3.0/Help/variable/CMAKE_MINOR_VERSION.rst
/usr/share/cmake-3.0/Help/variable/CMAKE_PROGRAM_PATH.rst
/usr/share/cmake-3.0/Help/variable/CMAKE_PROGRAM_PATH.rst
/usr/share/cmake-3.0/Help/variable/CMAKE_EXTRA_GENERATOR.rst
/usr/share/cmake-3.0/Help/variable/CMAKE_EXTRA_GENERATOR.rst
/usr/share/cmake-3.0/Help/variable/CMAKE_IMPORT_LIBRARY_SUFFIX.rst
/usr/share/cmake-3.0/Help/variable/CMAKE_IMPORT_LIBRARY_SUFFIX.rst
/usr/share/cmake-3.0/Help/variable/CMAKE_WARN_DEPRECATED.rst
/usr/share/cmake-3.0/Help/variable/CMAKE_WARN_DEPRECATED.rst
/usr/share/cmake-3.0/Help/variable/CMAKE_DISABLE_FIND_PACKAGE_PackageName.rst
/usr/share/cmake-3.0/Help/variable/CMAKE_DISABLE_FIND_PACKAGE_PackageName.rst
/usr/share/cmake-3.0/Help/variable/PROJECT-NAME_VERSION_MAJOR.rst
/usr/share/cmake-3.0/Help/variable/PROJECT-NAME_VERSION_MAJOR.rst
/usr/share/cmake-3.0/Help/variable/CMAKE_LINK_LIBRARY_SUFFIX.rst
/usr/share/cmake-3.0/Help/variable/CMAKE_LINK_LIBRARY_SUFFIX.rst
/usr/share/cmake-3.0/Help/variable/CMAKE_JOB_POOL_COMPILE.rst
/usr/share/cmake-3.0/Help/variable/CMAKE_JOB_POOL_COMPILE.rst
/usr/share/cmake-3.0/Help/variable/ENV.rst
/usr/share/cmake-3.0/Help/variable/ENV.rst
/usr/share/cmake-3.0/Help/variable/CMAKE_LINK_INTERFACE_LIBRARIES.rst
/usr/share/cmake-3.0/Help/variable/CMAKE_LINK_INTERFACE_LIBRARIES.rst
/usr/share/cmake-3.0/Help/variable/WIN32.rst
/usr/share/cmake-3.0/Help/variable/WIN32.rst
/usr/share/cmake-3.0/Help/variable/CMAKE_MODULE_LINKER_FLAGS_CONFIG.rst
/usr/share/cmake-3.0/Help/variable/CMAKE_MODULE_LINKER_FLAGS_CONFIG.rst
/usr/share/cmake-3.0/Help/variable/CMAKE_LANG_ARCHIVE_CREATE.rst
/usr/share/cmake-3.0/Help/variable/CMAKE_LANG_ARCHIVE_CREATE.rst
/usr/share/cmake-3.0/Help/variable/CMAKE_STATIC_LINKER_FLAGS_CONFIG.rst
/usr/share/cmake-3.0/Help/variable/CMAKE_STATIC_LINKER_FLAGS_CONFIG.rst
/usr/share/cmake-3.0/Help/variable/CMAKE_SYSTEM_PROGRAM_PATH.rst
/usr/share/cmake-3.0/Help/variable/CMAKE_SYSTEM_PROGRAM_PATH.rst
/usr/share/cmake-3.0/Help/variable/CMAKE_FIND_ROOT_PATH_MODE_LIBRARY.rst
/usr/share/cmake-3.0/Help/variable/CMAKE_FIND_ROOT_PATH_MODE_LIBRARY.rst
/usr/share/cmake-3.0/Help/variable/MSVC60.rst
/usr/share/cmake-3.0/Help/variable/MSVC60.rst
/usr/share/cmake-3.0/Help/variable/CMAKE_PDB_OUTPUT_DIRECTORY.rst
/usr/share/cmake-3.0/Help/variable/CMAKE_PDB_OUTPUT_DIRECTORY.rst
/usr/share/cmake-3.0/Help/variable/CMAKE_STATIC_LINKER_FLAGS.rst
/usr/share/cmake-3.0/Help/variable/CMAKE_STATIC_LINKER_FLAGS.rst
/usr/share/cmake-3.0/Help/variable/CMAKE_FIND_LIBRARY_SUFFIXES.rst
/usr/share/cmake-3.0/Help/variable/CMAKE_FIND_LIBRARY_SUFFIXES.rst
/usr/share/cmake-3.0/Help/variable/CMAKE_PROJECT_NAME.rst
/usr/share/cmake-3.0/Help/variable/CMAKE_PROJECT_NAME.rst
/usr/share/cmake-3.0/Help/variable/CMAKE_INCLUDE_PATH.rst
/usr/share/cmake-3.0/Help/variable/CMAKE_INCLUDE_PATH.rst
/usr/share/cmake-3.0/Help/variable/CMAKE_FIND_ROOT_PATH_MODE_PROGRAM.rst
/usr/share/cmake-3.0/Help/variable/CMAKE_FIND_ROOT_PATH_MODE_PROGRAM.rst
/usr/share/cmake-3.0/Help/variable/CPACK_INCLUDE_TOPLEVEL_DIRECTORY.rst
/usr/share/cmake-3.0/Help/variable/CPACK_INCLUDE_TOPLEVEL_DIRECTORY.rst
/usr/share/cmake-3.0/Help/variable/CMAKE_USE_RELATIVE_PATHS.rst
/usr/share/cmake-3.0/Help/variable/CMAKE_USE_RELATIVE_PATHS.rst
/usr/share/cmake-3.0/Help/variable/CMAKE_NO_BUILTIN_CHRPATH.rst
/usr/share/cmake-3.0/Help/variable/CMAKE_NO_BUILTIN_CHRPATH.rst
/usr/share/cmake-3.0/Help/variable/CMAKE_STATIC_LIBRARY_SUFFIX.rst
/usr/share/cmake-3.0/Help/variable/CMAKE_STATIC_LIBRARY_SUFFIX.rst
/usr/share/cmake-3.0/Help/variable/CMAKE_LANG_SIMULATE_VERSION.rst
/usr/share/cmake-3.0/Help/variable/CMAKE_LANG_SIMULATE_VERSION.rst
/usr/share/cmake-3.0/Help/variable/CMAKE_SYSTEM_IGNORE_PATH.rst
/usr/share/cmake-3.0/Help/variable/CMAKE_SYSTEM_IGNORE_PATH.rst
/usr/share/cmake-3.0/Help/variable/CMAKE_CACHE_MINOR_VERSION.rst
/usr/share/cmake-3.0/Help/variable/CMAKE_CACHE_MINOR_VERSION.rst
/usr/share/cmake-3.0/Help/variable/CMAKE_FIND_ROOT_PATH_MODE_PACKAGE.rst
/usr/share/cmake-3.0/Help/variable/CMAKE_FIND_ROOT_PATH_MODE_PACKAGE.rst
/usr/share/cmake-3.0/Help/variable/CMAKE_STATIC_LIBRARY_PREFIX.rst
/usr/share/cmake-3.0/Help/variable/CMAKE_STATIC_LIBRARY_PREFIX.rst
/usr/share/cmake-3.0/Help/variable/MSVC80.rst
/usr/share/cmake-3.0/Help/variable/MSVC80.rst
/usr/share/cmake-3.0/Help/variable/MSVC10.rst
/usr/share/cmake-3.0/Help/variable/MSVC10.rst
/usr/share/cmake-3.0/Help/variable/CMAKE_LANG_FLAGS_RELWITHDEBINFO.rst
/usr/share/cmake-3.0/Help/variable/CMAKE_LANG_FLAGS_RELWITHDEBINFO.rst
/usr/share/cmake-3.0/Help/variable/CMAKE_GENERATOR.rst
/usr/share/cmake-3.0/Help/variable/CMAKE_GENERATOR.rst
/usr/share/cmake-3.0/Help/variable/CMAKE_LANG_FLAGS.rst
/usr/share/cmake-3.0/Help/variable/CMAKE_LANG_FLAGS.rst
/usr/share/cmake-3.0/Help/variable/CMAKE_DEBUG_POSTFIX.rst
/usr/share/cmake-3.0/Help/variable/CMAKE_DEBUG_POSTFIX.rst
/usr/share/cmake-3.0/Help/variable/CMAKE_SYSTEM.rst
/usr/share/cmake-3.0/Help/variable/CMAKE_SYSTEM.rst
/usr/share/cmake-3.0/Help/variable/CMAKE_PDB_OUTPUT_DIRECTORY_CONFIG.rst
/usr/share/cmake-3.0/Help/variable/CMAKE_PDB_OUTPUT_DIRECTORY_CONFIG.rst
/usr/share/cmake-3.0/Help/variable/CMAKE_PATCH_VERSION.rst
/usr/share/cmake-3.0/Help/variable/CMAKE_PATCH_VERSION.rst
/usr/share/cmake-3.0/Help/variable/CMAKE_DL_LIBS.rst
/usr/share/cmake-3.0/Help/variable/CMAKE_DL_LIBS.rst
/usr/share/cmake-3.0/Help/variable/CMAKE_XCODE_PLATFORM_TOOLSET.rst
/usr/share/cmake-3.0/Help/variable/CMAKE_XCODE_PLATFORM_TOOLSET.rst
/usr/share/cmake-3.0/Help/variable/CMAKE_MAJOR_VERSION.rst
/usr/share/cmake-3.0/Help/variable/CMAKE_MAJOR_VERSION.rst
/usr/share/cmake-3.0/Help/variable/CMAKE_CURRENT_LIST_LINE.rst
/usr/share/cmake-3.0/Help/variable/CMAKE_CURRENT_LIST_LINE.rst
/usr/share/cmake-3.0/Help/variable/CMAKE_LANG_PLATFORM_ID.rst
/usr/share/cmake-3.0/Help/variable/CMAKE_LANG_PLATFORM_ID.rst
/usr/share/cmake-3.0/Help/variable/CMAKE_SYSTEM_INCLUDE_PATH.rst
/usr/share/cmake-3.0/Help/variable/CMAKE_SYSTEM_INCLUDE_PATH.rst
/usr/share/cmake-3.0/Help/variable/PROJECT_VERSION_PATCH.rst
/usr/share/cmake-3.0/Help/variable/PROJECT_VERSION_PATCH.rst
/usr/share/cmake-3.0/Help/variable/CMAKE_POSITION_INDEPENDENT_CODE.rst
/usr/share/cmake-3.0/Help/variable/CMAKE_POSITION_INDEPENDENT_CODE.rst
/usr/share/cmake-3.0/Help/variable/CMAKE_COMPILER_IS_GNULANG.rst
/usr/share/cmake-3.0/Help/variable/CMAKE_COMPILER_IS_GNULANG.rst
/usr/share/cmake-3.0/Help/variable/CMAKE_SIZEOF_VOID_P.rst
/usr/share/cmake-3.0/Help/variable/CMAKE_SIZEOF_VOID_P.rst
/usr/share/cmake-3.0/Help/variable/CMAKE_AUTORCC.rst
/usr/share/cmake-3.0/Help/variable/CMAKE_AUTORCC.rst
/usr/share/cmake-3.0/Help/variable/CMAKE_FIND_PACKAGE_WARN_NO_MODULE.rst
/usr/share/cmake-3.0/Help/variable/CMAKE_FIND_PACKAGE_WARN_NO_MODULE.rst
/usr/share/cmake-3.0/Help/variable/CMAKE_SYSTEM_NAME.rst
/usr/share/cmake-3.0/Help/variable/CMAKE_SYSTEM_NAME.rst
/usr/share/cmake-3.0/Help/variable/CMAKE_AUTOUIC_OPTIONS.rst
/usr/share/cmake-3.0/Help/variable/CMAKE_AUTOUIC_OPTIONS.rst
/usr/share/cmake-3.0/Help/variable/CMAKE_INSTALL_PREFIX.rst
/usr/share/cmake-3.0/Help/variable/CMAKE_INSTALL_PREFIX.rst
/usr/share/cmake-3.0/Help/variable/CMAKE_CTEST_COMMAND.rst
/usr/share/cmake-3.0/Help/variable/CMAKE_CTEST_COMMAND.rst
/usr/share/cmake-3.0/Help/variable/CMAKE_HOST_SYSTEM_PROCESSOR.rst
/usr/share/cmake-3.0/Help/variable/CMAKE_HOST_SYSTEM_PROCESSOR.rst
/usr/share/cmake-3.0/Help/variable/CMAKE_VS_MSBUILD_COMMAND.rst
/usr/share/cmake-3.0/Help/variable/CMAKE_VS_MSBUILD_COMMAND.rst
/usr/share/cmake-3.0/Help/variable/CMAKE_WARN_ON_ABSOLUTE_INSTALL_DESTINATION.rst
/usr/share/cmake-3.0/Help/variable/CMAKE_WARN_ON_ABSOLUTE_INSTALL_DESTINATION.rst
/usr/share/cmake-3.0/Help/variable/CMAKE_SYSTEM_PROCESSOR.rst
/usr/share/cmake-3.0/Help/variable/CMAKE_SYSTEM_PROCESSOR.rst
/usr/share/cmake-3.0/Help/variable/CMAKE_POLICY_WARNING_CMPNNNN.rst
/usr/share/cmake-3.0/Help/variable/CMAKE_POLICY_WARNING_CMPNNNN.rst
/usr/share/cmake-3.0/Help/variable/CMAKE_NOT_USING_CONFIG_FLAGS.rst
/usr/share/cmake-3.0/Help/variable/CMAKE_NOT_USING_CONFIG_FLAGS.rst
/usr/share/cmake-3.0/Help/variable/CMAKE_AR.rst
/usr/share/cmake-3.0/Help/variable/CMAKE_AR.rst
/usr/share/cmake-3.0/Help/variable/PROJECT_VERSION_MINOR.rst
/usr/share/cmake-3.0/Help/variable/PROJECT_VERSION_MINOR.rst
/usr/share/cmake-3.0/Help/variable/XCODE_VERSION.rst
/usr/share/cmake-3.0/Help/variable/XCODE_VERSION.rst
/usr/share/cmake-3.0/Help/variable/PROJECT_SOURCE_DIR.rst
/usr/share/cmake-3.0/Help/variable/PROJECT_SOURCE_DIR.rst
/usr/share/cmake-3.0/Help/variable/CMAKE_FIND_NO_INSTALL_PREFIX.rst
/usr/share/cmake-3.0/Help/variable/CMAKE_FIND_NO_INSTALL_PREFIX.rst
/usr/share/cmake-3.0/Help/variable/CMAKE_BACKWARDS_COMPATIBILITY.rst
/usr/share/cmake-3.0/Help/variable/CMAKE_BACKWARDS_COMPATIBILITY.rst
/usr/share/cmake-3.0/Help/variable/CMAKE_CURRENT_LIST_FILE.rst
/usr/share/cmake-3.0/Help/variable/CMAKE_CURRENT_LIST_FILE.rst
/usr/share/cmake-3.0/Help/variable/UNIX.rst
/usr/share/cmake-3.0/Help/variable/UNIX.rst
/usr/share/cmake-3.0/Help/variable/CMAKE_LANG_COMPILER_VERSION.rst
/usr/share/cmake-3.0/Help/variable/CMAKE_LANG_COMPILER_VERSION.rst
/usr/share/cmake-3.0/Help/variable/CMAKE_CL_64.rst
/usr/share/cmake-3.0/Help/variable/CMAKE_CL_64.rst
/usr/share/cmake-3.0/Help/variable/CMAKE_LANG_SOURCE_FILE_EXTENSIONS.rst
/usr/share/cmake-3.0/Help/variable/CMAKE_LANG_SOURCE_FILE_EXTENSIONS.rst
/usr/share/cmake-3.0/Help/variable/CMAKE_LANG_FLAGS_RELEASE.rst
/usr/share/cmake-3.0/Help/variable/CMAKE_LANG_FLAGS_RELEASE.rst
/usr/share/cmake-3.0/Help/variable/CMAKE_CACHE_PATCH_VERSION.rst
/usr/share/cmake-3.0/Help/variable/CMAKE_CACHE_PATCH_VERSION.rst
/usr/share/cmake-3.0/Help/variable/CMAKE_FIND_ROOT_PATH.rst
/usr/share/cmake-3.0/Help/variable/CMAKE_FIND_ROOT_PATH.rst
/usr/share/cmake-3.0/Help/variable/CMAKE_COMMAND.rst
/usr/share/cmake-3.0/Help/variable/CMAKE_COMMAND.rst
/usr/share/cmake-3.0/Help/variable/CMAKE_LANG_COMPILER_ID.rst
/usr/share/cmake-3.0/Help/variable/CMAKE_LANG_COMPILER_ID.rst
/usr/share/cmake-3.0/Help/variable/CMAKE_LANG_LINKER_PREFERENCE.rst
/usr/share/cmake-3.0/Help/variable/CMAKE_LANG_LINKER_PREFERENCE.rst
/usr/share/cmake-3.0/Help/variable/PROJECT-NAME_BINARY_DIR.rst
/usr/share/cmake-3.0/Help/variable/PROJECT-NAME_BINARY_DIR.rst
/usr/share/cmake-3.0/Help/variable/CMAKE_CURRENT_BINARY_DIR.rst
/usr/share/cmake-3.0/Help/variable/CMAKE_CURRENT_BINARY_DIR.rst
/usr/share/cmake-3.0/Help/variable/CMAKE_ROOT.rst
/usr/share/cmake-3.0/Help/variable/CMAKE_ROOT.rst
/usr/share/cmake-3.0/Help/variable/CMAKE_GENERATOR_TOOLSET.rst
/usr/share/cmake-3.0/Help/variable/CMAKE_GENERATOR_TOOLSET.rst
/usr/share/cmake-3.0/Help/variable/MSVC70.rst
/usr/share/cmake-3.0/Help/variable/MSVC70.rst
/usr/share/cmake-3.0/Help/variable/CMAKE_LANG_COMPILER_ABI.rst
/usr/share/cmake-3.0/Help/variable/CMAKE_LANG_COMPILER_ABI.rst
/usr/share/cmake-3.0/Help/variable/CMAKE_FIND_LIBRARY_PREFIXES.rst
/usr/share/cmake-3.0/Help/variable/CMAKE_FIND_LIBRARY_PREFIXES.rst
/usr/share/cmake-3.0/Help/variable/PROJECT-NAME_VERSION.rst
/usr/share/cmake-3.0/Help/variable/PROJECT-NAME_VERSION.rst
/usr/share/cmake-3.0/Help/variable/CMAKE_USER_MAKE_RULES_OVERRIDE.rst
/usr/share/cmake-3.0/Help/variable/CMAKE_USER_MAKE_RULES_OVERRIDE.rst
/usr/share/cmake-3.0/Help/variable/CMAKE_GNUtoMS.rst
/usr/share/cmake-3.0/Help/variable/CMAKE_GNUtoMS.rst
/usr/share/cmake-3.0/Help/variable/MSVC12.rst
/usr/share/cmake-3.0/Help/variable/MSVC12.rst
/usr/share/cmake-3.0/Help/variable/CMAKE_MINIMUM_REQUIRED_VERSION.rst
/usr/share/cmake-3.0/Help/variable/CMAKE_MINIMUM_REQUIRED_VERSION.rst
/usr/share/cmake-3.0/Help/variable/MSVC90.rst
/usr/share/cmake-3.0/Help/variable/MSVC90.rst
/usr/share/cmake-3.0/Help/variable/CMAKE_WIN32_EXECUTABLE.rst
/usr/share/cmake-3.0/Help/variable/CMAKE_WIN32_EXECUTABLE.rst
/usr/share/cmake-3.0/Help/variable/CMAKE_LANG_COMPILER_TARGET.rst
/usr/share/cmake-3.0/Help/variable/CMAKE_LANG_COMPILER_TARGET.rst
/usr/share/cmake-3.0/Help/variable/CMAKE_STAGING_PREFIX.rst
/usr/share/cmake-3.0/Help/variable/CMAKE_STAGING_PREFIX.rst
/usr/share/cmake-3.0/Help/variable/CMAKE_Fortran_MODULE_DIRECTORY.rst
/usr/share/cmake-3.0/Help/variable/CMAKE_Fortran_MODULE_DIRECTORY.rst
/usr/share/cmake-3.0/Help/variable/CMAKE_JOB_POOL_LINK.rst
/usr/share/cmake-3.0/Help/variable/CMAKE_JOB_POOL_LINK.rst
/usr/share/cmake-3.0/Help/variable/CMAKE_SKIP_BUILD_RPATH.rst
/usr/share/cmake-3.0/Help/variable/CMAKE_SKIP_BUILD_RPATH.rst
/usr/share/cmake-3.0/Help/variable/CMAKE_BUILD_TOOL.rst
/usr/share/cmake-3.0/Help/variable/CMAKE_BUILD_TOOL.rst
/usr/share/cmake-3.0/Help/variable/CMAKE_LANG_COMPILE_OBJECT.rst
/usr/share/cmake-3.0/Help/variable/CMAKE_LANG_COMPILE_OBJECT.rst
/usr/share/cmake-3.0/Help/variable/CMAKE_ERROR_ON_ABSOLUTE_INSTALL_DESTINATION.rst
/usr/share/cmake-3.0/Help/variable/CMAKE_ERROR_ON_ABSOLUTE_INSTALL_DESTINATION.rst
/usr/share/cmake-3.0/Help/variable/CMAKE_INCLUDE_CURRENT_DIR.rst
/usr/share/cmake-3.0/Help/variable/CMAKE_INCLUDE_CURRENT_DIR.rst
/usr/share/cmake-3.0/Help/variable/CMAKE_POLICY_DEFAULT_CMPNNNN.rst
/usr/share/cmake-3.0/Help/variable/CMAKE_POLICY_DEFAULT_CMPNNNN.rst
/usr/share/cmake-3.0/Help/variable/PROJECT_VERSION_MAJOR.rst
/usr/share/cmake-3.0/Help/variable/PROJECT_VERSION_MAJOR.rst
/usr/share/cmake-3.0/Help/variable/CMAKE_LANG_IMPLICIT_LINK_FRAMEWORK_DIRECTORIES.rst
/usr/share/cmake-3.0/Help/variable/CMAKE_LANG_IMPLICIT_LINK_FRAMEWORK_DIRECTORIES.rst
/usr/share/cmake-3.0/Help/variable/CMAKE_INSTALL_RPATH_USE_LINK_PATH.rst
/usr/share/cmake-3.0/Help/variable/CMAKE_INSTALL_RPATH_USE_LINK_PATH.rst
/usr/share/cmake-3.0/Help/variable/PROJECT_BINARY_DIR.rst
/usr/share/cmake-3.0/Help/variable/PROJECT_BINARY_DIR.rst
/usr/share/cmake-3.0/Help/variable/CMAKE_INCLUDE_CURRENT_DIR_IN_INTERFACE.rst
/usr/share/cmake-3.0/Help/variable/CMAKE_INCLUDE_CURRENT_DIR_IN_INTERFACE.rst
/usr/share/cmake-3.0/Help/variable/CPACK_ERROR_ON_ABSOLUTE_INSTALL_DESTINATION.rst
/usr/share/cmake-3.0/Help/variable/CPACK_ERROR_ON_ABSOLUTE_INSTALL_DESTINATION.rst
/usr/share/cmake-3.0/Help/variable/CMAKE_LINK_LIBRARY_FILE_FLAG.rst
/usr/share/cmake-3.0/Help/variable/CMAKE_LINK_LIBRARY_FILE_FLAG.rst
/usr/share/cmake-3.0/Help/variable/PROJECT_VERSION.rst
/usr/share/cmake-3.0/Help/variable/PROJECT_VERSION.rst
/usr/share/cmake-3.0/Help/variable/CMAKE_LANG_COMPILER_EXTERNAL_TOOLCHAIN.rst
/usr/share/cmake-3.0/Help/variable/CMAKE_LANG_COMPILER_EXTERNAL_TOOLCHAIN.rst
/usr/share/cmake-3.0/Help/variable/CMAKE_SKIP_INSTALL_ALL_DEPENDENCY.rst
/usr/share/cmake-3.0/Help/variable/CMAKE_SKIP_INSTALL_ALL_DEPENDENCY.rst
/usr/share/cmake-3.0/Help/variable/CMAKE_ARGC.rst
/usr/share/cmake-3.0/Help/variable/CMAKE_ARGC.rst
/usr/share/cmake-3.0/Help/variable/CPACK_INSTALL_SCRIPT.rst
/usr/share/cmake-3.0/Help/variable/CPACK_INSTALL_SCRIPT.rst
/usr/share/cmake-3.0/Help/variable/CMAKE_MAP_IMPORTED_CONFIG_CONFIG.rst
/usr/share/cmake-3.0/Help/variable/CMAKE_MAP_IMPORTED_CONFIG_CONFIG.rst
/usr/share/cmake-3.0/Help/variable/CMAKE_FRAMEWORK_PATH.rst
/usr/share/cmake-3.0/Help/variable/CMAKE_FRAMEWORK_PATH.rst
/usr/share/cmake-3.0/Help/variable/CMAKE_SHARED_LINKER_FLAGS_CONFIG.rst
/usr/share/cmake-3.0/Help/variable/CMAKE_SHARED_LINKER_FLAGS_CONFIG.rst
/usr/share/cmake-3.0/Help/variable/CMAKE_VS_PLATFORM_TOOLSET.rst
/usr/share/cmake-3.0/Help/variable/CMAKE_VS_PLATFORM_TOOLSET.rst
/usr/share/cmake-3.0/Help/variable/EXECUTABLE_OUTPUT_PATH.rst
/usr/share/cmake-3.0/Help/variable/EXECUTABLE_OUTPUT_PATH.rst
/usr/share/cmake-3.0/Help/variable/CMAKE_OSX_SYSROOT.rst
/usr/share/cmake-3.0/Help/variable/CMAKE_OSX_SYSROOT.rst
/usr/share/cmake-3.0/Help/variable/CMAKE_LANG_CREATE_SHARED_LIBRARY.rst
/usr/share/cmake-3.0/Help/variable/CMAKE_LANG_CREATE_SHARED_LIBRARY.rst
/usr/share/cmake-3.0/Help/variable/CPACK_WARN_ON_ABSOLUTE_INSTALL_DESTINATION.rst
/usr/share/cmake-3.0/Help/variable/CPACK_WARN_ON_ABSOLUTE_INSTALL_DESTINATION.rst
/usr/share/cmake-3.0/Help/variable/CMAKE_INSTALL_NAME_DIR.rst
/usr/share/cmake-3.0/Help/variable/CMAKE_INSTALL_NAME_DIR.rst
/usr/share/cmake-3.0/Help/variable/CMAKE_RANLIB.rst
/usr/share/cmake-3.0/Help/variable/CMAKE_RANLIB.rst
/usr/share/cmake-3.0/Help/variable/CMAKE_CROSSCOMPILING.rst
/usr/share/cmake-3.0/Help/variable/CMAKE_CROSSCOMPILING.rst
/usr/share/cmake-3.0/Help/variable/CMAKE_LANG_FLAGS_MINSIZEREL.rst
/usr/share/cmake-3.0/Help/variable/CMAKE_LANG_FLAGS_MINSIZEREL.rst
/usr/share/cmake-3.0/Help/variable/CMAKE_SHARED_MODULE_PREFIX.rst
/usr/share/cmake-3.0/Help/variable/CMAKE_SHARED_MODULE_PREFIX.rst
/usr/share/cmake-3.0/Help/variable/CMAKE_SKIP_RPATH.rst
/usr/share/cmake-3.0/Help/variable/CMAKE_SKIP_RPATH.rst
/usr/share/cmake-3.0/Help/variable/CMAKE_MODULE_LINKER_FLAGS.rst
/usr/share/cmake-3.0/Help/variable/CMAKE_MODULE_LINKER_FLAGS.rst
/usr/share/cmake-3.0/Help/variable/CMAKE_SOURCE_DIR.rst
/usr/share/cmake-3.0/Help/variable/CMAKE_SOURCE_DIR.rst
/usr/share/cmake-3.0/Help/variable/CMAKE_LANG_COMPILER_LOADED.rst
/usr/share/cmake-3.0/Help/variable/CMAKE_LANG_COMPILER_LOADED.rst
/usr/share/cmake-3.0/Help/variable/CMAKE_LINK_DEF_FILE_FLAG.rst
/usr/share/cmake-3.0/Help/variable/CMAKE_LINK_DEF_FILE_FLAG.rst
/usr/share/cmake-3.0/Help/variable/CMAKE_SHARED_LINKER_FLAGS.rst
/usr/share/cmake-3.0/Help/variable/CMAKE_SHARED_LINKER_FLAGS.rst
/usr/share/cmake-3.0/Help/variable/CMAKE_SYSTEM_VERSION.rst
/usr/share/cmake-3.0/Help/variable/CMAKE_SYSTEM_VERSION.rst
/usr/share/cmake-3.0/Help/variable/BORLAND.rst
/usr/share/cmake-3.0/Help/variable/BORLAND.rst
/usr/share/cmake-3.0/Help/variable/CMAKE_OSX_DEPLOYMENT_TARGET.rst
/usr/share/cmake-3.0/Help/variable/CMAKE_OSX_DEPLOYMENT_TARGET.rst
/usr/share/cmake-3.0/Help/variable/CMAKE_LIBRARY_ARCHITECTURE_REGEX.rst
/usr/share/cmake-3.0/Help/variable/CMAKE_LIBRARY_ARCHITECTURE_REGEX.rst
/usr/share/cmake-3.0/Help/variable/CMAKE_USER_MAKE_RULES_OVERRIDE_LANG.rst
/usr/share/cmake-3.0/Help/variable/CMAKE_USER_MAKE_RULES_OVERRIDE_LANG.rst
/usr/share/cmake-3.0/Help/variable/CMAKE_INCLUDE_DIRECTORIES_PROJECT_BEFORE.rst
/usr/share/cmake-3.0/Help/variable/CMAKE_INCLUDE_DIRECTORIES_PROJECT_BEFORE.rst
/usr/share/cmake-3.0/Help/variable/CYGWIN.rst
/usr/share/cmake-3.0/Help/variable/CYGWIN.rst
/usr/share/cmake-3.0/Help/variable/CMAKE_SYSTEM_PREFIX_PATH.rst
/usr/share/cmake-3.0/Help/variable/CMAKE_SYSTEM_PREFIX_PATH.rst
/usr/share/cmake-3.0/Help/variable/MSVC71.rst
/usr/share/cmake-3.0/Help/variable/MSVC71.rst
/usr/share/cmake-3.0/Help/variable/CMAKE_MACOSX_BUNDLE.rst
/usr/share/cmake-3.0/Help/variable/CMAKE_MACOSX_BUNDLE.rst
/usr/share/cmake-3.0/Help/variable/CMAKE_LANG_SIZEOF_DATA_PTR.rst
/usr/share/cmake-3.0/Help/variable/CMAKE_LANG_SIZEOF_DATA_PTR.rst
/usr/share/cmake-3.0/Help/variable/CMAKE_INCLUDE_DIRECTORIES_BEFORE.rst
/usr/share/cmake-3.0/Help/variable/CMAKE_INCLUDE_DIRECTORIES_BEFORE.rst
/usr/share/cmake-3.0/Help/variable/CMAKE_INTERNAL_PLATFORM_ABI.rst
/usr/share/cmake-3.0/Help/variable/CMAKE_INTERNAL_PLATFORM_ABI.rst
/usr/share/cmake-3.0/Help/variable/CMAKE_LIBRARY_OUTPUT_DIRECTORY.rst
/usr/share/cmake-3.0/Help/variable/CMAKE_LIBRARY_OUTPUT_DIRECTORY.rst
/usr/share/cmake-3.0/Help/variable/CMAKE_TWEAK_VERSION.rst
/usr/share/cmake-3.0/Help/variable/CMAKE_TWEAK_VERSION.rst
/usr/share/cmake-3.0/Help/variable/APPLE.rst
/usr/share/cmake-3.0/Help/variable/APPLE.rst
/usr/share/cmake-3.0/Help/variable/MSVC.rst
/usr/share/cmake-3.0/Help/variable/MSVC.rst
/usr/share/cmake-3.0/Help/variable/CMAKE_SKIP_INSTALL_RPATH.rst
/usr/share/cmake-3.0/Help/variable/CMAKE_SKIP_INSTALL_RPATH.rst
/usr/share/cmake-3.0/Help/variable/CMAKE_BINARY_DIR.rst
/usr/share/cmake-3.0/Help/variable/CMAKE_BINARY_DIR.rst
/usr/share/cmake-3.0/Help/variable/CMAKE_AUTOMOC_RELAXED_MODE.rst
/usr/share/cmake-3.0/Help/variable/CMAKE_AUTOMOC_RELAXED_MODE.rst
/usr/share/cmake-3.0/Help/variable/CMAKE_INSTALL_DEFAULT_COMPONENT_NAME.rst
/usr/share/cmake-3.0/Help/variable/CMAKE_INSTALL_DEFAULT_COMPONENT_NAME.rst
/usr/share/cmake-3.0/Help/variable/CMAKE_OSX_VARIABLE.txt
/usr/share/cmake-3.0/Help/variable/CMAKE_OSX_VARIABLE.txt
/usr/share/cmake-3.0/Help/variable/CMAKE_SHARED_LIBRARY_PREFIX.rst
/usr/share/cmake-3.0/Help/variable/CMAKE_SHARED_LIBRARY_PREFIX.rst
/usr/share/cmake-3.0/Help/variable/CPACK_ABSOLUTE_DESTINATION_FILES.rst
/usr/share/cmake-3.0/Help/variable/CPACK_ABSOLUTE_DESTINATION_FILES.rst
/usr/share/cmake-3.0/Help/variable/CMAKE_AUTORCC_OPTIONS.rst
/usr/share/cmake-3.0/Help/variable/CMAKE_AUTORCC_OPTIONS.rst
/usr/share/cmake-3.0/Help/variable/CMAKE_LANG_IGNORE_EXTENSIONS.rst
/usr/share/cmake-3.0/Help/variable/CMAKE_LANG_IGNORE_EXTENSIONS.rst
/usr/share/cmake-3.0/Help/variable/CMAKE_MAKE_PROGRAM.rst
/usr/share/cmake-3.0/Help/variable/CMAKE_MAKE_PROGRAM.rst
/usr/share/cmake-3.0/Help/variable/CMAKE_MODULE_PATH.rst
/usr/share/cmake-3.0/Help/variable/CMAKE_MODULE_PATH.rst
/usr/share/cmake-3.0/Help/variable/CMAKE_SYSROOT.rst
/usr/share/cmake-3.0/Help/variable/CMAKE_SYSROOT.rst
/usr/share/cmake-3.0/Help/variable/CMAKE_TOOLCHAIN_FILE.rst
/usr/share/cmake-3.0/Help/variable/CMAKE_TOOLCHAIN_FILE.rst
/usr/share/cmake-3.0/Help/variable/CMAKE_EDIT_COMMAND.rst
/usr/share/cmake-3.0/Help/variable/CMAKE_EDIT_COMMAND.rst
/usr/share/cmake-3.0/Help/variable/PROJECT_VERSION_TWEAK.rst
/usr/share/cmake-3.0/Help/variable/PROJECT_VERSION_TWEAK.rst
/usr/share/cmake-3.0/Help/variable/CMAKE_STANDARD_LIBRARIES.rst
/usr/share/cmake-3.0/Help/variable/CMAKE_STANDARD_LIBRARIES.rst
/usr/share/cmake-3.0/Help/variable/CMAKE_DEBUG_TARGET_PROPERTIES.rst
/usr/share/cmake-3.0/Help/variable/CMAKE_DEBUG_TARGET_PROPERTIES.rst
/usr/share/cmake-3.0/Help/variable/CMAKE_LANG_VISIBILITY_PRESET.rst
/usr/share/cmake-3.0/Help/variable/CMAKE_LANG_VISIBILITY_PRESET.rst
/usr/share/cmake-3.0/Help/variable/CMAKE_SHARED_LIBRARY_SUFFIX.rst
/usr/share/cmake-3.0/Help/variable/CMAKE_SHARED_LIBRARY_SUFFIX.rst
/usr/share/cmake-3.0/Help/variable/PROJECT-NAME_VERSION_MINOR.rst
/usr/share/cmake-3.0/Help/variable/PROJECT-NAME_VERSION_MINOR.rst
/usr/share/cmake-3.0/Help/variable/CMAKE_LINK_DEPENDS_NO_SHARED.rst
/usr/share/cmake-3.0/Help/variable/CMAKE_LINK_DEPENDS_NO_SHARED.rst
/usr/share/cmake-3.0/Help/variable/CMAKE_OSX_ARCHITECTURES.rst
/usr/share/cmake-3.0/Help/variable/CMAKE_OSX_ARCHITECTURES.rst
/usr/share/cmake-3.0/Help/variable/PROJECT-NAME_VERSION_PATCH.rst
/usr/share/cmake-3.0/Help/variable/PROJECT-NAME_VERSION_PATCH.rst
/usr/share/cmake-3.0/Help/variable/CMAKE_LIBRARY_ARCHITECTURE.rst
/usr/share/cmake-3.0/Help/variable/CMAKE_LIBRARY_ARCHITECTURE.rst
/usr/share/cmake-3.0/Help/variable/CMAKE_LANG_OUTPUT_EXTENSION.rst
/usr/share/cmake-3.0/Help/variable/CMAKE_LANG_OUTPUT_EXTENSION.rst
/usr/share/cmake-3.0/Help/variable/PROJECT-NAME_SOURCE_DIR.rst
/usr/share/cmake-3.0/Help/variable/PROJECT-NAME_SOURCE_DIR.rst
/usr/share/cmake-3.0/Help/variable/CMAKE_ERROR_DEPRECATED.rst
/usr/share/cmake-3.0/Help/variable/CMAKE_ERROR_DEPRECATED.rst
/usr/share/cmake-3.0/Help/variable/CMAKE_LANG_CREATE_SHARED_MODULE.rst
/usr/share/cmake-3.0/Help/variable/CMAKE_LANG_CREATE_SHARED_MODULE.rst
/usr/share/cmake-3.0/Help/variable/CMAKE_LANG_FLAGS_DEBUG.rst
/usr/share/cmake-3.0/Help/variable/CMAKE_LANG_FLAGS_DEBUG.rst
/usr/share/cmake-3.0/Help/variable/CMAKE_PREFIX_PATH.rst
/usr/share/cmake-3.0/Help/variable/CMAKE_PREFIX_PATH.rst
/usr/share/cmake-3.0/Help/variable/CMAKE_LIBRARY_PATH.rst
/usr/share/cmake-3.0/Help/variable/CMAKE_LIBRARY_PATH.rst
/usr/share/cmake-3.0/Help/variable/BUILD_SHARED_LIBS.rst
/usr/share/cmake-3.0/Help/variable/BUILD_SHARED_LIBS.rst
/usr/share/cmake-3.0/Help/variable/CMAKE_LANG_CREATE_STATIC_LIBRARY.rst
/usr/share/cmake-3.0/Help/variable/CMAKE_LANG_CREATE_STATIC_LIBRARY.rst
/usr/share/cmake-3.0/Help/variable/CMAKE_LANG_LINK_EXECUTABLE.rst
/usr/share/cmake-3.0/Help/variable/CMAKE_LANG_LINK_EXECUTABLE.rst
/usr/share/cmake-3.0/Help/variable/CMAKE_ARGV0.rst
/usr/share/cmake-3.0/Help/variable/CMAKE_ARGV0.rst
/usr/share/cmake-3.0/Help/variable/CMAKE_COLOR_MAKEFILE.rst
/usr/share/cmake-3.0/Help/variable/CMAKE_COLOR_MAKEFILE.rst
/usr/share/cmake-3.0/Help/variable/CMAKE_AUTOUIC.rst
/usr/share/cmake-3.0/Help/variable/CMAKE_AUTOUIC.rst
/usr/share/cmake-3.0/Help/variable/CMAKE_HOST_SYSTEM_NAME.rst
/usr/share/cmake-3.0/Help/variable/CMAKE_HOST_SYSTEM_NAME.rst
/usr/share/cmake-3.0/Help/variable/CMAKE_VISIBILITY_INLINES_HIDDEN.rst
/usr/share/cmake-3.0/Help/variable/CMAKE_VISIBILITY_INLINES_HIDDEN.rst
/usr/share/cmake-3.0/Help/variable/CMAKE_Fortran_MODDIR_FLAG.rst
/usr/share/cmake-3.0/Help/variable/CMAKE_Fortran_MODDIR_FLAG.rst
/usr/share/cmake-3.0/Help/variable/CMAKE_PARENT_LIST_FILE.rst
/usr/share/cmake-3.0/Help/variable/CMAKE_PARENT_LIST_FILE.rst
/usr/share/cmake-3.0/Help/variable/CMAKE_CONFIGURATION_TYPES.rst
/usr/share/cmake-3.0/Help/variable/CMAKE_CONFIGURATION_TYPES.rst
/usr/share/cmake-3.0/Help/variable/CMAKE_EXE_LINKER_FLAGS_CONFIG.rst
/usr/share/cmake-3.0/Help/variable/CMAKE_EXE_LINKER_FLAGS_CONFIG.rst
/usr/share/cmake-3.0/Help/variable/CMAKE_CURRENT_SOURCE_DIR.rst
/usr/share/cmake-3.0/Help/variable/CMAKE_CURRENT_SOURCE_DIR.rst
/usr/share/cmake-3.0/Help/variable/CMAKE_COMPILER_2005.rst
/usr/share/cmake-3.0/Help/variable/CMAKE_COMPILER_2005.rst
/usr/share/cmake-3.0/Help/variable/CMAKE_CONFIG_POSTFIX.rst
/usr/share/cmake-3.0/Help/variable/CMAKE_CONFIG_POSTFIX.rst
/usr/share/cmake-3.0/Help/variable/CMAKE_VERBOSE_MAKEFILE.rst
/usr/share/cmake-3.0/Help/variable/CMAKE_VERBOSE_MAKEFILE.rst
/usr/share/cmake-3.0/Help/variable/CMAKE_TRY_COMPILE_CONFIGURATION.rst
/usr/share/cmake-3.0/Help/variable/CMAKE_TRY_COMPILE_CONFIGURATION.rst
/usr/share/cmake-3.0/Help/variable/CMAKE_BUILD_WITH_INSTALL_RPATH.rst
/usr/share/cmake-3.0/Help/variable/CMAKE_BUILD_WITH_INSTALL_RPATH.rst
/usr/share/cmake-3.0/Help/variable/CMAKE_LANG_SIMULATE_ID.rst
/usr/share/cmake-3.0/Help/variable/CMAKE_LANG_SIMULATE_ID.rst
/usr/share/cmake-3.0/Help/variable/CMAKE_MFC_FLAG.rst
/usr/share/cmake-3.0/Help/variable/CMAKE_MFC_FLAG.rst
/usr/share/cmake-3.0/Help/variable/CMAKE_ABSOLUTE_DESTINATION_FILES.rst
/usr/share/cmake-3.0/Help/variable/CMAKE_ABSOLUTE_DESTINATION_FILES.rst
/usr/share/cmake-3.0/Help/variable/CMAKE_LANG_IMPLICIT_INCLUDE_DIRECTORIES.rst
/usr/share/cmake-3.0/Help/variable/CMAKE_LANG_IMPLICIT_INCLUDE_DIRECTORIES.rst
/usr/share/cmake-3.0/Help/variable/CMAKE_Fortran_MODDIR_DEFAULT.rst
/usr/share/cmake-3.0/Help/variable/CMAKE_Fortran_MODDIR_DEFAULT.rst
/usr/share/cmake-3.0/Help/variable/MSVC_VERSION.rst
/usr/share/cmake-3.0/Help/variable/MSVC_VERSION.rst
/usr/share/cmake-3.0/Help/variable/CMAKE_HOST_WIN32.rst
/usr/share/cmake-3.0/Help/variable/CMAKE_HOST_WIN32.rst
/usr/share/cmake-3.0/Help/variable/CMAKE_VS_MSDEV_COMMAND.rst
/usr/share/cmake-3.0/Help/variable/CMAKE_VS_MSDEV_COMMAND.rst
/usr/share/cmake-3.0/Help/variable/CMAKE_EXE_LINKER_FLAGS.rst
/usr/share/cmake-3.0/Help/variable/CMAKE_EXE_LINKER_FLAGS.rst
/usr/share/cmake-3.0/Help/variable/CMAKE_MACOSX_RPATH.rst
/usr/share/cmake-3.0/Help/variable/CMAKE_MACOSX_RPATH.rst
/usr/share/cmake-3.0/Help/index.rst
/usr/share/cmake-3.0/Help/index.rst
/usr/bin/ccmake
/usr/bin/ccmake
/usr/bin/ccmake
/usr/bin/cmake
/usr/bin/cmake
/usr/bin/cmake
/usr/bin/ctest
/usr/bin/ctest
/usr/bin/ctest
/usr/bin/cpack
/usr/bin/cpack
/usr/bin/cpack
/usr/share/aclocal/cmake.m4
/usr/share/aclocal/cmake.m4
