/var/tmp/cf8757/conftest9012345
/usr/lib/cf8757/conftest9012345
/usr/share/locale/af/LC_MESSAGES/coreutils.mo
/usr/share/locale/af/LC_MESSAGES/coreutils.mo
/usr/share/locale/af/LC_TIME/coreutils.mo
/usr/share/locale/be/LC_MESSAGES/coreutils.mo
/usr/share/locale/be/LC_MESSAGES/coreutils.mo
/usr/share/locale/be/LC_TIME/coreutils.mo
/usr/share/locale/bg/LC_MESSAGES/coreutils.mo
/usr/share/locale/bg/LC_MESSAGES/coreutils.mo
/usr/share/locale/bg/LC_MESSAGES/coreutils.mo
/usr/share/locale/bg/LC_TIME/coreutils.mo
/usr/share/locale/ca/LC_MESSAGES/coreutils.mo
/usr/share/locale/ca/LC_MESSAGES/coreutils.mo
/usr/share/locale/ca/LC_MESSAGES/coreutils.mo
/usr/share/locale/ca/LC_MESSAGES/coreutils.mo
/usr/share/locale/ca/LC_TIME/coreutils.mo
/usr/share/locale/cs/LC_MESSAGES/coreutils.mo
/usr/share/locale/cs/LC_MESSAGES/coreutils.mo
/usr/share/locale/cs/LC_MESSAGES/coreutils.mo
/usr/share/locale/cs/LC_MESSAGES/coreutils.mo
/usr/share/locale/cs/LC_TIME/coreutils.mo
/usr/share/locale/da/LC_MESSAGES/coreutils.mo
/usr/share/locale/da/LC_MESSAGES/coreutils.mo
/usr/share/locale/da/LC_MESSAGES/coreutils.mo
/usr/share/locale/da/LC_MESSAGES/coreutils.mo
/usr/share/locale/da/LC_TIME/coreutils.mo
/usr/share/locale/de/LC_MESSAGES/coreutils.mo
/usr/share/locale/de/LC_MESSAGES/coreutils.mo
/usr/share/locale/de/LC_MESSAGES/coreutils.mo
/usr/share/locale/de/LC_MESSAGES/coreutils.mo
/usr/share/locale/de/LC_TIME/coreutils.mo
/usr/share/locale/el/LC_MESSAGES/coreutils.mo
/usr/share/locale/el/LC_MESSAGES/coreutils.mo
/usr/share/locale/el/LC_TIME/coreutils.mo
/usr/share/locale/eo/LC_MESSAGES/coreutils.mo
/usr/share/locale/eo/LC_MESSAGES/coreutils.mo
/usr/share/locale/eo/LC_MESSAGES/coreutils.mo
/usr/share/locale/eo/LC_TIME/coreutils.mo
/usr/share/locale/es/LC_MESSAGES/coreutils.mo
/usr/share/locale/es/LC_MESSAGES/coreutils.mo
/usr/share/locale/es/LC_MESSAGES/coreutils.mo
/usr/share/locale/es/LC_MESSAGES/coreutils.mo
/usr/share/locale/es/LC_TIME/coreutils.mo
/usr/share/locale/et/LC_MESSAGES/coreutils.mo
/usr/share/locale/et/LC_MESSAGES/coreutils.mo
/usr/share/locale/et/LC_MESSAGES/coreutils.mo
/usr/share/locale/et/LC_MESSAGES/coreutils.mo
/usr/share/locale/et/LC_TIME/coreutils.mo
/usr/share/locale/eu/LC_MESSAGES/coreutils.mo
/usr/share/locale/eu/LC_MESSAGES/coreutils.mo
/usr/share/locale/eu/LC_TIME/coreutils.mo
/usr/share/locale/fi/LC_MESSAGES/coreutils.mo
/usr/share/locale/fi/LC_MESSAGES/coreutils.mo
/usr/share/locale/fi/LC_TIME/coreutils.mo
/usr/share/locale/fr/LC_MESSAGES/coreutils.mo
/usr/share/locale/fr/LC_MESSAGES/coreutils.mo
/usr/share/locale/fr/LC_MESSAGES/coreutils.mo
/usr/share/locale/fr/LC_MESSAGES/coreutils.mo
/usr/share/locale/fr/LC_TIME/coreutils.mo
/usr/share/locale/ga/LC_MESSAGES/coreutils.mo
/usr/share/locale/ga/LC_MESSAGES/coreutils.mo
/usr/share/locale/ga/LC_MESSAGES/coreutils.mo
/usr/share/locale/ga/LC_TIME/coreutils.mo
/usr/share/locale/gl/LC_MESSAGES/coreutils.mo
/usr/share/locale/gl/LC_MESSAGES/coreutils.mo
/usr/share/locale/gl/LC_TIME/coreutils.mo
/usr/share/locale/hr/LC_MESSAGES/coreutils.mo
/usr/share/locale/hr/LC_MESSAGES/coreutils.mo
/usr/share/locale/hr/LC_TIME/coreutils.mo
/usr/share/locale/hu/LC_MESSAGES/coreutils.mo
/usr/share/locale/hu/LC_MESSAGES/coreutils.mo
/usr/share/locale/hu/LC_MESSAGES/coreutils.mo
/usr/share/locale/hu/LC_MESSAGES/coreutils.mo
/usr/share/locale/hu/LC_TIME/coreutils.mo
/usr/share/locale/ia/LC_MESSAGES/coreutils.mo
/usr/share/locale/ia/LC_MESSAGES/coreutils.mo
/usr/share/locale/ia/LC_TIME/coreutils.mo
/usr/share/locale/id/LC_MESSAGES/coreutils.mo
/usr/share/locale/id/LC_MESSAGES/coreutils.mo
/usr/share/locale/id/LC_MESSAGES/coreutils.mo
/usr/share/locale/id/LC_TIME/coreutils.mo
/usr/share/locale/it/LC_MESSAGES/coreutils.mo
/usr/share/locale/it/LC_MESSAGES/coreutils.mo
/usr/share/locale/it/LC_MESSAGES/coreutils.mo
/usr/share/locale/it/LC_TIME/coreutils.mo
/usr/share/locale/ja/LC_MESSAGES/coreutils.mo
/usr/share/locale/ja/LC_MESSAGES/coreutils.mo
/usr/share/locale/ja/LC_MESSAGES/coreutils.mo
/usr/share/locale/ja/LC_TIME/coreutils.mo
/usr/share/locale/kk/LC_MESSAGES/coreutils.mo
/usr/share/locale/kk/LC_MESSAGES/coreutils.mo
/usr/share/locale/kk/LC_TIME/coreutils.mo
/usr/share/locale/ko/LC_MESSAGES/coreutils.mo
/usr/share/locale/ko/LC_MESSAGES/coreutils.mo
/usr/share/locale/ko/LC_TIME/coreutils.mo
/usr/share/locale/lg/LC_MESSAGES/coreutils.mo
/usr/share/locale/lg/LC_MESSAGES/coreutils.mo
/usr/share/locale/lg/LC_MESSAGES/coreutils.mo
/usr/share/locale/lg/LC_MESSAGES/coreutils.mo
/usr/share/locale/lg/LC_TIME/coreutils.mo
/usr/share/locale/lt/LC_MESSAGES/coreutils.mo
/usr/share/locale/lt/LC_MESSAGES/coreutils.mo
/usr/share/locale/lt/LC_TIME/coreutils.mo
/usr/share/locale/ms/LC_MESSAGES/coreutils.mo
/usr/share/locale/ms/LC_MESSAGES/coreutils.mo
/usr/share/locale/ms/LC_TIME/coreutils.mo
/usr/share/locale/nb/LC_MESSAGES/coreutils.mo
/usr/share/locale/nb/LC_MESSAGES/coreutils.mo
/usr/share/locale/nb/LC_MESSAGES/coreutils.mo
/usr/share/locale/nb/LC_TIME/coreutils.mo
/usr/share/locale/nl/LC_MESSAGES/coreutils.mo
/usr/share/locale/nl/LC_MESSAGES/coreutils.mo
/usr/share/locale/nl/LC_MESSAGES/coreutils.mo
/usr/share/locale/nl/LC_MESSAGES/coreutils.mo
/usr/share/locale/nl/LC_TIME/coreutils.mo
/usr/share/locale/pl/LC_MESSAGES/coreutils.mo
/usr/share/locale/pl/LC_MESSAGES/coreutils.mo
/usr/share/locale/pl/LC_MESSAGES/coreutils.mo
/usr/share/locale/pl/LC_MESSAGES/coreutils.mo
/usr/share/locale/pl/LC_TIME/coreutils.mo
/usr/share/locale/pt/LC_MESSAGES/coreutils.mo
/usr/share/locale/pt/LC_MESSAGES/coreutils.mo
/usr/share/locale/pt/LC_MESSAGES/coreutils.mo
/usr/share/locale/pt/LC_TIME/coreutils.mo
/usr/share/locale/pt_BR/LC_MESSAGES/coreutils.mo
/usr/share/locale/pt_BR/LC_MESSAGES/coreutils.mo
/usr/share/locale/pt_BR/LC_MESSAGES/coreutils.mo
/usr/share/locale/pt_BR/LC_TIME/coreutils.mo
/usr/share/locale/ro/LC_MESSAGES/coreutils.mo
/usr/share/locale/ro/LC_MESSAGES/coreutils.mo
/usr/share/locale/ro/LC_TIME/coreutils.mo
/usr/share/locale/ru/LC_MESSAGES/coreutils.mo
/usr/share/locale/ru/LC_MESSAGES/coreutils.mo
/usr/share/locale/ru/LC_MESSAGES/coreutils.mo
/usr/share/locale/ru/LC_MESSAGES/coreutils.mo
/usr/share/locale/ru/LC_MESSAGES/coreutils.mo
/usr/share/locale/ru/LC_TIME/coreutils.mo
/usr/share/locale/sk/LC_MESSAGES/coreutils.mo
/usr/share/locale/sk/LC_MESSAGES/coreutils.mo
/usr/share/locale/sk/LC_TIME/coreutils.mo
/usr/share/locale/sl/LC_MESSAGES/coreutils.mo
/usr/share/locale/sl/LC_MESSAGES/coreutils.mo
/usr/share/locale/sl/LC_MESSAGES/coreutils.mo
/usr/share/locale/sl/LC_MESSAGES/coreutils.mo
/usr/share/locale/sl/LC_TIME/coreutils.mo
/usr/share/locale/sv/LC_MESSAGES/coreutils.mo
/usr/share/locale/sv/LC_MESSAGES/coreutils.mo
/usr/share/locale/sv/LC_MESSAGES/coreutils.mo
/usr/share/locale/sv/LC_MESSAGES/coreutils.mo
/usr/share/locale/sv/LC_TIME/coreutils.mo
/usr/share/locale/tr/LC_MESSAGES/coreutils.mo
/usr/share/locale/tr/LC_MESSAGES/coreutils.mo
/usr/share/locale/tr/LC_TIME/coreutils.mo
/usr/share/locale/uk/LC_MESSAGES/coreutils.mo
/usr/share/locale/uk/LC_MESSAGES/coreutils.mo
/usr/share/locale/uk/LC_MESSAGES/coreutils.mo
/usr/share/locale/uk/LC_MESSAGES/coreutils.mo
/usr/share/locale/uk/LC_MESSAGES/coreutils.mo
/usr/share/locale/uk/LC_TIME/coreutils.mo
/usr/share/locale/vi/LC_MESSAGES/coreutils.mo
/usr/share/locale/vi/LC_MESSAGES/coreutils.mo
/usr/share/locale/vi/LC_MESSAGES/coreutils.mo
/usr/share/locale/vi/LC_MESSAGES/coreutils.mo
/usr/share/locale/vi/LC_TIME/coreutils.mo
/usr/share/locale/zh_CN/LC_MESSAGES/coreutils.mo
/usr/share/locale/zh_CN/LC_MESSAGES/coreutils.mo
/usr/share/locale/zh_CN/LC_MESSAGES/coreutils.mo
/usr/share/locale/zh_CN/LC_TIME/coreutils.mo
/usr/share/locale/zh_TW/LC_MESSAGES/coreutils.mo
/usr/share/locale/zh_TW/LC_MESSAGES/coreutils.mo
/usr/share/locale/zh_TW/LC_TIME/coreutils.mo
/usr/bin/install
/usr/bin/install
/usr/bin/install
/usr/bin/install
/usr/bin/install
/usr/bin/chroot
/usr/bin/chroot
/usr/bin/chroot
/usr/bin/hostid
/usr/bin/hostid
/usr/bin/nice
/usr/bin/nice
/usr/bin/who
/usr/bin/who
/usr/bin/who
/usr/bin/users
/usr/bin/users
/usr/bin/pinky
/usr/bin/pinky
/usr/bin/stty
/usr/bin/stty
/usr/bin/stty
/usr/bin/df
/usr/bin/df
/usr/bin/df
/usr/bin/df
/usr/bin/stdbuf
/usr/bin/stdbuf
/usr/bin/stdbuf
/usr/bin/[
/usr/bin/[
/usr/bin/[
/usr/bin/base64
/usr/bin/base64
/usr/bin/basename
/usr/bin/basename
/usr/bin/cat
/usr/bin/cat
/usr/bin/cat
/usr/bin/chcon
/usr/bin/chcon
/usr/bin/chcon
/usr/bin/chgrp
/usr/bin/chgrp
/usr/bin/chgrp
/usr/bin/chmod
/usr/bin/chmod
/usr/bin/chmod
/usr/bin/chown
/usr/bin/chown
/usr/bin/chown
/usr/bin/cksum
/usr/bin/cksum
/usr/bin/comm
/usr/bin/comm
/usr/bin/cp
/usr/bin/cp
/usr/bin/cp
/usr/bin/cp
/usr/bin/cp
/usr/bin/csplit
/usr/bin/csplit
/usr/bin/csplit
/usr/bin/cut
/usr/bin/cut
/usr/bin/cut
/usr/bin/date
/usr/bin/date
/usr/bin/date
/usr/bin/dd
/usr/bin/dd
/usr/bin/dd
/usr/bin/dir
/usr/bin/dir
/usr/bin/dir
/usr/bin/dir
/usr/bin/dir
/usr/bin/dircolors
/usr/bin/dircolors
/usr/bin/dirname
/usr/bin/dirname
/usr/bin/du
/usr/bin/du
/usr/bin/du
/usr/bin/du
/usr/bin/du
/usr/bin/echo
/usr/bin/echo
/usr/bin/env
/usr/bin/env
/usr/bin/expand
/usr/bin/expand
/usr/bin/expr
/usr/bin/expr
/usr/bin/factor
/usr/bin/factor
/usr/bin/factor
/usr/bin/factor
/usr/bin/false
/usr/bin/false
/usr/bin/fmt
/usr/bin/fmt
/usr/bin/fold
/usr/bin/fold
/usr/bin/groups
/usr/bin/groups
/usr/bin/head
/usr/bin/head
/usr/bin/head
/usr/bin/id
/usr/bin/id
/usr/bin/id
/usr/bin/join
/usr/bin/join
/usr/bin/join
/usr/bin/link
/usr/bin/link
/usr/bin/ln
/usr/bin/ln
/usr/bin/ln
/usr/bin/logname
/usr/bin/logname
/usr/bin/ls
/usr/bin/ls
/usr/bin/ls
/usr/bin/ls
/usr/bin/ls
/usr/bin/md5sum
/usr/bin/md5sum
/usr/bin/md5sum
/usr/bin/mkdir
/usr/bin/mkdir
/usr/bin/mkdir
/usr/bin/mkfifo
/usr/bin/mkfifo
/usr/bin/mknod
/usr/bin/mknod
/usr/bin/mktemp
/usr/bin/mktemp
/usr/bin/mktemp
/usr/bin/mv
/usr/bin/mv
/usr/bin/mv
/usr/bin/mv
/usr/bin/mv
/usr/bin/nl
/usr/bin/nl
/usr/bin/nl
/usr/bin/nproc
/usr/bin/nproc
/usr/bin/nohup
/usr/bin/nohup
/usr/bin/numfmt
/usr/bin/numfmt
/usr/bin/numfmt
/usr/bin/od
/usr/bin/od
/usr/bin/od
/usr/bin/paste
/usr/bin/paste
/usr/bin/pathchk
/usr/bin/pathchk
/usr/bin/pr
/usr/bin/pr
/usr/bin/pr
/usr/bin/printenv
/usr/bin/printenv
/usr/bin/printf
/usr/bin/printf
/usr/bin/printf
/usr/bin/ptx
/usr/bin/ptx
/usr/bin/ptx
/usr/bin/pwd
/usr/bin/pwd
/usr/bin/readlink
/usr/bin/readlink
/usr/bin/readlink
/usr/bin/realpath
/usr/bin/realpath
/usr/bin/realpath
/usr/bin/rm
/usr/bin/rm
/usr/bin/rm
/usr/bin/rmdir
/usr/bin/rmdir
/usr/bin/rmdir
/usr/bin/runcon
/usr/bin/runcon
/usr/bin/seq
/usr/bin/seq
/usr/bin/seq
/usr/bin/sha1sum
/usr/bin/sha1sum
/usr/bin/sha1sum
/usr/bin/sha224sum
/usr/bin/sha224sum
/usr/bin/sha224sum
/usr/bin/sha256sum
/usr/bin/sha256sum
/usr/bin/sha256sum
/usr/bin/sha384sum
/usr/bin/sha384sum
/usr/bin/sha384sum
/usr/bin/sha512sum
/usr/bin/sha512sum
/usr/bin/sha512sum
/usr/bin/shred
/usr/bin/shred
/usr/bin/shred
/usr/bin/shuf
/usr/bin/shuf
/usr/bin/shuf
/usr/bin/sleep
/usr/bin/sleep
/usr/bin/sort
/usr/bin/sort
/usr/bin/sort
/usr/bin/sort
/usr/bin/sort
/usr/bin/split
/usr/bin/split
/usr/bin/split
/usr/bin/stat
/usr/bin/stat
/usr/bin/stat
/usr/bin/stat
/usr/bin/sum
/usr/bin/sum
/usr/bin/sum
/usr/bin/sync
/usr/bin/sync
/usr/bin/tac
/usr/bin/tac
/usr/bin/tail
/usr/bin/tail
/usr/bin/tail
/usr/bin/tee
/usr/bin/tee
/usr/bin/test
/usr/bin/test
/usr/bin/timeout
/usr/bin/timeout
/usr/bin/timeout
/usr/bin/touch
/usr/bin/touch
/usr/bin/touch
/usr/bin/tr
/usr/bin/tr
/usr/bin/tr
/usr/bin/true
/usr/bin/true
/usr/bin/truncate
/usr/bin/truncate
/usr/bin/truncate
/usr/bin/tsort
/usr/bin/tsort
/usr/bin/tty
/usr/bin/tty
/usr/bin/uname
/usr/bin/uname
/usr/bin/unexpand
/usr/bin/unexpand
/usr/bin/uniq
/usr/bin/uniq
/usr/bin/uniq
/usr/bin/unlink
/usr/bin/unlink
/usr/bin/vdir
/usr/bin/vdir
/usr/bin/vdir
/usr/bin/vdir
/usr/bin/vdir
/usr/bin/wc
/usr/bin/wc
/usr/bin/wc
/usr/bin/whoami
/usr/bin/whoami
/usr/bin/yes
/usr/bin/yes
/usr/libexec/coreutils/libstdbuf.so
/usr/libexec/coreutils/libstdbuf.so
/usr/share/info/coreutils.info
/usr/share/info/coreutils.info
/usr/share/info/coreutils.info
/usr/share/info/coreutils.info
/usr/share/info/coreutils.info
/usr/share/info/coreutils.info
/usr/share/info/coreutils.info
/usr/share/info/coreutils.info
/usr/share/info/dir
/usr/share/info/dir
/usr/share/info/dir
/usr/share/info/dir
/usr/share/info/dir
/usr/share/info/dir
/usr/share/info/dir
/usr/share/info/dir
/usr/share/info/dir
/usr/share/info/dir
/usr/share/info/dir
/usr/share/info/dir
/usr/share/info/dir
/usr/share/info/dir
/usr/share/info/dir
/usr/share/info/dir
/usr/share/info/dir
/usr/share/info/dir
/usr/share/info/dir
/usr/share/info/dir
/usr/share/man/man1/chroot.1
/usr/share/man/man1/chroot.1
/usr/share/man/man1/hostid.1
/usr/share/man/man1/hostid.1
/usr/share/man/man1/nice.1
/usr/share/man/man1/nice.1
/usr/share/man/man1/who.1
/usr/share/man/man1/who.1
/usr/share/man/man1/users.1
/usr/share/man/man1/users.1
/usr/share/man/man1/pinky.1
/usr/share/man/man1/pinky.1
/usr/share/man/man1/stty.1
/usr/share/man/man1/stty.1
/usr/share/man/man1/df.1
/usr/share/man/man1/df.1
/usr/share/man/man1/stdbuf.1
/usr/share/man/man1/stdbuf.1
/usr/share/man/man1/base64.1
/usr/share/man/man1/base64.1
/usr/share/man/man1/basename.1
/usr/share/man/man1/basename.1
/usr/share/man/man1/cat.1
/usr/share/man/man1/cat.1
/usr/share/man/man1/chcon.1
/usr/share/man/man1/chcon.1
/usr/share/man/man1/chgrp.1
/usr/share/man/man1/chgrp.1
/usr/share/man/man1/chmod.1
/usr/share/man/man1/chmod.1
/usr/share/man/man1/chown.1
/usr/share/man/man1/chown.1
/usr/share/man/man1/cksum.1
/usr/share/man/man1/cksum.1
/usr/share/man/man1/comm.1
/usr/share/man/man1/comm.1
/usr/share/man/man1/cp.1
/usr/share/man/man1/cp.1
/usr/share/man/man1/csplit.1
/usr/share/man/man1/csplit.1
/usr/share/man/man1/cut.1
/usr/share/man/man1/cut.1
/usr/share/man/man1/date.1
/usr/share/man/man1/date.1
/usr/share/man/man1/dd.1
/usr/share/man/man1/dd.1
/usr/share/man/man1/dir.1
/usr/share/man/man1/dir.1
/usr/share/man/man1/dircolors.1
/usr/share/man/man1/dircolors.1
/usr/share/man/man1/dirname.1
/usr/share/man/man1/dirname.1
/usr/share/man/man1/du.1
/usr/share/man/man1/du.1
/usr/share/man/man1/echo.1
/usr/share/man/man1/echo.1
/usr/share/man/man1/env.1
/usr/share/man/man1/env.1
/usr/share/man/man1/expand.1
/usr/share/man/man1/expand.1
/usr/share/man/man1/expr.1
/usr/share/man/man1/expr.1
/usr/share/man/man1/factor.1
/usr/share/man/man1/factor.1
/usr/share/man/man1/false.1
/usr/share/man/man1/false.1
/usr/share/man/man1/fmt.1
/usr/share/man/man1/fmt.1
/usr/share/man/man1/fold.1
/usr/share/man/man1/fold.1
/usr/share/man/man1/install.1
/usr/share/man/man1/install.1
/usr/share/man/man1/groups.1
/usr/share/man/man1/groups.1
/usr/share/man/man1/head.1
/usr/share/man/man1/head.1
/usr/share/man/man1/id.1
/usr/share/man/man1/id.1
/usr/share/man/man1/join.1
/usr/share/man/man1/join.1
/usr/share/man/man1/link.1
/usr/share/man/man1/link.1
/usr/share/man/man1/ln.1
/usr/share/man/man1/ln.1
/usr/share/man/man1/logname.1
/usr/share/man/man1/logname.1
/usr/share/man/man1/ls.1
/usr/share/man/man1/ls.1
/usr/share/man/man1/md5sum.1
/usr/share/man/man1/md5sum.1
/usr/share/man/man1/mkdir.1
/usr/share/man/man1/mkdir.1
/usr/share/man/man1/mkfifo.1
/usr/share/man/man1/mkfifo.1
/usr/share/man/man1/mknod.1
/usr/share/man/man1/mknod.1
/usr/share/man/man1/mktemp.1
/usr/share/man/man1/mktemp.1
/usr/share/man/man1/mv.1
/usr/share/man/man1/mv.1
/usr/share/man/man1/nl.1
/usr/share/man/man1/nl.1
/usr/share/man/man1/nproc.1
/usr/share/man/man1/nproc.1
/usr/share/man/man1/nohup.1
/usr/share/man/man1/nohup.1
/usr/share/man/man1/numfmt.1
/usr/share/man/man1/numfmt.1
/usr/share/man/man1/od.1
/usr/share/man/man1/od.1
/usr/share/man/man1/paste.1
/usr/share/man/man1/paste.1
/usr/share/man/man1/pathchk.1
/usr/share/man/man1/pathchk.1
/usr/share/man/man1/pr.1
/usr/share/man/man1/pr.1
/usr/share/man/man1/printenv.1
/usr/share/man/man1/printenv.1
/usr/share/man/man1/printf.1
/usr/share/man/man1/printf.1
/usr/share/man/man1/ptx.1
/usr/share/man/man1/ptx.1
/usr/share/man/man1/pwd.1
/usr/share/man/man1/pwd.1
/usr/share/man/man1/readlink.1
/usr/share/man/man1/readlink.1
/usr/share/man/man1/realpath.1
/usr/share/man/man1/realpath.1
/usr/share/man/man1/rm.1
/usr/share/man/man1/rm.1
/usr/share/man/man1/rmdir.1
/usr/share/man/man1/rmdir.1
/usr/share/man/man1/runcon.1
/usr/share/man/man1/runcon.1
/usr/share/man/man1/seq.1
/usr/share/man/man1/seq.1
/usr/share/man/man1/sha1sum.1
/usr/share/man/man1/sha1sum.1
/usr/share/man/man1/sha224sum.1
/usr/share/man/man1/sha224sum.1
/usr/share/man/man1/sha256sum.1
/usr/share/man/man1/sha256sum.1
/usr/share/man/man1/sha384sum.1
/usr/share/man/man1/sha384sum.1
/usr/share/man/man1/sha512sum.1
/usr/share/man/man1/sha512sum.1
/usr/share/man/man1/shred.1
/usr/share/man/man1/shred.1
/usr/share/man/man1/shuf.1
/usr/share/man/man1/shuf.1
/usr/share/man/man1/sleep.1
/usr/share/man/man1/sleep.1
/usr/share/man/man1/sort.1
/usr/share/man/man1/sort.1
/usr/share/man/man1/split.1
/usr/share/man/man1/split.1
/usr/share/man/man1/stat.1
/usr/share/man/man1/stat.1
/usr/share/man/man1/sum.1
/usr/share/man/man1/sum.1
/usr/share/man/man1/sync.1
/usr/share/man/man1/sync.1
/usr/share/man/man1/tac.1
/usr/share/man/man1/tac.1
/usr/share/man/man1/tail.1
/usr/share/man/man1/tail.1
/usr/share/man/man1/tee.1
/usr/share/man/man1/tee.1
/usr/share/man/man1/test.1
/usr/share/man/man1/test.1
/usr/share/man/man1/timeout.1
/usr/share/man/man1/timeout.1
/usr/share/man/man1/touch.1
/usr/share/man/man1/touch.1
/usr/share/man/man1/tr.1
/usr/share/man/man1/tr.1
/usr/share/man/man1/true.1
/usr/share/man/man1/true.1
/usr/share/man/man1/truncate.1
/usr/share/man/man1/truncate.1
/usr/share/man/man1/tsort.1
/usr/share/man/man1/tsort.1
/usr/share/man/man1/tty.1
/usr/share/man/man1/tty.1
/usr/share/man/man1/uname.1
/usr/share/man/man1/uname.1
/usr/share/man/man1/unexpand.1
/usr/share/man/man1/unexpand.1
/usr/share/man/man1/uniq.1
/usr/share/man/man1/uniq.1
/usr/share/man/man1/unlink.1
/usr/share/man/man1/unlink.1
/usr/share/man/man1/vdir.1
/usr/share/man/man1/vdir.1
/usr/share/man/man1/wc.1
/usr/share/man/man1/wc.1
/usr/share/man/man1/whoami.1
/usr/share/man/man1/whoami.1
/usr/share/man/man1/yes.1
/usr/share/man/man1/yes.1
/usr/bin/cat
/bin/cat
/usr/bin/chgrp
/bin/chgrp
/usr/bin/chmod
/bin/chmod
/usr/bin/chown
/bin/chown
/usr/bin/cp
/bin/cp
/usr/bin/date
/bin/date
/usr/bin/dd
/bin/dd
/usr/bin/df
/bin/df
/usr/bin/echo
/bin/echo
/usr/bin/false
/bin/false
/usr/bin/ln
/bin/ln
/usr/bin/ls
/bin/ls
/usr/bin/mkdir
/bin/mkdir
/usr/bin/mknod
/bin/mknod
/usr/bin/mv
/bin/mv
/usr/bin/pwd
/bin/pwd
/usr/bin/rm
/bin/rm
/usr/bin/rmdir
/bin/rmdir
/usr/bin/stty
/bin/stty
/usr/bin/sync
/bin/sync
/usr/bin/true
/bin/true
/usr/bin/uname
/bin/uname
/usr/bin/chroot
/usr/sbin/chroot
/usr/share/man/man1/chroot.1
/usr/share/man/man8/chroot.8
/usr/share/man/man8/sed5b0XrJ
/usr/share/man/man8/sed5b0XrJ
/usr/share/man/man8/sed5b0XrJ
/usr/share/man/man8/sed5b0XrJ
/usr/share/man/man8/sed5b0XrJ
/usr/share/man/man8/sed5b0XrJ
/usr/share/man/man8/sed5b0XrJ
/usr/share/man/man8/sed5b0XrJ
/usr/share/man/man8/sed5b0XrJ
/usr/share/man/man8/sed5b0XrJ
/usr/share/man/man8/sed5b0XrJ
/usr/share/man/man8/sed5b0XrJ
/usr/share/man/man8/sed5b0XrJ
/usr/share/man/man8/sed5b0XrJ
/usr/share/man/man8/sed5b0XrJ
/usr/share/man/man8/sed5b0XrJ
/usr/share/man/man8/sed5b0XrJ
/usr/share/man/man8/sed5b0XrJ
/usr/share/man/man8/sed5b0XrJ
/usr/share/man/man8/sed5b0XrJ
/usr/share/man/man8/sed5b0XrJ
/usr/share/man/man8/sed5b0XrJ
/usr/share/man/man8/sed5b0XrJ
/usr/share/man/man8/sed5b0XrJ
/usr/share/man/man8/sed5b0XrJ
/usr/share/man/man8/sed5b0XrJ
/usr/share/man/man8/sed5b0XrJ
/usr/share/man/man8/sed5b0XrJ
/usr/share/man/man8/sed5b0XrJ
/usr/share/man/man8/sed5b0XrJ
/usr/share/man/man8/sed5b0XrJ
/usr/share/man/man8/sed5b0XrJ
/usr/share/man/man8/sed5b0XrJ
/usr/share/man/man8/sed5b0XrJ
/usr/share/man/man8/sed5b0XrJ
/usr/share/man/man8/sed5b0XrJ
/usr/share/man/man8/sed5b0XrJ
/usr/share/man/man8/sed5b0XrJ
/usr/share/man/man8/sed5b0XrJ
/usr/share/man/man8/sed5b0XrJ
/usr/share/man/man8/sed5b0XrJ
/usr/share/man/man8/sed5b0XrJ
/usr/share/man/man8/sed5b0XrJ
/usr/share/man/man8/sed5b0XrJ
/usr/share/man/man8/sed5b0XrJ
/usr/share/man/man8/sed5b0XrJ
/usr/share/man/man8/sed5b0XrJ
/usr/share/man/man8/sed5b0XrJ
/usr/share/man/man8/sed5b0XrJ
/usr/share/man/man8/sed5b0XrJ
/usr/share/man/man8/sed5b0XrJ
/usr/share/man/man8/sed5b0XrJ
/usr/share/man/man8/sed5b0XrJ
/usr/share/man/man8/sed5b0XrJ
/usr/share/man/man8/sed5b0XrJ
/usr/share/man/man8/chroot.8
/usr/bin/head
/bin/head
/usr/bin/sleep
/bin/sleep
/usr/bin/nice
/bin/nice
/usr/bin/test
/bin/test
/usr/bin/[
/bin/[
