/etc/dhcpcd.conf
/etc/dhcpcd.conf
/lib/dhcpcd/dev/udev.so
/lib/dhcpcd/dev/udev.so
/lib/dhcpcd/dhcpcd-hooks/01-test
/lib/dhcpcd/dhcpcd-hooks/01-test
/lib/dhcpcd/dhcpcd-hooks/02-dump
/lib/dhcpcd/dhcpcd-hooks/02-dump
/lib/dhcpcd/dhcpcd-hooks/10-mtu
/lib/dhcpcd/dhcpcd-hooks/10-mtu
/lib/dhcpcd/dhcpcd-hooks/10-wpa_supplicant
/lib/dhcpcd/dhcpcd-hooks/10-wpa_supplicant
/lib/dhcpcd/dhcpcd-hooks/15-timezone
/lib/dhcpcd/dhcpcd-hooks/15-timezone
/lib/dhcpcd/dhcpcd-hooks/20-resolv.conf
/lib/dhcpcd/dhcpcd-hooks/20-resolv.conf
/lib/dhcpcd/dhcpcd-hooks/29-lookup-hostname
/lib/dhcpcd/dhcpcd-hooks/29-lookup-hostname
/lib/dhcpcd/dhcpcd-hooks/30-hostname
/lib/dhcpcd/dhcpcd-hooks/30-hostname
/lib/dhcpcd/dhcpcd-run-hooks
/lib/dhcpcd/dhcpcd-run-hooks
/lib/services/dhcpcd
/lib/services/dhcpcd
/sbin/dhcpcd
/sbin/dhcpcd
/sbin/dhcpcd
/usr/share/man/man5/dhcpcd.conf.5
/usr/share/man/man5/dhcpcd.conf.5
/usr/share/man/man8/dhcpcd-run-hooks.8
/usr/share/man/man8/dhcpcd-run-hooks.8
/usr/share/man/man8/dhcpcd.8
/usr/share/man/man8/dhcpcd.8
