/sbin/e2fsck
/sbin/e2fsck
/sbin/e2fsck
/sbin/e2fsck
/sbin/fsck.ext2
/sbin/fsck.ext3
/sbin/fsck.ext4
/sbin/fsck.ext4dev
/usr/share/man/man8/e2fsck.8
/usr/share/man/man8/e2fsck.8
/usr/share/man/man5/e2fsck.conf.5
/usr/share/man/man5/e2fsck.conf.5
/usr/share/man/man8/fsck.ext2.8
/usr/share/man/man8/fsck.ext3.8
/usr/share/man/man8/fsck.ext4.8
/usr/share/man/man8/fsck.ext4dev.8
/sbin/debugfs
/sbin/debugfs
/sbin/debugfs
/usr/share/man/man8/debugfs.8
/usr/share/man/man8/debugfs.8
/sbin/mke2fs
/sbin/mke2fs
/sbin/mke2fs
/sbin/badblocks
/sbin/badblocks
/sbin/tune2fs
/sbin/tune2fs
/sbin/dumpe2fs
/sbin/dumpe2fs
/sbin/logsave
/sbin/logsave
/sbin/e2image
/sbin/e2image
/sbin/e2undo
/sbin/e2undo
/usr/sbin/mklost+found
/usr/sbin/mklost+found
/usr/sbin/filefrag
/usr/sbin/filefrag
/usr/sbin/e2freefrag
/usr/sbin/e2freefrag
/usr/sbin/e4defrag
/usr/sbin/e4defrag
/sbin/mkfs.ext2
/sbin/mkfs.ext3
/sbin/mkfs.ext4
/sbin/mkfs.ext4dev
/sbin/e2label
/bin/chattr
/bin/chattr
/bin/lsattr
/bin/lsattr
/usr/lib/e2initrd_helper
/usr/lib/e2initrd_helper
/usr/share/man/man8/tune2fs.8
/usr/share/man/man8/tune2fs.8
/usr/share/man/man8/mklost+found.8
/usr/share/man/man8/mklost+found.8
/usr/share/man/man8/mke2fs.8
/usr/share/man/man8/mke2fs.8
/usr/share/man/man8/dumpe2fs.8
/usr/share/man/man8/dumpe2fs.8
/usr/share/man/man8/badblocks.8
/usr/share/man/man8/badblocks.8
/usr/share/man/man8/e2label.8
/usr/share/man/man8/e2label.8
/usr/share/man/man8/e2image.8
/usr/share/man/man8/e2image.8
/usr/share/man/man8/logsave.8
/usr/share/man/man8/logsave.8
/usr/share/man/man8/filefrag.8
/usr/share/man/man8/filefrag.8
/usr/share/man/man8/e2freefrag.8
/usr/share/man/man8/e2freefrag.8
/usr/share/man/man8/e2undo.8
/usr/share/man/man8/e2undo.8
/usr/share/man/man8/e4defrag.8
/usr/share/man/man8/e4defrag.8
/usr/share/man/man8/mkfs.ext2.8
/usr/share/man/man8/mkfs.ext3.8
/usr/share/man/man8/mkfs.ext4.8
/usr/share/man/man8/mkfs.ext4dev.8
/usr/share/man/man1/chattr.1
/usr/share/man/man1/chattr.1
/usr/share/man/man1/lsattr.1
/usr/share/man/man1/lsattr.1
/usr/share/man/man5/mke2fs.conf.5
/usr/share/man/man5/mke2fs.conf.5
/usr/share/man/man5/ext4.5
/usr/share/man/man5/ext4.5
/usr/share/man/man5/ext2.5
/usr/share/man/man5/ext3.5
/sbin/resize2fs
/sbin/resize2fs
/usr/share/man/man8/resize2fs.8
/usr/share/man/man8/resize2fs.8
/usr/share/locale/ca/LC_MESSAGES/e2fsprogs.mo
/usr/share/locale/ca/LC_MESSAGES/e2fsprogs.mo
/usr/share/locale/cs/LC_MESSAGES/e2fsprogs.mo
/usr/share/locale/cs/LC_MESSAGES/e2fsprogs.mo
/usr/share/locale/cs/LC_MESSAGES/e2fsprogs.mo
/usr/share/locale/de/LC_MESSAGES/e2fsprogs.mo
/usr/share/locale/de/LC_MESSAGES/e2fsprogs.mo
/usr/share/locale/de/LC_MESSAGES/e2fsprogs.mo
/usr/share/locale/eo/LC_MESSAGES/e2fsprogs.mo
/usr/share/locale/eo/LC_MESSAGES/e2fsprogs.mo
/usr/share/locale/es/LC_MESSAGES/e2fsprogs.mo
/usr/share/locale/es/LC_MESSAGES/e2fsprogs.mo
/usr/share/locale/fr/LC_MESSAGES/e2fsprogs.mo
/usr/share/locale/fr/LC_MESSAGES/e2fsprogs.mo
/usr/share/locale/fr/LC_MESSAGES/e2fsprogs.mo
/usr/share/locale/id/LC_MESSAGES/e2fsprogs.mo
/usr/share/locale/id/LC_MESSAGES/e2fsprogs.mo
/usr/share/locale/it/LC_MESSAGES/e2fsprogs.mo
/usr/share/locale/it/LC_MESSAGES/e2fsprogs.mo
/usr/share/locale/nl/LC_MESSAGES/e2fsprogs.mo
/usr/share/locale/nl/LC_MESSAGES/e2fsprogs.mo
/usr/share/locale/nl/LC_MESSAGES/e2fsprogs.mo
/usr/share/locale/pl/LC_MESSAGES/e2fsprogs.mo
/usr/share/locale/pl/LC_MESSAGES/e2fsprogs.mo
/usr/share/locale/pl/LC_MESSAGES/e2fsprogs.mo
/usr/share/locale/sv/LC_MESSAGES/e2fsprogs.mo
/usr/share/locale/sv/LC_MESSAGES/e2fsprogs.mo
/usr/share/locale/sv/LC_MESSAGES/e2fsprogs.mo
/usr/share/locale/tr/LC_MESSAGES/e2fsprogs.mo
/usr/share/locale/tr/LC_MESSAGES/e2fsprogs.mo
/usr/share/locale/uk/LC_MESSAGES/e2fsprogs.mo
/usr/share/locale/uk/LC_MESSAGES/e2fsprogs.mo
/usr/share/locale/uk/LC_MESSAGES/e2fsprogs.mo
/usr/share/locale/vi/LC_MESSAGES/e2fsprogs.mo
/usr/share/locale/vi/LC_MESSAGES/e2fsprogs.mo
/usr/share/locale/vi/LC_MESSAGES/e2fsprogs.mo
/usr/share/locale/zh_CN/LC_MESSAGES/e2fsprogs.mo
/usr/share/locale/zh_CN/LC_MESSAGES/e2fsprogs.mo
/lib/libcom_err.so.2.1
/lib/libcom_err.so.2.1
/lib/libcom_err.so.2
/usr/lib/libcom_err.so
/lib/libss.so.2.0
/lib/libss.so.2.0
/lib/libss.so.2
/usr/lib/libss.so
/lib/libe2p.so.2.3
/lib/libe2p.so.2.3
/lib/libe2p.so.2
/usr/lib/libe2p.so
/lib/libext2fs.so.2.4
/lib/libext2fs.so.2.4
/lib/libext2fs.so.2.4
/lib/libext2fs.so.2.4
/lib/libext2fs.so.2
/usr/lib/libext2fs.so
/usr/share/info/libext2fs.info
/usr/share/info/libext2fs.info
/usr/share/info/libext2fs.info.gz
/usr/share/info/libext2fs.info.gz
/lib/libcom_err.so.2.1
/lib/libcom_err.so.2.1
/lib/libcom_err.so.2
/usr/lib/libcom_err.so
/usr/lib/libcom_err.a
/usr/lib/libcom_err.a
/usr/lib/stmv2RBQ
/usr/lib/stmv2RBQ
/usr/lib/stmv2RBQ
/usr/lib/stmv2RBQ
/usr/lib/stmv2RBQ
/usr/lib/stmv2RBQ
/usr/lib/stmv2RBQ
/usr/lib/libcom_err.a
/usr/include/et/com_err.h
/usr/include/et/com_err.h
/usr/include/com_err.h
/usr/share/et/et_c.awk
/usr/share/et/et_c.awk
/usr/share/et/et_h.awk
/usr/share/et/et_h.awk
/bin/compile_et
/bin/compile_et
/usr/share/man/man3/com_err.3
/usr/share/man/man3/com_err.3
/usr/share/man/man1/compile_et.1
/usr/share/man/man1/compile_et.1
/usr/lib/pkgconfig/com_err.pc
/usr/lib/pkgconfig/com_err.pc
/lib/libss.so.2.0
/lib/libss.so.2.0
/lib/libss.so.2
/usr/lib/libss.so
/usr/lib/libss.a
/usr/lib/libss.a
/usr/lib/stEkxDZZ
/usr/lib/stEkxDZZ
/usr/lib/stEkxDZZ
/usr/lib/stEkxDZZ
/usr/lib/stEkxDZZ
/usr/lib/stEkxDZZ
/usr/lib/stEkxDZZ
/usr/lib/stEkxDZZ
/usr/lib/stEkxDZZ
/usr/lib/stEkxDZZ
/usr/lib/stEkxDZZ
/usr/lib/stEkxDZZ
/usr/lib/libss.a
/usr/include/ss/ss.h
/usr/include/ss/ss.h
/usr/include/ss/ss_err.h
/usr/include/ss/ss_err.h
/usr/share/ss/ct_c.awk
/usr/share/ss/ct_c.awk
/usr/share/ss/ct_c.sed
/usr/share/ss/ct_c.sed
/bin/mk_cmds
/bin/mk_cmds
/usr/share/man/man1/mk_cmds.1
/usr/share/man/man1/mk_cmds.1
/usr/lib/pkgconfig/ss.pc
/usr/lib/pkgconfig/ss.pc
/lib/libe2p.so.2.3
/lib/libe2p.so.2.3
/lib/libe2p.so.2
/usr/lib/libe2p.so
/usr/lib/libe2p.a
/usr/lib/libe2p.a
/usr/lib/stUC9Gi9
/usr/lib/stUC9Gi9
/usr/lib/stUC9Gi9
/usr/lib/stUC9Gi9
/usr/lib/stUC9Gi9
/usr/lib/stUC9Gi9
/usr/lib/stUC9Gi9
/usr/lib/stUC9Gi9
/usr/lib/stUC9Gi9
/usr/lib/stUC9Gi9
/usr/lib/stUC9Gi9
/usr/lib/stUC9Gi9
/usr/lib/stUC9Gi9
/usr/lib/stUC9Gi9
/usr/lib/stUC9Gi9
/usr/lib/libe2p.a
/usr/include/e2p/e2p.h
/usr/include/e2p/e2p.h
/usr/lib/pkgconfig/e2p.pc
/usr/lib/pkgconfig/e2p.pc
/lib/libext2fs.so.2.4
/lib/libext2fs.so.2.4
/lib/libext2fs.so.2.4
/lib/libext2fs.so.2.4
/lib/libext2fs.so.2
/usr/lib/libext2fs.so
/usr/lib/libext2fs.a
/usr/lib/libext2fs.a
/usr/lib/libext2fs.a
/usr/lib/libext2fs.a
/usr/lib/libext2fs.a
/usr/lib/stv5hsUk
/usr/lib/stv5hsUk
/usr/lib/stv5hsUk
/usr/lib/stv5hsUk
/usr/lib/stv5hsUk
/usr/lib/stv5hsUk
/usr/lib/stv5hsUk
/usr/lib/stv5hsUk
/usr/lib/stv5hsUk
/usr/lib/stv5hsUk
/usr/lib/stv5hsUk
/usr/lib/stv5hsUk
/usr/lib/stv5hsUk
/usr/lib/stv5hsUk
/usr/lib/stv5hsUk
/usr/lib/stv5hsUk
/usr/lib/stv5hsUk
/usr/lib/stv5hsUk
/usr/lib/stv5hsUk
/usr/lib/stv5hsUk
/usr/lib/stv5hsUk
/usr/lib/stv5hsUk
/usr/lib/stv5hsUk
/usr/lib/stv5hsUk
/usr/lib/stv5hsUk
/usr/lib/stv5hsUk
/usr/lib/stv5hsUk
/usr/lib/stv5hsUk
/usr/lib/stv5hsUk
/usr/lib/stv5hsUk
/usr/lib/stv5hsUk
/usr/lib/stv5hsUk
/usr/lib/stv5hsUk
/usr/lib/stv5hsUk
/usr/lib/stv5hsUk
/usr/lib/stv5hsUk
/usr/lib/stv5hsUk
/usr/lib/stv5hsUk
/usr/lib/stv5hsUk
/usr/lib/stv5hsUk
/usr/lib/stv5hsUk
/usr/lib/stv5hsUk
/usr/lib/stv5hsUk
/usr/lib/stv5hsUk
/usr/lib/stv5hsUk
/usr/lib/stv5hsUk
/usr/lib/stv5hsUk
/usr/lib/stv5hsUk
/usr/lib/stv5hsUk
/usr/lib/stv5hsUk
/usr/lib/stv5hsUk
/usr/lib/stv5hsUk
/usr/lib/stv5hsUk
/usr/lib/stv5hsUk
/usr/lib/stv5hsUk
/usr/lib/stv5hsUk
/usr/lib/stv5hsUk
/usr/lib/stv5hsUk
/usr/lib/stv5hsUk
/usr/lib/stv5hsUk
/usr/lib/stv5hsUk
/usr/lib/stv5hsUk
/usr/lib/stv5hsUk
/usr/lib/stv5hsUk
/usr/lib/stv5hsUk
/usr/lib/stv5hsUk
/usr/lib/stv5hsUk
/usr/lib/stv5hsUk
/usr/lib/stv5hsUk
/usr/lib/stv5hsUk
/usr/lib/stv5hsUk
/usr/lib/stv5hsUk
/usr/lib/stv5hsUk
/usr/lib/stv5hsUk
/usr/lib/stv5hsUk
/usr/lib/stv5hsUk
/usr/lib/stv5hsUk
/usr/lib/stv5hsUk
/usr/lib/stv5hsUk
/usr/lib/stv5hsUk
/usr/lib/stv5hsUk
/usr/lib/stv5hsUk
/usr/lib/stv5hsUk
/usr/lib/stv5hsUk
/usr/lib/stv5hsUk
/usr/lib/stv5hsUk
/usr/lib/stv5hsUk
/usr/lib/stv5hsUk
/usr/lib/stv5hsUk
/usr/lib/stv5hsUk
/usr/lib/stv5hsUk
/usr/lib/stv5hsUk
/usr/lib/stv5hsUk
/usr/lib/stv5hsUk
/usr/lib/stv5hsUk
/usr/lib/stv5hsUk
/usr/lib/stv5hsUk
/usr/lib/stv5hsUk
/usr/lib/stv5hsUk
/usr/lib/stv5hsUk
/usr/lib/stv5hsUk
/usr/lib/stv5hsUk
/usr/lib/stv5hsUk
/usr/lib/stv5hsUk
/usr/lib/stv5hsUk
/usr/lib/libext2fs.a
/usr/include/ext2fs/bitops.h
/usr/include/ext2fs/bitops.h
/usr/include/ext2fs/ext2fs.h
/usr/include/ext2fs/ext2fs.h
/usr/include/ext2fs/ext2_io.h
/usr/include/ext2fs/ext2_io.h
/usr/include/ext2fs/ext2_fs.h
/usr/include/ext2fs/ext2_fs.h
/usr/include/ext2fs/ext2_ext_attr.h
/usr/include/ext2fs/ext2_ext_attr.h
/usr/include/ext2fs/ext3_extents.h
/usr/include/ext2fs/ext3_extents.h
/usr/include/ext2fs/tdb.h
/usr/include/ext2fs/tdb.h
/usr/include/ext2fs/qcow2.h
/usr/include/ext2fs/qcow2.h
/usr/include/ext2fs/ext2_err.h
/usr/include/ext2fs/ext2_err.h
/usr/include/ext2fs/ext2_types.h
/usr/include/ext2fs/ext2_types.h
/usr/lib/pkgconfig/ext2fs.pc
/usr/lib/pkgconfig/ext2fs.pc
