/usr/lib/libudev.so.1.6.0
/usr/lib/libudev.so.1.6.0
/usr/lib/libudev.so.1.6.0
/usr/lib/libudev.so.1.6.0
/usr/lib/libudev.so.1.6.0
/usr/lib/libudev.so.1
/usr/lib/libudev.so
/usr/lib/libudev.la
/usr/lib/libudev.la
/usr/lib/libudev.a
/usr/lib/libudev.a
/usr/lib/libudev.a
/usr/lib/libudev.a
/usr/lib/libudev.a
/usr/lib/libudev.a
/usr/lib/stBEcKs2
/usr/lib/stBEcKs2
/usr/lib/stBEcKs2
/usr/lib/stBEcKs2
/usr/lib/stBEcKs2
/usr/lib/stBEcKs2
/usr/lib/stBEcKs2
/usr/lib/stBEcKs2
/usr/lib/stBEcKs2
/usr/lib/stBEcKs2
/usr/lib/stBEcKs2
/usr/lib/stBEcKs2
/usr/lib/stBEcKs2
/usr/lib/stBEcKs2
/usr/lib/stBEcKs2
/usr/lib/stBEcKs2
/usr/lib/stBEcKs2
/usr/lib/stBEcKs2
/usr/lib/stBEcKs2
/usr/lib/stBEcKs2
/usr/lib/stBEcKs2
/usr/lib/stBEcKs2
/usr/lib/stBEcKs2
/usr/lib/stBEcKs2
/usr/lib/stBEcKs2
/usr/lib/stBEcKs2
/usr/lib/stBEcKs2
/usr/lib/stBEcKs2
/usr/lib/stBEcKs2
/usr/lib/stBEcKs2
/usr/lib/stBEcKs2
/usr/lib/stBEcKs2
/usr/lib/stBEcKs2
/usr/lib/stBEcKs2
/usr/lib/stBEcKs2
/usr/lib/stBEcKs2
/usr/lib/stBEcKs2
/usr/lib/stBEcKs2
/usr/lib/stBEcKs2
/usr/lib/stBEcKs2
/usr/lib/stBEcKs2
/usr/lib/stBEcKs2
/usr/lib/stBEcKs2
/usr/lib/stBEcKs2
/usr/lib/stBEcKs2
/usr/lib/stBEcKs2
/usr/lib/stBEcKs2
/usr/lib/stBEcKs2
/usr/lib/stBEcKs2
/usr/lib/stBEcKs2
/usr/lib/stBEcKs2
/usr/lib/stBEcKs2
/usr/lib/stBEcKs2
/usr/lib/stBEcKs2
/usr/lib/stBEcKs2
/usr/lib/stBEcKs2
/usr/lib/stBEcKs2
/usr/lib/stBEcKs2
/usr/lib/stBEcKs2
/usr/lib/stBEcKs2
/usr/lib/stBEcKs2
/usr/lib/stBEcKs2
/usr/lib/stBEcKs2
/usr/lib/stBEcKs2
/usr/lib/stBEcKs2
/usr/lib/stBEcKs2
/usr/lib/stBEcKs2
/usr/lib/stBEcKs2
/usr/lib/stBEcKs2
/usr/lib/stBEcKs2
/usr/lib/stBEcKs2
/usr/lib/stBEcKs2
/usr/lib/stBEcKs2
/usr/lib/stBEcKs2
/usr/lib/stBEcKs2
/usr/lib/stBEcKs2
/usr/lib/stBEcKs2
/usr/lib/stBEcKs2
/usr/lib/stBEcKs2
/usr/lib/stBEcKs2
/usr/lib/stBEcKs2
/usr/lib/stBEcKs2
/usr/lib/stBEcKs2
/usr/lib/stBEcKs2
/usr/lib/stBEcKs2
/usr/lib/stBEcKs2
/usr/lib/stBEcKs2
/usr/lib/stBEcKs2
/usr/lib/stBEcKs2
/usr/lib/stBEcKs2
/usr/lib/stBEcKs2
/usr/lib/stBEcKs2
/usr/lib/stBEcKs2
/usr/lib/stBEcKs2
/usr/lib/stBEcKs2
/usr/lib/stBEcKs2
/usr/lib/stBEcKs2
/usr/lib/stBEcKs2
/usr/lib/stBEcKs2
/usr/lib/stBEcKs2
/usr/lib/stBEcKs2
/usr/lib/stBEcKs2
/usr/lib/stBEcKs2
/usr/lib/stBEcKs2
/usr/lib/stBEcKs2
/usr/lib/stBEcKs2
/usr/lib/stBEcKs2
/usr/lib/stBEcKs2
/usr/lib/stBEcKs2
/usr/lib/stBEcKs2
/usr/lib/stBEcKs2
/usr/lib/stBEcKs2
/usr/lib/stBEcKs2
/usr/lib/stBEcKs2
/usr/lib/stBEcKs2
/usr/lib/stBEcKs2
/usr/lib/stBEcKs2
/usr/lib/stBEcKs2
/usr/lib/stBEcKs2
/usr/lib/stBEcKs2
/usr/lib/stBEcKs2
/usr/lib/stBEcKs2
/usr/lib/stBEcKs2
/usr/lib/stBEcKs2
/usr/lib/stBEcKs2
/usr/lib/stBEcKs2
/usr/lib/stBEcKs2
/usr/lib/stBEcKs2
/usr/lib/stBEcKs2
/usr/lib/stBEcKs2
/usr/lib/stBEcKs2
/usr/lib/stBEcKs2
/usr/lib/stBEcKs2
/usr/lib/stBEcKs2
/usr/lib/stBEcKs2
/usr/lib/stBEcKs2
/usr/lib/stBEcKs2
/usr/lib/stBEcKs2
/usr/lib/stBEcKs2
/usr/lib/stBEcKs2
/usr/lib/stBEcKs2
/usr/lib/stBEcKs2
/usr/lib/stBEcKs2
/usr/lib/stBEcKs2
/usr/lib/stBEcKs2
/usr/lib/stBEcKs2
/usr/lib/stBEcKs2
/usr/lib/stBEcKs2
/usr/lib/libudev.a
/usr/lib/libudev.so
/usr/lib/libudev.so.1
/lib/libudev.so.1
/usr/lib/libudev.so.1.6.0
/lib/libudev.so.1.6.0
/usr/include/libudev.h
/usr/include/libudev.h
/usr/lib/pkgconfig/libudev.pc
/usr/lib/pkgconfig/libudev.pc
/sbin/udevadm
/sbin/udevadm
/sbin/udevadm
/sbin/udevadm
/sbin/udevadm
/sbin/udevadm
/sbin/udevadm
/sbin/udevd
/sbin/udevd
/sbin/udevd
/sbin/udevd
/sbin/udevd
/sbin/udevd
/sbin/udevd
/etc/udev/udev.conf
/etc/udev/udev.conf
/usr/include/udev.h
/usr/include/udev.h
/usr/share/pkgconfig/udev.pc
/usr/share/pkgconfig/udev.pc
/lib/udev/accelerometer
/lib/udev/accelerometer
/lib/udev/accelerometer
/lib/udev/accelerometer
/lib/udev/ata_id
/lib/udev/ata_id
/lib/udev/ata_id
/lib/udev/ata_id
/lib/udev/cdrom_id
/lib/udev/cdrom_id
/lib/udev/cdrom_id
/lib/udev/cdrom_id
/lib/udev/collect
/lib/udev/collect
/lib/udev/collect
/lib/udev/collect
/lib/udev/mtd_probe
/lib/udev/mtd_probe
/lib/udev/scsi_id
/lib/udev/scsi_id
/lib/udev/scsi_id
/lib/udev/scsi_id
/lib/udev/v4l_id
/lib/udev/v4l_id
/lib/udev/rules.d/42-usb-hid-pm.rules
/lib/udev/rules.d/42-usb-hid-pm.rules
/lib/udev/rules.d/50-udev-default.rules
/lib/udev/rules.d/50-udev-default.rules
/lib/udev/rules.d/60-cdrom_id.rules
/lib/udev/rules.d/60-cdrom_id.rules
/lib/udev/rules.d/60-drm.rules
/lib/udev/rules.d/60-drm.rules
/lib/udev/rules.d/60-persistent-alsa.rules
/lib/udev/rules.d/60-persistent-alsa.rules
/lib/udev/rules.d/60-persistent-input.rules
/lib/udev/rules.d/60-persistent-input.rules
/lib/udev/rules.d/60-persistent-serial.rules
/lib/udev/rules.d/60-persistent-serial.rules
/lib/udev/rules.d/60-persistent-storage-tape.rules
/lib/udev/rules.d/60-persistent-storage-tape.rules
/lib/udev/rules.d/60-persistent-v4l.rules
/lib/udev/rules.d/60-persistent-v4l.rules
/lib/udev/rules.d/61-accelerometer.rules
/lib/udev/rules.d/61-accelerometer.rules
/lib/udev/rules.d/64-btrfs.rules
/lib/udev/rules.d/64-btrfs.rules
/lib/udev/rules.d/75-net-description.rules
/lib/udev/rules.d/75-net-description.rules
/lib/udev/rules.d/75-probe_mtd.rules
/lib/udev/rules.d/75-probe_mtd.rules
/lib/udev/rules.d/75-tty-description.rules
/lib/udev/rules.d/75-tty-description.rules
/lib/udev/rules.d/78-sound-card.rules
/lib/udev/rules.d/78-sound-card.rules
/lib/udev/rules.d/95-udev-late.rules
/lib/udev/rules.d/95-udev-late.rules
/lib/udev/rules.d/50-firmware.rules
/lib/udev/rules.d/50-firmware.rules
/lib/udev/rules.d/60-persistent-storage.rules
/lib/udev/rules.d/60-persistent-storage.rules
/lib/udev/rules.d/80-drivers.rules
/lib/udev/rules.d/80-drivers.rules
/lib/udev/rules.d/60-keyboard.rules
/lib/udev/rules.d/60-keyboard.rules
/etc/udev/hwdb.d/20-OUI.hwdb
/etc/udev/hwdb.d/20-OUI.hwdb
/etc/udev/hwdb.d/20-OUI.hwdb
/etc/udev/hwdb.d/20-OUI.hwdb
/etc/udev/hwdb.d/20-OUI.hwdb
/etc/udev/hwdb.d/20-OUI.hwdb
/etc/udev/hwdb.d/20-OUI.hwdb
/etc/udev/hwdb.d/20-OUI.hwdb
/etc/udev/hwdb.d/20-OUI.hwdb
/etc/udev/hwdb.d/20-OUI.hwdb
/etc/udev/hwdb.d/20-OUI.hwdb
/etc/udev/hwdb.d/20-OUI.hwdb
/etc/udev/hwdb.d/20-acpi-vendor.hwdb
/etc/udev/hwdb.d/20-acpi-vendor.hwdb
/etc/udev/hwdb.d/20-bluetooth-vendor-product.hwdb
/etc/udev/hwdb.d/20-bluetooth-vendor-product.hwdb
/etc/udev/hwdb.d/20-pci-classes.hwdb
/etc/udev/hwdb.d/20-pci-classes.hwdb
/etc/udev/hwdb.d/20-pci-vendor-model.hwdb
/etc/udev/hwdb.d/20-pci-vendor-model.hwdb
/etc/udev/hwdb.d/20-pci-vendor-model.hwdb
/etc/udev/hwdb.d/20-pci-vendor-model.hwdb
/etc/udev/hwdb.d/20-pci-vendor-model.hwdb
/etc/udev/hwdb.d/20-pci-vendor-model.hwdb
/etc/udev/hwdb.d/20-pci-vendor-model.hwdb
/etc/udev/hwdb.d/20-pci-vendor-model.hwdb
/etc/udev/hwdb.d/20-pci-vendor-model.hwdb
/etc/udev/hwdb.d/20-pci-vendor-model.hwdb
/etc/udev/hwdb.d/20-pci-vendor-model.hwdb
/etc/udev/hwdb.d/20-pci-vendor-model.hwdb
/etc/udev/hwdb.d/20-pci-vendor-model.hwdb
/etc/udev/hwdb.d/20-pci-vendor-model.hwdb
/etc/udev/hwdb.d/20-pci-vendor-model.hwdb
/etc/udev/hwdb.d/20-pci-vendor-model.hwdb
/etc/udev/hwdb.d/20-pci-vendor-model.hwdb
/etc/udev/hwdb.d/20-pci-vendor-model.hwdb
/etc/udev/hwdb.d/20-pci-vendor-model.hwdb
/etc/udev/hwdb.d/20-pci-vendor-model.hwdb
/etc/udev/hwdb.d/20-sdio-classes.hwdb
/etc/udev/hwdb.d/20-sdio-classes.hwdb
/etc/udev/hwdb.d/20-sdio-vendor-model.hwdb
/etc/udev/hwdb.d/20-sdio-vendor-model.hwdb
/etc/udev/hwdb.d/20-usb-classes.hwdb
/etc/udev/hwdb.d/20-usb-classes.hwdb
/etc/udev/hwdb.d/20-usb-vendor-model.hwdb
/etc/udev/hwdb.d/20-usb-vendor-model.hwdb
/etc/udev/hwdb.d/20-usb-vendor-model.hwdb
/etc/udev/hwdb.d/20-usb-vendor-model.hwdb
/etc/udev/hwdb.d/20-usb-vendor-model.hwdb
/etc/udev/hwdb.d/20-usb-vendor-model.hwdb
/etc/udev/hwdb.d/20-usb-vendor-model.hwdb
/etc/udev/hwdb.d/20-usb-vendor-model.hwdb
/etc/udev/hwdb.d/20-usb-vendor-model.hwdb
/etc/udev/hwdb.d/20-usb-vendor-model.hwdb
/etc/udev/hwdb.d/60-keyboard.hwdb
/etc/udev/hwdb.d/60-keyboard.hwdb
/lib/udev/write_cd_rules
/lib/udev/write_cd_rules
/lib/udev/write_net_rules
/lib/udev/write_net_rules
/lib/udev/rule_generator.functions
/lib/udev/rule_generator.functions
/lib/udev/rules.d/75-cd-aliases-generator.rules
/lib/udev/rules.d/75-cd-aliases-generator.rules
/lib/udev/rules.d/75-persistent-net-generator.rules
/lib/udev/rules.d/75-persistent-net-generator.rules
/etc/udev/rules.d/55-lfs.rules
/etc/udev/rules.d/55-lfs.rules
/etc/udev/rules.d/81-cdrom.rules
/etc/udev/rules.d/81-cdrom.rules
/etc/udev/rules.d/83-cdrom-symlinks.rules
/etc/udev/rules.d/83-cdrom-symlinks.rules
/lib/udev/write_cd_rules
/lib/udev/write_cd_rules
/lib/udev/write_net_rules
/lib/udev/write_net_rules
/lib/udev/init-net-rules.sh
/lib/udev/init-net-rules.sh
/lib/udev/rule_generator.functions
/lib/udev/rule_generator.functions
/usr/share/doc/udev-20140408/lfs/README
/usr/share/doc/udev-20140408/lfs/README
/usr/share/doc/udev-20140408/lfs/55-lfs.txt
/usr/share/doc/udev-20140408/lfs/55-lfs.txt
