/usr/lib/libexpat.so.1.6.0
/usr/lib/libexpat.so.1.6.0
/usr/lib/libexpat.so.1.6.0
/usr/lib/libexpat.so.1.6.0
/usr/lib/libexpat.so.1.6.0
/usr/lib/libexpat.so.1
/usr/lib/libexpat.so
/usr/lib/libexpat.la
/usr/lib/libexpat.la
/usr/lib/libexpat.a
/usr/lib/libexpat.a
/usr/lib/libexpat.a
/usr/lib/libexpat.a
/usr/lib/libexpat.a
/usr/lib/stDaKhf4
/usr/lib/stDaKhf4
/usr/lib/stDaKhf4
/usr/lib/stDaKhf4
/usr/lib/stDaKhf4
/usr/lib/stDaKhf4
/usr/lib/stDaKhf4
/usr/lib/stDaKhf4
/usr/lib/stDaKhf4
/usr/lib/stDaKhf4
/usr/lib/stDaKhf4
/usr/lib/stDaKhf4
/usr/lib/stDaKhf4
/usr/lib/stDaKhf4
/usr/lib/stDaKhf4
/usr/lib/stDaKhf4
/usr/lib/stDaKhf4
/usr/lib/stDaKhf4
/usr/lib/stDaKhf4
/usr/lib/stDaKhf4
/usr/lib/stDaKhf4
/usr/lib/stDaKhf4
/usr/lib/stDaKhf4
/usr/lib/stDaKhf4
/usr/lib/stDaKhf4
/usr/lib/stDaKhf4
/usr/lib/stDaKhf4
/usr/lib/stDaKhf4
/usr/lib/stDaKhf4
/usr/lib/stDaKhf4
/usr/lib/stDaKhf4
/usr/lib/stDaKhf4
/usr/lib/stDaKhf4
/usr/lib/stDaKhf4
/usr/lib/stDaKhf4
/usr/lib/stDaKhf4
/usr/lib/stDaKhf4
/usr/lib/stDaKhf4
/usr/lib/stDaKhf4
/usr/lib/stDaKhf4
/usr/lib/stDaKhf4
/usr/lib/stDaKhf4
/usr/lib/stDaKhf4
/usr/lib/stDaKhf4
/usr/lib/stDaKhf4
/usr/lib/stDaKhf4
/usr/lib/stDaKhf4
/usr/lib/stDaKhf4
/usr/lib/stDaKhf4
/usr/lib/stDaKhf4
/usr/lib/stDaKhf4
/usr/lib/stDaKhf4
/usr/lib/stDaKhf4
/usr/lib/stDaKhf4
/usr/lib/stDaKhf4
/usr/lib/stDaKhf4
/usr/lib/stDaKhf4
/usr/lib/stDaKhf4
/usr/lib/stDaKhf4
/usr/lib/stDaKhf4
/usr/lib/stDaKhf4
/usr/lib/stDaKhf4
/usr/lib/stDaKhf4
/usr/lib/stDaKhf4
/usr/lib/stDaKhf4
/usr/lib/stDaKhf4
/usr/lib/stDaKhf4
/usr/lib/stDaKhf4
/usr/lib/stDaKhf4
/usr/lib/stDaKhf4
/usr/lib/stDaKhf4
/usr/lib/stDaKhf4
/usr/lib/stDaKhf4
/usr/lib/stDaKhf4
/usr/lib/stDaKhf4
/usr/lib/stDaKhf4
/usr/lib/stDaKhf4
/usr/lib/stDaKhf4
/usr/lib/stDaKhf4
/usr/lib/stDaKhf4
/usr/lib/stDaKhf4
/usr/lib/stDaKhf4
/usr/lib/stDaKhf4
/usr/lib/stDaKhf4
/usr/lib/stDaKhf4
/usr/lib/stDaKhf4
/usr/lib/stDaKhf4
/usr/lib/stDaKhf4
/usr/lib/stDaKhf4
/usr/lib/stDaKhf4
/usr/lib/stDaKhf4
/usr/lib/stDaKhf4
/usr/lib/stDaKhf4
/usr/lib/stDaKhf4
/usr/lib/stDaKhf4
/usr/lib/stDaKhf4
/usr/lib/stDaKhf4
/usr/lib/stDaKhf4
/usr/lib/stDaKhf4
/usr/lib/stDaKhf4
/usr/lib/stDaKhf4
/usr/lib/stDaKhf4
/usr/lib/stDaKhf4
/usr/lib/stDaKhf4
/usr/lib/stDaKhf4
/usr/lib/stDaKhf4
/usr/lib/stDaKhf4
/usr/lib/stDaKhf4
/usr/lib/stDaKhf4
/usr/lib/stDaKhf4
/usr/lib/stDaKhf4
/usr/lib/stDaKhf4
/usr/lib/stDaKhf4
/usr/lib/stDaKhf4
/usr/lib/stDaKhf4
/usr/lib/stDaKhf4
/usr/lib/stDaKhf4
/usr/lib/stDaKhf4
/usr/lib/stDaKhf4
/usr/lib/stDaKhf4
/usr/lib/stDaKhf4
/usr/lib/stDaKhf4
/usr/lib/stDaKhf4
/usr/lib/stDaKhf4
/usr/lib/stDaKhf4
/usr/lib/stDaKhf4
/usr/lib/stDaKhf4
/usr/lib/stDaKhf4
/usr/lib/stDaKhf4
/usr/lib/libexpat.a
/usr/include/expat.h
/usr/include/expat.h
/usr/include/expat_external.h
/usr/include/expat_external.h
/usr/lib/pkgconfig/expat.pc
/usr/lib/pkgconfig/expat.pc
/usr/bin/xmlwf
/usr/bin/xmlwf
/usr/share/man/man1/xmlwf.1
/usr/share/man/man1/xmlwf.1
