/usr/lib/libfl.so.2.0.0
/usr/lib/libfl.so.2.0.0
/usr/lib/libfl.so.2
/usr/lib/libfl.so
/usr/lib/libfl.la
/usr/lib/libfl.la
/usr/lib/libfl_pic.so.2.0.0
/usr/lib/libfl_pic.so.2.0.0
/usr/lib/libfl_pic.so.2
/usr/lib/libfl_pic.so
/usr/lib/libfl_pic.la
/usr/lib/libfl_pic.la
/usr/lib/libfl.a
/usr/lib/libfl.a
/usr/lib/stCOVJa5
/usr/lib/stCOVJa5
/usr/lib/stCOVJa5
/usr/lib/stCOVJa5
/usr/lib/stCOVJa5
/usr/lib/libfl.a
/usr/lib/libfl_pic.a
/usr/lib/libfl_pic.a
/usr/lib/stXVTnU4
/usr/lib/stXVTnU4
/usr/lib/stXVTnU4
/usr/lib/stXVTnU4
/usr/lib/stXVTnU4
/usr/lib/libfl_pic.a
/usr/bin/flex
/usr/bin/flex
/usr/bin/flex
/usr/bin/flex
/usr/bin/flex
/usr/bin/flex++
/usr/share/doc/flex-2.5.39/AUTHORS
/usr/share/doc/flex-2.5.39/AUTHORS
/usr/share/doc/flex-2.5.39/COPYING
/usr/share/doc/flex-2.5.39/COPYING
/usr/share/doc/flex-2.5.39/NEWS
/usr/share/doc/flex-2.5.39/NEWS
/usr/share/doc/flex-2.5.39/ONEWS
/usr/share/doc/flex-2.5.39/ONEWS
/usr/share/doc/flex-2.5.39/README
/usr/share/doc/flex-2.5.39/README
/usr/share/doc/flex-2.5.39/TODO
/usr/share/doc/flex-2.5.39/TODO
/usr/include/FlexLexer.h
/usr/include/FlexLexer.h
/usr/share/doc/flex-2.5.39/flex.pdf
/usr/share/doc/flex-2.5.39/flex.pdf
/usr/share/doc/flex-2.5.39/flex.pdf
/usr/share/doc/flex-2.5.39/flex.pdf
/usr/share/doc/flex-2.5.39/flex.pdf
/usr/share/doc/flex-2.5.39/flex.pdf
/usr/share/info/flex.info
/usr/share/info/flex.info
/usr/share/info/flex.info-1
/usr/share/info/flex.info-1
/usr/share/info/flex.info-1
/usr/share/info/flex.info-1
/usr/share/info/flex.info-2
/usr/share/info/flex.info-2
/usr/share/info/dir
/usr/share/info/dir
/usr/share/info/dir
/usr/share/info/dir
/usr/share/info/dir
/usr/share/info/dir
/usr/share/info/dir
/usr/share/info/dir
/usr/share/info/dir
/usr/share/info/dir
/usr/share/info/dir
/usr/share/info/dir
/usr/share/info/dir
/usr/share/info/dir
/usr/share/info/dir
/usr/share/info/dir
/usr/share/info/dir
/usr/share/info/dir
/usr/share/info/dir
/usr/share/info/dir
/usr/share/man/man1/flex.1
/usr/share/man/man1/flex.1
/usr/share/locale/ca/LC_MESSAGES/flex.mo
/usr/share/locale/ca/LC_MESSAGES/flex.mo
/usr/share/locale/da/LC_MESSAGES/flex.mo
/usr/share/locale/da/LC_MESSAGES/flex.mo
/usr/share/locale/de/LC_MESSAGES/flex.mo
/usr/share/locale/de/LC_MESSAGES/flex.mo
/usr/share/locale/en@quot/LC_MESSAGES/flex.mo
/usr/share/locale/en@quot/LC_MESSAGES/flex.mo
/usr/share/locale/en@boldquot/LC_MESSAGES/flex.mo
/usr/share/locale/en@boldquot/LC_MESSAGES/flex.mo
/usr/share/locale/eo/LC_MESSAGES/flex.mo
/usr/share/locale/eo/LC_MESSAGES/flex.mo
/usr/share/locale/es/LC_MESSAGES/flex.mo
/usr/share/locale/es/LC_MESSAGES/flex.mo
/usr/share/locale/fi/LC_MESSAGES/flex.mo
/usr/share/locale/fi/LC_MESSAGES/flex.mo
/usr/share/locale/fr/LC_MESSAGES/flex.mo
/usr/share/locale/fr/LC_MESSAGES/flex.mo
/usr/share/locale/ga/LC_MESSAGES/flex.mo
/usr/share/locale/ga/LC_MESSAGES/flex.mo
/usr/share/locale/hr/LC_MESSAGES/flex.mo
/usr/share/locale/hr/LC_MESSAGES/flex.mo
/usr/share/locale/ko/LC_MESSAGES/flex.mo
/usr/share/locale/ko/LC_MESSAGES/flex.mo
/usr/share/locale/nl/LC_MESSAGES/flex.mo
/usr/share/locale/nl/LC_MESSAGES/flex.mo
/usr/share/locale/pl/LC_MESSAGES/flex.mo
/usr/share/locale/pl/LC_MESSAGES/flex.mo
/usr/share/locale/pt_BR/LC_MESSAGES/flex.mo
/usr/share/locale/pt_BR/LC_MESSAGES/flex.mo
/usr/share/locale/ro/LC_MESSAGES/flex.mo
/usr/share/locale/ro/LC_MESSAGES/flex.mo
/usr/share/locale/ru/LC_MESSAGES/flex.mo
/usr/share/locale/ru/LC_MESSAGES/flex.mo
/usr/share/locale/sr/LC_MESSAGES/flex.mo
/usr/share/locale/sr/LC_MESSAGES/flex.mo
/usr/share/locale/sv/LC_MESSAGES/flex.mo
/usr/share/locale/sv/LC_MESSAGES/flex.mo
/usr/share/locale/tr/LC_MESSAGES/flex.mo
/usr/share/locale/tr/LC_MESSAGES/flex.mo
/usr/share/locale/vi/LC_MESSAGES/flex.mo
/usr/share/locale/vi/LC_MESSAGES/flex.mo
/usr/share/locale/zh_CN/LC_MESSAGES/flex.mo
/usr/share/locale/zh_CN/LC_MESSAGES/flex.mo
/usr/share/locale/zh_TW/LC_MESSAGES/flex.mo
/usr/share/locale/zh_TW/LC_MESSAGES/flex.mo
/usr/bin/lex
