/usr/include/fontconfig/fontconfig.h
/usr/include/fontconfig/fontconfig.h
/usr/include/fontconfig/fcfreetype.h
/usr/include/fontconfig/fcfreetype.h
/usr/include/fontconfig/fcprivate.h
/usr/include/fontconfig/fcprivate.h
/usr/lib/libfontconfig.so.1.8.0
/usr/lib/libfontconfig.so.1.8.0
/usr/lib/libfontconfig.so.1.8.0
/usr/lib/libfontconfig.so.1.8.0
/usr/lib/libfontconfig.so.1.8.0
/usr/lib/libfontconfig.so.1.8.0
/usr/lib/libfontconfig.so.1.8.0
/usr/lib/libfontconfig.so.1
/usr/lib/libfontconfig.so
/usr/lib/libfontconfig.la
/usr/lib/libfontconfig.la
/usr/bin/fc-cache
/usr/bin/fc-cache
/usr/bin/fc-cat
/usr/bin/fc-cat
/usr/bin/fc-list
/usr/bin/fc-list
/usr/bin/fc-match
/usr/bin/fc-match
/usr/bin/fc-pattern
/usr/bin/fc-pattern
/usr/bin/fc-query
/usr/bin/fc-query
/usr/bin/fc-scan
/usr/bin/fc-scan
/usr/bin/fc-validate
/usr/bin/fc-validate
/etc/fonts/conf.d/README
/etc/fonts/conf.d/README
/usr/share/fontconfig/conf.avail/10-autohint.conf
/usr/share/fontconfig/conf.avail/10-autohint.conf
/usr/share/fontconfig/conf.avail/10-no-sub-pixel.conf
/usr/share/fontconfig/conf.avail/10-no-sub-pixel.conf
/usr/share/fontconfig/conf.avail/10-scale-bitmap-fonts.conf
/usr/share/fontconfig/conf.avail/10-scale-bitmap-fonts.conf
/usr/share/fontconfig/conf.avail/10-sub-pixel-bgr.conf
/usr/share/fontconfig/conf.avail/10-sub-pixel-bgr.conf
/usr/share/fontconfig/conf.avail/10-sub-pixel-rgb.conf
/usr/share/fontconfig/conf.avail/10-sub-pixel-rgb.conf
/usr/share/fontconfig/conf.avail/10-sub-pixel-vbgr.conf
/usr/share/fontconfig/conf.avail/10-sub-pixel-vbgr.conf
/usr/share/fontconfig/conf.avail/10-sub-pixel-vrgb.conf
/usr/share/fontconfig/conf.avail/10-sub-pixel-vrgb.conf
/usr/share/fontconfig/conf.avail/10-unhinted.conf
/usr/share/fontconfig/conf.avail/10-unhinted.conf
/usr/share/fontconfig/conf.avail/11-lcdfilter-default.conf
/usr/share/fontconfig/conf.avail/11-lcdfilter-default.conf
/usr/share/fontconfig/conf.avail/11-lcdfilter-legacy.conf
/usr/share/fontconfig/conf.avail/11-lcdfilter-legacy.conf
/usr/share/fontconfig/conf.avail/11-lcdfilter-light.conf
/usr/share/fontconfig/conf.avail/11-lcdfilter-light.conf
/usr/share/fontconfig/conf.avail/20-unhint-small-vera.conf
/usr/share/fontconfig/conf.avail/20-unhint-small-vera.conf
/usr/share/fontconfig/conf.avail/25-unhint-nonlatin.conf
/usr/share/fontconfig/conf.avail/25-unhint-nonlatin.conf
/usr/share/fontconfig/conf.avail/30-urw-aliases.conf
/usr/share/fontconfig/conf.avail/30-urw-aliases.conf
/usr/share/fontconfig/conf.avail/30-metric-aliases.conf
/usr/share/fontconfig/conf.avail/30-metric-aliases.conf
/usr/share/fontconfig/conf.avail/40-nonlatin.conf
/usr/share/fontconfig/conf.avail/40-nonlatin.conf
/usr/share/fontconfig/conf.avail/45-latin.conf
/usr/share/fontconfig/conf.avail/45-latin.conf
/usr/share/fontconfig/conf.avail/49-sansserif.conf
/usr/share/fontconfig/conf.avail/49-sansserif.conf
/usr/share/fontconfig/conf.avail/50-user.conf
/usr/share/fontconfig/conf.avail/50-user.conf
/usr/share/fontconfig/conf.avail/51-local.conf
/usr/share/fontconfig/conf.avail/51-local.conf
/usr/share/fontconfig/conf.avail/60-latin.conf
/usr/share/fontconfig/conf.avail/60-latin.conf
/usr/share/fontconfig/conf.avail/65-fonts-persian.conf
/usr/share/fontconfig/conf.avail/65-fonts-persian.conf
/usr/share/fontconfig/conf.avail/65-khmer.conf
/usr/share/fontconfig/conf.avail/65-khmer.conf
/usr/share/fontconfig/conf.avail/65-nonlatin.conf
/usr/share/fontconfig/conf.avail/65-nonlatin.conf
/usr/share/fontconfig/conf.avail/69-unifont.conf
/usr/share/fontconfig/conf.avail/69-unifont.conf
/usr/share/fontconfig/conf.avail/70-no-bitmaps.conf
/usr/share/fontconfig/conf.avail/70-no-bitmaps.conf
/usr/share/fontconfig/conf.avail/70-yes-bitmaps.conf
/usr/share/fontconfig/conf.avail/70-yes-bitmaps.conf
/usr/share/fontconfig/conf.avail/80-delicious.conf
/usr/share/fontconfig/conf.avail/80-delicious.conf
/usr/share/fontconfig/conf.avail/90-synthetic.conf
/usr/share/fontconfig/conf.avail/90-synthetic.conf
/etc/fonts/conf.d/10-scale-bitmap-fonts.conf
/etc/fonts/conf.d/20-unhint-small-vera.conf
/etc/fonts/conf.d/30-urw-aliases.conf
/etc/fonts/conf.d/30-metric-aliases.conf
/etc/fonts/conf.d/40-nonlatin.conf
/etc/fonts/conf.d/45-latin.conf
/etc/fonts/conf.d/49-sansserif.conf
/etc/fonts/conf.d/50-user.conf
/etc/fonts/conf.d/51-local.conf
/etc/fonts/conf.d/60-latin.conf
/etc/fonts/conf.d/65-fonts-persian.conf
/etc/fonts/conf.d/65-nonlatin.conf
/etc/fonts/conf.d/69-unifont.conf
/etc/fonts/conf.d/80-delicious.conf
/etc/fonts/conf.d/90-synthetic.conf
/etc/fonts/fonts.conf
/etc/fonts/fonts.conf
/var/cache/fontconfig/CACHEDIR.TAG.TMP-1wSlpZ
/var/cache/fontconfig/CACHEDIR.TAG.TMP-1wSlpZ
/var/cache/fontconfig/CACHEDIR.TAG.LCK
/var/cache/fontconfig/CACHEDIR.TAG.NEW
/var/cache/fontconfig/CACHEDIR.TAG.NEW
/var/cache/fontconfig/CACHEDIR.TAG.NEW
/var/cache/fontconfig/CACHEDIR.TAG
/usr/lib/pkgconfig/fontconfig.pc
/usr/lib/pkgconfig/fontconfig.pc
/usr/share/xml/fontconfig/fonts.dtd
/usr/share/xml/fontconfig/fonts.dtd
