/usr/lib/libfreetype.so.6.11.2
/usr/lib/libfreetype.so.6.11.2
/usr/lib/libfreetype.so.6.11.2
/usr/lib/libfreetype.so.6.11.2
/usr/lib/libfreetype.so.6.11.2
/usr/lib/libfreetype.so.6.11.2
/usr/lib/libfreetype.so.6.11.2
/usr/lib/libfreetype.so.6.11.2
/usr/lib/libfreetype.so.6.11.2
/usr/lib/libfreetype.so.6.11.2
/usr/lib/libfreetype.so.6.11.2
/usr/lib/libfreetype.so.6.11.2
/usr/lib/libfreetype.so.6.11.2
/usr/lib/libfreetype.so.6.11.2
/usr/lib/libfreetype.so.6.11.2
/usr/lib/libfreetype.so.6.11.2
/usr/lib/libfreetype.so.6.11.2
/usr/lib/libfreetype.so.6.11.2
/usr/lib/libfreetype.so.6.11.2
/usr/lib/libfreetype.so.6.11.2
/usr/lib/libfreetype.so.6.11.2
/usr/lib/libfreetype.so.6
/usr/lib/libfreetype.so
/usr/lib/libfreetype.la
/usr/lib/libfreetype.la
/usr/include/freetype2/tttables.h
/usr/include/freetype2/tttables.h
/usr/include/freetype2/ftlcdfil.h
/usr/include/freetype2/ftlcdfil.h
/usr/include/freetype2/ftoutln.h
/usr/include/freetype2/ftoutln.h
/usr/include/freetype2/ftstroke.h
/usr/include/freetype2/ftstroke.h
/usr/include/freetype2/t1tables.h
/usr/include/freetype2/t1tables.h
/usr/include/freetype2/fterrors.h
/usr/include/freetype2/fterrors.h
/usr/include/freetype2/ftlzw.h
/usr/include/freetype2/ftlzw.h
/usr/include/freetype2/ft2build.h
/usr/include/freetype2/ft2build.h
/usr/include/freetype2/ftcid.h
/usr/include/freetype2/ftcid.h
/usr/include/freetype2/ftbitmap.h
/usr/include/freetype2/ftbitmap.h
/usr/include/freetype2/ftmodapi.h
/usr/include/freetype2/ftmodapi.h
/usr/include/freetype2/ftsystem.h
/usr/include/freetype2/ftsystem.h
/usr/include/freetype2/ftcffdrv.h
/usr/include/freetype2/ftcffdrv.h
/usr/include/freetype2/fttrigon.h
/usr/include/freetype2/fttrigon.h
/usr/include/freetype2/ftpfr.h
/usr/include/freetype2/ftpfr.h
/usr/include/freetype2/ftsizes.h
/usr/include/freetype2/ftsizes.h
/usr/include/freetype2/ftrender.h
/usr/include/freetype2/ftrender.h
/usr/include/freetype2/ftsynth.h
/usr/include/freetype2/ftsynth.h
/usr/include/freetype2/ftglyph.h
/usr/include/freetype2/ftglyph.h
/usr/include/freetype2/ftlist.h
/usr/include/freetype2/ftlist.h
/usr/include/freetype2/ftchapters.h
/usr/include/freetype2/ftchapters.h
/usr/include/freetype2/ftbdf.h
/usr/include/freetype2/ftbdf.h
/usr/include/freetype2/fterrdef.h
/usr/include/freetype2/fterrdef.h
/usr/include/freetype2/ftcache.h
/usr/include/freetype2/ftcache.h
/usr/include/freetype2/ftgxval.h
/usr/include/freetype2/ftgxval.h
/usr/include/freetype2/ftgzip.h
/usr/include/freetype2/ftgzip.h
/usr/include/freetype2/ftwinfnt.h
/usr/include/freetype2/ftwinfnt.h
/usr/include/freetype2/ftbzip2.h
/usr/include/freetype2/ftbzip2.h
/usr/include/freetype2/ftmac.h
/usr/include/freetype2/ftmac.h
/usr/include/freetype2/freetype.h
/usr/include/freetype2/freetype.h
/usr/include/freetype2/freetype.h
/usr/include/freetype2/fttypes.h
/usr/include/freetype2/fttypes.h
/usr/include/freetype2/ftotval.h
/usr/include/freetype2/ftotval.h
/usr/include/freetype2/ftbbox.h
/usr/include/freetype2/ftbbox.h
/usr/include/freetype2/ftmm.h
/usr/include/freetype2/ftmm.h
/usr/include/freetype2/ftadvanc.h
/usr/include/freetype2/ftadvanc.h
/usr/include/freetype2/ftautoh.h
/usr/include/freetype2/ftautoh.h
/usr/include/freetype2/ftxf86.h
/usr/include/freetype2/ftxf86.h
/usr/include/freetype2/ftttdrv.h
/usr/include/freetype2/ftttdrv.h
/usr/include/freetype2/ftmoderr.h
/usr/include/freetype2/ftmoderr.h
/usr/include/freetype2/ftgasp.h
/usr/include/freetype2/ftgasp.h
/usr/include/freetype2/ftsnames.h
/usr/include/freetype2/ftsnames.h
/usr/include/freetype2/tttags.h
/usr/include/freetype2/tttags.h
/usr/include/freetype2/ttunpat.h
/usr/include/freetype2/ttunpat.h
/usr/include/freetype2/ftincrem.h
/usr/include/freetype2/ftincrem.h
/usr/include/freetype2/ftimage.h
/usr/include/freetype2/ftimage.h
/usr/include/freetype2/ttnameid.h
/usr/include/freetype2/ttnameid.h
/usr/include/freetype2/config/ftstdlib.h
/usr/include/freetype2/config/ftstdlib.h
/usr/include/freetype2/config/ftconfig.h
/usr/include/freetype2/config/ftconfig.h
/usr/include/freetype2/config/ftmodule.h
/usr/include/freetype2/config/ftmodule.h
/usr/include/freetype2/config/ftoption.h
/usr/include/freetype2/config/ftoption.h
/usr/include/freetype2/config/ftheader.h
/usr/include/freetype2/config/ftheader.h
/usr/include/freetype2/config/ftmodule.h
/usr/include/freetype2/config/ftmodule.h
/usr/include/freetype2/config/ftconfig.h
/usr/include/freetype2/config/ftconfig.h
/usr/include/freetype2/config/ftmodule.h
/usr/include/freetype2/config/ftmodule.h
/usr/bin/freetype-config
/usr/bin/freetype-config
/usr/share/aclocal/freetype2.m4
/usr/share/aclocal/freetype2.m4
/usr/lib/pkgconfig/freetype2.pc
/usr/lib/pkgconfig/freetype2.pc
/usr/share/man/man1/freetype-config.1
/usr/share/man/man1/freetype-config.1
