/usr/bin/_inst.12574_
/usr/bin/_inst.12574_
/usr/bin/_inst.12574_
/usr/bin/_inst.12574_
/usr/bin/_inst.12574_
/usr/bin/_inst.12574_
/usr/bin/_inst.12574_
/usr/bin/_inst.12574_
/usr/bin/_inst.12574_
/usr/bin/_inst.12574_
/usr/bin/_inst.12574_
/usr/bin/_inst.12574_
/usr/bin/_inst.12574_
/usr/bin/_inst.12574_
/usr/bin/gawk
/usr/bin/gawk-4.1.1
/usr/bin/awk
/usr/include/_inst.12610_
/usr/include/_inst.12610_
/usr/include/_inst.12610_
/usr/include/gawkapi.h
/usr/bin/_inst.12645_
/usr/bin/_inst.12645_
/usr/bin/_inst.12645_
/usr/bin/igawk
/usr/libexec/awk/_inst.12671_
/usr/libexec/awk/_inst.12671_
/usr/libexec/awk/_inst.12671_
/usr/libexec/awk/pwcat
/usr/libexec/awk/_inst.12671_
/usr/libexec/awk/_inst.12671_
/usr/libexec/awk/_inst.12671_
/usr/libexec/awk/grcat
/usr/share/awk/_inst.12708_
/usr/share/awk/_inst.12708_
/usr/share/awk/_inst.12708_
/usr/share/awk/passwd.awk
/usr/share/awk/_inst.12727_
/usr/share/awk/_inst.12727_
/usr/share/awk/_inst.12727_
/usr/share/awk/group.awk
/usr/share/awk/_inst.12744_
/usr/share/awk/_inst.12744_
/usr/share/awk/_inst.12744_
/usr/share/awk/assert.awk
/usr/share/awk/_inst.12762_
/usr/share/awk/_inst.12762_
/usr/share/awk/_inst.12762_
/usr/share/awk/bits2str.awk
/usr/share/awk/_inst.12780_
/usr/share/awk/_inst.12780_
/usr/share/awk/_inst.12780_
/usr/share/awk/cliff_rand.awk
/usr/share/awk/_inst.12798_
/usr/share/awk/_inst.12798_
/usr/share/awk/_inst.12798_
/usr/share/awk/ctime.awk
/usr/share/awk/_inst.12815_
/usr/share/awk/_inst.12815_
/usr/share/awk/_inst.12815_
/usr/share/awk/ftrans.awk
/usr/share/awk/_inst.12835_
/usr/share/awk/_inst.12835_
/usr/share/awk/_inst.12835_
/usr/share/awk/getopt.awk
/usr/share/awk/_inst.12852_
/usr/share/awk/_inst.12852_
/usr/share/awk/_inst.12852_
/usr/share/awk/gettime.awk
/usr/share/awk/_inst.12871_
/usr/share/awk/_inst.12871_
/usr/share/awk/_inst.12871_
/usr/share/awk/inplace.awk
/usr/share/awk/_inst.12888_
/usr/share/awk/_inst.12888_
/usr/share/awk/_inst.12888_
/usr/share/awk/join.awk
/usr/share/awk/_inst.12906_
/usr/share/awk/_inst.12906_
/usr/share/awk/_inst.12906_
/usr/share/awk/libintl.awk
/usr/share/awk/_inst.12924_
/usr/share/awk/_inst.12924_
/usr/share/awk/_inst.12924_
/usr/share/awk/noassign.awk
/usr/share/awk/_inst.12942_
/usr/share/awk/_inst.12942_
/usr/share/awk/_inst.12942_
/usr/share/awk/ord.awk
/usr/share/awk/_inst.12960_
/usr/share/awk/_inst.12960_
/usr/share/awk/_inst.12960_
/usr/share/awk/quicksort.awk
/usr/share/awk/_inst.12980_
/usr/share/awk/_inst.12980_
/usr/share/awk/_inst.12980_
/usr/share/awk/readable.awk
/usr/share/awk/_inst.12998_
/usr/share/awk/_inst.12998_
/usr/share/awk/_inst.12998_
/usr/share/awk/readfile.awk
/usr/share/awk/_inst.13016_
/usr/share/awk/_inst.13016_
/usr/share/awk/_inst.13016_
/usr/share/awk/rewind.awk
/usr/share/awk/_inst.13034_
/usr/share/awk/_inst.13034_
/usr/share/awk/_inst.13034_
/usr/share/awk/round.awk
/usr/share/awk/_inst.13051_
/usr/share/awk/_inst.13051_
/usr/share/awk/_inst.13051_
/usr/share/awk/strtonum.awk
/usr/share/awk/_inst.13070_
/usr/share/awk/_inst.13070_
/usr/share/awk/_inst.13070_
/usr/share/awk/walkarray.awk
/usr/share/awk/_inst.13088_
/usr/share/awk/_inst.13088_
/usr/share/awk/_inst.13088_
/usr/share/awk/zerofile.awk
/usr/share/info/_inst.13148_
/usr/share/info/_inst.13148_
/usr/share/info/_inst.13148_
/usr/share/info/_inst.13148_
/usr/share/info/_inst.13148_
/usr/share/info/_inst.13148_
/usr/share/info/_inst.13148_
/usr/share/info/_inst.13148_
/usr/share/info/_inst.13148_
/usr/share/info/_inst.13148_
/usr/share/info/_inst.13148_
/usr/share/info/_inst.13148_
/usr/share/info/_inst.13148_
/usr/share/info/_inst.13148_
/usr/share/info/gawk.info
/usr/share/info/_inst.13148_
/usr/share/info/_inst.13148_
/usr/share/info/_inst.13148_
/usr/share/info/_inst.13148_
/usr/share/info/gawkinet.info
/usr/share/info/dir
/usr/share/info/dir
/usr/share/info/dir
/usr/share/info/dir
/usr/share/info/dir
/usr/share/info/dir
/usr/share/info/dir
/usr/share/info/dir
/usr/share/info/dir
/usr/share/info/dir
/usr/share/info/dir
/usr/share/info/dir
/usr/share/info/dir
/usr/share/info/dir
/usr/share/info/dir
/usr/share/info/dir
/usr/share/info/dir
/usr/share/info/dir
/usr/share/info/dir
/usr/share/info/dir
/usr/share/info/dir
/usr/share/info/dir
/usr/share/info/dir
/usr/share/info/dir
/usr/share/info/dir
/usr/share/info/dir
/usr/share/info/dir
/usr/share/info/dir
/usr/share/info/dir
/usr/share/info/dir
/usr/share/info/dir
/usr/share/info/dir
/usr/share/info/dir
/usr/share/info/dir
/usr/share/info/dir
/usr/share/info/dir
/usr/share/info/dir
/usr/share/info/dir
/usr/share/info/dir
/usr/share/info/dir
/usr/share/info/dir
/usr/share/info/dir
/usr/share/man/man1/_inst.13216_
/usr/share/man/man1/_inst.13216_
/usr/share/man/man1/_inst.13216_
/usr/share/man/man1/gawk.1
/usr/share/man/man1/_inst.13216_
/usr/share/man/man1/_inst.13216_
/usr/share/man/man1/_inst.13216_
/usr/share/man/man1/igawk.1
/usr/share/locale/ca/LC_MESSAGES/_inst.13259_
/usr/share/locale/ca/LC_MESSAGES/_inst.13259_
/usr/share/locale/ca/LC_MESSAGES/_inst.13259_
/usr/share/locale/ca/LC_MESSAGES/gawk.mo
/usr/share/locale/da/LC_MESSAGES/_inst.13283_
/usr/share/locale/da/LC_MESSAGES/_inst.13283_
/usr/share/locale/da/LC_MESSAGES/_inst.13283_
/usr/share/locale/da/LC_MESSAGES/gawk.mo
/usr/share/locale/de/LC_MESSAGES/_inst.13309_
/usr/share/locale/de/LC_MESSAGES/_inst.13309_
/usr/share/locale/de/LC_MESSAGES/_inst.13309_
/usr/share/locale/de/LC_MESSAGES/gawk.mo
/usr/share/locale/es/LC_MESSAGES/_inst.13334_
/usr/share/locale/es/LC_MESSAGES/_inst.13334_
/usr/share/locale/es/LC_MESSAGES/_inst.13334_
/usr/share/locale/es/LC_MESSAGES/gawk.mo
/usr/share/locale/fi/LC_MESSAGES/_inst.13357_
/usr/share/locale/fi/LC_MESSAGES/_inst.13357_
/usr/share/locale/fi/LC_MESSAGES/_inst.13357_
/usr/share/locale/fi/LC_MESSAGES/gawk.mo
/usr/share/locale/fr/LC_MESSAGES/_inst.13383_
/usr/share/locale/fr/LC_MESSAGES/_inst.13383_
/usr/share/locale/fr/LC_MESSAGES/_inst.13383_
/usr/share/locale/fr/LC_MESSAGES/gawk.mo
/usr/share/locale/it/LC_MESSAGES/_inst.13406_
/usr/share/locale/it/LC_MESSAGES/_inst.13406_
/usr/share/locale/it/LC_MESSAGES/_inst.13406_
/usr/share/locale/it/LC_MESSAGES/gawk.mo
/usr/share/locale/ja/LC_MESSAGES/_inst.13430_
/usr/share/locale/ja/LC_MESSAGES/_inst.13430_
/usr/share/locale/ja/LC_MESSAGES/_inst.13430_
/usr/share/locale/ja/LC_MESSAGES/gawk.mo
/usr/share/locale/ms/LC_MESSAGES/_inst.13453_
/usr/share/locale/ms/LC_MESSAGES/_inst.13453_
/usr/share/locale/ms/LC_MESSAGES/_inst.13453_
/usr/share/locale/ms/LC_MESSAGES/gawk.mo
/usr/share/locale/nl/LC_MESSAGES/_inst.13478_
/usr/share/locale/nl/LC_MESSAGES/_inst.13478_
/usr/share/locale/nl/LC_MESSAGES/_inst.13478_
/usr/share/locale/nl/LC_MESSAGES/gawk.mo
/usr/share/locale/pl/LC_MESSAGES/_inst.13503_
/usr/share/locale/pl/LC_MESSAGES/_inst.13503_
/usr/share/locale/pl/LC_MESSAGES/_inst.13503_
/usr/share/locale/pl/LC_MESSAGES/gawk.mo
/usr/share/locale/sv/LC_MESSAGES/_inst.13529_
/usr/share/locale/sv/LC_MESSAGES/_inst.13529_
/usr/share/locale/sv/LC_MESSAGES/_inst.13529_
/usr/share/locale/sv/LC_MESSAGES/gawk.mo
/usr/share/locale/vi/LC_MESSAGES/_inst.13552_
/usr/share/locale/vi/LC_MESSAGES/_inst.13552_
/usr/share/locale/vi/LC_MESSAGES/_inst.13552_
/usr/share/locale/vi/LC_MESSAGES/gawk.mo
/usr/share/man/man3/_inst.13618_
/usr/share/man/man3/_inst.13618_
/usr/share/man/man3/_inst.13618_
/usr/share/man/man3/filefuncs.3am
/usr/share/man/man3/_inst.13618_
/usr/share/man/man3/_inst.13618_
/usr/share/man/man3/_inst.13618_
/usr/share/man/man3/fnmatch.3am
/usr/share/man/man3/_inst.13618_
/usr/share/man/man3/_inst.13618_
/usr/share/man/man3/_inst.13618_
/usr/share/man/man3/fork.3am
/usr/share/man/man3/_inst.13618_
/usr/share/man/man3/_inst.13618_
/usr/share/man/man3/_inst.13618_
/usr/share/man/man3/inplace.3am
/usr/share/man/man3/_inst.13618_
/usr/share/man/man3/_inst.13618_
/usr/share/man/man3/_inst.13618_
/usr/share/man/man3/ordchr.3am
/usr/share/man/man3/_inst.13618_
/usr/share/man/man3/_inst.13618_
/usr/share/man/man3/_inst.13618_
/usr/share/man/man3/readdir.3am
/usr/share/man/man3/_inst.13618_
/usr/share/man/man3/_inst.13618_
/usr/share/man/man3/_inst.13618_
/usr/share/man/man3/readfile.3am
/usr/share/man/man3/_inst.13618_
/usr/share/man/man3/_inst.13618_
/usr/share/man/man3/_inst.13618_
/usr/share/man/man3/revoutput.3am
/usr/share/man/man3/_inst.13618_
/usr/share/man/man3/_inst.13618_
/usr/share/man/man3/_inst.13618_
/usr/share/man/man3/revtwoway.3am
/usr/share/man/man3/_inst.13618_
/usr/share/man/man3/_inst.13618_
/usr/share/man/man3/_inst.13618_
/usr/share/man/man3/rwarray.3am
/usr/share/man/man3/_inst.13618_
/usr/share/man/man3/_inst.13618_
/usr/share/man/man3/_inst.13618_
/usr/share/man/man3/time.3am
/usr/lib/gawk/_inst.13879_
/usr/lib/gawk/_inst.13879_
/usr/lib/gawk/_inst.13879_
/usr/lib/gawk/filefuncs.so
/usr/lib/gawk/_inst.13889_
/usr/lib/gawk/_inst.13889_
/usr/lib/gawk/_inst.13889_
/usr/lib/gawk/filefuncs.la
/usr/lib/gawk/_inst.13902_
/usr/lib/gawk/_inst.13902_
/usr/lib/gawk/_inst.13902_
/usr/lib/gawk/fnmatch.so
/usr/lib/gawk/_inst.13914_
/usr/lib/gawk/_inst.13914_
/usr/lib/gawk/_inst.13914_
/usr/lib/gawk/fnmatch.la
/usr/lib/gawk/_inst.13927_
/usr/lib/gawk/_inst.13927_
/usr/lib/gawk/_inst.13927_
/usr/lib/gawk/fork.so
/usr/lib/gawk/_inst.13940_
/usr/lib/gawk/_inst.13940_
/usr/lib/gawk/_inst.13940_
/usr/lib/gawk/fork.la
/usr/lib/gawk/_inst.13951_
/usr/lib/gawk/_inst.13951_
/usr/lib/gawk/_inst.13951_
/usr/lib/gawk/inplace.so
/usr/lib/gawk/_inst.13964_
/usr/lib/gawk/_inst.13964_
/usr/lib/gawk/_inst.13964_
/usr/lib/gawk/inplace.la
/usr/lib/gawk/_inst.13976_
/usr/lib/gawk/_inst.13976_
/usr/lib/gawk/_inst.13976_
/usr/lib/gawk/ordchr.so
/usr/lib/gawk/_inst.13988_
/usr/lib/gawk/_inst.13988_
/usr/lib/gawk/_inst.13988_
/usr/lib/gawk/ordchr.la
/usr/lib/gawk/_inst.13999_
/usr/lib/gawk/_inst.13999_
/usr/lib/gawk/_inst.13999_
/usr/lib/gawk/readdir.so
/usr/lib/gawk/_inst.14011_
/usr/lib/gawk/_inst.14011_
/usr/lib/gawk/_inst.14011_
/usr/lib/gawk/readdir.la
/usr/lib/gawk/_inst.14023_
/usr/lib/gawk/_inst.14023_
/usr/lib/gawk/_inst.14023_
/usr/lib/gawk/readfile.so
/usr/lib/gawk/_inst.14036_
/usr/lib/gawk/_inst.14036_
/usr/lib/gawk/_inst.14036_
/usr/lib/gawk/readfile.la
/usr/lib/gawk/_inst.14049_
/usr/lib/gawk/_inst.14049_
/usr/lib/gawk/_inst.14049_
/usr/lib/gawk/revoutput.so
/usr/lib/gawk/_inst.14062_
/usr/lib/gawk/_inst.14062_
/usr/lib/gawk/_inst.14062_
/usr/lib/gawk/revoutput.la
/usr/lib/gawk/_inst.14072_
/usr/lib/gawk/_inst.14072_
/usr/lib/gawk/_inst.14072_
/usr/lib/gawk/revtwoway.so
/usr/lib/gawk/_inst.14084_
/usr/lib/gawk/_inst.14084_
/usr/lib/gawk/_inst.14084_
/usr/lib/gawk/revtwoway.la
/usr/lib/gawk/_inst.14094_
/usr/lib/gawk/_inst.14094_
/usr/lib/gawk/_inst.14094_
/usr/lib/gawk/rwarray.so
/usr/lib/gawk/_inst.14106_
/usr/lib/gawk/_inst.14106_
/usr/lib/gawk/_inst.14106_
/usr/lib/gawk/rwarray.la
/usr/lib/gawk/_inst.14119_
/usr/lib/gawk/_inst.14119_
/usr/lib/gawk/_inst.14119_
/usr/lib/gawk/testext.so
/usr/lib/gawk/_inst.14129_
/usr/lib/gawk/_inst.14129_
/usr/lib/gawk/_inst.14129_
/usr/lib/gawk/testext.la
/usr/lib/gawk/_inst.14139_
/usr/lib/gawk/_inst.14139_
/usr/lib/gawk/_inst.14139_
/usr/lib/gawk/time.so
/usr/lib/gawk/_inst.14151_
/usr/lib/gawk/_inst.14151_
/usr/lib/gawk/_inst.14151_
/usr/lib/gawk/time.la
