/usr/share/info/gmp.info
/usr/share/info/gmp.info
/usr/share/info/gmp.info-1
/usr/share/info/gmp.info-1
/usr/share/info/gmp.info-1
/usr/share/info/gmp.info-1
/usr/share/info/gmp.info-2
/usr/share/info/gmp.info-2
/usr/share/info/gmp.info-2
/usr/share/info/dir
/usr/share/info/dir
/usr/share/info/dir
/usr/share/info/dir
/usr/share/info/dir
/usr/share/info/dir
/usr/share/info/dir
/usr/share/info/dir
/usr/share/info/dir
/usr/share/info/dir
/usr/share/info/dir
/usr/share/info/dir
/usr/share/info/dir
/usr/share/info/dir
/usr/share/info/dir
/usr/share/info/dir
/usr/share/info/dir
/usr/share/info/dir
/usr/lib/libgmp.so.10.2.0
/usr/lib/libgmp.so.10.2.0
/usr/lib/libgmp.so.10.2.0
/usr/lib/libgmp.so.10.2.0
/usr/lib/libgmp.so.10.2.0
/usr/lib/libgmp.so.10
/usr/lib/libgmp.so
/usr/lib/libgmp.la
/usr/lib/libgmp.la
/usr/lib/libgmpxx.so.4.4.0
/usr/lib/libgmpxx.so.4.4.0
/usr/lib/libgmpxx.so.4
/usr/lib/libgmpxx.so
/usr/lib/libgmpxx.la
/usr/lib/libgmpxx.la
/usr/lib/libgmp.a
/usr/lib/libgmp.a
/usr/lib/libgmp.a
/usr/lib/libgmp.a
/usr/lib/libgmp.a
/usr/lib/libgmp.a
/usr/lib/libgmp.a
/usr/lib/libgmp.a
/usr/lib/libgmp.a
/usr/lib/stPGxJgZ
/usr/lib/stPGxJgZ
/usr/lib/stPGxJgZ
/usr/lib/stPGxJgZ
/usr/lib/stPGxJgZ
/usr/lib/stPGxJgZ
/usr/lib/stPGxJgZ
/usr/lib/stPGxJgZ
/usr/lib/stPGxJgZ
/usr/lib/stPGxJgZ
/usr/lib/stPGxJgZ
/usr/lib/stPGxJgZ
/usr/lib/stPGxJgZ
/usr/lib/stPGxJgZ
/usr/lib/stPGxJgZ
/usr/lib/stPGxJgZ
/usr/lib/stPGxJgZ
/usr/lib/stPGxJgZ
/usr/lib/stPGxJgZ
/usr/lib/stPGxJgZ
/usr/lib/stPGxJgZ
/usr/lib/stPGxJgZ
/usr/lib/stPGxJgZ
/usr/lib/stPGxJgZ
/usr/lib/stPGxJgZ
/usr/lib/stPGxJgZ
/usr/lib/stPGxJgZ
/usr/lib/stPGxJgZ
/usr/lib/stPGxJgZ
/usr/lib/stPGxJgZ
/usr/lib/stPGxJgZ
/usr/lib/stPGxJgZ
/usr/lib/stPGxJgZ
/usr/lib/stPGxJgZ
/usr/lib/stPGxJgZ
/usr/lib/stPGxJgZ
/usr/lib/stPGxJgZ
/usr/lib/stPGxJgZ
/usr/lib/stPGxJgZ
/usr/lib/stPGxJgZ
/usr/lib/stPGxJgZ
/usr/lib/stPGxJgZ
/usr/lib/stPGxJgZ
/usr/lib/stPGxJgZ
/usr/lib/stPGxJgZ
/usr/lib/stPGxJgZ
/usr/lib/stPGxJgZ
/usr/lib/stPGxJgZ
/usr/lib/stPGxJgZ
/usr/lib/stPGxJgZ
/usr/lib/stPGxJgZ
/usr/lib/stPGxJgZ
/usr/lib/stPGxJgZ
/usr/lib/stPGxJgZ
/usr/lib/stPGxJgZ
/usr/lib/stPGxJgZ
/usr/lib/stPGxJgZ
/usr/lib/stPGxJgZ
/usr/lib/stPGxJgZ
/usr/lib/stPGxJgZ
/usr/lib/stPGxJgZ
/usr/lib/stPGxJgZ
/usr/lib/stPGxJgZ
/usr/lib/stPGxJgZ
/usr/lib/stPGxJgZ
/usr/lib/stPGxJgZ
/usr/lib/stPGxJgZ
/usr/lib/stPGxJgZ
/usr/lib/stPGxJgZ
/usr/lib/stPGxJgZ
/usr/lib/stPGxJgZ
/usr/lib/stPGxJgZ
/usr/lib/stPGxJgZ
/usr/lib/stPGxJgZ
/usr/lib/stPGxJgZ
/usr/lib/stPGxJgZ
/usr/lib/stPGxJgZ
/usr/lib/stPGxJgZ
/usr/lib/stPGxJgZ
/usr/lib/stPGxJgZ
/usr/lib/stPGxJgZ
/usr/lib/stPGxJgZ
/usr/lib/stPGxJgZ
/usr/lib/stPGxJgZ
/usr/lib/stPGxJgZ
/usr/lib/stPGxJgZ
/usr/lib/stPGxJgZ
/usr/lib/stPGxJgZ
/usr/lib/stPGxJgZ
/usr/lib/stPGxJgZ
/usr/lib/stPGxJgZ
/usr/lib/stPGxJgZ
/usr/lib/stPGxJgZ
/usr/lib/stPGxJgZ
/usr/lib/stPGxJgZ
/usr/lib/stPGxJgZ
/usr/lib/stPGxJgZ
/usr/lib/stPGxJgZ
/usr/lib/stPGxJgZ
/usr/lib/stPGxJgZ
/usr/lib/stPGxJgZ
/usr/lib/stPGxJgZ
/usr/lib/stPGxJgZ
/usr/lib/stPGxJgZ
/usr/lib/stPGxJgZ
/usr/lib/stPGxJgZ
/usr/lib/stPGxJgZ
/usr/lib/stPGxJgZ
/usr/lib/stPGxJgZ
/usr/lib/stPGxJgZ
/usr/lib/stPGxJgZ
/usr/lib/stPGxJgZ
/usr/lib/stPGxJgZ
/usr/lib/stPGxJgZ
/usr/lib/stPGxJgZ
/usr/lib/stPGxJgZ
/usr/lib/stPGxJgZ
/usr/lib/stPGxJgZ
/usr/lib/stPGxJgZ
/usr/lib/stPGxJgZ
/usr/lib/stPGxJgZ
/usr/lib/stPGxJgZ
/usr/lib/stPGxJgZ
/usr/lib/stPGxJgZ
/usr/lib/stPGxJgZ
/usr/lib/stPGxJgZ
/usr/lib/stPGxJgZ
/usr/lib/stPGxJgZ
/usr/lib/stPGxJgZ
/usr/lib/stPGxJgZ
/usr/lib/stPGxJgZ
/usr/lib/stPGxJgZ
/usr/lib/stPGxJgZ
/usr/lib/stPGxJgZ
/usr/lib/stPGxJgZ
/usr/lib/stPGxJgZ
/usr/lib/stPGxJgZ
/usr/lib/stPGxJgZ
/usr/lib/stPGxJgZ
/usr/lib/stPGxJgZ
/usr/lib/stPGxJgZ
/usr/lib/stPGxJgZ
/usr/lib/stPGxJgZ
/usr/lib/stPGxJgZ
/usr/lib/stPGxJgZ
/usr/lib/stPGxJgZ
/usr/lib/stPGxJgZ
/usr/lib/stPGxJgZ
/usr/lib/stPGxJgZ
/usr/lib/stPGxJgZ
/usr/lib/stPGxJgZ
/usr/lib/stPGxJgZ
/usr/lib/stPGxJgZ
/usr/lib/stPGxJgZ
/usr/lib/stPGxJgZ
/usr/lib/stPGxJgZ
/usr/lib/stPGxJgZ
/usr/lib/stPGxJgZ
/usr/lib/stPGxJgZ
/usr/lib/stPGxJgZ
/usr/lib/stPGxJgZ
/usr/lib/stPGxJgZ
/usr/lib/stPGxJgZ
/usr/lib/stPGxJgZ
/usr/lib/stPGxJgZ
/usr/lib/stPGxJgZ
/usr/lib/stPGxJgZ
/usr/lib/stPGxJgZ
/usr/lib/stPGxJgZ
/usr/lib/stPGxJgZ
/usr/lib/stPGxJgZ
/usr/lib/stPGxJgZ
/usr/lib/stPGxJgZ
/usr/lib/stPGxJgZ
/usr/lib/stPGxJgZ
/usr/lib/stPGxJgZ
/usr/lib/stPGxJgZ
/usr/lib/stPGxJgZ
/usr/lib/stPGxJgZ
/usr/lib/stPGxJgZ
/usr/lib/stPGxJgZ
/usr/lib/stPGxJgZ
/usr/lib/stPGxJgZ
/usr/lib/stPGxJgZ
/usr/lib/stPGxJgZ
/usr/lib/stPGxJgZ
/usr/lib/stPGxJgZ
/usr/lib/stPGxJgZ
/usr/lib/stPGxJgZ
/usr/lib/stPGxJgZ
/usr/lib/stPGxJgZ
/usr/lib/stPGxJgZ
/usr/lib/stPGxJgZ
/usr/lib/stPGxJgZ
/usr/lib/stPGxJgZ
/usr/lib/stPGxJgZ
/usr/lib/stPGxJgZ
/usr/lib/stPGxJgZ
/usr/lib/stPGxJgZ
/usr/lib/stPGxJgZ
/usr/lib/stPGxJgZ
/usr/lib/stPGxJgZ
/usr/lib/stPGxJgZ
/usr/lib/stPGxJgZ
/usr/lib/stPGxJgZ
/usr/lib/stPGxJgZ
/usr/lib/stPGxJgZ
/usr/lib/stPGxJgZ
/usr/lib/stPGxJgZ
/usr/lib/stPGxJgZ
/usr/lib/stPGxJgZ
/usr/lib/stPGxJgZ
/usr/lib/stPGxJgZ
/usr/lib/stPGxJgZ
/usr/lib/stPGxJgZ
/usr/lib/stPGxJgZ
/usr/lib/stPGxJgZ
/usr/lib/stPGxJgZ
/usr/lib/stPGxJgZ
/usr/lib/stPGxJgZ
/usr/lib/stPGxJgZ
/usr/lib/stPGxJgZ
/usr/lib/stPGxJgZ
/usr/lib/stPGxJgZ
/usr/lib/stPGxJgZ
/usr/lib/stPGxJgZ
/usr/lib/stPGxJgZ
/usr/lib/stPGxJgZ
/usr/lib/stPGxJgZ
/usr/lib/stPGxJgZ
/usr/lib/stPGxJgZ
/usr/lib/stPGxJgZ
/usr/lib/stPGxJgZ
/usr/lib/stPGxJgZ
/usr/lib/stPGxJgZ
/usr/lib/stPGxJgZ
/usr/lib/stPGxJgZ
/usr/lib/stPGxJgZ
/usr/lib/stPGxJgZ
/usr/lib/stPGxJgZ
/usr/lib/stPGxJgZ
/usr/lib/stPGxJgZ
/usr/lib/stPGxJgZ
/usr/lib/stPGxJgZ
/usr/lib/stPGxJgZ
/usr/lib/stPGxJgZ
/usr/lib/stPGxJgZ
/usr/lib/stPGxJgZ
/usr/lib/stPGxJgZ
/usr/lib/libgmp.a
/usr/lib/libgmpxx.a
/usr/lib/libgmpxx.a
/usr/lib/staLglM2
/usr/lib/staLglM2
/usr/lib/staLglM2
/usr/lib/staLglM2
/usr/lib/staLglM2
/usr/lib/staLglM2
/usr/lib/staLglM2
/usr/lib/staLglM2
/usr/lib/staLglM2
/usr/lib/staLglM2
/usr/lib/staLglM2
/usr/lib/staLglM2
/usr/lib/staLglM2
/usr/lib/libgmpxx.a
/usr/include/gmp.h
/usr/include/gmp.h
/usr/include/gmpxx.h
/usr/include/gmpxx.h
