/usr/bin/groff
/usr/bin/groff
/usr/bin/groff
/usr/share/man/man1/groff.1
/usr/share/man/man1/groff.1
/usr/bin/troff
/usr/bin/troff
/usr/bin/troff
/usr/bin/troff
/usr/bin/troff
/usr/bin/troff
/usr/bin/troff
/usr/bin/troff
/usr/bin/troff
/usr/bin/troff
/usr/bin/troff
/usr/bin/troff
/usr/bin/troff
/usr/bin/troff
/usr/share/man/man1/troff.1
/usr/share/man/man1/troff.1
/usr/bin/preconv
/usr/bin/preconv
/usr/share/man/man1/preconv.1
/usr/share/man/man1/preconv.1
/usr/bin/tbl
/usr/bin/tbl
/usr/bin/tbl
/usr/bin/tbl
/usr/share/man/man1/tbl.1
/usr/share/man/man1/tbl.1
/usr/bin/pic
/usr/bin/pic
/usr/bin/pic
/usr/bin/pic
/usr/bin/pic
/usr/share/man/man1/pic.1
/usr/share/man/man1/pic.1
/usr/bin/eqn
/usr/bin/eqn
/usr/bin/eqn
/usr/bin/eqn
/usr/bin/eqn
/usr/share/man/man1/eqn.1
/usr/share/man/man1/eqn.1
/usr/share/man/man1/neqn.1
/usr/share/man/man1/neqn.1
/usr/bin/neqn
/usr/bin/neqn
/usr/bin/grn
/usr/bin/grn
/usr/bin/grn
/usr/share/man/man1/grn.1
/usr/share/man/man1/grn.1
/usr/bin/refer
/usr/bin/refer
/usr/bin/refer
/usr/bin/refer
/usr/bin/refer
/usr/share/man/man1/refer.1
/usr/share/man/man1/refer.1
/usr/bin/soelim
/usr/bin/soelim
/usr/share/man/man1/soelim.1
/usr/share/man/man1/soelim.1
/usr/bin/pre-grohtml
/usr/bin/pre-grohtml
/usr/bin/pre-grohtml
/usr/bin/pre-grohtml
/usr/bin/grops
/usr/bin/grops
/usr/bin/grops
/usr/bin/grops
/usr/bin/grops
/usr/share/man/man1/grops.1
/usr/share/man/man1/grops.1
/usr/bin/grotty
/usr/bin/grotty
/usr/bin/grotty
/usr/bin/grotty
/usr/share/man/man1/grotty.1
/usr/share/man/man1/grotty.1
/usr/bin/grodvi
/usr/bin/grodvi
/usr/bin/grodvi
/usr/bin/grodvi
/usr/share/man/man1/grodvi.1
/usr/share/man/man1/grodvi.1
/usr/bin/grolj4
/usr/bin/grolj4
/usr/bin/grolj4
/usr/bin/grolj4
/usr/share/man/man1/grolj4.1
/usr/share/man/man1/grolj4.1
/usr/share/man/man5/lj4_font.5
/usr/share/man/man5/lj4_font.5
/usr/bin/post-grohtml
/usr/bin/post-grohtml
/usr/bin/post-grohtml
/usr/bin/post-grohtml
/usr/bin/post-grohtml
/usr/bin/post-grohtml
/usr/share/man/man1/grohtml.1
/usr/share/man/man1/grohtml.1
/usr/bin/grolbp
/usr/bin/grolbp
/usr/bin/grolbp
/usr/bin/grolbp
/usr/share/man/man1/grolbp.1
/usr/share/man/man1/grolbp.1
/usr/bin/tfmtodit
/usr/bin/tfmtodit
/usr/share/man/man1/tfmtodit.1
/usr/share/man/man1/tfmtodit.1
/usr/bin/hpftodit
/usr/bin/hpftodit
/usr/bin/hpftodit
/usr/share/man/man1/hpftodit.1
/usr/share/man/man1/hpftodit.1
/usr/bin/lookbib
/usr/bin/lookbib
/usr/bin/lookbib
/usr/share/man/man1/lookbib.1
/usr/share/man/man1/lookbib.1
/usr/bin/indxbib
/usr/bin/indxbib
/usr/share/man/man1/indxbib.1
/usr/share/man/man1/indxbib.1
/usr/share/groff/1.22.2/eign
/usr/share/groff/1.22.2/eign
/usr/bin/lkbib
/usr/bin/lkbib
/usr/bin/lkbib
/usr/share/man/man1/lkbib.1
/usr/share/man/man1/lkbib.1
/usr/bin/addftinfo
/usr/bin/addftinfo
/usr/share/man/man1/addftinfo.1
/usr/share/man/man1/addftinfo.1
/usr/bin/pfbtops
/usr/bin/pfbtops
/usr/share/man/man1/pfbtops.1
/usr/share/man/man1/pfbtops.1
/usr/share/groff/1.22.2/font/devps/DESC
/usr/share/groff/1.22.2/font/devps/DESC
/usr/share/groff/1.22.2/font/devps/prologue
/usr/share/groff/1.22.2/font/devps/prologue
/usr/share/groff/1.22.2/font/devps/symbolsl.pfa
/usr/share/groff/1.22.2/font/devps/symbolsl.pfa
/usr/share/groff/1.22.2/font/devps/zapfdr.pfa
/usr/share/groff/1.22.2/font/devps/zapfdr.pfa
/usr/share/groff/1.22.2/font/devps/S
/usr/share/groff/1.22.2/font/devps/S
/usr/share/groff/1.22.2/font/devps/SS
/usr/share/groff/1.22.2/font/devps/SS
/usr/share/groff/1.22.2/font/devps/ZD
/usr/share/groff/1.22.2/font/devps/ZD
/usr/share/groff/1.22.2/font/devps/ZDR
/usr/share/groff/1.22.2/font/devps/ZDR
/usr/share/groff/1.22.2/font/devps/ZCMI
/usr/share/groff/1.22.2/font/devps/ZCMI
/usr/share/groff/1.22.2/font/devps/AB
/usr/share/groff/1.22.2/font/devps/AB
/usr/share/groff/1.22.2/font/devps/ABI
/usr/share/groff/1.22.2/font/devps/ABI
/usr/share/groff/1.22.2/font/devps/AI
/usr/share/groff/1.22.2/font/devps/AI
/usr/share/groff/1.22.2/font/devps/AR
/usr/share/groff/1.22.2/font/devps/AR
/usr/share/groff/1.22.2/font/devps/BMB
/usr/share/groff/1.22.2/font/devps/BMB
/usr/share/groff/1.22.2/font/devps/BMBI
/usr/share/groff/1.22.2/font/devps/BMBI
/usr/share/groff/1.22.2/font/devps/BMI
/usr/share/groff/1.22.2/font/devps/BMI
/usr/share/groff/1.22.2/font/devps/BMR
/usr/share/groff/1.22.2/font/devps/BMR
/usr/share/groff/1.22.2/font/devps/CB
/usr/share/groff/1.22.2/font/devps/CB
/usr/share/groff/1.22.2/font/devps/CBI
/usr/share/groff/1.22.2/font/devps/CBI
/usr/share/groff/1.22.2/font/devps/CI
/usr/share/groff/1.22.2/font/devps/CI
/usr/share/groff/1.22.2/font/devps/CR
/usr/share/groff/1.22.2/font/devps/CR
/usr/share/groff/1.22.2/font/devps/HB
/usr/share/groff/1.22.2/font/devps/HB
/usr/share/groff/1.22.2/font/devps/HBI
/usr/share/groff/1.22.2/font/devps/HBI
/usr/share/groff/1.22.2/font/devps/HI
/usr/share/groff/1.22.2/font/devps/HI
/usr/share/groff/1.22.2/font/devps/HR
/usr/share/groff/1.22.2/font/devps/HR
/usr/share/groff/1.22.2/font/devps/HNB
/usr/share/groff/1.22.2/font/devps/HNB
/usr/share/groff/1.22.2/font/devps/HNBI
/usr/share/groff/1.22.2/font/devps/HNBI
/usr/share/groff/1.22.2/font/devps/HNI
/usr/share/groff/1.22.2/font/devps/HNI
/usr/share/groff/1.22.2/font/devps/HNR
/usr/share/groff/1.22.2/font/devps/HNR
/usr/share/groff/1.22.2/font/devps/NB
/usr/share/groff/1.22.2/font/devps/NB
/usr/share/groff/1.22.2/font/devps/NBI
/usr/share/groff/1.22.2/font/devps/NBI
/usr/share/groff/1.22.2/font/devps/NI
/usr/share/groff/1.22.2/font/devps/NI
/usr/share/groff/1.22.2/font/devps/NR
/usr/share/groff/1.22.2/font/devps/NR
/usr/share/groff/1.22.2/font/devps/PB
/usr/share/groff/1.22.2/font/devps/PB
/usr/share/groff/1.22.2/font/devps/PBI
/usr/share/groff/1.22.2/font/devps/PBI
/usr/share/groff/1.22.2/font/devps/PI
/usr/share/groff/1.22.2/font/devps/PI
/usr/share/groff/1.22.2/font/devps/PR
/usr/share/groff/1.22.2/font/devps/PR
/usr/share/groff/1.22.2/font/devps/TB
/usr/share/groff/1.22.2/font/devps/TB
/usr/share/groff/1.22.2/font/devps/TBI
/usr/share/groff/1.22.2/font/devps/TBI
/usr/share/groff/1.22.2/font/devps/TI
/usr/share/groff/1.22.2/font/devps/TI
/usr/share/groff/1.22.2/font/devps/TR
/usr/share/groff/1.22.2/font/devps/TR
/usr/share/groff/1.22.2/font/devps/EURO
/usr/share/groff/1.22.2/font/devps/EURO
/usr/share/groff/1.22.2/font/devps/freeeuro.pfa
/usr/share/groff/1.22.2/font/devps/freeeuro.pfa
/usr/share/groff/1.22.2/font/devps/freeeuro.afm
/usr/share/groff/1.22.2/font/devps/freeeuro.afm
/usr/share/groff/1.22.2/font/devps/text.enc
/usr/share/groff/1.22.2/font/devps/text.enc
/usr/share/groff/1.22.2/font/devps/download
/usr/share/groff/1.22.2/font/devps/download
/usr/share/groff/1.22.2/font/devps/generate/Makefile
/usr/share/groff/1.22.2/font/devps/generate/Makefile
/usr/share/groff/1.22.2/font/devps/generate/dingbats.map
/usr/share/groff/1.22.2/font/devps/generate/dingbats.map
/usr/share/groff/1.22.2/font/devps/generate/dingbats.rmap
/usr/share/groff/1.22.2/font/devps/generate/dingbats.rmap
/usr/share/groff/1.22.2/font/devps/generate/lgreekmap
/usr/share/groff/1.22.2/font/devps/generate/lgreekmap
/usr/share/groff/1.22.2/font/devps/generate/symbolchars
/usr/share/groff/1.22.2/font/devps/generate/symbolchars
/usr/share/groff/1.22.2/font/devps/generate/symbolsl.afm
/usr/share/groff/1.22.2/font/devps/generate/symbolsl.afm
/usr/share/groff/1.22.2/font/devps/generate/textmap
/usr/share/groff/1.22.2/font/devps/generate/textmap
/usr/share/groff/1.22.2/oldfont/devps/S
/usr/share/groff/1.22.2/oldfont/devps/S
/usr/share/groff/1.22.2/oldfont/devps/SS
/usr/share/groff/1.22.2/oldfont/devps/SS
/usr/share/groff/1.22.2/oldfont/devps/CB
/usr/share/groff/1.22.2/oldfont/devps/CB
/usr/share/groff/1.22.2/oldfont/devps/CBI
/usr/share/groff/1.22.2/oldfont/devps/CBI
/usr/share/groff/1.22.2/oldfont/devps/CI
/usr/share/groff/1.22.2/oldfont/devps/CI
/usr/share/groff/1.22.2/oldfont/devps/CR
/usr/share/groff/1.22.2/oldfont/devps/CR
/usr/share/groff/1.22.2/oldfont/devps/HB
/usr/share/groff/1.22.2/oldfont/devps/HB
/usr/share/groff/1.22.2/oldfont/devps/HBI
/usr/share/groff/1.22.2/oldfont/devps/HBI
/usr/share/groff/1.22.2/oldfont/devps/HI
/usr/share/groff/1.22.2/oldfont/devps/HI
/usr/share/groff/1.22.2/oldfont/devps/HR
/usr/share/groff/1.22.2/oldfont/devps/HR
/usr/share/groff/1.22.2/oldfont/devps/HNB
/usr/share/groff/1.22.2/oldfont/devps/HNB
/usr/share/groff/1.22.2/oldfont/devps/HNBI
/usr/share/groff/1.22.2/oldfont/devps/HNBI
/usr/share/groff/1.22.2/oldfont/devps/HNI
/usr/share/groff/1.22.2/oldfont/devps/HNI
/usr/share/groff/1.22.2/oldfont/devps/HNR
/usr/share/groff/1.22.2/oldfont/devps/HNR
/usr/share/groff/1.22.2/oldfont/devps/NB
/usr/share/groff/1.22.2/oldfont/devps/NB
/usr/share/groff/1.22.2/oldfont/devps/NBI
/usr/share/groff/1.22.2/oldfont/devps/NBI
/usr/share/groff/1.22.2/oldfont/devps/NI
/usr/share/groff/1.22.2/oldfont/devps/NI
/usr/share/groff/1.22.2/oldfont/devps/NR
/usr/share/groff/1.22.2/oldfont/devps/NR
/usr/share/groff/1.22.2/oldfont/devps/PB
/usr/share/groff/1.22.2/oldfont/devps/PB
/usr/share/groff/1.22.2/oldfont/devps/PBI
/usr/share/groff/1.22.2/oldfont/devps/PBI
/usr/share/groff/1.22.2/oldfont/devps/PI
/usr/share/groff/1.22.2/oldfont/devps/PI
/usr/share/groff/1.22.2/oldfont/devps/PR
/usr/share/groff/1.22.2/oldfont/devps/PR
/usr/share/groff/1.22.2/oldfont/devps/TB
/usr/share/groff/1.22.2/oldfont/devps/TB
/usr/share/groff/1.22.2/oldfont/devps/TBI
/usr/share/groff/1.22.2/oldfont/devps/TBI
/usr/share/groff/1.22.2/oldfont/devps/TI
/usr/share/groff/1.22.2/oldfont/devps/TI
/usr/share/groff/1.22.2/oldfont/devps/TR
/usr/share/groff/1.22.2/oldfont/devps/TR
/usr/share/groff/1.22.2/oldfont/devps/symbol.afm
/usr/share/groff/1.22.2/oldfont/devps/symbol.afm
/usr/share/groff/1.22.2/oldfont/devps/symbolsl.afm
/usr/share/groff/1.22.2/oldfont/devps/symbolsl.afm
/usr/share/groff/1.22.2/oldfont/devps/zapfdr.afm
/usr/share/groff/1.22.2/oldfont/devps/zapfdr.afm
/usr/share/groff/1.22.2/oldfont/devps/zapfdr.ps
/usr/share/groff/1.22.2/oldfont/devps/zapfdr.ps
/usr/share/groff/1.22.2/font/devps/generate/afmname
/usr/share/groff/1.22.2/font/devps/generate/afmname
/usr/share/groff/1.22.2/font/devps/generate/symbol.sed
/usr/share/groff/1.22.2/font/devps/generate/symbol.sed
/usr/share/groff/1.22.2/font/devdvi/DESC
/usr/share/groff/1.22.2/font/devdvi/DESC
/usr/share/groff/1.22.2/font/devdvi/TR
/usr/share/groff/1.22.2/font/devdvi/TR
/usr/share/groff/1.22.2/font/devdvi/TI
/usr/share/groff/1.22.2/font/devdvi/TI
/usr/share/groff/1.22.2/font/devdvi/TB
/usr/share/groff/1.22.2/font/devdvi/TB
/usr/share/groff/1.22.2/font/devdvi/TBI
/usr/share/groff/1.22.2/font/devdvi/TBI
/usr/share/groff/1.22.2/font/devdvi/CW
/usr/share/groff/1.22.2/font/devdvi/CW
/usr/share/groff/1.22.2/font/devdvi/CWI
/usr/share/groff/1.22.2/font/devdvi/CWI
/usr/share/groff/1.22.2/font/devdvi/HR
/usr/share/groff/1.22.2/font/devdvi/HR
/usr/share/groff/1.22.2/font/devdvi/HI
/usr/share/groff/1.22.2/font/devdvi/HI
/usr/share/groff/1.22.2/font/devdvi/HB
/usr/share/groff/1.22.2/font/devdvi/HB
/usr/share/groff/1.22.2/font/devdvi/HBI
/usr/share/groff/1.22.2/font/devdvi/HBI
/usr/share/groff/1.22.2/font/devdvi/TREC
/usr/share/groff/1.22.2/font/devdvi/TREC
/usr/share/groff/1.22.2/font/devdvi/TIEC
/usr/share/groff/1.22.2/font/devdvi/TIEC
/usr/share/groff/1.22.2/font/devdvi/TBEC
/usr/share/groff/1.22.2/font/devdvi/TBEC
/usr/share/groff/1.22.2/font/devdvi/TBIEC
/usr/share/groff/1.22.2/font/devdvi/TBIEC
/usr/share/groff/1.22.2/font/devdvi/CWEC
/usr/share/groff/1.22.2/font/devdvi/CWEC
/usr/share/groff/1.22.2/font/devdvi/CWIEC
/usr/share/groff/1.22.2/font/devdvi/CWIEC
/usr/share/groff/1.22.2/font/devdvi/HREC
/usr/share/groff/1.22.2/font/devdvi/HREC
/usr/share/groff/1.22.2/font/devdvi/HIEC
/usr/share/groff/1.22.2/font/devdvi/HIEC
/usr/share/groff/1.22.2/font/devdvi/HBEC
/usr/share/groff/1.22.2/font/devdvi/HBEC
/usr/share/groff/1.22.2/font/devdvi/HBIEC
/usr/share/groff/1.22.2/font/devdvi/HBIEC
/usr/share/groff/1.22.2/font/devdvi/TRTC
/usr/share/groff/1.22.2/font/devdvi/TRTC
/usr/share/groff/1.22.2/font/devdvi/TITC
/usr/share/groff/1.22.2/font/devdvi/TITC
/usr/share/groff/1.22.2/font/devdvi/TBTC
/usr/share/groff/1.22.2/font/devdvi/TBTC
/usr/share/groff/1.22.2/font/devdvi/TBITC
/usr/share/groff/1.22.2/font/devdvi/TBITC
/usr/share/groff/1.22.2/font/devdvi/CWTC
/usr/share/groff/1.22.2/font/devdvi/CWTC
/usr/share/groff/1.22.2/font/devdvi/CWITC
/usr/share/groff/1.22.2/font/devdvi/CWITC
/usr/share/groff/1.22.2/font/devdvi/HRTC
/usr/share/groff/1.22.2/font/devdvi/HRTC
/usr/share/groff/1.22.2/font/devdvi/HITC
/usr/share/groff/1.22.2/font/devdvi/HITC
/usr/share/groff/1.22.2/font/devdvi/HBTC
/usr/share/groff/1.22.2/font/devdvi/HBTC
/usr/share/groff/1.22.2/font/devdvi/HBITC
/usr/share/groff/1.22.2/font/devdvi/HBITC
/usr/share/groff/1.22.2/font/devdvi/MI
/usr/share/groff/1.22.2/font/devdvi/MI
/usr/share/groff/1.22.2/font/devdvi/S
/usr/share/groff/1.22.2/font/devdvi/S
/usr/share/groff/1.22.2/font/devdvi/EX
/usr/share/groff/1.22.2/font/devdvi/EX
/usr/share/groff/1.22.2/font/devdvi/SA
/usr/share/groff/1.22.2/font/devdvi/SA
/usr/share/groff/1.22.2/font/devdvi/SB
/usr/share/groff/1.22.2/font/devdvi/SB
/usr/share/groff/1.22.2/font/devdvi/SC
/usr/share/groff/1.22.2/font/devdvi/SC
/usr/share/groff/1.22.2/font/devdvi/generate/Makefile
/usr/share/groff/1.22.2/font/devdvi/generate/Makefile
/usr/share/groff/1.22.2/font/devdvi/generate/msam.map
/usr/share/groff/1.22.2/font/devdvi/generate/msam.map
/usr/share/groff/1.22.2/font/devdvi/generate/msbm.map
/usr/share/groff/1.22.2/font/devdvi/generate/msbm.map
/usr/share/groff/1.22.2/font/devdvi/generate/texb.map
/usr/share/groff/1.22.2/font/devdvi/generate/texb.map
/usr/share/groff/1.22.2/font/devdvi/generate/texex.map
/usr/share/groff/1.22.2/font/devdvi/generate/texex.map
/usr/share/groff/1.22.2/font/devdvi/generate/texi.map
/usr/share/groff/1.22.2/font/devdvi/generate/texi.map
/usr/share/groff/1.22.2/font/devdvi/generate/texmi.map
/usr/share/groff/1.22.2/font/devdvi/generate/texmi.map
/usr/share/groff/1.22.2/font/devdvi/generate/texr.map
/usr/share/groff/1.22.2/font/devdvi/generate/texr.map
/usr/share/groff/1.22.2/font/devdvi/generate/texsy.map
/usr/share/groff/1.22.2/font/devdvi/generate/texsy.map
/usr/share/groff/1.22.2/font/devdvi/generate/textt.map
/usr/share/groff/1.22.2/font/devdvi/generate/textt.map
/usr/share/groff/1.22.2/font/devdvi/generate/textex.map
/usr/share/groff/1.22.2/font/devdvi/generate/textex.map
/usr/share/groff/1.22.2/font/devdvi/generate/ec.map
/usr/share/groff/1.22.2/font/devdvi/generate/ec.map
/usr/share/groff/1.22.2/font/devdvi/generate/tc.map
/usr/share/groff/1.22.2/font/devdvi/generate/tc.map
/usr/share/groff/1.22.2/font/devdvi/generate/CompileFonts
/usr/share/groff/1.22.2/font/devdvi/generate/CompileFonts
/usr/share/groff/1.22.2/font/devhtml/R
/usr/share/groff/1.22.2/font/devhtml/R
/usr/share/groff/1.22.2/font/devhtml/I
/usr/share/groff/1.22.2/font/devhtml/I
/usr/share/groff/1.22.2/font/devhtml/B
/usr/share/groff/1.22.2/font/devhtml/B
/usr/share/groff/1.22.2/font/devhtml/BI
/usr/share/groff/1.22.2/font/devhtml/BI
/usr/share/groff/1.22.2/font/devhtml/CR
/usr/share/groff/1.22.2/font/devhtml/CR
/usr/share/groff/1.22.2/font/devhtml/CI
/usr/share/groff/1.22.2/font/devhtml/CI
/usr/share/groff/1.22.2/font/devhtml/CB
/usr/share/groff/1.22.2/font/devhtml/CB
/usr/share/groff/1.22.2/font/devhtml/CBI
/usr/share/groff/1.22.2/font/devhtml/CBI
/usr/share/groff/1.22.2/font/devhtml/S
/usr/share/groff/1.22.2/font/devhtml/S
/usr/share/groff/1.22.2/font/devhtml/DESC
/usr/share/groff/1.22.2/font/devhtml/DESC
/usr/share/groff/1.22.2/font/devlj4/DESC
/usr/share/groff/1.22.2/font/devlj4/DESC
/usr/share/groff/1.22.2/font/devlj4/AB
/usr/share/groff/1.22.2/font/devlj4/AB
/usr/share/groff/1.22.2/font/devlj4/ABI
/usr/share/groff/1.22.2/font/devlj4/ABI
/usr/share/groff/1.22.2/font/devlj4/AI
/usr/share/groff/1.22.2/font/devlj4/AI
/usr/share/groff/1.22.2/font/devlj4/AR
/usr/share/groff/1.22.2/font/devlj4/AR
/usr/share/groff/1.22.2/font/devlj4/ALBB
/usr/share/groff/1.22.2/font/devlj4/ALBB
/usr/share/groff/1.22.2/font/devlj4/ALBR
/usr/share/groff/1.22.2/font/devlj4/ALBR
/usr/share/groff/1.22.2/font/devlj4/AOB
/usr/share/groff/1.22.2/font/devlj4/AOB
/usr/share/groff/1.22.2/font/devlj4/AOI
/usr/share/groff/1.22.2/font/devlj4/AOI
/usr/share/groff/1.22.2/font/devlj4/AOR
/usr/share/groff/1.22.2/font/devlj4/AOR
/usr/share/groff/1.22.2/font/devlj4/CB
/usr/share/groff/1.22.2/font/devlj4/CB
/usr/share/groff/1.22.2/font/devlj4/CBI
/usr/share/groff/1.22.2/font/devlj4/CBI
/usr/share/groff/1.22.2/font/devlj4/CI
/usr/share/groff/1.22.2/font/devlj4/CI
/usr/share/groff/1.22.2/font/devlj4/CR
/usr/share/groff/1.22.2/font/devlj4/CR
/usr/share/groff/1.22.2/font/devlj4/GB
/usr/share/groff/1.22.2/font/devlj4/GB
/usr/share/groff/1.22.2/font/devlj4/GBI
/usr/share/groff/1.22.2/font/devlj4/GBI
/usr/share/groff/1.22.2/font/devlj4/GI
/usr/share/groff/1.22.2/font/devlj4/GI
/usr/share/groff/1.22.2/font/devlj4/GR
/usr/share/groff/1.22.2/font/devlj4/GR
/usr/share/groff/1.22.2/font/devlj4/LGB
/usr/share/groff/1.22.2/font/devlj4/LGB
/usr/share/groff/1.22.2/font/devlj4/LGI
/usr/share/groff/1.22.2/font/devlj4/LGI
/usr/share/groff/1.22.2/font/devlj4/LGR
/usr/share/groff/1.22.2/font/devlj4/LGR
/usr/share/groff/1.22.2/font/devlj4/OB
/usr/share/groff/1.22.2/font/devlj4/OB
/usr/share/groff/1.22.2/font/devlj4/OBI
/usr/share/groff/1.22.2/font/devlj4/OBI
/usr/share/groff/1.22.2/font/devlj4/OI
/usr/share/groff/1.22.2/font/devlj4/OI
/usr/share/groff/1.22.2/font/devlj4/OR
/usr/share/groff/1.22.2/font/devlj4/OR
/usr/share/groff/1.22.2/font/devlj4/TB
/usr/share/groff/1.22.2/font/devlj4/TB
/usr/share/groff/1.22.2/font/devlj4/TBI
/usr/share/groff/1.22.2/font/devlj4/TBI
/usr/share/groff/1.22.2/font/devlj4/TI
/usr/share/groff/1.22.2/font/devlj4/TI
/usr/share/groff/1.22.2/font/devlj4/TR
/usr/share/groff/1.22.2/font/devlj4/TR
/usr/share/groff/1.22.2/font/devlj4/TNRB
/usr/share/groff/1.22.2/font/devlj4/TNRB
/usr/share/groff/1.22.2/font/devlj4/TNRBI
/usr/share/groff/1.22.2/font/devlj4/TNRBI
/usr/share/groff/1.22.2/font/devlj4/TNRI
/usr/share/groff/1.22.2/font/devlj4/TNRI
/usr/share/groff/1.22.2/font/devlj4/TNRR
/usr/share/groff/1.22.2/font/devlj4/TNRR
/usr/share/groff/1.22.2/font/devlj4/UB
/usr/share/groff/1.22.2/font/devlj4/UB
/usr/share/groff/1.22.2/font/devlj4/UBI
/usr/share/groff/1.22.2/font/devlj4/UBI
/usr/share/groff/1.22.2/font/devlj4/UI
/usr/share/groff/1.22.2/font/devlj4/UI
/usr/share/groff/1.22.2/font/devlj4/UR
/usr/share/groff/1.22.2/font/devlj4/UR
/usr/share/groff/1.22.2/font/devlj4/UCB
/usr/share/groff/1.22.2/font/devlj4/UCB
/usr/share/groff/1.22.2/font/devlj4/UCBI
/usr/share/groff/1.22.2/font/devlj4/UCBI
/usr/share/groff/1.22.2/font/devlj4/UCI
/usr/share/groff/1.22.2/font/devlj4/UCI
/usr/share/groff/1.22.2/font/devlj4/UCR
/usr/share/groff/1.22.2/font/devlj4/UCR
/usr/share/groff/1.22.2/font/devlj4/CLARENDON
/usr/share/groff/1.22.2/font/devlj4/CLARENDON
/usr/share/groff/1.22.2/font/devlj4/CORONET
/usr/share/groff/1.22.2/font/devlj4/CORONET
/usr/share/groff/1.22.2/font/devlj4/MARIGOLD
/usr/share/groff/1.22.2/font/devlj4/MARIGOLD
/usr/share/groff/1.22.2/font/devlj4/S
/usr/share/groff/1.22.2/font/devlj4/S
/usr/share/groff/1.22.2/font/devlj4/SYMBOL
/usr/share/groff/1.22.2/font/devlj4/SYMBOL
/usr/share/groff/1.22.2/font/devlj4/WINGDINGS
/usr/share/groff/1.22.2/font/devlj4/WINGDINGS
/usr/share/groff/1.22.2/font/devlj4/generate/Makefile
/usr/share/groff/1.22.2/font/devlj4/generate/Makefile
/usr/share/groff/1.22.2/font/devlj4/generate/special.map
/usr/share/groff/1.22.2/font/devlj4/generate/special.map
/usr/share/groff/1.22.2/font/devlj4/generate/symbol.map
/usr/share/groff/1.22.2/font/devlj4/generate/symbol.map
/usr/share/groff/1.22.2/font/devlj4/generate/text.map
/usr/share/groff/1.22.2/font/devlj4/generate/text.map
/usr/share/groff/1.22.2/font/devlj4/generate/wingdings.map
/usr/share/groff/1.22.2/font/devlj4/generate/wingdings.map
/usr/share/groff/1.22.2/font/devlj4/generate/special.awk
/usr/share/groff/1.22.2/font/devlj4/generate/special.awk
/usr/share/groff/1.22.2/font/devlbp/DESC
/usr/share/groff/1.22.2/font/devlbp/DESC
/usr/share/groff/1.22.2/font/devlbp/HB
/usr/share/groff/1.22.2/font/devlbp/HB
/usr/share/groff/1.22.2/font/devlbp/HBI
/usr/share/groff/1.22.2/font/devlbp/HBI
/usr/share/groff/1.22.2/font/devlbp/HI
/usr/share/groff/1.22.2/font/devlbp/HI
/usr/share/groff/1.22.2/font/devlbp/HR
/usr/share/groff/1.22.2/font/devlbp/HR
/usr/share/groff/1.22.2/font/devlbp/HNB
/usr/share/groff/1.22.2/font/devlbp/HNB
/usr/share/groff/1.22.2/font/devlbp/HNBI
/usr/share/groff/1.22.2/font/devlbp/HNBI
/usr/share/groff/1.22.2/font/devlbp/HNI
/usr/share/groff/1.22.2/font/devlbp/HNI
/usr/share/groff/1.22.2/font/devlbp/HNR
/usr/share/groff/1.22.2/font/devlbp/HNR
/usr/share/groff/1.22.2/font/devlbp/TB
/usr/share/groff/1.22.2/font/devlbp/TB
/usr/share/groff/1.22.2/font/devlbp/TBI
/usr/share/groff/1.22.2/font/devlbp/TBI
/usr/share/groff/1.22.2/font/devlbp/TI
/usr/share/groff/1.22.2/font/devlbp/TI
/usr/share/groff/1.22.2/font/devlbp/TR
/usr/share/groff/1.22.2/font/devlbp/TR
/usr/share/groff/1.22.2/font/devlbp/CR
/usr/share/groff/1.22.2/font/devlbp/CR
/usr/share/groff/1.22.2/font/devlbp/CB
/usr/share/groff/1.22.2/font/devlbp/CB
/usr/share/groff/1.22.2/font/devlbp/CI
/usr/share/groff/1.22.2/font/devlbp/CI
/usr/share/groff/1.22.2/font/devlbp/ER
/usr/share/groff/1.22.2/font/devlbp/ER
/usr/share/groff/1.22.2/font/devlbp/EB
/usr/share/groff/1.22.2/font/devlbp/EB
/usr/share/groff/1.22.2/font/devlbp/EI
/usr/share/groff/1.22.2/font/devlbp/EI
/usr/share/groff/1.22.2/font/devascii/R
/usr/share/groff/1.22.2/font/devascii/R
/usr/share/groff/1.22.2/font/devascii/I
/usr/share/groff/1.22.2/font/devascii/I
/usr/share/groff/1.22.2/font/devascii/B
/usr/share/groff/1.22.2/font/devascii/B
/usr/share/groff/1.22.2/font/devascii/BI
/usr/share/groff/1.22.2/font/devascii/BI
/usr/share/groff/1.22.2/font/devascii/DESC
/usr/share/groff/1.22.2/font/devascii/DESC
/usr/share/groff/1.22.2/font/devlatin1/R
/usr/share/groff/1.22.2/font/devlatin1/R
/usr/share/groff/1.22.2/font/devlatin1/I
/usr/share/groff/1.22.2/font/devlatin1/I
/usr/share/groff/1.22.2/font/devlatin1/B
/usr/share/groff/1.22.2/font/devlatin1/B
/usr/share/groff/1.22.2/font/devlatin1/BI
/usr/share/groff/1.22.2/font/devlatin1/BI
/usr/share/groff/1.22.2/font/devlatin1/DESC
/usr/share/groff/1.22.2/font/devlatin1/DESC
/usr/share/groff/1.22.2/font/devutf8/R
/usr/share/groff/1.22.2/font/devutf8/R
/usr/share/groff/1.22.2/font/devutf8/I
/usr/share/groff/1.22.2/font/devutf8/I
/usr/share/groff/1.22.2/font/devutf8/B
/usr/share/groff/1.22.2/font/devutf8/B
/usr/share/groff/1.22.2/font/devutf8/BI
/usr/share/groff/1.22.2/font/devutf8/BI
/usr/share/groff/1.22.2/font/devutf8/DESC
/usr/share/groff/1.22.2/font/devutf8/DESC
/usr/share/man/man5/groff_font.5
/usr/share/man/man5/groff_font.5
/usr/share/man/man5/groff_out.5
/usr/share/man/man5/groff_out.5
/usr/share/man/man5/groff_tmac.5
/usr/share/man/man5/groff_tmac.5
/usr/share/man/man7/ditroff.7
/usr/share/man/man7/ditroff.7
/usr/share/man/man7/groff_char.7
/usr/share/man/man7/groff_char.7
/usr/share/man/man7/groff_diff.7
/usr/share/man/man7/groff_diff.7
/usr/share/man/man7/groff.7
/usr/share/man/man7/groff.7
/usr/share/man/man7/roff.7
/usr/share/man/man7/roff.7
/usr/share/man/man7/groff_ms.7
/usr/share/man/man7/groff_ms.7
/usr/share/man/man7/groff_man.7
/usr/share/man/man7/groff_man.7
/usr/share/man/man7/groff_me.7
/usr/share/man/man7/groff_me.7
/usr/share/man/man7/groff_mdoc.7
/usr/share/man/man7/groff_mdoc.7
/usr/share/man/man7/groff_trace.7
/usr/share/man/man7/groff_trace.7
/usr/share/man/man7/groff_www.7
/usr/share/man/man7/groff_www.7
/usr/share/groff/1.22.2/tmac/man.tmac
/usr/share/groff/1.22.2/tmac/man.tmac
/usr/share/groff/1.22.2/tmac/mandoc.tmac
/usr/share/groff/1.22.2/tmac/mandoc.tmac
/usr/share/groff/1.22.2/tmac/andoc.tmac
/usr/share/groff/1.22.2/tmac/andoc.tmac
/usr/share/groff/1.22.2/tmac/an-old.tmac
/usr/share/groff/1.22.2/tmac/an-old.tmac
/usr/share/groff/1.22.2/tmac/an-ext.tmac
/usr/share/groff/1.22.2/tmac/an-ext.tmac
/usr/share/groff/1.22.2/tmac/ms.tmac
/usr/share/groff/1.22.2/tmac/ms.tmac
/usr/share/groff/1.22.2/tmac/me.tmac
/usr/share/groff/1.22.2/tmac/me.tmac
/usr/share/groff/1.22.2/tmac/mdoc.tmac
/usr/share/groff/1.22.2/tmac/mdoc.tmac
/usr/share/groff/1.22.2/tmac/pic.tmac
/usr/share/groff/1.22.2/tmac/pic.tmac
/usr/share/groff/1.22.2/tmac/a4.tmac
/usr/share/groff/1.22.2/tmac/a4.tmac
/usr/share/groff/1.22.2/tmac/papersize.tmac
/usr/share/groff/1.22.2/tmac/papersize.tmac
/usr/share/groff/1.22.2/tmac/62bit.tmac
/usr/share/groff/1.22.2/tmac/62bit.tmac
/usr/share/groff/1.22.2/tmac/ec.tmac
/usr/share/groff/1.22.2/tmac/ec.tmac
/usr/share/groff/1.22.2/tmac/safer.tmac
/usr/share/groff/1.22.2/tmac/safer.tmac
/usr/share/groff/1.22.2/tmac/trace.tmac
/usr/share/groff/1.22.2/tmac/trace.tmac
/usr/share/groff/1.22.2/tmac/ps.tmac
/usr/share/groff/1.22.2/tmac/ps.tmac
/usr/share/groff/1.22.2/tmac/psold.tmac
/usr/share/groff/1.22.2/tmac/psold.tmac
/usr/share/groff/1.22.2/tmac/pspic.tmac
/usr/share/groff/1.22.2/tmac/pspic.tmac
/usr/share/groff/1.22.2/tmac/psatk.tmac
/usr/share/groff/1.22.2/tmac/psatk.tmac
/usr/share/groff/1.22.2/tmac/pdf.tmac
/usr/share/groff/1.22.2/tmac/pdf.tmac
/usr/share/groff/1.22.2/tmac/dvi.tmac
/usr/share/groff/1.22.2/tmac/dvi.tmac
/usr/share/groff/1.22.2/tmac/tty.tmac
/usr/share/groff/1.22.2/tmac/tty.tmac
/usr/share/groff/1.22.2/tmac/tty-char.tmac
/usr/share/groff/1.22.2/tmac/tty-char.tmac
/usr/share/groff/1.22.2/tmac/latin1.tmac
/usr/share/groff/1.22.2/tmac/latin1.tmac
/usr/share/groff/1.22.2/tmac/latin2.tmac
/usr/share/groff/1.22.2/tmac/latin2.tmac
/usr/share/groff/1.22.2/tmac/latin5.tmac
/usr/share/groff/1.22.2/tmac/latin5.tmac
/usr/share/groff/1.22.2/tmac/latin9.tmac
/usr/share/groff/1.22.2/tmac/latin9.tmac
/usr/share/groff/1.22.2/tmac/cp1047.tmac
/usr/share/groff/1.22.2/tmac/cp1047.tmac
/usr/share/groff/1.22.2/tmac/unicode.tmac
/usr/share/groff/1.22.2/tmac/unicode.tmac
/usr/share/groff/1.22.2/tmac/X.tmac
/usr/share/groff/1.22.2/tmac/X.tmac
/usr/share/groff/1.22.2/tmac/Xps.tmac
/usr/share/groff/1.22.2/tmac/Xps.tmac
/usr/share/groff/1.22.2/tmac/lj4.tmac
/usr/share/groff/1.22.2/tmac/lj4.tmac
/usr/share/groff/1.22.2/tmac/lbp.tmac
/usr/share/groff/1.22.2/tmac/lbp.tmac
/usr/share/groff/1.22.2/tmac/html.tmac
/usr/share/groff/1.22.2/tmac/html.tmac
/usr/share/groff/1.22.2/tmac/html-end.tmac
/usr/share/groff/1.22.2/tmac/html-end.tmac
/usr/share/groff/1.22.2/tmac/devtag.tmac
/usr/share/groff/1.22.2/tmac/devtag.tmac
/usr/share/groff/1.22.2/tmac/europs.tmac
/usr/share/groff/1.22.2/tmac/europs.tmac
/usr/share/groff/1.22.2/tmac/composite.tmac
/usr/share/groff/1.22.2/tmac/composite.tmac
/usr/share/groff/1.22.2/tmac/fallbacks.tmac
/usr/share/groff/1.22.2/tmac/fallbacks.tmac
/usr/share/groff/1.22.2/tmac/eqnrc
/usr/share/groff/1.22.2/tmac/eqnrc
/usr/share/groff/1.22.2/tmac/refer.tmac
/usr/share/groff/1.22.2/tmac/refer.tmac
/usr/share/groff/1.22.2/tmac/refer-me.tmac
/usr/share/groff/1.22.2/tmac/refer-me.tmac
/usr/share/groff/1.22.2/tmac/refer-ms.tmac
/usr/share/groff/1.22.2/tmac/refer-ms.tmac
/usr/share/groff/1.22.2/tmac/troffrc
/usr/share/groff/1.22.2/tmac/troffrc
/usr/share/groff/1.22.2/tmac/troffrc-end
/usr/share/groff/1.22.2/tmac/troffrc-end
/usr/share/groff/1.22.2/tmac/trans.tmac
/usr/share/groff/1.22.2/tmac/trans.tmac
/usr/share/groff/1.22.2/tmac/hyphen.us
/usr/share/groff/1.22.2/tmac/hyphen.us
/usr/share/groff/1.22.2/tmac/hyphenex.us
/usr/share/groff/1.22.2/tmac/hyphenex.us
/usr/share/groff/1.22.2/tmac/fr.tmac
/usr/share/groff/1.22.2/tmac/fr.tmac
/usr/share/groff/1.22.2/tmac/hyphen.fr
/usr/share/groff/1.22.2/tmac/hyphen.fr
/usr/share/groff/1.22.2/tmac/sv.tmac
/usr/share/groff/1.22.2/tmac/sv.tmac
/usr/share/groff/1.22.2/tmac/hyphen.sv
/usr/share/groff/1.22.2/tmac/hyphen.sv
/usr/share/groff/1.22.2/tmac/de.tmac
/usr/share/groff/1.22.2/tmac/de.tmac
/usr/share/groff/1.22.2/tmac/den.tmac
/usr/share/groff/1.22.2/tmac/den.tmac
/usr/share/groff/1.22.2/tmac/hyphen.det
/usr/share/groff/1.22.2/tmac/hyphen.det
/usr/share/groff/1.22.2/tmac/hyphen.den
/usr/share/groff/1.22.2/tmac/hyphen.den
/usr/share/groff/1.22.2/tmac/hyphenex.det
/usr/share/groff/1.22.2/tmac/hyphenex.det
/usr/share/groff/1.22.2/tmac/cs.tmac
/usr/share/groff/1.22.2/tmac/cs.tmac
/usr/share/groff/1.22.2/tmac/hyphen.cs
/usr/share/groff/1.22.2/tmac/hyphen.cs
/usr/share/groff/1.22.2/tmac/hyphenex.cs
/usr/share/groff/1.22.2/tmac/hyphenex.cs
/usr/share/groff/1.22.2/tmac/ja.tmac
/usr/share/groff/1.22.2/tmac/ja.tmac
/usr/share/groff/1.22.2/tmac/s.tmac
/usr/share/groff/1.22.2/tmac/s.tmac
/usr/share/groff/1.22.2/tmac/an.tmac
/usr/share/groff/1.22.2/tmac/an.tmac
/usr/share/groff/1.22.2/tmac/www.tmac
/usr/share/groff/1.22.2/tmac/www.tmac
/usr/share/groff/1.22.2/tmac/e.tmac
/usr/share/groff/1.22.2/tmac/e.tmac
/usr/share/groff/1.22.2/tmac/doc.tmac
/usr/share/groff/1.22.2/tmac/doc.tmac
/usr/share/groff/1.22.2/tmac/doc-old.tmac
/usr/share/groff/1.22.2/tmac/doc-old.tmac
/usr/share/groff/1.22.2/tmac/mdoc/doc-common
/usr/share/groff/1.22.2/tmac/mdoc/doc-common
/usr/share/groff/1.22.2/tmac/mdoc/doc-ditroff
/usr/share/groff/1.22.2/tmac/mdoc/doc-ditroff
/usr/share/groff/1.22.2/tmac/mdoc/doc-nroff
/usr/share/groff/1.22.2/tmac/mdoc/doc-nroff
/usr/share/groff/1.22.2/tmac/mdoc/doc-syms
/usr/share/groff/1.22.2/tmac/mdoc/doc-syms
/usr/share/groff/site-tmac/man.local
/usr/share/groff/site-tmac/man.local
/usr/share/groff/site-tmac/mdoc.local
/usr/share/groff/site-tmac/mdoc.local
/usr/share/man/man1/afmtodit.1
/usr/share/man/man1/afmtodit.1
/usr/bin/afmtodit
/usr/bin/afmtodit
/usr/bin/afmtodit
/usr/share/man/man1/grog.1
/usr/share/man/man1/grog.1
/usr/bin/grog
/usr/bin/grog
/usr/share/man/man1/nroff.1
/usr/share/man/man1/nroff.1
/usr/bin/nroff
/usr/bin/nroff
/usr/share/info/groff.info
/usr/share/info/groff.info
/usr/share/info/groff.info
/usr/share/info/groff.info
/usr/share/info/groff.info-1
/usr/share/info/groff.info-1
/usr/share/info/groff.info-1
/usr/share/info/groff.info-1
/usr/share/info/groff.info-2
/usr/share/info/groff.info-2
/usr/share/info/groff.info-2
/usr/share/info/groff.info-3
/usr/share/info/groff.info-3
/usr/share/info/groff.info-3
/usr/share/info/dir
/usr/share/info/dir
/usr/share/info/dir
/usr/share/info/dir
/usr/share/info/dir
/usr/share/info/dir
/usr/share/info/dir
/usr/share/info/dir
/usr/share/info/dir
/usr/share/info/dir
/usr/share/info/dir
/usr/share/info/dir
/usr/share/info/dir
/usr/share/info/dir
/usr/share/info/dir
/usr/share/info/dir
/usr/share/info/dir
/usr/share/info/dir
/usr/share/info/dir
/usr/share/info/dir
/usr/share/info/dir
/usr/share/info/dir
/usr/share/doc/groff-1.22.2/meref.me
/usr/share/doc/groff-1.22.2/meref.me
/usr/share/doc/groff-1.22.2/meintro.me
/usr/share/doc/groff-1.22.2/meintro.me
/usr/share/doc/groff-1.22.2/pic.ms
/usr/share/doc/groff-1.22.2/pic.ms
/usr/share/doc/groff-1.22.2/meref.ps
/usr/share/doc/groff-1.22.2/meref.ps
/usr/share/doc/groff-1.22.2/meintro.ps
/usr/share/doc/groff-1.22.2/meintro.ps
/usr/share/doc/groff-1.22.2/pic.ps
/usr/share/doc/groff-1.22.2/pic.ps
/usr/share/doc/groff-1.22.2/pic.ps
/usr/share/doc/groff-1.22.2/examples/gnu.eps
/usr/share/doc/groff-1.22.2/examples/gnu.eps
/usr/share/doc/groff-1.22.2/examples/webpage.ms
/usr/share/doc/groff-1.22.2/examples/webpage.ms
/usr/share/doc/groff-1.22.2/examples/groff.css
/usr/share/doc/groff-1.22.2/examples/groff.css
/usr/share/doc/groff-1.22.2/examples/grnexmpl.g
/usr/share/doc/groff-1.22.2/examples/grnexmpl.g
/usr/share/doc/groff-1.22.2/examples/grnexmpl.me
/usr/share/doc/groff-1.22.2/examples/grnexmpl.me
/usr/share/doc/groff-1.22.2/examples/webpage.ps
/usr/share/doc/groff-1.22.2/examples/webpage.ps
/usr/share/doc/groff-1.22.2/examples/webpage.ps
/usr/share/doc/groff-1.22.2/examples/grnexmpl.ps
/usr/share/doc/groff-1.22.2/examples/grnexmpl.ps
/usr/share/doc/groff-1.22.2/examples/grnexmpl.ps
/usr/bin/mmroff
/usr/bin/mmroff
/usr/share/groff/1.22.2/tmac/m.tmac
/usr/share/groff/1.22.2/tmac/m.tmac
/usr/share/groff/1.22.2/tmac/mse.tmac
/usr/share/groff/1.22.2/tmac/mse.tmac
/usr/share/groff/1.22.2/tmac/mmse.tmac
/usr/share/groff/1.22.2/tmac/mmse.tmac
/usr/share/groff/1.22.2/tmac/mm.tmac
/usr/share/groff/1.22.2/tmac/mm.tmac
/usr/share/man/man1/mmroff.1
/usr/share/man/man1/mmroff.1
/usr/share/man/man7/groff_mm.7
/usr/share/man/man7/groff_mm.7
/usr/share/man/man7/groff_mmse.7
/usr/share/man/man7/groff_mmse.7
/usr/share/groff/1.22.2/tmac/mm/0.MT
/usr/share/groff/1.22.2/tmac/mm/0.MT
/usr/share/groff/1.22.2/tmac/mm/5.MT
/usr/share/groff/1.22.2/tmac/mm/5.MT
/usr/share/groff/1.22.2/tmac/mm/4.MT
/usr/share/groff/1.22.2/tmac/mm/4.MT
/usr/share/groff/1.22.2/tmac/mm/ms.cov
/usr/share/groff/1.22.2/tmac/mm/ms.cov
/usr/share/groff/1.22.2/tmac/mm/se_ms.cov
/usr/share/groff/1.22.2/tmac/mm/se_ms.cov
/usr/share/groff/1.22.2/tmac/mm/locale
/usr/share/groff/1.22.2/tmac/mm/se_locale
/usr/share/groff/1.22.2/tmac/refer-mm.tmac
/usr/share/groff/1.22.2/tmac/refer-mm.tmac
/usr/share/man/man1/chem.1
/usr/share/man/man1/chem.1
/usr/bin/chem
/usr/bin/chem
/usr/share/groff/1.22.2/pic/chem.pic
/usr/share/groff/1.22.2/pic/chem.pic
/usr/share/doc/groff-1.22.2/examples/chem/README
/usr/share/doc/groff-1.22.2/examples/chem/README
/usr/share/doc/groff-1.22.2/examples/chem/atp.chem
/usr/share/doc/groff-1.22.2/examples/chem/atp.chem
/usr/share/doc/groff-1.22.2/examples/chem/cholesterin.chem
/usr/share/doc/groff-1.22.2/examples/chem/cholesterin.chem
/usr/share/doc/groff-1.22.2/examples/chem/ethamivan.chem
/usr/share/doc/groff-1.22.2/examples/chem/ethamivan.chem
/usr/share/doc/groff-1.22.2/examples/chem/lsd.chem
/usr/share/doc/groff-1.22.2/examples/chem/lsd.chem
/usr/share/doc/groff-1.22.2/examples/chem/morphine.chem
/usr/share/doc/groff-1.22.2/examples/chem/morphine.chem
/usr/share/doc/groff-1.22.2/examples/chem/penicillin.chem
/usr/share/doc/groff-1.22.2/examples/chem/penicillin.chem
/usr/share/doc/groff-1.22.2/examples/chem/reserpine.chem
/usr/share/doc/groff-1.22.2/examples/chem/reserpine.chem
/usr/share/doc/groff-1.22.2/examples/chem/122/README
/usr/share/doc/groff-1.22.2/examples/chem/122/README
/usr/share/doc/groff-1.22.2/examples/chem/122/ch2a_ethyl.chem
/usr/share/doc/groff-1.22.2/examples/chem/122/ch2a_ethyl.chem
/usr/share/doc/groff-1.22.2/examples/chem/122/ch2b_benzene.chem
/usr/share/doc/groff-1.22.2/examples/chem/122/ch2b_benzene.chem
/usr/share/doc/groff-1.22.2/examples/chem/122/ch2c_benzene_right.chem
/usr/share/doc/groff-1.22.2/examples/chem/122/ch2c_benzene_right.chem
/usr/share/doc/groff-1.22.2/examples/chem/122/ch4a_stick.chem
/usr/share/doc/groff-1.22.2/examples/chem/122/ch4a_stick.chem
/usr/share/doc/groff-1.22.2/examples/chem/122/ch4b_methyl_acetate.chem
/usr/share/doc/groff-1.22.2/examples/chem/122/ch4b_methyl_acetate.chem
/usr/share/doc/groff-1.22.2/examples/chem/122/ch4c_colon.chem
/usr/share/doc/groff-1.22.2/examples/chem/122/ch4c_colon.chem
/usr/share/doc/groff-1.22.2/examples/chem/122/ch4d_HCl.H2O.chem
/usr/share/doc/groff-1.22.2/examples/chem/122/ch4d_HCl.H2O.chem
/usr/share/doc/groff-1.22.2/examples/chem/122/ch4e_CaSO4.2H2O.chem
/usr/share/doc/groff-1.22.2/examples/chem/122/ch4e_CaSO4.2H2O.chem
/usr/share/doc/groff-1.22.2/examples/chem/122/ch4f_C.chem
/usr/share/doc/groff-1.22.2/examples/chem/122/ch4f_C.chem
/usr/share/doc/groff-1.22.2/examples/chem/122/ch4g_BP.chem
/usr/share/doc/groff-1.22.2/examples/chem/122/ch4g_BP.chem
/usr/share/doc/groff-1.22.2/examples/chem/122/ch4h_methacrylate.chem
/usr/share/doc/groff-1.22.2/examples/chem/122/ch4h_methacrylate.chem
/usr/share/doc/groff-1.22.2/examples/chem/122/ch4i_cyclo.chem
/usr/share/doc/groff-1.22.2/examples/chem/122/ch4i_cyclo.chem
/usr/share/doc/groff-1.22.2/examples/chem/122/ch4j_ring4.chem
/usr/share/doc/groff-1.22.2/examples/chem/122/ch4j_ring4.chem
/usr/share/doc/groff-1.22.2/examples/chem/122/ch4k_ring3.chem
/usr/share/doc/groff-1.22.2/examples/chem/122/ch4k_ring3.chem
/usr/share/doc/groff-1.22.2/examples/chem/122/ch4l_vertex.chem
/usr/share/doc/groff-1.22.2/examples/chem/122/ch4l_vertex.chem
/usr/share/doc/groff-1.22.2/examples/chem/122/ch4m_double.chem
/usr/share/doc/groff-1.22.2/examples/chem/122/ch4m_double.chem
/usr/share/doc/groff-1.22.2/examples/chem/122/ch4n_triple.chem
/usr/share/doc/groff-1.22.2/examples/chem/122/ch4n_triple.chem
/usr/share/doc/groff-1.22.2/examples/chem/122/ch4o_aromatic.chem
/usr/share/doc/groff-1.22.2/examples/chem/122/ch4o_aromatic.chem
/usr/share/doc/groff-1.22.2/examples/chem/122/ch4p_cholestanol.chem
/usr/share/doc/groff-1.22.2/examples/chem/122/ch4p_cholestanol.chem
/usr/share/doc/groff-1.22.2/examples/chem/122/ch4q_rings.chem
/usr/share/doc/groff-1.22.2/examples/chem/122/ch4q_rings.chem
/usr/share/doc/groff-1.22.2/examples/chem/122/ch4r_spiro.chem
/usr/share/doc/groff-1.22.2/examples/chem/122/ch4r_spiro.chem
/usr/share/doc/groff-1.22.2/examples/chem/122/ch4s_heteroatoms.chem
/usr/share/doc/groff-1.22.2/examples/chem/122/ch4s_heteroatoms.chem
/usr/share/doc/groff-1.22.2/examples/chem/122/ch4t_polycyclic.chem
/usr/share/doc/groff-1.22.2/examples/chem/122/ch4t_polycyclic.chem
/usr/share/doc/groff-1.22.2/examples/chem/122/ch4u_nicotine.chem
/usr/share/doc/groff-1.22.2/examples/chem/122/ch4u_nicotine.chem
/usr/share/doc/groff-1.22.2/examples/chem/122/ch4v_histidine.chem
/usr/share/doc/groff-1.22.2/examples/chem/122/ch4v_histidine.chem
/usr/share/doc/groff-1.22.2/examples/chem/122/ch4w_lsd.chem
/usr/share/doc/groff-1.22.2/examples/chem/122/ch4w_lsd.chem
/usr/share/doc/groff-1.22.2/examples/chem/122/ch4x_anisole.chem
/usr/share/doc/groff-1.22.2/examples/chem/122/ch4x_anisole.chem
/usr/share/doc/groff-1.22.2/examples/chem/122/ch4y_reserpine.chem
/usr/share/doc/groff-1.22.2/examples/chem/122/ch4y_reserpine.chem
/usr/share/doc/groff-1.22.2/examples/chem/122/ch4z1_eqn_glutamic.chem
/usr/share/doc/groff-1.22.2/examples/chem/122/ch4z1_eqn_glutamic.chem
/usr/share/doc/groff-1.22.2/examples/chem/122/ch4z2_text.chem
/usr/share/doc/groff-1.22.2/examples/chem/122/ch4z2_text.chem
/usr/share/doc/groff-1.22.2/examples/chem/122/ch5a_size.chem
/usr/share/doc/groff-1.22.2/examples/chem/122/ch5a_size.chem
/usr/share/doc/groff-1.22.2/examples/chem/122/ch6a_pic.chem
/usr/share/doc/groff-1.22.2/examples/chem/122/ch6a_pic.chem
/usr/share/doc/groff-1.22.2/examples/chem/122/ch6b_dna.chem
/usr/share/doc/groff-1.22.2/examples/chem/122/ch6b_dna.chem
/usr/share/doc/groff-1.22.2/examples/chem/122/chAa_polymer.chem
/usr/share/doc/groff-1.22.2/examples/chem/122/chAa_polymer.chem
/usr/share/doc/groff-1.22.2/examples/chem/122/chAb_vinyl_chloro.chem
/usr/share/doc/groff-1.22.2/examples/chem/122/chAb_vinyl_chloro.chem
/usr/share/doc/groff-1.22.2/examples/chem/122/chAc_morphine.chem
/usr/share/doc/groff-1.22.2/examples/chem/122/chAc_morphine.chem
/usr/share/doc/groff-1.22.2/examples/chem/122/chAd_chlorophyll.chem
/usr/share/doc/groff-1.22.2/examples/chem/122/chAd_chlorophyll.chem
/usr/share/doc/groff-1.22.2/examples/chem/122/chAe_chair.chem
/usr/share/doc/groff-1.22.2/examples/chem/122/chAe_chair.chem
/usr/share/doc/groff-1.22.2/examples/chem/122/chAf_arrow.chem
/usr/share/doc/groff-1.22.2/examples/chem/122/chAf_arrow.chem
/usr/share/doc/groff-1.22.2/examples/chem/122/chAg_circle.chem
/usr/share/doc/groff-1.22.2/examples/chem/122/chAg_circle.chem
/usr/share/doc/groff-1.22.2/examples/chem/122/chAh_brackets.chem
/usr/share/doc/groff-1.22.2/examples/chem/122/chAh_brackets.chem
/usr/share/doc/groff-1.22.2/examples/chem/122/chAi_poly_vinyl_chloride.chem
/usr/share/doc/groff-1.22.2/examples/chem/122/chAi_poly_vinyl_chloride.chem
/usr/share/doc/groff-1.22.2/examples/chem/122/chBa_jump.chem
/usr/share/doc/groff-1.22.2/examples/chem/122/chBa_jump.chem
/usr/share/doc/groff-1.22.2/examples/chem/122/chBb_bonds.chem
/usr/share/doc/groff-1.22.2/examples/chem/122/chBb_bonds.chem
/usr/share/doc/groff-1.22.2/examples/chem/122/chBc_rings.chem
/usr/share/doc/groff-1.22.2/examples/chem/122/chBc_rings.chem
/usr/share/man/man1/pic2graph.1
/usr/share/man/man1/pic2graph.1
/usr/bin/pic2graph
/usr/bin/pic2graph
/usr/share/man/man1/eqn2graph.1
/usr/share/man/man1/eqn2graph.1
/usr/bin/eqn2graph
/usr/bin/eqn2graph
/usr/share/man/man1/grap2graph.1
/usr/share/man/man1/grap2graph.1
/usr/bin/grap2graph
/usr/bin/grap2graph
/usr/share/man/man1/groffer.1
/usr/share/man/man1/groffer.1
/usr/share/man/man1/roff2dvi.1
/usr/share/man/man1/roff2dvi.1
/usr/share/man/man1/roff2html.1
/usr/share/man/man1/roff2html.1
/usr/share/man/man1/roff2pdf.1
/usr/share/man/man1/roff2pdf.1
/usr/share/man/man1/roff2ps.1
/usr/share/man/man1/roff2ps.1
/usr/share/man/man1/roff2text.1
/usr/share/man/man1/roff2text.1
/usr/share/man/man1/roff2x.1
/usr/share/man/man1/roff2x.1
/usr/bin/groffer
/usr/bin/groffer
/usr/bin/roff2dvi
/usr/bin/roff2dvi
/usr/bin/roff2html
/usr/bin/roff2html
/usr/bin/roff2pdf
/usr/bin/roff2pdf
/usr/bin/roff2ps
/usr/bin/roff2ps
/usr/bin/roff2text
/usr/bin/roff2text
/usr/bin/roff2x
/usr/bin/roff2x
/usr/lib/groff/groffer/version.sh
/usr/lib/groff/groffer/version.sh
/usr/lib/groff/groffer/func.pl
/usr/lib/groff/groffer/func.pl
/usr/lib/groff/groffer/man.pl
/usr/lib/groff/groffer/man.pl
/usr/lib/groff/groffer/perl_test.pl
/usr/lib/groff/groffer/perl_test.pl
/usr/lib/groff/groffer/split_env.sh
/usr/lib/groff/groffer/split_env.sh
/usr/share/man/man7/groff_hdtbl.7
/usr/share/man/man7/groff_hdtbl.7
/usr/share/groff/1.22.2/tmac/hdtbl.tmac
/usr/share/groff/1.22.2/tmac/hdtbl.tmac
/usr/share/groff/1.22.2/tmac/hdmisc.tmac
/usr/share/groff/1.22.2/tmac/hdmisc.tmac
/usr/share/doc/groff-1.22.2/examples/hdtbl/common.roff
/usr/share/doc/groff-1.22.2/examples/hdtbl/common.roff
/usr/share/doc/groff-1.22.2/examples/hdtbl/chess_board.roff
/usr/share/doc/groff-1.22.2/examples/hdtbl/chess_board.roff
/usr/share/doc/groff-1.22.2/examples/hdtbl/color_boxes.roff
/usr/share/doc/groff-1.22.2/examples/hdtbl/color_boxes.roff
/usr/share/doc/groff-1.22.2/examples/hdtbl/color_nested_tables.roff
/usr/share/doc/groff-1.22.2/examples/hdtbl/color_nested_tables.roff
/usr/share/doc/groff-1.22.2/examples/hdtbl/color_table_cells.roff
/usr/share/doc/groff-1.22.2/examples/hdtbl/color_table_cells.roff
/usr/share/doc/groff-1.22.2/examples/hdtbl/color_transitions.roff
/usr/share/doc/groff-1.22.2/examples/hdtbl/color_transitions.roff
/usr/share/doc/groff-1.22.2/examples/hdtbl/col_rowspan_colors.roff
/usr/share/doc/groff-1.22.2/examples/hdtbl/col_rowspan_colors.roff
/usr/share/doc/groff-1.22.2/examples/hdtbl/mixed_pickles.roff
/usr/share/doc/groff-1.22.2/examples/hdtbl/mixed_pickles.roff
/usr/share/doc/groff-1.22.2/examples/hdtbl/rainbow.roff
/usr/share/doc/groff-1.22.2/examples/hdtbl/rainbow.roff
/usr/share/doc/groff-1.22.2/examples/hdtbl/short_reference.roff
/usr/share/doc/groff-1.22.2/examples/hdtbl/short_reference.roff
/usr/share/doc/groff-1.22.2/examples/hdtbl/chess_board.ps
/usr/share/doc/groff-1.22.2/examples/hdtbl/chess_board.ps
/usr/share/doc/groff-1.22.2/examples/hdtbl/color_boxes.ps
/usr/share/doc/groff-1.22.2/examples/hdtbl/color_boxes.ps
/usr/share/doc/groff-1.22.2/examples/hdtbl/color_nested_tables.ps
/usr/share/doc/groff-1.22.2/examples/hdtbl/color_nested_tables.ps
/usr/share/doc/groff-1.22.2/examples/hdtbl/color_table_cells.ps
/usr/share/doc/groff-1.22.2/examples/hdtbl/color_table_cells.ps
/usr/share/doc/groff-1.22.2/examples/hdtbl/color_transitions.ps
/usr/share/doc/groff-1.22.2/examples/hdtbl/color_transitions.ps
/usr/share/doc/groff-1.22.2/examples/hdtbl/col_rowspan_colors.ps
/usr/share/doc/groff-1.22.2/examples/hdtbl/col_rowspan_colors.ps
/usr/share/doc/groff-1.22.2/examples/hdtbl/fonts_n.ps
/usr/share/doc/groff-1.22.2/examples/hdtbl/fonts_n.ps
/usr/share/doc/groff-1.22.2/examples/hdtbl/fonts_n.ps
/usr/share/doc/groff-1.22.2/examples/hdtbl/fonts_n.ps
/usr/share/doc/groff-1.22.2/examples/hdtbl/fonts_n.ps
/usr/share/doc/groff-1.22.2/examples/hdtbl/fonts_n.ps
/usr/share/doc/groff-1.22.2/examples/hdtbl/fonts_n.ps
/usr/share/doc/groff-1.22.2/examples/hdtbl/fonts_n.ps
/usr/share/doc/groff-1.22.2/examples/hdtbl/fonts_n.ps
/usr/share/doc/groff-1.22.2/examples/hdtbl/fonts_n.ps
/usr/share/doc/groff-1.22.2/examples/hdtbl/fonts_n.ps
/usr/share/doc/groff-1.22.2/examples/hdtbl/fonts_n.ps
/usr/share/doc/groff-1.22.2/examples/hdtbl/fonts_n.ps
/usr/share/doc/groff-1.22.2/examples/hdtbl/fonts_n.ps
/usr/share/doc/groff-1.22.2/examples/hdtbl/fonts_n.ps
/usr/share/doc/groff-1.22.2/examples/hdtbl/fonts_n.ps
/usr/share/doc/groff-1.22.2/examples/hdtbl/fonts_n.ps
/usr/share/doc/groff-1.22.2/examples/hdtbl/fonts_n.ps
/usr/share/doc/groff-1.22.2/examples/hdtbl/fonts_n.ps
/usr/share/doc/groff-1.22.2/examples/hdtbl/fonts_n.ps
/usr/share/doc/groff-1.22.2/examples/hdtbl/fonts_n.ps
/usr/share/doc/groff-1.22.2/examples/hdtbl/fonts_n.ps
/usr/share/doc/groff-1.22.2/examples/hdtbl/fonts_n.ps
/usr/share/doc/groff-1.22.2/examples/hdtbl/fonts_n.ps
/usr/share/doc/groff-1.22.2/examples/hdtbl/fonts_n.ps
/usr/share/doc/groff-1.22.2/examples/hdtbl/fonts_n.ps
/usr/share/doc/groff-1.22.2/examples/hdtbl/fonts_n.ps
/usr/share/doc/groff-1.22.2/examples/hdtbl/fonts_n.ps
/usr/share/doc/groff-1.22.2/examples/hdtbl/fonts_n.ps
/usr/share/doc/groff-1.22.2/examples/hdtbl/fonts_n.ps
/usr/share/doc/groff-1.22.2/examples/hdtbl/fonts_n.ps
/usr/share/doc/groff-1.22.2/examples/hdtbl/fonts_n.ps
/usr/share/doc/groff-1.22.2/examples/hdtbl/fonts_x.ps
/usr/share/doc/groff-1.22.2/examples/hdtbl/fonts_x.ps
/usr/share/doc/groff-1.22.2/examples/hdtbl/fonts_x.ps
/usr/share/doc/groff-1.22.2/examples/hdtbl/fonts_x.ps
/usr/share/doc/groff-1.22.2/examples/hdtbl/fonts_x.ps
/usr/share/doc/groff-1.22.2/examples/hdtbl/fonts_x.ps
/usr/share/doc/groff-1.22.2/examples/hdtbl/fonts_x.ps
/usr/share/doc/groff-1.22.2/examples/hdtbl/fonts_x.ps
/usr/share/doc/groff-1.22.2/examples/hdtbl/fonts_x.ps
/usr/share/doc/groff-1.22.2/examples/hdtbl/fonts_x.ps
/usr/share/doc/groff-1.22.2/examples/hdtbl/fonts_x.ps
/usr/share/doc/groff-1.22.2/examples/hdtbl/fonts_x.ps
/usr/share/doc/groff-1.22.2/examples/hdtbl/fonts_x.ps
/usr/share/doc/groff-1.22.2/examples/hdtbl/fonts_x.ps
/usr/share/doc/groff-1.22.2/examples/hdtbl/fonts_x.ps
/usr/share/doc/groff-1.22.2/examples/hdtbl/fonts_x.ps
/usr/share/doc/groff-1.22.2/examples/hdtbl/fonts_x.ps
/usr/share/doc/groff-1.22.2/examples/hdtbl/fonts_x.ps
/usr/share/doc/groff-1.22.2/examples/hdtbl/fonts_x.ps
/usr/share/doc/groff-1.22.2/examples/hdtbl/fonts_x.ps
/usr/share/doc/groff-1.22.2/examples/hdtbl/fonts_x.ps
/usr/share/doc/groff-1.22.2/examples/hdtbl/fonts_x.ps
/usr/share/doc/groff-1.22.2/examples/hdtbl/fonts_x.ps
/usr/share/doc/groff-1.22.2/examples/hdtbl/fonts_x.ps
/usr/share/doc/groff-1.22.2/examples/hdtbl/fonts_x.ps
/usr/share/doc/groff-1.22.2/examples/hdtbl/fonts_x.ps
/usr/share/doc/groff-1.22.2/examples/hdtbl/fonts_x.ps
/usr/share/doc/groff-1.22.2/examples/hdtbl/fonts_x.ps
/usr/share/doc/groff-1.22.2/examples/hdtbl/fonts_x.ps
/usr/share/doc/groff-1.22.2/examples/hdtbl/fonts_x.ps
/usr/share/doc/groff-1.22.2/examples/hdtbl/fonts_x.ps
/usr/share/doc/groff-1.22.2/examples/hdtbl/mixed_pickles.ps
/usr/share/doc/groff-1.22.2/examples/hdtbl/mixed_pickles.ps
/usr/share/doc/groff-1.22.2/examples/hdtbl/rainbow.ps
/usr/share/doc/groff-1.22.2/examples/hdtbl/rainbow.ps
/usr/share/doc/groff-1.22.2/examples/hdtbl/short_reference.ps
/usr/share/doc/groff-1.22.2/examples/hdtbl/short_reference.ps
/usr/share/doc/groff-1.22.2/examples/hdtbl/fonts_n.roff
/usr/share/doc/groff-1.22.2/examples/hdtbl/fonts_n.roff
/usr/share/doc/groff-1.22.2/examples/hdtbl/fonts_x.roff
/usr/share/doc/groff-1.22.2/examples/hdtbl/fonts_x.roff
/usr/share/doc/groff-1.22.2/examples/hdtbl/gnu.eps
/usr/share/doc/groff-1.22.2/examples/hdtbl/gnu.eps
/usr/share/man/man1/pdfroff.1
/usr/share/man/man1/pdfroff.1
/usr/bin/pdfroff
/usr/bin/pdfroff
/usr/share/groff/1.22.2/tmac/pdfmark.tmac
/usr/share/groff/1.22.2/tmac/pdfmark.tmac
/usr/share/groff/1.22.2/tmac/spdf.tmac
/usr/share/groff/1.22.2/tmac/spdf.tmac
/usr/share/man/man1/gropdf.1
/usr/share/man/man1/gropdf.1
/usr/share/man/man1/pdfmom.1
/usr/share/man/man1/pdfmom.1
/usr/bin/gropdf
/usr/bin/gropdf
/usr/bin/pdfmom
/usr/bin/pdfmom
/usr/share/groff/1.22.2/font/devpdf/download
/usr/share/groff/1.22.2/font/devpdf/download
/usr/share/groff/1.22.2/font/devpdf/DESC
/usr/share/groff/1.22.2/font/devpdf/DESC
/usr/share/groff/1.22.2/font/devpdf/Foundry
/usr/share/groff/1.22.2/font/devpdf/Foundry
/usr/share/groff/1.22.2/font/devpdf/CB
/usr/share/groff/1.22.2/font/devpdf/CB
/usr/share/groff/1.22.2/font/devpdf/CBI
/usr/share/groff/1.22.2/font/devpdf/CBI
/usr/share/groff/1.22.2/font/devpdf/CI
/usr/share/groff/1.22.2/font/devpdf/CI
/usr/share/groff/1.22.2/font/devpdf/CR
/usr/share/groff/1.22.2/font/devpdf/CR
/usr/share/groff/1.22.2/font/devpdf/EURO
/usr/share/groff/1.22.2/font/devpdf/EURO
/usr/share/groff/1.22.2/font/devpdf/HB
/usr/share/groff/1.22.2/font/devpdf/HB
/usr/share/groff/1.22.2/font/devpdf/HBI
/usr/share/groff/1.22.2/font/devpdf/HBI
/usr/share/groff/1.22.2/font/devpdf/HI
/usr/share/groff/1.22.2/font/devpdf/HI
/usr/share/groff/1.22.2/font/devpdf/HR
/usr/share/groff/1.22.2/font/devpdf/HR
/usr/share/groff/1.22.2/font/devpdf/S
/usr/share/groff/1.22.2/font/devpdf/S
/usr/share/groff/1.22.2/font/devpdf/TB
/usr/share/groff/1.22.2/font/devpdf/TB
/usr/share/groff/1.22.2/font/devpdf/TBI
/usr/share/groff/1.22.2/font/devpdf/TBI
/usr/share/groff/1.22.2/font/devpdf/TI
/usr/share/groff/1.22.2/font/devpdf/TI
/usr/share/groff/1.22.2/font/devpdf/TR
/usr/share/groff/1.22.2/font/devpdf/TR
/usr/share/groff/1.22.2/font/devpdf/ZD
/usr/share/groff/1.22.2/font/devpdf/ZD
/usr/share/groff/1.22.2/font/devpdf/enc/text.enc
/usr/share/groff/1.22.2/font/devpdf/enc/text.enc
/usr/share/groff/1.22.2/font/devpdf/map/dingbats.map
/usr/share/groff/1.22.2/font/devpdf/map/dingbats.map
/usr/share/groff/1.22.2/font/devpdf/map/symbolchars
/usr/share/groff/1.22.2/font/devpdf/map/symbolchars
/usr/share/groff/1.22.2/font/devpdf/map/symbolmap
/usr/share/groff/1.22.2/font/devpdf/map/symbolmap
/usr/share/groff/1.22.2/font/devpdf/map/textmap
/usr/share/groff/1.22.2/font/devpdf/map/textmap
/usr/share/man/man7/groff_mom.7
/usr/share/man/man7/groff_mom.7
/usr/share/groff/1.22.2/tmac/mom.tmac
/usr/share/groff/1.22.2/tmac/mom.tmac
/usr/share/groff/1.22.2/tmac/om.tmac
/usr/share/groff/1.22.2/tmac/om.tmac
/usr/share/groff/1.22.2/tmac/om.tmac
/usr/share/groff/1.22.2/tmac/om.tmac
/usr/share/doc/groff-1.22.2/html/mom/stylesheet.css
/usr/share/doc/groff-1.22.2/html/mom/stylesheet.css
/usr/share/doc/groff-1.22.2/html/mom/appendices.html
/usr/share/doc/groff-1.22.2/html/mom/appendices.html
/usr/share/doc/groff-1.22.2/html/mom/color.html
/usr/share/doc/groff-1.22.2/html/mom/color.html
/usr/share/doc/groff-1.22.2/html/mom/cover.html
/usr/share/doc/groff-1.22.2/html/mom/cover.html
/usr/share/doc/groff-1.22.2/html/mom/definitions.html
/usr/share/doc/groff-1.22.2/html/mom/definitions.html
/usr/share/doc/groff-1.22.2/html/mom/docelement.html
/usr/share/doc/groff-1.22.2/html/mom/docelement.html
/usr/share/doc/groff-1.22.2/html/mom/docelement.html
/usr/share/doc/groff-1.22.2/html/mom/docprocessing.html
/usr/share/doc/groff-1.22.2/html/mom/docprocessing.html
/usr/share/doc/groff-1.22.2/html/mom/goodies.html
/usr/share/doc/groff-1.22.2/html/mom/goodies.html
/usr/share/doc/groff-1.22.2/html/mom/graphical.html
/usr/share/doc/groff-1.22.2/html/mom/graphical.html
/usr/share/doc/groff-1.22.2/html/mom/headfootpage.html
/usr/share/doc/groff-1.22.2/html/mom/headfootpage.html
/usr/share/doc/groff-1.22.2/html/mom/images.html
/usr/share/doc/groff-1.22.2/html/mom/images.html
/usr/share/doc/groff-1.22.2/html/mom/inlines.html
/usr/share/doc/groff-1.22.2/html/mom/inlines.html
/usr/share/doc/groff-1.22.2/html/mom/intro.html
/usr/share/doc/groff-1.22.2/html/mom/intro.html
/usr/share/doc/groff-1.22.2/html/mom/letters.html
/usr/share/doc/groff-1.22.2/html/mom/letters.html
/usr/share/doc/groff-1.22.2/html/mom/macrolist.html
/usr/share/doc/groff-1.22.2/html/mom/macrolist.html
/usr/share/doc/groff-1.22.2/html/mom/rectoverso.html
/usr/share/doc/groff-1.22.2/html/mom/rectoverso.html
/usr/share/doc/groff-1.22.2/html/mom/refer.html
/usr/share/doc/groff-1.22.2/html/mom/refer.html
/usr/share/doc/groff-1.22.2/html/mom/reserved.html
/usr/share/doc/groff-1.22.2/html/mom/reserved.html
/usr/share/doc/groff-1.22.2/html/mom/reserved.html
/usr/share/doc/groff-1.22.2/html/mom/tables-of-contents.html
/usr/share/doc/groff-1.22.2/html/mom/tables-of-contents.html
/usr/share/doc/groff-1.22.2/html/mom/toc.html
/usr/share/doc/groff-1.22.2/html/mom/toc.html
/usr/share/doc/groff-1.22.2/html/mom/typesetting.html
/usr/share/doc/groff-1.22.2/html/mom/typesetting.html
/usr/share/doc/groff-1.22.2/html/mom/typesetting.html
/usr/share/doc/groff-1.22.2/html/mom/using.html
/usr/share/doc/groff-1.22.2/html/mom/using.html
/usr/share/doc/groff-1.22.2/html/mom/version-2.html
/usr/share/doc/groff-1.22.2/html/mom/version-2.html
/usr/share/doc/groff-1.22.2/examples/mom/letter.mom
/usr/share/doc/groff-1.22.2/examples/mom/letter.mom
/usr/share/doc/groff-1.22.2/examples/mom/mom-pdf.mom
/usr/share/doc/groff-1.22.2/examples/mom/mom-pdf.mom
/usr/share/doc/groff-1.22.2/examples/mom/sample_docs.mom
/usr/share/doc/groff-1.22.2/examples/mom/sample_docs.mom
/usr/share/doc/groff-1.22.2/examples/mom/typesetting.mom
/usr/share/doc/groff-1.22.2/examples/mom/typesetting.mom
/usr/share/doc/groff-1.22.2/examples/mom/README.txt
/usr/share/doc/groff-1.22.2/examples/mom/README.txt
/usr/share/doc/groff-1.22.2/examples/mom/elvis_syntax
/usr/share/doc/groff-1.22.2/examples/mom/elvis_syntax
/usr/share/doc/groff-1.22.2/examples/mom/elvis_syntax.new
/usr/share/doc/groff-1.22.2/examples/mom/elvis_syntax.new
/usr/share/doc/groff-1.22.2/examples/mom/penguin.ps
/usr/share/doc/groff-1.22.2/examples/mom/penguin.ps
/usr/share/doc/groff-1.22.2/examples/mom/penguin.pdf
/usr/share/doc/groff-1.22.2/examples/mom/penguin.pdf
/usr/share/doc/groff-1.22.2/examples/mom/mom.vim
/usr/share/doc/groff-1.22.2/examples/mom/mom.vim
/usr/share/doc/groff-1.22.2/examples/mom/letter.pdf
/usr/share/doc/groff-1.22.2/examples/mom/letter.pdf
/usr/share/doc/groff-1.22.2/examples/mom/mom-pdf.pdf
/usr/share/doc/groff-1.22.2/examples/mom/mom-pdf.pdf
/usr/share/doc/groff-1.22.2/examples/mom/sample_docs.pdf
/usr/share/doc/groff-1.22.2/examples/mom/sample_docs.pdf
/usr/share/doc/groff-1.22.2/examples/mom/typesetting.pdf
/usr/share/doc/groff-1.22.2/examples/mom/typesetting.pdf
/usr/share/doc/groff-1.22.2/pdf/mom-pdf.pdf
/usr/share/man/man1/gdiffmk.1
/usr/share/man/man1/gdiffmk.1
/usr/bin/gdiffmk
/usr/bin/gdiffmk
/usr/share/groff/current
