/usr/share/info/gzip.info
/usr/share/info/gzip.info
/usr/share/info/dir
/usr/share/info/dir
/usr/share/info/dir
/usr/share/info/dir
/usr/share/info/dir
/usr/share/info/dir
/usr/share/info/dir
/usr/share/info/dir
/usr/share/info/dir
/usr/share/info/dir
/usr/share/info/dir
/usr/share/info/dir
/usr/share/info/dir
/usr/share/info/dir
/usr/share/info/dir
/usr/share/info/dir
/usr/share/info/dir
/usr/share/info/dir
/usr/share/info/dir
/usr/share/info/dir
/usr/share/info/dir
/usr/share/info/dir
/bin/gzip
/bin/gzip
/bin/gzip
/bin/gzip
/bin/gunzip
/bin/gunzip
/bin/gzexe
/bin/gzexe
/bin/zcat
/bin/zcat
/bin/zcmp
/bin/zcmp
/bin/zdiff
/bin/zdiff
/bin/zegrep
/bin/zegrep
/bin/zfgrep
/bin/zfgrep
/bin/zforce
/bin/zforce
/bin/zgrep
/bin/zgrep
/bin/zless
/bin/zless
/bin/zmore
/bin/zmore
/bin/znew
/bin/znew
/bin/uncompress
/usr/share/man/man1/gunzip.1
/usr/share/man/man1/gunzip.1
/usr/share/man/man1/gzexe.1
/usr/share/man/man1/gzexe.1
/usr/share/man/man1/gzip.1
/usr/share/man/man1/gzip.1
/usr/share/man/man1/zcat.1
/usr/share/man/man1/zcat.1
/usr/share/man/man1/zcmp.1
/usr/share/man/man1/zcmp.1
/usr/share/man/man1/zdiff.1
/usr/share/man/man1/zdiff.1
/usr/share/man/man1/zforce.1
/usr/share/man/man1/zforce.1
/usr/share/man/man1/zgrep.1
/usr/share/man/man1/zgrep.1
/usr/share/man/man1/zless.1
/usr/share/man/man1/zless.1
/usr/share/man/man1/zmore.1
/usr/share/man/man1/zmore.1
/usr/share/man/man1/znew.1
/usr/share/man/man1/znew.1
/bin/gzexe
/usr/bin/gzexe
/bin/uncompress
/usr/bin/uncompress
/bin/zcmp
/usr/bin/zcmp
/bin/zdiff
/usr/bin/zdiff
/bin/zegrep
/usr/bin/zegrep
/bin/zfgrep
/usr/bin/zfgrep
/bin/zforce
/usr/bin/zforce
/bin/zgrep
/usr/bin/zgrep
/bin/zless
/usr/bin/zless
/bin/zmore
/usr/bin/zmore
/bin/znew
/usr/bin/znew
