/usr/bin/hostname
/usr/bin/hostname
/usr/bin/hostname
/usr/bin/dnsdomainname
/usr/bin/dnsdomainname
/usr/bin/dnsdomainname
/usr/bin/rcp
/usr/bin/rcp
/usr/bin/rcp
/usr/bin/rexec
/usr/bin/rexec
/usr/bin/rexec
/usr/bin/rlogin
/usr/bin/rlogin
/usr/bin/rlogin
/usr/bin/rsh
/usr/bin/rsh
/usr/bin/rsh
/usr/bin/tftp
/usr/bin/tftp
/usr/bin/tftp
/usr/bin/traceroute
/usr/bin/traceroute
/usr/bin/traceroute
/usr/bin/traceroute
/usr/bin/traceroute
/usr/bin/traceroute
/usr/bin/rsh
/usr/bin/rsh
/usr/bin/rsh
/usr/bin/rlogin
/usr/bin/rlogin
/usr/bin/rlogin
/usr/bin/rcp
/usr/bin/rcp
/usr/bin/rcp
/usr/bin/telnet
/usr/bin/telnet
/usr/bin/telnet
/usr/bin/telnet
/usr/bin/ftp
/usr/bin/ftp
/usr/bin/ftp
/usr/bin/ftp
/usr/bin/talk
/usr/bin/talk
/usr/bin/talk
/usr/bin/ping
/usr/bin/ping
/usr/bin/ping
/usr/bin/ping6
/usr/bin/ping6
/usr/bin/ping6
/usr/bin/ping
/usr/bin/ping
/usr/bin/ping
/usr/bin/ping6
/usr/bin/ping6
/usr/bin/ping6
/usr/bin/ifconfig
/usr/bin/ifconfig
/usr/bin/ifconfig
/usr/bin/ifconfig
/usr/share/info/inetutils.info
/usr/share/info/inetutils.info
/usr/share/info/inetutils.info
/usr/share/info/dir
/usr/share/info/dir
/usr/share/info/dir
/usr/share/info/dir
/usr/share/info/dir
/usr/share/info/dir
/usr/share/info/dir
/usr/share/info/dir
/usr/share/info/dir
/usr/share/info/dir
/usr/share/info/dir
/usr/share/info/dir
/usr/share/info/dir
/usr/share/info/dir
/usr/share/info/dir
/usr/share/info/dir
/usr/share/info/dir
/usr/share/info/dir
/usr/share/info/dir
/usr/share/info/dir
/usr/share/info/dir
/usr/share/man/man1/hostname.1
/usr/share/man/man1/hostname.1
/usr/share/man/man1/dnsdomainname.1
/usr/share/man/man1/dnsdomainname.1
/usr/share/man/man1/ifconfig.1
/usr/share/man/man1/ifconfig.1
/usr/share/man/man1/ftp.1
/usr/share/man/man1/ftp.1
/usr/share/man/man1/ping.1
/usr/share/man/man1/ping.1
/usr/share/man/man1/ping6.1
/usr/share/man/man1/ping6.1
/usr/share/man/man1/rcp.1
/usr/share/man/man1/rcp.1
/usr/share/man/man1/rexec.1
/usr/share/man/man1/rexec.1
/usr/share/man/man1/rlogin.1
/usr/share/man/man1/rlogin.1
/usr/share/man/man1/rsh.1
/usr/share/man/man1/rsh.1
/usr/share/man/man1/talk.1
/usr/share/man/man1/talk.1
/usr/share/man/man1/telnet.1
/usr/share/man/man1/telnet.1
/usr/share/man/man1/tftp.1
/usr/share/man/man1/tftp.1
/usr/share/man/man1/traceroute.1
/usr/share/man/man1/traceroute.1
/usr/bin/hostname
/bin/hostname
/usr/bin/ping
/bin/ping
/usr/bin/ping6
/bin/ping6
/usr/bin/traceroute
/bin/traceroute
/usr/bin/ifconfig
/sbin/ifconfig
