/lib/modules/3.16.2/source
/lib/modules/3.16.2/build
/lib/modules/3.16.2/modules.order
/lib/modules/3.16.2/modules.order
/lib/modules/3.16.2/modules.builtin
/lib/modules/3.16.2/modules.builtin
/lib/modules/3.16.2/kernel/arch/x86/kernel/iosf_mbi.ko
/lib/modules/3.16.2/kernel/arch/x86/kernel/iosf_mbi.ko
/lib/modules/3.16.2/kernel/drivers/thermal/x86_pkg_temp_thermal.ko
/lib/modules/3.16.2/kernel/drivers/thermal/x86_pkg_temp_thermal.ko
/lib/modules/3.16.2/kernel/net/ipv4/netfilter/ipt_MASQUERADE.ko
/lib/modules/3.16.2/kernel/net/ipv4/netfilter/ipt_MASQUERADE.ko
/lib/modules/3.16.2/kernel/net/ipv4/netfilter/iptable_nat.ko
/lib/modules/3.16.2/kernel/net/ipv4/netfilter/iptable_nat.ko
/lib/modules/3.16.2/kernel/net/ipv4/netfilter/nf_nat_ipv4.ko
/lib/modules/3.16.2/kernel/net/ipv4/netfilter/nf_nat_ipv4.ko
/lib/modules/3.16.2/kernel/net/netfilter/nf_nat.ko
/lib/modules/3.16.2/kernel/net/netfilter/nf_nat.ko
/lib/modules/3.16.2/kernel/net/netfilter/nf_nat_ftp.ko
/lib/modules/3.16.2/kernel/net/netfilter/nf_nat_ftp.ko
/lib/modules/3.16.2/kernel/net/netfilter/nf_nat_irc.ko
/lib/modules/3.16.2/kernel/net/netfilter/nf_nat_irc.ko
/lib/modules/3.16.2/kernel/net/netfilter/nf_nat_sip.ko
/lib/modules/3.16.2/kernel/net/netfilter/nf_nat_sip.ko
/lib/modules/3.16.2/kernel/net/netfilter/xt_LOG.ko
/lib/modules/3.16.2/kernel/net/netfilter/xt_LOG.ko
/lib/modules/3.16.2/kernel/net/netfilter/xt_mark.ko
/lib/modules/3.16.2/kernel/net/netfilter/xt_mark.ko
/lib/modules/3.16.2/kernel/net/netfilter/xt_nat.ko
/lib/modules/3.16.2/kernel/net/netfilter/xt_nat.ko
/lib/modules/3.16.2/modules.dep.tmp
/lib/modules/3.16.2/modules.dep.tmp
/lib/modules/3.16.2/modules.dep.tmp
/lib/modules/3.16.2/modules.dep
/lib/modules/3.16.2/modules.dep.bin.tmp
/lib/modules/3.16.2/modules.dep.bin.tmp
/lib/modules/3.16.2/modules.dep.bin.tmp
/lib/modules/3.16.2/modules.dep.bin.tmp
/lib/modules/3.16.2/modules.dep.bin
/lib/modules/3.16.2/modules.alias.tmp
/lib/modules/3.16.2/modules.alias.tmp
/lib/modules/3.16.2/modules.alias.tmp
/lib/modules/3.16.2/modules.alias
/lib/modules/3.16.2/modules.alias.bin.tmp
/lib/modules/3.16.2/modules.alias.bin.tmp
/lib/modules/3.16.2/modules.alias.bin.tmp
/lib/modules/3.16.2/modules.alias.bin.tmp
/lib/modules/3.16.2/modules.alias.bin
/lib/modules/3.16.2/modules.softdep.tmp
/lib/modules/3.16.2/modules.softdep.tmp
/lib/modules/3.16.2/modules.softdep.tmp
/lib/modules/3.16.2/modules.softdep
/lib/modules/3.16.2/modules.symbols.tmp
/lib/modules/3.16.2/modules.symbols.tmp
/lib/modules/3.16.2/modules.symbols.tmp
/lib/modules/3.16.2/modules.symbols
/lib/modules/3.16.2/modules.symbols.bin.tmp
/lib/modules/3.16.2/modules.symbols.bin.tmp
/lib/modules/3.16.2/modules.symbols.bin.tmp
/lib/modules/3.16.2/modules.symbols.bin.tmp
/lib/modules/3.16.2/modules.symbols.bin
/lib/modules/3.16.2/modules.builtin.bin.tmp
/lib/modules/3.16.2/modules.builtin.bin.tmp
/lib/modules/3.16.2/modules.builtin.bin.tmp
/lib/modules/3.16.2/modules.builtin.bin.tmp
/lib/modules/3.16.2/modules.builtin.bin.tmp
/lib/modules/3.16.2/modules.builtin.bin.tmp
/lib/modules/3.16.2/modules.builtin.bin
/lib/modules/3.16.2/modules.devname.tmp
/lib/modules/3.16.2/modules.devname.tmp
/lib/modules/3.16.2/modules.devname.tmp
/lib/modules/3.16.2/modules.devname
/boot/vmlinuz-3.16.2-lfs-7.6
/boot/vmlinuz-3.16.2-lfs-7.6
/boot/vmlinuz-3.16.2-lfs-7.6
/boot/vmlinuz-3.16.2-lfs-7.6
/boot/vmlinuz-3.16.2-lfs-7.6
/boot/vmlinuz-3.16.2-lfs-7.6
/boot/vmlinuz-3.16.2-lfs-7.6
/boot/vmlinuz-3.16.2-lfs-7.6
/boot/vmlinuz-3.16.2-lfs-7.6
/boot/vmlinuz-3.16.2-lfs-7.6
/boot/vmlinuz-3.16.2-lfs-7.6
/boot/vmlinuz-3.16.2-lfs-7.6
/boot/vmlinuz-3.16.2-lfs-7.6
/boot/vmlinuz-3.16.2-lfs-7.6
/boot/vmlinuz-3.16.2-lfs-7.6
/boot/vmlinuz-3.16.2-lfs-7.6
/boot/vmlinuz-3.16.2-lfs-7.6
/boot/vmlinuz-3.16.2-lfs-7.6
/boot/vmlinuz-3.16.2-lfs-7.6
/boot/vmlinuz-3.16.2-lfs-7.6
/boot/vmlinuz-3.16.2-lfs-7.6
/boot/vmlinuz-3.16.2-lfs-7.6
/boot/vmlinuz-3.16.2-lfs-7.6
/boot/vmlinuz-3.16.2-lfs-7.6
/boot/vmlinuz-3.16.2-lfs-7.6
/boot/vmlinuz-3.16.2-lfs-7.6
/boot/vmlinuz-3.16.2-lfs-7.6
/boot/vmlinuz-3.16.2-lfs-7.6
/boot/vmlinuz-3.16.2-lfs-7.6
/boot/vmlinuz-3.16.2-lfs-7.6
/boot/vmlinuz-3.16.2-lfs-7.6
/boot/vmlinuz-3.16.2-lfs-7.6
/boot/vmlinuz-3.16.2-lfs-7.6
/boot/vmlinuz-3.16.2-lfs-7.6
/boot/vmlinuz-3.16.2-lfs-7.6
/boot/vmlinuz-3.16.2-lfs-7.6
/boot/vmlinuz-3.16.2-lfs-7.6
/boot/vmlinuz-3.16.2-lfs-7.6
/boot/vmlinuz-3.16.2-lfs-7.6
/boot/vmlinuz-3.16.2-lfs-7.6
/boot/vmlinuz-3.16.2-lfs-7.6
/boot/vmlinuz-3.16.2-lfs-7.6
/boot/vmlinuz-3.16.2-lfs-7.6
/boot/vmlinuz-3.16.2-lfs-7.6
/boot/vmlinuz-3.16.2-lfs-7.6
/boot/config-3.16.2
/boot/config-3.16.2
/etc/modprobe.d/usb.conf
/etc/modprobe.d/usb.conf
/etc/fstab
