/usr/lib/libkmod.so.2.2.8
/usr/lib/libkmod.so.2.2.8
/usr/lib/libkmod.so.2.2.8
/usr/lib/libkmod.so.2.2.8
/usr/lib/libkmod.so.2
/usr/lib/libkmod.so
/usr/lib/libkmod.la
/usr/lib/libkmod.la
/bin/kmod
/bin/kmod
/bin/kmod
/bin/kmod
/bin/kmod
/usr/lib/libkmod.so
/usr/lib/libkmod.so.2
/lib/libkmod.so.2
/usr/lib/libkmod.so.2.2.8
/lib/libkmod.so.2.2.8
/usr/share/bash-completion/completions/kmod
/usr/share/bash-completion/completions/kmod
/usr/include/libkmod.h
/usr/include/libkmod.h
/usr/lib/pkgconfig/libkmod.pc
/usr/lib/pkgconfig/libkmod.pc
/usr/share/man/man5/depmod.d.5
/usr/share/man/man5/depmod.d.5
/usr/share/man/man5/modprobe.d.5
/usr/share/man/man5/modprobe.d.5
/usr/share/man/man5/modules.dep.5
/usr/share/man/man5/modules.dep.5
/usr/share/man/man5/modules.dep.bin.5
/usr/share/man/man5/modules.dep.bin.5
/usr/share/man/man8/depmod.8
/usr/share/man/man8/depmod.8
/usr/share/man/man8/insmod.8
/usr/share/man/man8/insmod.8
/usr/share/man/man8/lsmod.8
/usr/share/man/man8/lsmod.8
/usr/share/man/man8/rmmod.8
/usr/share/man/man8/rmmod.8
/usr/share/man/man8/modprobe.8
/usr/share/man/man8/modprobe.8
/usr/share/man/man8/modinfo.8
/usr/share/man/man8/modinfo.8
/sbin/depmod
/sbin/insmod
/sbin/modinfo
/sbin/modprobe
/sbin/rmmod
/bin/lsmod
