/lib/lsb
/etc/init.d
/etc/rc.d/init.d/checkfs
/etc/rc.d/init.d/checkfs
/etc/rc.d/init.d/cleanfs
/etc/rc.d/init.d/cleanfs
/etc/rc.d/init.d/halt
/etc/rc.d/init.d/halt
/etc/rc.d/init.d/console
/etc/rc.d/init.d/console
/etc/rc.d/init.d/localnet
/etc/rc.d/init.d/localnet
/etc/rc.d/init.d/modules
/etc/rc.d/init.d/modules
/etc/rc.d/init.d/mountfs
/etc/rc.d/init.d/mountfs
/etc/rc.d/init.d/mountvirtfs
/etc/rc.d/init.d/mountvirtfs
/etc/rc.d/init.d/network
/etc/rc.d/init.d/network
/etc/rc.d/init.d/rc
/etc/rc.d/init.d/rc
/etc/rc.d/init.d/reboot
/etc/rc.d/init.d/reboot
/etc/rc.d/init.d/sendsignals
/etc/rc.d/init.d/sendsignals
/etc/rc.d/init.d/setclock
/etc/rc.d/init.d/setclock
/etc/rc.d/init.d/swap
/etc/rc.d/init.d/swap
/etc/rc.d/init.d/sysctl
/etc/rc.d/init.d/sysctl
/etc/rc.d/init.d/sysklogd
/etc/rc.d/init.d/sysklogd
/etc/rc.d/init.d/template
/etc/rc.d/init.d/template
/etc/rc.d/init.d/udev
/etc/rc.d/init.d/udev
/etc/rc.d/init.d/udev_retry
/etc/rc.d/init.d/udev_retry
/sbin/ifup
/sbin/ifup
/sbin/ifdown
/sbin/ifdown
/usr/share/man/man8/ifup.8
/usr/share/man/man8/ifup.8
/usr/share/man/man8/ifdown.8
/lib/services/ipv4-static-route
/lib/services/ipv4-static-route
/lib/services/ipv4-static
/lib/services/ipv4-static
/lib/services/init-functions
/lib/services/init-functions
/etc/rc.d/rcS.d/S00mountvirtfs
/etc/rc.d/rcS.d/S05modules
/etc/rc.d/rcS.d/S08localnet
/etc/rc.d/rcS.d/S10udev
/etc/rc.d/rcS.d/S20swap
/etc/rc.d/rcS.d/S30checkfs
/etc/rc.d/rcS.d/S40mountfs
/etc/rc.d/rcS.d/S45cleanfs
/etc/rc.d/rcS.d/S50udev_retry
/etc/rc.d/rcS.d/S70console
/etc/rc.d/rcS.d/S90sysctl
/etc/rc.d/rc0.d/K80network
/etc/rc.d/rc0.d/K90sysklogd
/etc/rc.d/rc0.d/S60sendsignals
/etc/rc.d/rc0.d/S65swap
/etc/rc.d/rc0.d/S70mountfs
/etc/rc.d/rc0.d/S90localnet
/etc/rc.d/rc0.d/S99halt
/etc/rc.d/rc1.d/K80network
/etc/rc.d/rc1.d/K90sysklogd
/etc/rc.d/rc2.d/K80network
/etc/rc.d/rc2.d/K90sysklogd
/etc/rc.d/rc3.d/S10sysklogd
/etc/rc.d/rc3.d/S20network
/etc/rc.d/rc4.d/S10sysklogd
/etc/rc.d/rc4.d/S20network
/etc/rc.d/rc5.d/S10sysklogd
/etc/rc.d/rc5.d/S20network
/etc/rc.d/rc6.d/K80network
/etc/rc.d/rc6.d/K90sysklogd
/etc/rc.d/rc6.d/S60sendsignals
/etc/rc.d/rc6.d/S65swap
/etc/rc.d/rc6.d/S70mountfs
/etc/rc.d/rc6.d/S90localnet
/etc/rc.d/rc6.d/S99reboot
