/usr/lib/libgd.so.3.0.0
/usr/lib/libgd.so.3.0.0
/usr/lib/libgd.so.3.0.0
/usr/lib/libgd.so.3.0.0
/usr/lib/libgd.so.3.0.0
/usr/lib/libgd.so.3.0.0
/usr/lib/libgd.so.3.0.0
/usr/lib/libgd.so.3.0.0
/usr/lib/libgd.so.3
/usr/lib/libgd.so
/usr/lib/libgd.la
/usr/lib/libgd.la
/usr/lib/libgd.a
/usr/lib/libgd.a
/usr/lib/libgd.a
/usr/lib/libgd.a
/usr/lib/libgd.a
/usr/lib/libgd.a
/usr/lib/libgd.a
/usr/lib/libgd.a
/usr/lib/libgd.a
/usr/lib/libgd.a
/usr/lib/stAAYTDI
/usr/lib/stAAYTDI
/usr/lib/stAAYTDI
/usr/lib/stAAYTDI
/usr/lib/stAAYTDI
/usr/lib/stAAYTDI
/usr/lib/stAAYTDI
/usr/lib/stAAYTDI
/usr/lib/stAAYTDI
/usr/lib/stAAYTDI
/usr/lib/stAAYTDI
/usr/lib/stAAYTDI
/usr/lib/stAAYTDI
/usr/lib/stAAYTDI
/usr/lib/stAAYTDI
/usr/lib/stAAYTDI
/usr/lib/stAAYTDI
/usr/lib/stAAYTDI
/usr/lib/stAAYTDI
/usr/lib/stAAYTDI
/usr/lib/stAAYTDI
/usr/lib/stAAYTDI
/usr/lib/stAAYTDI
/usr/lib/stAAYTDI
/usr/lib/stAAYTDI
/usr/lib/stAAYTDI
/usr/lib/stAAYTDI
/usr/lib/stAAYTDI
/usr/lib/stAAYTDI
/usr/lib/stAAYTDI
/usr/lib/stAAYTDI
/usr/lib/stAAYTDI
/usr/lib/stAAYTDI
/usr/lib/stAAYTDI
/usr/lib/stAAYTDI
/usr/lib/stAAYTDI
/usr/lib/stAAYTDI
/usr/lib/stAAYTDI
/usr/lib/stAAYTDI
/usr/lib/stAAYTDI
/usr/lib/stAAYTDI
/usr/lib/stAAYTDI
/usr/lib/stAAYTDI
/usr/lib/stAAYTDI
/usr/lib/stAAYTDI
/usr/lib/stAAYTDI
/usr/lib/stAAYTDI
/usr/lib/stAAYTDI
/usr/lib/stAAYTDI
/usr/lib/stAAYTDI
/usr/lib/stAAYTDI
/usr/lib/stAAYTDI
/usr/lib/stAAYTDI
/usr/lib/stAAYTDI
/usr/lib/stAAYTDI
/usr/lib/stAAYTDI
/usr/lib/stAAYTDI
/usr/lib/stAAYTDI
/usr/lib/stAAYTDI
/usr/lib/stAAYTDI
/usr/lib/stAAYTDI
/usr/lib/stAAYTDI
/usr/lib/stAAYTDI
/usr/lib/stAAYTDI
/usr/lib/stAAYTDI
/usr/lib/stAAYTDI
/usr/lib/stAAYTDI
/usr/lib/stAAYTDI
/usr/lib/stAAYTDI
/usr/lib/stAAYTDI
/usr/lib/stAAYTDI
/usr/lib/stAAYTDI
/usr/lib/stAAYTDI
/usr/lib/stAAYTDI
/usr/lib/stAAYTDI
/usr/lib/stAAYTDI
/usr/lib/stAAYTDI
/usr/lib/stAAYTDI
/usr/lib/stAAYTDI
/usr/lib/stAAYTDI
/usr/lib/stAAYTDI
/usr/lib/stAAYTDI
/usr/lib/stAAYTDI
/usr/lib/stAAYTDI
/usr/lib/stAAYTDI
/usr/lib/stAAYTDI
/usr/lib/stAAYTDI
/usr/lib/stAAYTDI
/usr/lib/stAAYTDI
/usr/lib/stAAYTDI
/usr/lib/stAAYTDI
/usr/lib/stAAYTDI
/usr/lib/stAAYTDI
/usr/lib/stAAYTDI
/usr/lib/stAAYTDI
/usr/lib/stAAYTDI
/usr/lib/stAAYTDI
/usr/lib/stAAYTDI
/usr/lib/stAAYTDI
/usr/lib/stAAYTDI
/usr/lib/stAAYTDI
/usr/lib/stAAYTDI
/usr/lib/stAAYTDI
/usr/lib/stAAYTDI
/usr/lib/stAAYTDI
/usr/lib/stAAYTDI
/usr/lib/stAAYTDI
/usr/lib/stAAYTDI
/usr/lib/stAAYTDI
/usr/lib/stAAYTDI
/usr/lib/stAAYTDI
/usr/lib/stAAYTDI
/usr/lib/stAAYTDI
/usr/lib/stAAYTDI
/usr/lib/stAAYTDI
/usr/lib/stAAYTDI
/usr/lib/stAAYTDI
/usr/lib/stAAYTDI
/usr/lib/stAAYTDI
/usr/lib/stAAYTDI
/usr/lib/stAAYTDI
/usr/lib/stAAYTDI
/usr/lib/stAAYTDI
/usr/lib/stAAYTDI
/usr/lib/stAAYTDI
/usr/lib/stAAYTDI
/usr/lib/stAAYTDI
/usr/lib/stAAYTDI
/usr/lib/stAAYTDI
/usr/lib/stAAYTDI
/usr/lib/stAAYTDI
/usr/lib/stAAYTDI
/usr/lib/stAAYTDI
/usr/lib/stAAYTDI
/usr/lib/stAAYTDI
/usr/lib/stAAYTDI
/usr/lib/stAAYTDI
/usr/lib/stAAYTDI
/usr/lib/stAAYTDI
/usr/lib/stAAYTDI
/usr/lib/stAAYTDI
/usr/lib/stAAYTDI
/usr/lib/stAAYTDI
/usr/lib/stAAYTDI
/usr/lib/stAAYTDI
/usr/lib/stAAYTDI
/usr/lib/stAAYTDI
/usr/lib/stAAYTDI
/usr/lib/stAAYTDI
/usr/lib/stAAYTDI
/usr/lib/stAAYTDI
/usr/lib/stAAYTDI
/usr/lib/stAAYTDI
/usr/lib/stAAYTDI
/usr/lib/stAAYTDI
/usr/lib/stAAYTDI
/usr/lib/stAAYTDI
/usr/lib/stAAYTDI
/usr/lib/stAAYTDI
/usr/lib/stAAYTDI
/usr/lib/stAAYTDI
/usr/lib/stAAYTDI
/usr/lib/stAAYTDI
/usr/lib/stAAYTDI
/usr/lib/stAAYTDI
/usr/lib/stAAYTDI
/usr/lib/stAAYTDI
/usr/lib/stAAYTDI
/usr/lib/stAAYTDI
/usr/lib/stAAYTDI
/usr/lib/stAAYTDI
/usr/lib/stAAYTDI
/usr/lib/stAAYTDI
/usr/lib/stAAYTDI
/usr/lib/stAAYTDI
/usr/lib/stAAYTDI
/usr/lib/stAAYTDI
/usr/lib/stAAYTDI
/usr/lib/stAAYTDI
/usr/lib/stAAYTDI
/usr/lib/stAAYTDI
/usr/lib/stAAYTDI
/usr/lib/stAAYTDI
/usr/lib/stAAYTDI
/usr/lib/stAAYTDI
/usr/lib/stAAYTDI
/usr/lib/stAAYTDI
/usr/lib/stAAYTDI
/usr/lib/stAAYTDI
/usr/lib/stAAYTDI
/usr/lib/stAAYTDI
/usr/lib/stAAYTDI
/usr/lib/stAAYTDI
/usr/lib/stAAYTDI
/usr/lib/stAAYTDI
/usr/lib/stAAYTDI
/usr/lib/stAAYTDI
/usr/lib/stAAYTDI
/usr/lib/stAAYTDI
/usr/lib/stAAYTDI
/usr/lib/stAAYTDI
/usr/lib/stAAYTDI
/usr/lib/stAAYTDI
/usr/lib/stAAYTDI
/usr/lib/stAAYTDI
/usr/lib/stAAYTDI
/usr/lib/stAAYTDI
/usr/lib/stAAYTDI
/usr/lib/stAAYTDI
/usr/lib/stAAYTDI
/usr/lib/stAAYTDI
/usr/lib/stAAYTDI
/usr/lib/stAAYTDI
/usr/lib/stAAYTDI
/usr/lib/stAAYTDI
/usr/lib/stAAYTDI
/usr/lib/stAAYTDI
/usr/lib/stAAYTDI
/usr/lib/stAAYTDI
/usr/lib/stAAYTDI
/usr/lib/stAAYTDI
/usr/lib/stAAYTDI
/usr/lib/stAAYTDI
/usr/lib/stAAYTDI
/usr/lib/stAAYTDI
/usr/lib/stAAYTDI
/usr/lib/stAAYTDI
/usr/lib/stAAYTDI
/usr/lib/stAAYTDI
/usr/lib/stAAYTDI
/usr/lib/stAAYTDI
/usr/lib/stAAYTDI
/usr/lib/stAAYTDI
/usr/lib/stAAYTDI
/usr/lib/stAAYTDI
/usr/lib/stAAYTDI
/usr/lib/stAAYTDI
/usr/lib/stAAYTDI
/usr/lib/stAAYTDI
/usr/lib/stAAYTDI
/usr/lib/stAAYTDI
/usr/lib/stAAYTDI
/usr/lib/stAAYTDI
/usr/lib/stAAYTDI
/usr/lib/stAAYTDI
/usr/lib/stAAYTDI
/usr/lib/stAAYTDI
/usr/lib/stAAYTDI
/usr/lib/stAAYTDI
/usr/lib/stAAYTDI
/usr/lib/stAAYTDI
/usr/lib/stAAYTDI
/usr/lib/stAAYTDI
/usr/lib/stAAYTDI
/usr/lib/stAAYTDI
/usr/lib/stAAYTDI
/usr/lib/stAAYTDI
/usr/lib/stAAYTDI
/usr/lib/stAAYTDI
/usr/lib/stAAYTDI
/usr/lib/stAAYTDI
/usr/lib/stAAYTDI
/usr/lib/stAAYTDI
/usr/lib/stAAYTDI
/usr/lib/stAAYTDI
/usr/lib/libgd.a
/usr/bin/gdcmpgif
/usr/bin/gdcmpgif
/usr/bin/gdtopng
/usr/bin/gdtopng
/usr/bin/pngtogd
/usr/bin/pngtogd
/usr/bin/webpng
/usr/bin/webpng
/usr/bin/gdparttopng
/usr/bin/gdparttopng
/usr/bin/gd2topng
/usr/bin/gd2topng
/usr/bin/pngtogd2
/usr/bin/pngtogd2
/usr/bin/annotate
/usr/bin/annotate
/usr/bin/gd2copypal
/usr/bin/gd2copypal
/usr/bin/gd2togif
/usr/bin/gd2togif
/usr/bin/giftogd2
/usr/bin/giftogd2
/usr/bin/bdftogd
/usr/bin/bdftogd
/usr/include/gd.h
/usr/include/gd.h
/usr/include/gdfx.h
/usr/include/gdfx.h
/usr/include/gd_io.h
/usr/include/gd_io.h
/usr/include/gdcache.h
/usr/include/gdcache.h
/usr/include/gdfontg.h
/usr/include/gdfontg.h
/usr/include/gdfontl.h
/usr/include/gdfontl.h
/usr/include/gdfontmb.h
/usr/include/gdfontmb.h
/usr/include/gdfonts.h
/usr/include/gdfonts.h
/usr/include/gdfontt.h
/usr/include/gdfontt.h
/usr/include/entities.h
/usr/include/entities.h
/usr/include/gd_color_map.h
/usr/include/gd_color_map.h
/usr/include/gd_errors.h
/usr/include/gd_errors.h
/usr/include/gdpp.h
/usr/include/gdpp.h
/usr/bin/gdlib-config
/usr/bin/gdlib-config
/usr/lib/pkgconfig/gdlib.pc
/usr/lib/pkgconfig/gdlib.pc
