/usr/lib/libjpeg.so.8.0.2
/usr/lib/libjpeg.so.8.0.2
/usr/lib/libjpeg.so.8.0.2
/usr/lib/libjpeg.so.8.0.2
/usr/lib/libjpeg.so.8.0.2
/usr/lib/libjpeg.so.8
/usr/lib/libjpeg.so
/usr/lib/libjpeg.la
/usr/lib/libjpeg.la
/usr/lib/libturbojpeg.so.0.0.0
/usr/lib/libturbojpeg.so.0.0.0
/usr/lib/libturbojpeg.so.0.0.0
/usr/lib/libturbojpeg.so.0.0.0
/usr/lib/libturbojpeg.so.0.0.0
/usr/lib/libturbojpeg.so.0
/usr/lib/libturbojpeg.so
/usr/lib/libturbojpeg.la
/usr/lib/libturbojpeg.la
/usr/bin/cjpeg
/usr/bin/cjpeg
/usr/bin/djpeg
/usr/bin/djpeg
/usr/bin/jpegtran
/usr/bin/jpegtran
/usr/bin/rdjpgcom
/usr/bin/rdjpgcom
/usr/bin/wrjpgcom
/usr/bin/wrjpgcom
/usr/bin/tjbench
/usr/bin/tjbench
/usr/share/doc/libjpeg-turbo-1.3.1/README
/usr/share/doc/libjpeg-turbo-1.3.1/README
/usr/share/doc/libjpeg-turbo-1.3.1/README-turbo.txt
/usr/share/doc/libjpeg-turbo-1.3.1/README-turbo.txt
/usr/share/doc/libjpeg-turbo-1.3.1/libjpeg.txt
/usr/share/doc/libjpeg-turbo-1.3.1/libjpeg.txt
/usr/share/doc/libjpeg-turbo-1.3.1/libjpeg.txt
/usr/share/doc/libjpeg-turbo-1.3.1/structure.txt
/usr/share/doc/libjpeg-turbo-1.3.1/structure.txt
/usr/share/doc/libjpeg-turbo-1.3.1/usage.txt
/usr/share/doc/libjpeg-turbo-1.3.1/usage.txt
/usr/share/doc/libjpeg-turbo-1.3.1/wizard.txt
/usr/share/doc/libjpeg-turbo-1.3.1/wizard.txt
/usr/share/doc/libjpeg-turbo-1.3.1/example.c
/usr/share/doc/libjpeg-turbo-1.3.1/example.c
/usr/include/jerror.h
/usr/include/jerror.h
/usr/include/jmorecfg.h
/usr/include/jmorecfg.h
/usr/include/jpeglib.h
/usr/include/jpeglib.h
/usr/include/turbojpeg.h
/usr/include/turbojpeg.h
/usr/share/man/man1/cjpeg.1
/usr/share/man/man1/cjpeg.1
/usr/share/man/man1/djpeg.1
/usr/share/man/man1/djpeg.1
/usr/share/man/man1/jpegtran.1
/usr/share/man/man1/jpegtran.1
/usr/share/man/man1/rdjpgcom.1
/usr/share/man/man1/rdjpgcom.1
/usr/share/man/man1/wrjpgcom.1
/usr/share/man/man1/wrjpgcom.1
/usr/include/jconfig.h
/usr/include/jconfig.h
