/usr/lib/libpng16.so.16.13.0
/usr/lib/libpng16.so.16.13.0
/usr/lib/libpng16.so.16.13.0
/usr/lib/libpng16.so.16.13.0
/usr/lib/libpng16.so.16.13.0
/usr/lib/libpng16.so.16.13.0
/usr/lib/libpng16.so.16.13.0
/usr/lib/libpng16.so.16
/usr/lib/libpng16.so
/usr/lib/libpng16.la
/usr/lib/libpng16.la
/usr/bin/pngfix
/usr/bin/pngfix
/usr/bin/png-fix-itxt
/usr/bin/png-fix-itxt
/usr/bin/libpng16-config
/usr/bin/libpng16-config
/usr/lib/libpng.so
/usr/lib/libpng.la
/usr/bin/libpng-config
/usr/share/man/man3/libpng.3
/usr/share/man/man3/libpng.3
/usr/share/man/man3/libpng.3
/usr/share/man/man3/libpng.3
/usr/share/man/man3/libpngpf.3
/usr/share/man/man3/libpngpf.3
/usr/share/man/man5/png.5
/usr/share/man/man5/png.5
/usr/include/libpng16/pnglibconf.h
/usr/include/libpng16/pnglibconf.h
/usr/lib/pkgconfig/libpng16.pc
/usr/lib/pkgconfig/libpng16.pc
/usr/include/libpng16/png.h
/usr/include/libpng16/png.h
/usr/include/libpng16/png.h
/usr/include/libpng16/pngconf.h
/usr/include/libpng16/pngconf.h
/usr/include/pnglibconf.h
/usr/include/png.h
/usr/include/pngconf.h
/usr/lib/pkgconfig/libpng.pc
