/usr/lib/libserf-1.so.1.3.0
/usr/lib/libserf-1.so.1.3.0
/usr/lib/libserf-1.so.1.3.0
/usr/lib/libserf-1.so.1.3.0
/usr/lib/libserf-1.so.1.3.0
/usr/lib/libserf-1.so.1.3.0
/usr/lib/libserf-1.so.1.3.0
/usr/lib/libserf-1.so.1.3.0
/usr/lib/libserf-1.so.1.3.0
/usr/lib/libserf-1.so.1.3.0
/usr/lib/libserf-1.so.1.3.0
/usr/lib/libserf-1.so.1.3.0
/usr/lib/libserf-1.so.1.3.0
/usr/lib/libserf-1.so.1.3.0
/usr/lib/libserf-1.so.1.3.0
/usr/lib/libserf-1.so.1.3.0
/usr/lib/libserf-1.so.1.3.0
/usr/lib/libserf-1.so.1.3.0
/usr/lib/libserf-1.so.1.3.0
/usr/lib/libserf-1.so.1.3.0
/usr/lib/libserf-1.so.1.3.0
/usr/lib/libserf-1.so.1.3.0
/usr/lib/libserf-1.so.1.3.0
/usr/lib/libserf-1.so.1.3.0
/usr/lib/libserf-1.so.1.3.0
/usr/lib/libserf-1.so.1.3.0
/usr/lib/libserf-1.so.1.3.0
/usr/lib/libserf-1.so.1.3.0
/usr/lib/libserf-1.so.1.3.0
/usr/lib/libserf-1.so.1.3.0
/usr/lib/libserf-1.so.1.3.0
/usr/lib/libserf-1.so.1.3.0
/usr/lib/libserf-1.so.1.3.0
/usr/lib/libserf-1.so.1.3.0
/usr/lib/libserf-1.so.1.3.0
/usr/lib/libserf-1.so.1.3.0
/usr/lib/libserf-1.so.1.3.0
/usr/lib/libserf-1.so.1.3.0
/usr/lib/libserf-1.so.1.3.0
/usr/lib/libserf-1.so.1.3.0
/usr/lib/libserf-1.so.1.3.0
/usr/lib/libserf-1.so.1.3.0
/usr/lib/libserf-1.so.1.3.0
/usr/lib/libserf-1.so.1.3.0
/usr/lib/libserf-1.so.1.3.0
/usr/lib/libserf-1.so
/usr/lib/libserf-1.so.1
/usr/include/serf-1/serf.h
/usr/include/serf-1/serf.h
/usr/include/serf-1/serf.h
/usr/include/serf-1/serf.h
/usr/include/serf-1/serf.h
/usr/include/serf-1/serf.h
/usr/include/serf-1/serf_bucket_types.h
/usr/include/serf-1/serf_bucket_types.h
/usr/include/serf-1/serf_bucket_types.h
/usr/include/serf-1/serf_bucket_types.h
/usr/include/serf-1/serf_bucket_util.h
/usr/include/serf-1/serf_bucket_util.h
/usr/include/serf-1/serf_bucket_util.h
/usr/lib/pkgconfig/serf-1.pc
/usr/lib/pkgconfig/serf-1.pc
