/usr/lib/libtiff.so.5.2.0
/usr/lib/libtiff.so.5.2.0
/usr/lib/libtiff.so.5.2.0
/usr/lib/libtiff.so.5.2.0
/usr/lib/libtiff.so.5.2.0
/usr/lib/libtiff.so.5.2.0
/usr/lib/libtiff.so.5.2.0
/usr/lib/libtiff.so.5.2.0
/usr/lib/libtiff.so.5.2.0
/usr/lib/libtiff.so.5.2.0
/usr/lib/libtiff.so.5.2.0
/usr/lib/libtiff.so.5
/usr/lib/libtiff.so
/usr/lib/libtiff.la
/usr/lib/libtiff.la
/usr/lib/libtiffxx.so.5.2.0
/usr/lib/libtiffxx.so.5.2.0
/usr/lib/libtiffxx.so.5
/usr/lib/libtiffxx.so
/usr/lib/libtiffxx.la
/usr/lib/libtiffxx.la
/usr/include/tiff.h
/usr/include/tiff.h
/usr/include/tiffio.h
/usr/include/tiffio.h
/usr/include/tiffvers.h
/usr/include/tiffvers.h
/usr/include/tiffio.hxx
/usr/include/tiffio.hxx
/usr/include/tiffconf.h
/usr/include/tiffconf.h
/usr/bin/bmp2tiff
/usr/bin/bmp2tiff
/usr/bin/fax2ps
/usr/bin/fax2ps
/usr/bin/fax2tiff
/usr/bin/fax2tiff
/usr/bin/gif2tiff
/usr/bin/gif2tiff
/usr/bin/pal2rgb
/usr/bin/pal2rgb
/usr/bin/ppm2tiff
/usr/bin/ppm2tiff
/usr/bin/ras2tiff
/usr/bin/ras2tiff
/usr/bin/raw2tiff
/usr/bin/raw2tiff
/usr/bin/rgb2ycbcr
/usr/bin/rgb2ycbcr
/usr/bin/thumbnail
/usr/bin/thumbnail
/usr/bin/tiff2bw
/usr/bin/tiff2bw
/usr/bin/tiff2pdf
/usr/bin/tiff2pdf
/usr/bin/tiff2pdf
/usr/bin/tiff2ps
/usr/bin/tiff2ps
/usr/bin/tiff2rgba
/usr/bin/tiff2rgba
/usr/bin/tiffcmp
/usr/bin/tiffcmp
/usr/bin/tiffcp
/usr/bin/tiffcp
/usr/bin/tiffcrop
/usr/bin/tiffcrop
/usr/bin/tiffcrop
/usr/bin/tiffcrop
/usr/bin/tiffdither
/usr/bin/tiffdither
/usr/bin/tiffdump
/usr/bin/tiffdump
/usr/bin/tiffinfo
/usr/bin/tiffinfo
/usr/bin/tiffmedian
/usr/bin/tiffmedian
/usr/bin/tiffset
/usr/bin/tiffset
/usr/bin/tiffsplit
/usr/bin/tiffsplit
/usr/share/man/man1/bmp2tiff.1
/usr/share/man/man1/bmp2tiff.1
/usr/share/man/man1/fax2ps.1
/usr/share/man/man1/fax2ps.1
/usr/share/man/man1/fax2tiff.1
/usr/share/man/man1/fax2tiff.1
/usr/share/man/man1/gif2tiff.1
/usr/share/man/man1/gif2tiff.1
/usr/share/man/man1/pal2rgb.1
/usr/share/man/man1/pal2rgb.1
/usr/share/man/man1/ppm2tiff.1
/usr/share/man/man1/ppm2tiff.1
/usr/share/man/man1/ras2tiff.1
/usr/share/man/man1/ras2tiff.1
/usr/share/man/man1/raw2tiff.1
/usr/share/man/man1/raw2tiff.1
/usr/share/man/man1/rgb2ycbcr.1
/usr/share/man/man1/rgb2ycbcr.1
/usr/share/man/man1/sgi2tiff.1
/usr/share/man/man1/sgi2tiff.1
/usr/share/man/man1/thumbnail.1
/usr/share/man/man1/thumbnail.1
/usr/share/man/man1/tiff2bw.1
/usr/share/man/man1/tiff2bw.1
/usr/share/man/man1/tiff2pdf.1
/usr/share/man/man1/tiff2pdf.1
/usr/share/man/man1/tiff2ps.1
/usr/share/man/man1/tiff2ps.1
/usr/share/man/man1/tiff2rgba.1
/usr/share/man/man1/tiff2rgba.1
/usr/share/man/man1/tiffcmp.1
/usr/share/man/man1/tiffcmp.1
/usr/share/man/man1/tiffcp.1
/usr/share/man/man1/tiffcp.1
/usr/share/man/man1/tiffcrop.1
/usr/share/man/man1/tiffcrop.1
/usr/share/man/man1/tiffdither.1
/usr/share/man/man1/tiffdither.1
/usr/share/man/man1/tiffdump.1
/usr/share/man/man1/tiffdump.1
/usr/share/man/man1/tiffgt.1
/usr/share/man/man1/tiffgt.1
/usr/share/man/man1/tiffinfo.1
/usr/share/man/man1/tiffinfo.1
/usr/share/man/man1/tiffmedian.1
/usr/share/man/man1/tiffmedian.1
/usr/share/man/man1/tiffset.1
/usr/share/man/man1/tiffset.1
/usr/share/man/man1/tiffsplit.1
/usr/share/man/man1/tiffsplit.1
/usr/share/man/man1/tiffsv.1
/usr/share/man/man1/tiffsv.1
/usr/share/man/man3/libtiff.3tiff
/usr/share/man/man3/libtiff.3tiff
/usr/share/man/man3/TIFFbuffer.3tiff
/usr/share/man/man3/TIFFbuffer.3tiff
/usr/share/man/man3/TIFFClose.3tiff
/usr/share/man/man3/TIFFClose.3tiff
/usr/share/man/man3/TIFFcodec.3tiff
/usr/share/man/man3/TIFFcodec.3tiff
/usr/share/man/man3/TIFFcolor.3tiff
/usr/share/man/man3/TIFFcolor.3tiff
/usr/share/man/man3/TIFFDataWidth.3tiff
/usr/share/man/man3/TIFFDataWidth.3tiff
/usr/share/man/man3/TIFFError.3tiff
/usr/share/man/man3/TIFFError.3tiff
/usr/share/man/man3/TIFFFieldDataType.3tiff
/usr/share/man/man3/TIFFFieldDataType.3tiff
/usr/share/man/man3/TIFFFieldName.3tiff
/usr/share/man/man3/TIFFFieldName.3tiff
/usr/share/man/man3/TIFFFieldPassCount.3tiff
/usr/share/man/man3/TIFFFieldPassCount.3tiff
/usr/share/man/man3/TIFFFieldReadCount.3tiff
/usr/share/man/man3/TIFFFieldReadCount.3tiff
/usr/share/man/man3/TIFFFieldTag.3tiff
/usr/share/man/man3/TIFFFieldTag.3tiff
/usr/share/man/man3/TIFFFieldWriteCount.3tiff
/usr/share/man/man3/TIFFFieldWriteCount.3tiff
/usr/share/man/man3/TIFFFlush.3tiff
/usr/share/man/man3/TIFFFlush.3tiff
/usr/share/man/man3/TIFFGetField.3tiff
/usr/share/man/man3/TIFFGetField.3tiff
/usr/share/man/man3/TIFFmemory.3tiff
/usr/share/man/man3/TIFFmemory.3tiff
/usr/share/man/man3/TIFFOpen.3tiff
/usr/share/man/man3/TIFFOpen.3tiff
/usr/share/man/man3/TIFFPrintDirectory.3tiff
/usr/share/man/man3/TIFFPrintDirectory.3tiff
/usr/share/man/man3/TIFFquery.3tiff
/usr/share/man/man3/TIFFquery.3tiff
/usr/share/man/man3/TIFFReadDirectory.3tiff
/usr/share/man/man3/TIFFReadDirectory.3tiff
/usr/share/man/man3/TIFFReadEncodedStrip.3tiff
/usr/share/man/man3/TIFFReadEncodedStrip.3tiff
/usr/share/man/man3/TIFFReadEncodedTile.3tiff
/usr/share/man/man3/TIFFReadEncodedTile.3tiff
/usr/share/man/man3/TIFFReadRawStrip.3tiff
/usr/share/man/man3/TIFFReadRawStrip.3tiff
/usr/share/man/man3/TIFFReadRawTile.3tiff
/usr/share/man/man3/TIFFReadRawTile.3tiff
/usr/share/man/man3/TIFFReadRGBAImage.3tiff
/usr/share/man/man3/TIFFReadRGBAImage.3tiff
/usr/share/man/man3/TIFFReadRGBAStrip.3tiff
/usr/share/man/man3/TIFFReadRGBAStrip.3tiff
/usr/share/man/man3/TIFFReadRGBATile.3tiff
/usr/share/man/man3/TIFFReadRGBATile.3tiff
/usr/share/man/man3/TIFFReadScanline.3tiff
/usr/share/man/man3/TIFFReadScanline.3tiff
/usr/share/man/man3/TIFFReadTile.3tiff
/usr/share/man/man3/TIFFReadTile.3tiff
/usr/share/man/man3/TIFFRGBAImage.3tiff
/usr/share/man/man3/TIFFRGBAImage.3tiff
/usr/share/man/man3/TIFFSetDirectory.3tiff
/usr/share/man/man3/TIFFSetDirectory.3tiff
/usr/share/man/man3/TIFFSetField.3tiff
/usr/share/man/man3/TIFFSetField.3tiff
/usr/share/man/man3/TIFFsize.3tiff
/usr/share/man/man3/TIFFsize.3tiff
/usr/share/man/man3/TIFFstrip.3tiff
/usr/share/man/man3/TIFFstrip.3tiff
/usr/share/man/man3/TIFFswab.3tiff
/usr/share/man/man3/TIFFswab.3tiff
/usr/share/man/man3/TIFFtile.3tiff
/usr/share/man/man3/TIFFtile.3tiff
/usr/share/man/man3/TIFFWarning.3tiff
/usr/share/man/man3/TIFFWarning.3tiff
/usr/share/man/man3/TIFFWriteDirectory.3tiff
/usr/share/man/man3/TIFFWriteDirectory.3tiff
/usr/share/man/man3/TIFFWriteEncodedStrip.3tiff
/usr/share/man/man3/TIFFWriteEncodedStrip.3tiff
/usr/share/man/man3/TIFFWriteEncodedTile.3tiff
/usr/share/man/man3/TIFFWriteEncodedTile.3tiff
/usr/share/man/man3/TIFFWriteRawStrip.3tiff
/usr/share/man/man3/TIFFWriteRawStrip.3tiff
/usr/share/man/man3/TIFFWriteRawTile.3tiff
/usr/share/man/man3/TIFFWriteRawTile.3tiff
/usr/share/man/man3/TIFFWriteScanline.3tiff
/usr/share/man/man3/TIFFWriteScanline.3tiff
/usr/share/man/man3/TIFFWriteTile.3tiff
/usr/share/man/man3/TIFFWriteTile.3tiff
/usr/share/doc/tiff-4.0.3/html/images/back.gif
/usr/share/doc/tiff-4.0.3/html/images/back.gif
/usr/share/doc/tiff-4.0.3/html/images/bali.jpg
/usr/share/doc/tiff-4.0.3/html/images/bali.jpg
/usr/share/doc/tiff-4.0.3/html/images/cat.gif
/usr/share/doc/tiff-4.0.3/html/images/cat.gif
/usr/share/doc/tiff-4.0.3/html/images/cover.jpg
/usr/share/doc/tiff-4.0.3/html/images/cover.jpg
/usr/share/doc/tiff-4.0.3/html/images/cramps.gif
/usr/share/doc/tiff-4.0.3/html/images/cramps.gif
/usr/share/doc/tiff-4.0.3/html/images/dave.gif
/usr/share/doc/tiff-4.0.3/html/images/dave.gif
/usr/share/doc/tiff-4.0.3/html/images/info.gif
/usr/share/doc/tiff-4.0.3/html/images/info.gif
/usr/share/doc/tiff-4.0.3/html/images/jello.jpg
/usr/share/doc/tiff-4.0.3/html/images/jello.jpg
/usr/share/doc/tiff-4.0.3/html/images/jim.gif
/usr/share/doc/tiff-4.0.3/html/images/jim.gif
/usr/share/doc/tiff-4.0.3/html/images/note.gif
/usr/share/doc/tiff-4.0.3/html/images/note.gif
/usr/share/doc/tiff-4.0.3/html/images/oxford.gif
/usr/share/doc/tiff-4.0.3/html/images/oxford.gif
/usr/share/doc/tiff-4.0.3/html/images/quad.jpg
/usr/share/doc/tiff-4.0.3/html/images/quad.jpg
/usr/share/doc/tiff-4.0.3/html/images/ring.gif
/usr/share/doc/tiff-4.0.3/html/images/ring.gif
/usr/share/doc/tiff-4.0.3/html/images/smallliz.jpg
/usr/share/doc/tiff-4.0.3/html/images/smallliz.jpg
/usr/share/doc/tiff-4.0.3/html/images/strike.gif
/usr/share/doc/tiff-4.0.3/html/images/strike.gif
/usr/share/doc/tiff-4.0.3/html/images/warning.gif
/usr/share/doc/tiff-4.0.3/html/images/warning.gif
/usr/share/doc/tiff-4.0.3/html/man/index.html
/usr/share/doc/tiff-4.0.3/html/man/index.html
/usr/share/doc/tiff-4.0.3/html/man/libtiff.3tiff.html
/usr/share/doc/tiff-4.0.3/html/man/libtiff.3tiff.html
/usr/share/doc/tiff-4.0.3/html/man/TIFFbuffer.3tiff.html
/usr/share/doc/tiff-4.0.3/html/man/TIFFbuffer.3tiff.html
/usr/share/doc/tiff-4.0.3/html/man/TIFFClose.3tiff.html
/usr/share/doc/tiff-4.0.3/html/man/TIFFClose.3tiff.html
/usr/share/doc/tiff-4.0.3/html/man/TIFFcodec.3tiff.html
/usr/share/doc/tiff-4.0.3/html/man/TIFFcodec.3tiff.html
/usr/share/doc/tiff-4.0.3/html/man/TIFFcolor.3tiff.html
/usr/share/doc/tiff-4.0.3/html/man/TIFFcolor.3tiff.html
/usr/share/doc/tiff-4.0.3/html/man/TIFFDataWidth.3tiff.html
/usr/share/doc/tiff-4.0.3/html/man/TIFFDataWidth.3tiff.html
/usr/share/doc/tiff-4.0.3/html/man/TIFFError.3tiff.html
/usr/share/doc/tiff-4.0.3/html/man/TIFFError.3tiff.html
/usr/share/doc/tiff-4.0.3/html/man/TIFFFieldDataType.3tiff.html
/usr/share/doc/tiff-4.0.3/html/man/TIFFFieldDataType.3tiff.html
/usr/share/doc/tiff-4.0.3/html/man/TIFFFieldName.3tiff.html
/usr/share/doc/tiff-4.0.3/html/man/TIFFFieldName.3tiff.html
/usr/share/doc/tiff-4.0.3/html/man/TIFFFieldPassCount.3tiff.html
/usr/share/doc/tiff-4.0.3/html/man/TIFFFieldPassCount.3tiff.html
/usr/share/doc/tiff-4.0.3/html/man/TIFFFieldReadCount.3tiff.html
/usr/share/doc/tiff-4.0.3/html/man/TIFFFieldReadCount.3tiff.html
/usr/share/doc/tiff-4.0.3/html/man/TIFFFieldTag.3tiff.html
/usr/share/doc/tiff-4.0.3/html/man/TIFFFieldTag.3tiff.html
/usr/share/doc/tiff-4.0.3/html/man/TIFFFieldWriteCount.3tiff.html
/usr/share/doc/tiff-4.0.3/html/man/TIFFFieldWriteCount.3tiff.html
/usr/share/doc/tiff-4.0.3/html/man/TIFFFlush.3tiff.html
/usr/share/doc/tiff-4.0.3/html/man/TIFFFlush.3tiff.html
/usr/share/doc/tiff-4.0.3/html/man/TIFFGetField.3tiff.html
/usr/share/doc/tiff-4.0.3/html/man/TIFFGetField.3tiff.html
/usr/share/doc/tiff-4.0.3/html/man/TIFFmemory.3tiff.html
/usr/share/doc/tiff-4.0.3/html/man/TIFFmemory.3tiff.html
/usr/share/doc/tiff-4.0.3/html/man/TIFFOpen.3tiff.html
/usr/share/doc/tiff-4.0.3/html/man/TIFFOpen.3tiff.html
/usr/share/doc/tiff-4.0.3/html/man/TIFFPrintDirectory.3tiff.html
/usr/share/doc/tiff-4.0.3/html/man/TIFFPrintDirectory.3tiff.html
/usr/share/doc/tiff-4.0.3/html/man/TIFFquery.3tiff.html
/usr/share/doc/tiff-4.0.3/html/man/TIFFquery.3tiff.html
/usr/share/doc/tiff-4.0.3/html/man/TIFFReadDirectory.3tiff.html
/usr/share/doc/tiff-4.0.3/html/man/TIFFReadDirectory.3tiff.html
/usr/share/doc/tiff-4.0.3/html/man/TIFFReadEncodedStrip.3tiff.html
/usr/share/doc/tiff-4.0.3/html/man/TIFFReadEncodedStrip.3tiff.html
/usr/share/doc/tiff-4.0.3/html/man/TIFFReadEncodedTile.3tiff.html
/usr/share/doc/tiff-4.0.3/html/man/TIFFReadEncodedTile.3tiff.html
/usr/share/doc/tiff-4.0.3/html/man/TIFFReadRawStrip.3tiff.html
/usr/share/doc/tiff-4.0.3/html/man/TIFFReadRawStrip.3tiff.html
/usr/share/doc/tiff-4.0.3/html/man/TIFFReadRawTile.3tiff.html
/usr/share/doc/tiff-4.0.3/html/man/TIFFReadRawTile.3tiff.html
/usr/share/doc/tiff-4.0.3/html/man/TIFFReadRGBAImage.3tiff.html
/usr/share/doc/tiff-4.0.3/html/man/TIFFReadRGBAImage.3tiff.html
/usr/share/doc/tiff-4.0.3/html/man/TIFFReadRGBAStrip.3tiff.html
/usr/share/doc/tiff-4.0.3/html/man/TIFFReadRGBAStrip.3tiff.html
/usr/share/doc/tiff-4.0.3/html/man/TIFFReadRGBATile.3tiff.html
/usr/share/doc/tiff-4.0.3/html/man/TIFFReadRGBATile.3tiff.html
/usr/share/doc/tiff-4.0.3/html/man/TIFFReadScanline.3tiff.html
/usr/share/doc/tiff-4.0.3/html/man/TIFFReadScanline.3tiff.html
/usr/share/doc/tiff-4.0.3/html/man/TIFFReadTile.3tiff.html
/usr/share/doc/tiff-4.0.3/html/man/TIFFReadTile.3tiff.html
/usr/share/doc/tiff-4.0.3/html/man/TIFFRGBAImage.3tiff.html
/usr/share/doc/tiff-4.0.3/html/man/TIFFRGBAImage.3tiff.html
/usr/share/doc/tiff-4.0.3/html/man/TIFFSetDirectory.3tiff.html
/usr/share/doc/tiff-4.0.3/html/man/TIFFSetDirectory.3tiff.html
/usr/share/doc/tiff-4.0.3/html/man/TIFFSetField.3tiff.html
/usr/share/doc/tiff-4.0.3/html/man/TIFFSetField.3tiff.html
/usr/share/doc/tiff-4.0.3/html/man/TIFFsize.3tiff.html
/usr/share/doc/tiff-4.0.3/html/man/TIFFsize.3tiff.html
/usr/share/doc/tiff-4.0.3/html/man/TIFFstrip.3tiff.html
/usr/share/doc/tiff-4.0.3/html/man/TIFFstrip.3tiff.html
/usr/share/doc/tiff-4.0.3/html/man/TIFFswab.3tiff.html
/usr/share/doc/tiff-4.0.3/html/man/TIFFswab.3tiff.html
/usr/share/doc/tiff-4.0.3/html/man/TIFFtile.3tiff.html
/usr/share/doc/tiff-4.0.3/html/man/TIFFtile.3tiff.html
/usr/share/doc/tiff-4.0.3/html/man/TIFFWarning.3tiff.html
/usr/share/doc/tiff-4.0.3/html/man/TIFFWarning.3tiff.html
/usr/share/doc/tiff-4.0.3/html/man/TIFFWriteDirectory.3tiff.html
/usr/share/doc/tiff-4.0.3/html/man/TIFFWriteDirectory.3tiff.html
/usr/share/doc/tiff-4.0.3/html/man/TIFFWriteEncodedStrip.3tiff.html
/usr/share/doc/tiff-4.0.3/html/man/TIFFWriteEncodedStrip.3tiff.html
/usr/share/doc/tiff-4.0.3/html/man/TIFFWriteEncodedTile.3tiff.html
/usr/share/doc/tiff-4.0.3/html/man/TIFFWriteEncodedTile.3tiff.html
/usr/share/doc/tiff-4.0.3/html/man/TIFFWriteRawStrip.3tiff.html
/usr/share/doc/tiff-4.0.3/html/man/TIFFWriteRawStrip.3tiff.html
/usr/share/doc/tiff-4.0.3/html/man/TIFFWriteRawTile.3tiff.html
/usr/share/doc/tiff-4.0.3/html/man/TIFFWriteRawTile.3tiff.html
/usr/share/doc/tiff-4.0.3/html/man/TIFFWriteScanline.3tiff.html
/usr/share/doc/tiff-4.0.3/html/man/TIFFWriteScanline.3tiff.html
/usr/share/doc/tiff-4.0.3/html/man/TIFFWriteTile.3tiff.html
/usr/share/doc/tiff-4.0.3/html/man/TIFFWriteTile.3tiff.html
/usr/share/doc/tiff-4.0.3/html/man/bmp2tiff.1.html
/usr/share/doc/tiff-4.0.3/html/man/bmp2tiff.1.html
/usr/share/doc/tiff-4.0.3/html/man/fax2ps.1.html
/usr/share/doc/tiff-4.0.3/html/man/fax2ps.1.html
/usr/share/doc/tiff-4.0.3/html/man/fax2tiff.1.html
/usr/share/doc/tiff-4.0.3/html/man/fax2tiff.1.html
/usr/share/doc/tiff-4.0.3/html/man/gif2tiff.1.html
/usr/share/doc/tiff-4.0.3/html/man/gif2tiff.1.html
/usr/share/doc/tiff-4.0.3/html/man/pal2rgb.1.html
/usr/share/doc/tiff-4.0.3/html/man/pal2rgb.1.html
/usr/share/doc/tiff-4.0.3/html/man/ppm2tiff.1.html
/usr/share/doc/tiff-4.0.3/html/man/ppm2tiff.1.html
/usr/share/doc/tiff-4.0.3/html/man/ras2tiff.1.html
/usr/share/doc/tiff-4.0.3/html/man/ras2tiff.1.html
/usr/share/doc/tiff-4.0.3/html/man/raw2tiff.1.html
/usr/share/doc/tiff-4.0.3/html/man/raw2tiff.1.html
/usr/share/doc/tiff-4.0.3/html/man/rgb2ycbcr.1.html
/usr/share/doc/tiff-4.0.3/html/man/rgb2ycbcr.1.html
/usr/share/doc/tiff-4.0.3/html/man/sgi2tiff.1.html
/usr/share/doc/tiff-4.0.3/html/man/sgi2tiff.1.html
/usr/share/doc/tiff-4.0.3/html/man/thumbnail.1.html
/usr/share/doc/tiff-4.0.3/html/man/thumbnail.1.html
/usr/share/doc/tiff-4.0.3/html/man/tiff2bw.1.html
/usr/share/doc/tiff-4.0.3/html/man/tiff2bw.1.html
/usr/share/doc/tiff-4.0.3/html/man/tiff2pdf.1.html
/usr/share/doc/tiff-4.0.3/html/man/tiff2pdf.1.html
/usr/share/doc/tiff-4.0.3/html/man/tiff2ps.1.html
/usr/share/doc/tiff-4.0.3/html/man/tiff2ps.1.html
/usr/share/doc/tiff-4.0.3/html/man/tiff2rgba.1.html
/usr/share/doc/tiff-4.0.3/html/man/tiff2rgba.1.html
/usr/share/doc/tiff-4.0.3/html/man/tiffcmp.1.html
/usr/share/doc/tiff-4.0.3/html/man/tiffcmp.1.html
/usr/share/doc/tiff-4.0.3/html/man/tiffcp.1.html
/usr/share/doc/tiff-4.0.3/html/man/tiffcp.1.html
/usr/share/doc/tiff-4.0.3/html/man/tiffcrop.1.html
/usr/share/doc/tiff-4.0.3/html/man/tiffcrop.1.html
/usr/share/doc/tiff-4.0.3/html/man/tiffdither.1.html
/usr/share/doc/tiff-4.0.3/html/man/tiffdither.1.html
/usr/share/doc/tiff-4.0.3/html/man/tiffdump.1.html
/usr/share/doc/tiff-4.0.3/html/man/tiffdump.1.html
/usr/share/doc/tiff-4.0.3/html/man/tiffgt.1.html
/usr/share/doc/tiff-4.0.3/html/man/tiffgt.1.html
/usr/share/doc/tiff-4.0.3/html/man/tiffinfo.1.html
/usr/share/doc/tiff-4.0.3/html/man/tiffinfo.1.html
/usr/share/doc/tiff-4.0.3/html/man/tiffmedian.1.html
/usr/share/doc/tiff-4.0.3/html/man/tiffmedian.1.html
/usr/share/doc/tiff-4.0.3/html/man/tiffset.1.html
/usr/share/doc/tiff-4.0.3/html/man/tiffset.1.html
/usr/share/doc/tiff-4.0.3/html/man/tiffsplit.1.html
/usr/share/doc/tiff-4.0.3/html/man/tiffsplit.1.html
/usr/share/doc/tiff-4.0.3/html/man/tiffsv.1.html
/usr/share/doc/tiff-4.0.3/html/man/tiffsv.1.html
/usr/share/doc/tiff-4.0.3/html/addingtags.html
/usr/share/doc/tiff-4.0.3/html/addingtags.html
/usr/share/doc/tiff-4.0.3/html/bugs.html
/usr/share/doc/tiff-4.0.3/html/bugs.html
/usr/share/doc/tiff-4.0.3/html/build.html
/usr/share/doc/tiff-4.0.3/html/build.html
/usr/share/doc/tiff-4.0.3/html/contrib.html
/usr/share/doc/tiff-4.0.3/html/contrib.html
/usr/share/doc/tiff-4.0.3/html/document.html
/usr/share/doc/tiff-4.0.3/html/document.html
/usr/share/doc/tiff-4.0.3/html/images.html
/usr/share/doc/tiff-4.0.3/html/images.html
/usr/share/doc/tiff-4.0.3/html/index.html
/usr/share/doc/tiff-4.0.3/html/index.html
/usr/share/doc/tiff-4.0.3/html/internals.html
/usr/share/doc/tiff-4.0.3/html/internals.html
/usr/share/doc/tiff-4.0.3/html/intro.html
/usr/share/doc/tiff-4.0.3/html/intro.html
/usr/share/doc/tiff-4.0.3/html/libtiff.html
/usr/share/doc/tiff-4.0.3/html/libtiff.html
/usr/share/doc/tiff-4.0.3/html/misc.html
/usr/share/doc/tiff-4.0.3/html/misc.html
/usr/share/doc/tiff-4.0.3/html/support.html
/usr/share/doc/tiff-4.0.3/html/support.html
/usr/share/doc/tiff-4.0.3/html/TIFFTechNote2.html
/usr/share/doc/tiff-4.0.3/html/TIFFTechNote2.html
/usr/share/doc/tiff-4.0.3/html/tools.html
/usr/share/doc/tiff-4.0.3/html/tools.html
/usr/share/doc/tiff-4.0.3/html/v3.4beta007.html
/usr/share/doc/tiff-4.0.3/html/v3.4beta007.html
/usr/share/doc/tiff-4.0.3/html/v3.4beta016.html
/usr/share/doc/tiff-4.0.3/html/v3.4beta016.html
/usr/share/doc/tiff-4.0.3/html/v3.4beta018.html
/usr/share/doc/tiff-4.0.3/html/v3.4beta018.html
/usr/share/doc/tiff-4.0.3/html/v3.4beta024.html
/usr/share/doc/tiff-4.0.3/html/v3.4beta024.html
/usr/share/doc/tiff-4.0.3/html/v3.4beta028.html
/usr/share/doc/tiff-4.0.3/html/v3.4beta028.html
/usr/share/doc/tiff-4.0.3/html/v3.4beta029.html
/usr/share/doc/tiff-4.0.3/html/v3.4beta029.html
/usr/share/doc/tiff-4.0.3/html/v3.4beta031.html
/usr/share/doc/tiff-4.0.3/html/v3.4beta031.html
/usr/share/doc/tiff-4.0.3/html/v3.4beta032.html
/usr/share/doc/tiff-4.0.3/html/v3.4beta032.html
/usr/share/doc/tiff-4.0.3/html/v3.4beta033.html
/usr/share/doc/tiff-4.0.3/html/v3.4beta033.html
/usr/share/doc/tiff-4.0.3/html/v3.4beta034.html
/usr/share/doc/tiff-4.0.3/html/v3.4beta034.html
/usr/share/doc/tiff-4.0.3/html/v3.4beta035.html
/usr/share/doc/tiff-4.0.3/html/v3.4beta035.html
/usr/share/doc/tiff-4.0.3/html/v3.4beta036.html
/usr/share/doc/tiff-4.0.3/html/v3.4beta036.html
/usr/share/doc/tiff-4.0.3/html/v3.5.1.html
/usr/share/doc/tiff-4.0.3/html/v3.5.1.html
/usr/share/doc/tiff-4.0.3/html/v3.5.2.html
/usr/share/doc/tiff-4.0.3/html/v3.5.2.html
/usr/share/doc/tiff-4.0.3/html/v3.5.3.html
/usr/share/doc/tiff-4.0.3/html/v3.5.3.html
/usr/share/doc/tiff-4.0.3/html/v3.5.4.html
/usr/share/doc/tiff-4.0.3/html/v3.5.4.html
/usr/share/doc/tiff-4.0.3/html/v3.5.5.html
/usr/share/doc/tiff-4.0.3/html/v3.5.5.html
/usr/share/doc/tiff-4.0.3/html/v3.5.6-beta.html
/usr/share/doc/tiff-4.0.3/html/v3.5.6-beta.html
/usr/share/doc/tiff-4.0.3/html/v3.5.7.html
/usr/share/doc/tiff-4.0.3/html/v3.5.7.html
/usr/share/doc/tiff-4.0.3/html/v3.6.0.html
/usr/share/doc/tiff-4.0.3/html/v3.6.0.html
/usr/share/doc/tiff-4.0.3/html/v3.6.1.html
/usr/share/doc/tiff-4.0.3/html/v3.6.1.html
/usr/share/doc/tiff-4.0.3/html/v3.7.0alpha.html
/usr/share/doc/tiff-4.0.3/html/v3.7.0alpha.html
/usr/share/doc/tiff-4.0.3/html/v3.7.0beta.html
/usr/share/doc/tiff-4.0.3/html/v3.7.0beta.html
/usr/share/doc/tiff-4.0.3/html/v3.7.0beta2.html
/usr/share/doc/tiff-4.0.3/html/v3.7.0beta2.html
/usr/share/doc/tiff-4.0.3/html/v3.7.0.html
/usr/share/doc/tiff-4.0.3/html/v3.7.0.html
/usr/share/doc/tiff-4.0.3/html/v3.7.1.html
/usr/share/doc/tiff-4.0.3/html/v3.7.1.html
/usr/share/doc/tiff-4.0.3/html/v3.7.2.html
/usr/share/doc/tiff-4.0.3/html/v3.7.2.html
/usr/share/doc/tiff-4.0.3/html/v3.7.3.html
/usr/share/doc/tiff-4.0.3/html/v3.7.3.html
/usr/share/doc/tiff-4.0.3/html/v3.7.4.html
/usr/share/doc/tiff-4.0.3/html/v3.7.4.html
/usr/share/doc/tiff-4.0.3/html/v3.8.0.html
/usr/share/doc/tiff-4.0.3/html/v3.8.0.html
/usr/share/doc/tiff-4.0.3/html/v3.8.1.html
/usr/share/doc/tiff-4.0.3/html/v3.8.1.html
/usr/share/doc/tiff-4.0.3/html/v3.8.2.html
/usr/share/doc/tiff-4.0.3/html/v3.8.2.html
/usr/share/doc/tiff-4.0.3/html/v3.9.0beta.html
/usr/share/doc/tiff-4.0.3/html/v3.9.0beta.html
/usr/share/doc/tiff-4.0.3/html/v3.9.1.html
/usr/share/doc/tiff-4.0.3/html/v3.9.1.html
/usr/share/doc/tiff-4.0.3/html/v3.9.2.html
/usr/share/doc/tiff-4.0.3/html/v3.9.2.html
/usr/share/doc/tiff-4.0.3/html/v4.0.0.html
/usr/share/doc/tiff-4.0.3/html/v4.0.0.html
/usr/share/doc/tiff-4.0.3/html/v4.0.1.html
/usr/share/doc/tiff-4.0.3/html/v4.0.1.html
/usr/share/doc/tiff-4.0.3/html/v4.0.2.html
/usr/share/doc/tiff-4.0.3/html/v4.0.2.html
/usr/share/doc/tiff-4.0.3/COPYRIGHT
/usr/share/doc/tiff-4.0.3/COPYRIGHT
/usr/share/doc/tiff-4.0.3/ChangeLog
/usr/share/doc/tiff-4.0.3/ChangeLog
/usr/share/doc/tiff-4.0.3/ChangeLog
/usr/share/doc/tiff-4.0.3/README
/usr/share/doc/tiff-4.0.3/README
/usr/share/doc/tiff-4.0.3/README.vms
/usr/share/doc/tiff-4.0.3/README.vms
/usr/share/doc/tiff-4.0.3/RELEASE-DATE
/usr/share/doc/tiff-4.0.3/RELEASE-DATE
/usr/share/doc/tiff-4.0.3/TODO
/usr/share/doc/tiff-4.0.3/TODO
/usr/share/doc/tiff-4.0.3/VERSION
/usr/share/doc/tiff-4.0.3/VERSION
/usr/lib/pkgconfig/libtiff-4.pc
/usr/lib/pkgconfig/libtiff-4.pc
