/usr/bin/m4
/usr/bin/m4
/usr/bin/m4
/usr/bin/m4
/usr/bin/m4
/usr/share/info/m4.info
/usr/share/info/m4.info
/usr/share/info/m4.info-1
/usr/share/info/m4.info-1
/usr/share/info/m4.info-1
/usr/share/info/m4.info-1
/usr/share/info/m4.info-2
/usr/share/info/m4.info-2
/usr/share/info/dir
/usr/share/info/dir
/usr/share/info/dir
/usr/share/info/dir
/usr/share/info/dir
/usr/share/info/dir
/usr/share/info/dir
/usr/share/info/dir
/usr/share/info/dir
/usr/share/info/dir
/usr/share/info/dir
/usr/share/info/dir
/usr/share/info/dir
/usr/share/info/dir
/usr/share/info/dir
/usr/share/info/dir
/usr/share/info/dir
/usr/share/info/dir
/usr/share/info/dir
/usr/share/info/dir
/usr/share/man/man1/m4.1
/usr/share/man/man1/m4.1
