/usr/lib/libmpc.so.3.0.0
/usr/lib/libmpc.so.3.0.0
/usr/lib/libmpc.so.3
/usr/lib/libmpc.so
/usr/lib/libmpc.la
/usr/lib/libmpc.la
/usr/lib/libmpc.a
/usr/lib/libmpc.a
/usr/lib/libmpc.a
/usr/lib/st2s2S9I
/usr/lib/st2s2S9I
/usr/lib/st2s2S9I
/usr/lib/st2s2S9I
/usr/lib/st2s2S9I
/usr/lib/st2s2S9I
/usr/lib/st2s2S9I
/usr/lib/st2s2S9I
/usr/lib/st2s2S9I
/usr/lib/st2s2S9I
/usr/lib/st2s2S9I
/usr/lib/st2s2S9I
/usr/lib/st2s2S9I
/usr/lib/st2s2S9I
/usr/lib/st2s2S9I
/usr/lib/st2s2S9I
/usr/lib/st2s2S9I
/usr/lib/st2s2S9I
/usr/lib/st2s2S9I
/usr/lib/st2s2S9I
/usr/lib/st2s2S9I
/usr/lib/st2s2S9I
/usr/lib/st2s2S9I
/usr/lib/st2s2S9I
/usr/lib/st2s2S9I
/usr/lib/st2s2S9I
/usr/lib/st2s2S9I
/usr/lib/st2s2S9I
/usr/lib/st2s2S9I
/usr/lib/st2s2S9I
/usr/lib/st2s2S9I
/usr/lib/st2s2S9I
/usr/lib/st2s2S9I
/usr/lib/st2s2S9I
/usr/lib/st2s2S9I
/usr/lib/st2s2S9I
/usr/lib/st2s2S9I
/usr/lib/st2s2S9I
/usr/lib/st2s2S9I
/usr/lib/st2s2S9I
/usr/lib/st2s2S9I
/usr/lib/st2s2S9I
/usr/lib/st2s2S9I
/usr/lib/st2s2S9I
/usr/lib/st2s2S9I
/usr/lib/st2s2S9I
/usr/lib/st2s2S9I
/usr/lib/st2s2S9I
/usr/lib/st2s2S9I
/usr/lib/st2s2S9I
/usr/lib/st2s2S9I
/usr/lib/st2s2S9I
/usr/lib/st2s2S9I
/usr/lib/libmpc.a
/usr/share/info/mpc.info
/usr/share/info/mpc.info
/usr/share/info/dir
/usr/share/info/dir
/usr/share/info/dir
/usr/share/info/dir
/usr/share/info/dir
/usr/share/info/dir
/usr/share/info/dir
/usr/share/info/dir
/usr/share/info/dir
/usr/share/info/dir
/usr/share/info/dir
/usr/share/info/dir
/usr/share/info/dir
/usr/share/info/dir
/usr/share/info/dir
/usr/share/info/dir
/usr/share/info/dir
/usr/share/info/dir
/usr/include/mpc.h
/usr/include/mpc.h
