/usr/share/doc/mpfr-3.1.2/FAQ.html
/usr/share/doc/mpfr-3.1.2/FAQ.html
/usr/share/info/mpfr.info
/usr/share/info/mpfr.info
/usr/share/info/mpfr.info
/usr/share/info/dir
/usr/share/info/dir
/usr/share/info/dir
/usr/share/info/dir
/usr/share/info/dir
/usr/share/info/dir
/usr/share/info/dir
/usr/share/info/dir
/usr/share/info/dir
/usr/share/info/dir
/usr/share/info/dir
/usr/share/info/dir
/usr/share/info/dir
/usr/share/info/dir
/usr/share/info/dir
/usr/share/info/dir
/usr/share/info/dir
/usr/share/info/dir
/usr/lib/libmpfr.so.4.1.2
/usr/lib/libmpfr.so.4.1.2
/usr/lib/libmpfr.so.4.1.2
/usr/lib/libmpfr.so.4.1.2
/usr/lib/libmpfr.so.4.1.2
/usr/lib/libmpfr.so.4
/usr/lib/libmpfr.so
/usr/lib/libmpfr.la
/usr/lib/libmpfr.la
/usr/lib/libmpfr.a
/usr/lib/libmpfr.a
/usr/lib/libmpfr.a
/usr/lib/libmpfr.a
/usr/lib/libmpfr.a
/usr/lib/libmpfr.a
/usr/lib/libmpfr.a
/usr/lib/st9b60TI
/usr/lib/st9b60TI
/usr/lib/st9b60TI
/usr/lib/st9b60TI
/usr/lib/st9b60TI
/usr/lib/st9b60TI
/usr/lib/st9b60TI
/usr/lib/st9b60TI
/usr/lib/st9b60TI
/usr/lib/st9b60TI
/usr/lib/st9b60TI
/usr/lib/st9b60TI
/usr/lib/st9b60TI
/usr/lib/st9b60TI
/usr/lib/st9b60TI
/usr/lib/st9b60TI
/usr/lib/st9b60TI
/usr/lib/st9b60TI
/usr/lib/st9b60TI
/usr/lib/st9b60TI
/usr/lib/st9b60TI
/usr/lib/st9b60TI
/usr/lib/st9b60TI
/usr/lib/st9b60TI
/usr/lib/st9b60TI
/usr/lib/st9b60TI
/usr/lib/st9b60TI
/usr/lib/st9b60TI
/usr/lib/st9b60TI
/usr/lib/st9b60TI
/usr/lib/st9b60TI
/usr/lib/st9b60TI
/usr/lib/st9b60TI
/usr/lib/st9b60TI
/usr/lib/st9b60TI
/usr/lib/st9b60TI
/usr/lib/st9b60TI
/usr/lib/st9b60TI
/usr/lib/st9b60TI
/usr/lib/st9b60TI
/usr/lib/st9b60TI
/usr/lib/st9b60TI
/usr/lib/st9b60TI
/usr/lib/st9b60TI
/usr/lib/st9b60TI
/usr/lib/st9b60TI
/usr/lib/st9b60TI
/usr/lib/st9b60TI
/usr/lib/st9b60TI
/usr/lib/st9b60TI
/usr/lib/st9b60TI
/usr/lib/st9b60TI
/usr/lib/st9b60TI
/usr/lib/st9b60TI
/usr/lib/st9b60TI
/usr/lib/st9b60TI
/usr/lib/st9b60TI
/usr/lib/st9b60TI
/usr/lib/st9b60TI
/usr/lib/st9b60TI
/usr/lib/st9b60TI
/usr/lib/st9b60TI
/usr/lib/st9b60TI
/usr/lib/st9b60TI
/usr/lib/st9b60TI
/usr/lib/st9b60TI
/usr/lib/st9b60TI
/usr/lib/st9b60TI
/usr/lib/st9b60TI
/usr/lib/st9b60TI
/usr/lib/st9b60TI
/usr/lib/st9b60TI
/usr/lib/st9b60TI
/usr/lib/st9b60TI
/usr/lib/st9b60TI
/usr/lib/st9b60TI
/usr/lib/st9b60TI
/usr/lib/st9b60TI
/usr/lib/st9b60TI
/usr/lib/st9b60TI
/usr/lib/st9b60TI
/usr/lib/st9b60TI
/usr/lib/st9b60TI
/usr/lib/st9b60TI
/usr/lib/st9b60TI
/usr/lib/st9b60TI
/usr/lib/st9b60TI
/usr/lib/st9b60TI
/usr/lib/st9b60TI
/usr/lib/st9b60TI
/usr/lib/st9b60TI
/usr/lib/st9b60TI
/usr/lib/st9b60TI
/usr/lib/st9b60TI
/usr/lib/st9b60TI
/usr/lib/st9b60TI
/usr/lib/st9b60TI
/usr/lib/st9b60TI
/usr/lib/st9b60TI
/usr/lib/st9b60TI
/usr/lib/st9b60TI
/usr/lib/st9b60TI
/usr/lib/st9b60TI
/usr/lib/st9b60TI
/usr/lib/st9b60TI
/usr/lib/st9b60TI
/usr/lib/st9b60TI
/usr/lib/st9b60TI
/usr/lib/st9b60TI
/usr/lib/st9b60TI
/usr/lib/st9b60TI
/usr/lib/st9b60TI
/usr/lib/st9b60TI
/usr/lib/st9b60TI
/usr/lib/st9b60TI
/usr/lib/st9b60TI
/usr/lib/st9b60TI
/usr/lib/st9b60TI
/usr/lib/st9b60TI
/usr/lib/st9b60TI
/usr/lib/st9b60TI
/usr/lib/st9b60TI
/usr/lib/st9b60TI
/usr/lib/st9b60TI
/usr/lib/st9b60TI
/usr/lib/st9b60TI
/usr/lib/st9b60TI
/usr/lib/st9b60TI
/usr/lib/st9b60TI
/usr/lib/st9b60TI
/usr/lib/st9b60TI
/usr/lib/st9b60TI
/usr/lib/st9b60TI
/usr/lib/st9b60TI
/usr/lib/st9b60TI
/usr/lib/st9b60TI
/usr/lib/st9b60TI
/usr/lib/st9b60TI
/usr/lib/st9b60TI
/usr/lib/st9b60TI
/usr/lib/st9b60TI
/usr/lib/st9b60TI
/usr/lib/st9b60TI
/usr/lib/st9b60TI
/usr/lib/st9b60TI
/usr/lib/st9b60TI
/usr/lib/st9b60TI
/usr/lib/st9b60TI
/usr/lib/st9b60TI
/usr/lib/st9b60TI
/usr/lib/st9b60TI
/usr/lib/st9b60TI
/usr/lib/st9b60TI
/usr/lib/st9b60TI
/usr/lib/st9b60TI
/usr/lib/st9b60TI
/usr/lib/st9b60TI
/usr/lib/st9b60TI
/usr/lib/st9b60TI
/usr/lib/st9b60TI
/usr/lib/st9b60TI
/usr/lib/st9b60TI
/usr/lib/st9b60TI
/usr/lib/st9b60TI
/usr/lib/st9b60TI
/usr/lib/st9b60TI
/usr/lib/st9b60TI
/usr/lib/st9b60TI
/usr/lib/st9b60TI
/usr/lib/st9b60TI
/usr/lib/st9b60TI
/usr/lib/st9b60TI
/usr/lib/st9b60TI
/usr/lib/st9b60TI
/usr/lib/st9b60TI
/usr/lib/st9b60TI
/usr/lib/st9b60TI
/usr/lib/st9b60TI
/usr/lib/st9b60TI
/usr/lib/st9b60TI
/usr/lib/st9b60TI
/usr/lib/st9b60TI
/usr/lib/st9b60TI
/usr/lib/st9b60TI
/usr/lib/libmpfr.a
/usr/include/mpfr.h
/usr/include/mpfr.h
/usr/include/mpf2mpfr.h
/usr/include/mpf2mpfr.h
/usr/share/doc/mpfr-3.1.2/examples/ReadMe
/usr/share/doc/mpfr-3.1.2/examples/ReadMe
/usr/share/doc/mpfr-3.1.2/examples/divworst.c
/usr/share/doc/mpfr-3.1.2/examples/divworst.c
/usr/share/doc/mpfr-3.1.2/examples/rndo-add.c
/usr/share/doc/mpfr-3.1.2/examples/rndo-add.c
/usr/share/doc/mpfr-3.1.2/examples/sample.c
/usr/share/doc/mpfr-3.1.2/examples/sample.c
/usr/share/doc/mpfr-3.1.2/examples/version.c
/usr/share/doc/mpfr-3.1.2/examples/version.c
/usr/share/doc/mpfr-3.1.2/AUTHORS
/usr/share/doc/mpfr-3.1.2/AUTHORS
/usr/share/doc/mpfr-3.1.2/BUGS
/usr/share/doc/mpfr-3.1.2/BUGS
/usr/share/doc/mpfr-3.1.2/COPYING
/usr/share/doc/mpfr-3.1.2/COPYING
/usr/share/doc/mpfr-3.1.2/COPYING.LESSER
/usr/share/doc/mpfr-3.1.2/COPYING.LESSER
/usr/share/doc/mpfr-3.1.2/NEWS
/usr/share/doc/mpfr-3.1.2/NEWS
/usr/share/doc/mpfr-3.1.2/TODO
/usr/share/doc/mpfr-3.1.2/TODO
