/sbin/arp
/sbin/arp
/sbin/arp
/sbin/nameif
/sbin/nameif
/bin/netstat
/bin/netstat
/sbin/plipconfig
/sbin/plipconfig
/sbin/rarp
/sbin/rarp
/sbin/route
/sbin/route
/sbin/route
/sbin/slattach
/sbin/slattach
/sbin/ipmaddr
/sbin/ipmaddr
/sbin/iptunnel
/sbin/iptunnel
/sbin/mii-tool
/sbin/mii-tool
/usr/share/man/man5/ethers.5
/usr/share/man/man5/ethers.5
/usr/share/man/man8/arp.8
/usr/share/man/man8/arp.8
/usr/share/man/man8/mii-tool.8
/usr/share/man/man8/mii-tool.8
/usr/share/man/man8/nameif.8
/usr/share/man/man8/nameif.8
/usr/share/man/man8/netstat.8
/usr/share/man/man8/netstat.8
/usr/share/man/man8/plipconfig.8
/usr/share/man/man8/plipconfig.8
/usr/share/man/man8/rarp.8
/usr/share/man/man8/rarp.8
/usr/share/man/man8/route.8
/usr/share/man/man8/route.8
/usr/share/man/man8/slattach.8
/usr/share/man/man8/slattach.8
