/etc/ntp.conf
/etc/ntp.conf
/etc/rc.d/init.d/ntpd
/etc/rc.d/init.d/ntpd
/etc/rc.d/rc0.d/K46ntpd
/etc/rc.d/rc1.d/K46ntpd
/etc/rc.d/rc2.d/K46ntpd
/etc/rc.d/rc3.d/S26ntpd
/etc/rc.d/rc4.d/S26ntpd
/etc/rc.d/rc5.d/S26ntpd
/etc/rc.d/rc6.d/K46ntpd
/usr/sbin/ntp-keygen
/usr/sbin/ntp-keygen
/usr/sbin/ntp-keygen
/usr/sbin/ntp-keygen
/usr/sbin/ntp-keygen
/usr/sbin/ntp-wait
/usr/sbin/ntp-wait
/usr/sbin/ntpd
/usr/sbin/ntpd
/usr/sbin/ntpd
/usr/sbin/ntpd
/usr/sbin/ntpd
/usr/sbin/ntpd
/usr/sbin/ntpd
/usr/sbin/ntpd
/usr/sbin/ntpd
/usr/sbin/ntpd
/usr/sbin/ntpd
/usr/sbin/ntpd
/usr/sbin/ntpd
/usr/sbin/ntpd
/usr/sbin/ntpd
/usr/sbin/ntpdate
/usr/sbin/ntpdate
/usr/sbin/ntpdate
/usr/sbin/ntpdate
/usr/sbin/ntpdc
/usr/sbin/ntpdc
/usr/sbin/ntpdc
/usr/sbin/ntpdc
/usr/sbin/ntpdc
/usr/sbin/ntpdc
/usr/sbin/ntpq
/usr/sbin/ntpq
/usr/sbin/ntpq
/usr/sbin/ntpq
/usr/sbin/ntpq
/usr/sbin/ntpq
/usr/sbin/ntptime
/usr/sbin/ntptime
/usr/sbin/ntptime
/usr/sbin/ntptrace
/usr/sbin/ntptrace
/usr/sbin/sntp
/usr/sbin/sntp
/usr/sbin/sntp
/usr/sbin/sntp
/usr/sbin/sntp
/usr/sbin/tickadj
/usr/sbin/tickadj
/usr/share/man/man1/ntp-keygen.1
/usr/share/man/man1/ntp-keygen.1
/usr/share/man/man1/ntpd.1
/usr/share/man/man1/ntpd.1
/usr/share/man/man1/ntpdc.1
/usr/share/man/man1/ntpdc.1
/usr/share/man/man1/ntpq.1
/usr/share/man/man1/ntpq.1
/usr/share/man/man1/ntpsnmpd.1
/usr/share/man/man1/ntpsnmpd.1
/usr/share/man/man1/sntp.1
/usr/share/man/man1/sntp.1
