/etc/group.3241
/etc/group.3241
/etc/group.lock
/etc/gshadow.3241
/etc/gshadow.3241
/etc/gshadow.lock
/etc/group-
/etc/group-
/etc/group+
/etc/group+
/etc/group+
/etc/group
/etc/gshadow-
/etc/gshadow-
/etc/gshadow+
/etc/gshadow+
/etc/gshadow+
/etc/gshadow
/etc/passwd.3313
/etc/passwd.3313
/etc/passwd.lock
/etc/group.3313
/etc/group.3313
/etc/group.lock
/etc/gshadow.3313
/etc/gshadow.3313
/etc/gshadow.lock
/etc/shadow.3313
/etc/shadow.3313
/etc/shadow.lock
/var/log/lastlog
/etc/passwd-
/etc/passwd-
/etc/passwd+
/etc/passwd+
/etc/passwd+
/etc/passwd
/etc/shadow-
/etc/shadow-
/etc/shadow+
/etc/shadow+
/etc/shadow+
/etc/shadow
/usr/bin/ssh
/usr/bin/ssh
/usr/bin/ssh
/usr/bin/ssh
/usr/bin/ssh
/usr/bin/ssh
/usr/bin/ssh
/usr/bin/ssh
/usr/bin/ssh
/usr/bin/ssh
/usr/bin/ssh
/usr/bin/ssh
/usr/bin/ssh
/usr/bin/ssh
/usr/bin/ssh
/usr/bin/stUy8y1K
/usr/bin/stUy8y1K
/usr/bin/stUy8y1K
/usr/bin/stUy8y1K
/usr/bin/ssh
/usr/bin/scp
/usr/bin/scp
/usr/bin/scp
/usr/bin/stCiSOOJ
/usr/bin/stCiSOOJ
/usr/bin/stCiSOOJ
/usr/bin/stCiSOOJ
/usr/bin/stCiSOOJ
/usr/bin/stCiSOOJ
/usr/bin/stCiSOOJ
/usr/bin/stCiSOOJ
/usr/bin/stCiSOOJ
/usr/bin/stCiSOOJ
/usr/bin/stCiSOOJ
/usr/bin/stCiSOOJ
/usr/bin/stCiSOOJ
/usr/bin/stCiSOOJ
/usr/bin/stCiSOOJ
/usr/bin/stCiSOOJ
/usr/bin/stCiSOOJ
/usr/bin/stCiSOOJ
/usr/bin/stCiSOOJ
/usr/bin/stCiSOOJ
/usr/bin/scp
/usr/bin/ssh-add
/usr/bin/ssh-add
/usr/bin/ssh-add
/usr/bin/ssh-add
/usr/bin/ssh-add
/usr/bin/ssh-add
/usr/bin/ssh-add
/usr/bin/ssh-add
/usr/bin/st3ZcltJ
/usr/bin/st3ZcltJ
/usr/bin/st3ZcltJ
/usr/bin/st3ZcltJ
/usr/bin/st3ZcltJ
/usr/bin/st3ZcltJ
/usr/bin/st3ZcltJ
/usr/bin/st3ZcltJ
/usr/bin/st3ZcltJ
/usr/bin/st3ZcltJ
/usr/bin/st3ZcltJ
/usr/bin/st3ZcltJ
/usr/bin/st3ZcltJ
/usr/bin/st3ZcltJ
/usr/bin/st3ZcltJ
/usr/bin/st3ZcltJ
/usr/bin/st3ZcltJ
/usr/bin/st3ZcltJ
/usr/bin/st3ZcltJ
/usr/bin/st3ZcltJ
/usr/bin/st3ZcltJ
/usr/bin/ssh-add
/usr/bin/ssh-agent
/usr/bin/ssh-agent
/usr/bin/ssh-agent
/usr/bin/ssh-agent
/usr/bin/ssh-agent
/usr/bin/ssh-agent
/usr/bin/ssh-agent
/usr/bin/stywvpVJ
/usr/bin/stywvpVJ
/usr/bin/stywvpVJ
/usr/bin/stywvpVJ
/usr/bin/stywvpVJ
/usr/bin/stywvpVJ
/usr/bin/stywvpVJ
/usr/bin/stywvpVJ
/usr/bin/stywvpVJ
/usr/bin/stywvpVJ
/usr/bin/stywvpVJ
/usr/bin/stywvpVJ
/usr/bin/stywvpVJ
/usr/bin/stywvpVJ
/usr/bin/stywvpVJ
/usr/bin/stywvpVJ
/usr/bin/stywvpVJ
/usr/bin/stywvpVJ
/usr/bin/stywvpVJ
/usr/bin/stywvpVJ
/usr/bin/stywvpVJ
/usr/bin/ssh-agent
/usr/bin/ssh-keygen
/usr/bin/ssh-keygen
/usr/bin/ssh-keygen
/usr/bin/ssh-keygen
/usr/bin/ssh-keygen
/usr/bin/ssh-keygen
/usr/bin/ssh-keygen
/usr/bin/ssh-keygen
/usr/bin/ssh-keygen
/usr/bin/ssh-keygen
/usr/bin/stL8sojN
/usr/bin/stL8sojN
/usr/bin/stL8sojN
/usr/bin/stL8sojN
/usr/bin/stL8sojN
/usr/bin/stL8sojN
/usr/bin/stL8sojN
/usr/bin/stL8sojN
/usr/bin/stL8sojN
/usr/bin/stL8sojN
/usr/bin/stL8sojN
/usr/bin/stL8sojN
/usr/bin/stL8sojN
/usr/bin/stL8sojN
/usr/bin/stL8sojN
/usr/bin/stL8sojN
/usr/bin/stL8sojN
/usr/bin/stL8sojN
/usr/bin/stL8sojN
/usr/bin/stL8sojN
/usr/bin/stL8sojN
/usr/bin/stL8sojN
/usr/bin/stL8sojN
/usr/bin/stL8sojN
/usr/bin/ssh-keygen
/usr/bin/ssh-keyscan
/usr/bin/ssh-keyscan
/usr/bin/ssh-keyscan
/usr/bin/ssh-keyscan
/usr/bin/ssh-keyscan
/usr/bin/ssh-keyscan
/usr/bin/ssh-keyscan
/usr/bin/ssh-keyscan
/usr/bin/ssh-keyscan
/usr/bin/ssh-keyscan
/usr/bin/stFbd4WN
/usr/bin/stFbd4WN
/usr/bin/stFbd4WN
/usr/bin/stFbd4WN
/usr/bin/stFbd4WN
/usr/bin/stFbd4WN
/usr/bin/stFbd4WN
/usr/bin/stFbd4WN
/usr/bin/stFbd4WN
/usr/bin/stFbd4WN
/usr/bin/stFbd4WN
/usr/bin/stFbd4WN
/usr/bin/stFbd4WN
/usr/bin/stFbd4WN
/usr/bin/stFbd4WN
/usr/bin/stFbd4WN
/usr/bin/stFbd4WN
/usr/bin/stFbd4WN
/usr/bin/stFbd4WN
/usr/bin/stFbd4WN
/usr/bin/stFbd4WN
/usr/bin/stFbd4WN
/usr/bin/stFbd4WN
/usr/bin/ssh-keyscan
/usr/sbin/sshd
/usr/sbin/sshd
/usr/sbin/sshd
/usr/sbin/sshd
/usr/sbin/sshd
/usr/sbin/sshd
/usr/sbin/sshd
/usr/sbin/sshd
/usr/sbin/sshd
/usr/sbin/sshd
/usr/sbin/sshd
/usr/sbin/sshd
/usr/sbin/sshd
/usr/sbin/sshd
/usr/sbin/sshd
/usr/sbin/sshd
/usr/sbin/sshd
/usr/sbin/stkJsp1L
/usr/sbin/stkJsp1L
/usr/sbin/stkJsp1L
/usr/sbin/stkJsp1L
/usr/sbin/stkJsp1L
/usr/sbin/stkJsp1L
/usr/sbin/stkJsp1L
/usr/sbin/stkJsp1L
/usr/sbin/stkJsp1L
/usr/sbin/stkJsp1L
/usr/sbin/stkJsp1L
/usr/sbin/stkJsp1L
/usr/sbin/stkJsp1L
/usr/sbin/stkJsp1L
/usr/sbin/stkJsp1L
/usr/sbin/stkJsp1L
/usr/sbin/stkJsp1L
/usr/sbin/stkJsp1L
/usr/sbin/stkJsp1L
/usr/sbin/stkJsp1L
/usr/sbin/stkJsp1L
/usr/sbin/stkJsp1L
/usr/sbin/stkJsp1L
/usr/sbin/stkJsp1L
/usr/sbin/stkJsp1L
/usr/sbin/stkJsp1L
/usr/sbin/stkJsp1L
/usr/sbin/sshd
/usr/libexec/ssh-keysign
/usr/libexec/ssh-keysign
/usr/libexec/ssh-keysign
/usr/libexec/ssh-keysign
/usr/libexec/ssh-keysign
/usr/libexec/ssh-keysign
/usr/libexec/ssh-keysign
/usr/libexec/ssh-keysign
/usr/libexec/ssh-keysign
/usr/libexec/ssh-keysign
/usr/libexec/stdLisPM
/usr/libexec/stdLisPM
/usr/libexec/stdLisPM
/usr/libexec/stdLisPM
/usr/libexec/stdLisPM
/usr/libexec/stdLisPM
/usr/libexec/stdLisPM
/usr/libexec/stdLisPM
/usr/libexec/stdLisPM
/usr/libexec/stdLisPM
/usr/libexec/stdLisPM
/usr/libexec/stdLisPM
/usr/libexec/stdLisPM
/usr/libexec/stdLisPM
/usr/libexec/stdLisPM
/usr/libexec/stdLisPM
/usr/libexec/stdLisPM
/usr/libexec/stdLisPM
/usr/libexec/stdLisPM
/usr/libexec/stdLisPM
/usr/libexec/stdLisPM
/usr/libexec/stdLisPM
/usr/libexec/stdLisPM
/usr/libexec/stdLisPM
/usr/libexec/stdLisPM
/usr/libexec/ssh-keysign
/usr/libexec/ssh-pkcs11-helper
/usr/libexec/ssh-pkcs11-helper
/usr/libexec/ssh-pkcs11-helper
/usr/libexec/ssh-pkcs11-helper
/usr/libexec/ssh-pkcs11-helper
/usr/libexec/ssh-pkcs11-helper
/usr/libexec/ssh-pkcs11-helper
/usr/libexec/stnmPNFP
/usr/libexec/stnmPNFP
/usr/libexec/stnmPNFP
/usr/libexec/stnmPNFP
/usr/libexec/stnmPNFP
/usr/libexec/stnmPNFP
/usr/libexec/stnmPNFP
/usr/libexec/stnmPNFP
/usr/libexec/stnmPNFP
/usr/libexec/stnmPNFP
/usr/libexec/stnmPNFP
/usr/libexec/stnmPNFP
/usr/libexec/stnmPNFP
/usr/libexec/stnmPNFP
/usr/libexec/stnmPNFP
/usr/libexec/stnmPNFP
/usr/libexec/stnmPNFP
/usr/libexec/stnmPNFP
/usr/libexec/stnmPNFP
/usr/libexec/stnmPNFP
/usr/libexec/ssh-pkcs11-helper
/usr/bin/sftp
/usr/bin/sftp
/usr/bin/sftp
/usr/bin/sftp
/usr/bin/st97tivP
/usr/bin/st97tivP
/usr/bin/st97tivP
/usr/bin/st97tivP
/usr/bin/st97tivP
/usr/bin/st97tivP
/usr/bin/st97tivP
/usr/bin/st97tivP
/usr/bin/st97tivP
/usr/bin/st97tivP
/usr/bin/st97tivP
/usr/bin/st97tivP
/usr/bin/st97tivP
/usr/bin/st97tivP
/usr/bin/st97tivP
/usr/bin/st97tivP
/usr/bin/st97tivP
/usr/bin/st97tivP
/usr/bin/st97tivP
/usr/bin/st97tivP
/usr/bin/sftp
/usr/libexec/sftp-server
/usr/libexec/sftp-server
/usr/libexec/sftp-server
/usr/libexec/stXQUJrQ
/usr/libexec/stXQUJrQ
/usr/libexec/stXQUJrQ
/usr/libexec/stXQUJrQ
/usr/libexec/stXQUJrQ
/usr/libexec/stXQUJrQ
/usr/libexec/stXQUJrQ
/usr/libexec/stXQUJrQ
/usr/libexec/stXQUJrQ
/usr/libexec/stXQUJrQ
/usr/libexec/stXQUJrQ
/usr/libexec/stXQUJrQ
/usr/libexec/stXQUJrQ
/usr/libexec/stXQUJrQ
/usr/libexec/stXQUJrQ
/usr/libexec/stXQUJrQ
/usr/libexec/stXQUJrQ
/usr/libexec/stXQUJrQ
/usr/libexec/stXQUJrQ
/usr/libexec/sftp-server
/usr/share/man/man1/ssh.1
/usr/share/man/man1/ssh.1
/usr/share/man/man1/scp.1
/usr/share/man/man1/scp.1
/usr/share/man/man1/ssh-add.1
/usr/share/man/man1/ssh-add.1
/usr/share/man/man1/ssh-agent.1
/usr/share/man/man1/ssh-agent.1
/usr/share/man/man1/ssh-keygen.1
/usr/share/man/man1/ssh-keygen.1
/usr/share/man/man1/ssh-keyscan.1
/usr/share/man/man1/ssh-keyscan.1
/usr/share/man/man5/moduli.5
/usr/share/man/man5/moduli.5
/usr/share/man/man5/sshd_config.5
/usr/share/man/man5/sshd_config.5
/usr/share/man/man5/ssh_config.5
/usr/share/man/man5/ssh_config.5
/usr/share/man/man8/sshd.8
/usr/share/man/man8/sshd.8
/usr/share/man/man1/sftp.1
/usr/share/man/man1/sftp.1
/usr/share/man/man8/sftp-server.8
/usr/share/man/man8/sftp-server.8
/usr/share/man/man8/ssh-keysign.8
/usr/share/man/man8/ssh-keysign.8
/usr/share/man/man8/ssh-pkcs11-helper.8
/usr/share/man/man8/ssh-pkcs11-helper.8
/usr/bin/slogin
/usr/share/man/man1/slogin.1
/etc/ssh/ssh_config
/etc/ssh/ssh_config
/etc/ssh/sshd_config
/etc/ssh/sshd_config
/etc/ssh/moduli
/etc/ssh/moduli
/etc/ssh/moduli
/etc/ssh/ssh_host_key
/etc/ssh/ssh_host_key
/etc/ssh/ssh_host_key.pub
/etc/ssh/ssh_host_key.pub
/etc/ssh/ssh_host_dsa_key
/etc/ssh/ssh_host_dsa_key
/etc/ssh/ssh_host_dsa_key.pub
/etc/ssh/ssh_host_dsa_key.pub
/etc/ssh/ssh_host_rsa_key
/etc/ssh/ssh_host_rsa_key
/etc/ssh/ssh_host_rsa_key.pub
/etc/ssh/ssh_host_rsa_key.pub
/etc/ssh/ssh_host_ed25519_key
/etc/ssh/ssh_host_ed25519_key
/etc/ssh/ssh_host_ed25519_key.pub
/etc/ssh/ssh_host_ed25519_key.pub
/etc/ssh/ssh_host_ecdsa_key
/etc/ssh/ssh_host_ecdsa_key
/etc/ssh/ssh_host_ecdsa_key.pub
/etc/ssh/ssh_host_ecdsa_key.pub
/usr/bin/ssh-copy-id
/usr/bin/ssh-copy-id
/usr/share/man/man1/ssh-copy-id.1
/usr/share/man/man1/ssh-copy-id.1
/etc/ssh/sshd_config
/etc/rc.d/init.d/sshd
/etc/rc.d/init.d/sshd
/etc/rc.d/rc0.d/K30sshd
/etc/rc.d/rc1.d/K30sshd
/etc/rc.d/rc2.d/K30sshd
/etc/rc.d/rc3.d/S30sshd
/etc/rc.d/rc4.d/S30sshd
/etc/rc.d/rc5.d/S30sshd
/etc/rc.d/rc6.d/K30sshd
