/usr/include/#INST@5187#
/usr/include/#INST@5187#
/usr/include/#INST@5187#
/usr/include/lber.h
/usr/include/#INST@5269#
/usr/include/#INST@5269#
/usr/include/#INST@5269#
/usr/include/lber_types.h
/usr/include/#INST@5363#
/usr/include/#INST@5363#
/usr/include/#INST@5363#
/usr/include/ldap.h
/usr/include/#INST@5457#
/usr/include/#INST@5457#
/usr/include/#INST@5457#
/usr/include/ldap_cdefs.h
/usr/include/#INST@5551#
/usr/include/#INST@5551#
/usr/include/#INST@5551#
/usr/include/ldap_schema.h
/usr/include/#INST@5645#
/usr/include/#INST@5645#
/usr/include/#INST@5645#
/usr/include/ldap_utf8.h
/usr/include/#INST@5739#
/usr/include/#INST@5739#
/usr/include/#INST@5739#
/usr/include/slapi-plugin.h
/usr/include/#INST@5833#
/usr/include/#INST@5833#
/usr/include/#INST@5833#
/usr/include/ldap_features.h
/usr/include/#INST@5927#
/usr/include/#INST@5927#
/usr/include/#INST@5927#
/usr/include/ldif.h
/usr/lib/#INST@6143#
/usr/lib/#INST@6143#
/usr/lib/#INST@6143#
/usr/lib/liblber-2.4.so.2.10.2
/usr/lib/liblber-2.4.so.2
/usr/lib/liblber.so
/usr/lib/#INST@6233#
/usr/lib/#INST@6233#
/usr/lib/#INST@6233#
/usr/lib/liblber.la
/usr/lib/#INST@6975#
/usr/lib/#INST@6975#
/usr/lib/#INST@6975#
/usr/lib/#INST@6975#
/usr/lib/#INST@6975#
/usr/lib/#INST@6975#
/usr/lib/#INST@6975#
/usr/lib/#INST@6975#
/usr/lib/#INST@6975#
/usr/lib/libldap-2.4.so.2.10.2
/usr/lib/libldap-2.4.so.2
/usr/lib/libldap.so
/usr/lib/#INST@7067#
/usr/lib/#INST@7067#
/usr/lib/#INST@7067#
/usr/lib/libldap.la
/etc/openldap/#INST@7292#
/etc/openldap/#INST@7292#
/etc/openldap/#INST@7292#
/etc/openldap/ldap.conf
/etc/openldap/#INST@7369#
/etc/openldap/#INST@7369#
/etc/openldap/#INST@7369#
/etc/openldap/ldap.conf.default
/usr/lib/#INST@8148#
/usr/lib/#INST@8148#
/usr/lib/#INST@8148#
/usr/lib/#INST@8148#
/usr/lib/#INST@8148#
/usr/lib/#INST@8148#
/usr/lib/#INST@8148#
/usr/lib/#INST@8148#
/usr/lib/#INST@8148#
/usr/lib/#INST@8148#
/usr/lib/libldap_r-2.4.so.2.10.2
/usr/lib/libldap_r-2.4.so.2
/usr/lib/libldap_r.so
/usr/lib/#INST@8239#
/usr/lib/#INST@8239#
/usr/lib/#INST@8239#
/usr/lib/libldap_r.la
/usr/bin/#INST@8525#
/usr/bin/#INST@8525#
/usr/bin/#INST@8525#
/usr/bin/st3jhUeI
/usr/bin/st3jhUeI
/usr/bin/st3jhUeI
/usr/bin/st3jhUeI
/usr/bin/#INST@8525#
/usr/bin/#INST@8525#
/usr/bin/ldapsearch
/usr/bin/#INST@8694#
/usr/bin/#INST@8694#
/usr/bin/#INST@8694#
/usr/bin/stRfvx4T
/usr/bin/stRfvx4T
/usr/bin/stRfvx4T
/usr/bin/stRfvx4T
/usr/bin/stRfvx4T
/usr/bin/stRfvx4T
/usr/bin/stRfvx4T
/usr/bin/stRfvx4T
/usr/bin/stRfvx4T
/usr/bin/stRfvx4T
/usr/bin/stRfvx4T
/usr/bin/stRfvx4T
/usr/bin/stRfvx4T
/usr/bin/stRfvx4T
/usr/bin/stRfvx4T
/usr/bin/stRfvx4T
/usr/bin/stRfvx4T
/usr/bin/stRfvx4T
/usr/bin/stRfvx4T
/usr/bin/#INST@8694#
/usr/bin/#INST@8694#
/usr/bin/ldapmodify
/usr/bin/#INST@8885#
/usr/bin/#INST@8885#
/usr/bin/#INST@8885#
/usr/bin/st8SrIm6
/usr/bin/st8SrIm6
/usr/bin/st8SrIm6
/usr/bin/st8SrIm6
/usr/bin/st8SrIm6
/usr/bin/st8SrIm6
/usr/bin/st8SrIm6
/usr/bin/st8SrIm6
/usr/bin/st8SrIm6
/usr/bin/st8SrIm6
/usr/bin/st8SrIm6
/usr/bin/st8SrIm6
/usr/bin/st8SrIm6
/usr/bin/st8SrIm6
/usr/bin/st8SrIm6
/usr/bin/st8SrIm6
/usr/bin/st8SrIm6
/usr/bin/#INST@8885#
/usr/bin/#INST@8885#
/usr/bin/ldapdelete
/usr/bin/#INST@9113#
/usr/bin/#INST@9113#
/usr/bin/stPfQ5O7
/usr/bin/stPfQ5O7
/usr/bin/stPfQ5O7
/usr/bin/stPfQ5O7
/usr/bin/stPfQ5O7
/usr/bin/stPfQ5O7
/usr/bin/stPfQ5O7
/usr/bin/stPfQ5O7
/usr/bin/stPfQ5O7
/usr/bin/stPfQ5O7
/usr/bin/stPfQ5O7
/usr/bin/stPfQ5O7
/usr/bin/stPfQ5O7
/usr/bin/stPfQ5O7
/usr/bin/stPfQ5O7
/usr/bin/stPfQ5O7
/usr/bin/stPfQ5O7
/usr/bin/#INST@9113#
/usr/bin/#INST@9113#
/usr/bin/ldapmodrdn
/usr/bin/#INST@9337#
/usr/bin/#INST@9337#
/usr/bin/stTtpDwg
/usr/bin/stTtpDwg
/usr/bin/stTtpDwg
/usr/bin/stTtpDwg
/usr/bin/stTtpDwg
/usr/bin/stTtpDwg
/usr/bin/stTtpDwg
/usr/bin/stTtpDwg
/usr/bin/stTtpDwg
/usr/bin/stTtpDwg
/usr/bin/stTtpDwg
/usr/bin/stTtpDwg
/usr/bin/stTtpDwg
/usr/bin/stTtpDwg
/usr/bin/stTtpDwg
/usr/bin/stTtpDwg
/usr/bin/stTtpDwg
/usr/bin/#INST@9337#
/usr/bin/#INST@9337#
/usr/bin/ldappasswd
/usr/bin/#INST@9554#
/usr/bin/#INST@9554#
/usr/bin/stqZ4BPt
/usr/bin/stqZ4BPt
/usr/bin/stqZ4BPt
/usr/bin/stqZ4BPt
/usr/bin/stqZ4BPt
/usr/bin/stqZ4BPt
/usr/bin/stqZ4BPt
/usr/bin/stqZ4BPt
/usr/bin/stqZ4BPt
/usr/bin/stqZ4BPt
/usr/bin/stqZ4BPt
/usr/bin/stqZ4BPt
/usr/bin/stqZ4BPt
/usr/bin/stqZ4BPt
/usr/bin/stqZ4BPt
/usr/bin/stqZ4BPt
/usr/bin/stqZ4BPt
/usr/bin/stqZ4BPt
/usr/bin/stqZ4BPt
/usr/bin/stqZ4BPt
/usr/bin/#INST@9554#
/usr/bin/#INST@9554#
/usr/bin/ldapwhoami
/usr/bin/#INST@9769#
/usr/bin/#INST@9769#
/usr/bin/sttS9chG
/usr/bin/sttS9chG
/usr/bin/sttS9chG
/usr/bin/sttS9chG
/usr/bin/sttS9chG
/usr/bin/sttS9chG
/usr/bin/sttS9chG
/usr/bin/sttS9chG
/usr/bin/sttS9chG
/usr/bin/sttS9chG
/usr/bin/sttS9chG
/usr/bin/sttS9chG
/usr/bin/sttS9chG
/usr/bin/sttS9chG
/usr/bin/sttS9chG
/usr/bin/sttS9chG
/usr/bin/sttS9chG
/usr/bin/sttS9chG
/usr/bin/#INST@9769#
/usr/bin/#INST@9769#
/usr/bin/ldapcompare
/usr/bin/#INST@10002#
/usr/bin/#INST@10002#
/usr/bin/stSy1y3O
/usr/bin/stSy1y3O
/usr/bin/stSy1y3O
/usr/bin/stSy1y3O
/usr/bin/stSy1y3O
/usr/bin/stSy1y3O
/usr/bin/stSy1y3O
/usr/bin/stSy1y3O
/usr/bin/stSy1y3O
/usr/bin/stSy1y3O
/usr/bin/stSy1y3O
/usr/bin/stSy1y3O
/usr/bin/stSy1y3O
/usr/bin/stSy1y3O
/usr/bin/stSy1y3O
/usr/bin/stSy1y3O
/usr/bin/stSy1y3O
/usr/bin/stSy1y3O
/usr/bin/#INST@10002#
/usr/bin/#INST@10002#
/usr/bin/ldapexop
/usr/bin/#INST@10222#
/usr/bin/#INST@10222#
/usr/bin/stuZKeN0
/usr/bin/stuZKeN0
/usr/bin/stuZKeN0
/usr/bin/stuZKeN0
/usr/bin/stuZKeN0
/usr/bin/stuZKeN0
/usr/bin/stuZKeN0
/usr/bin/stuZKeN0
/usr/bin/stuZKeN0
/usr/bin/stuZKeN0
/usr/bin/stuZKeN0
/usr/bin/stuZKeN0
/usr/bin/stuZKeN0
/usr/bin/stuZKeN0
/usr/bin/#INST@10222#
/usr/bin/#INST@10222#
/usr/bin/ldapurl
/usr/bin/ldapadd
/usr/share/man/man1/#INST@10580#
/usr/share/man/man1/#INST@10580#
/usr/share/man/man1/#INST@10580#
/usr/share/man/man1/ldapcompare.1
/usr/share/man/man1/#INST@10657#
/usr/share/man/man1/#INST@10657#
/usr/share/man/man1/#INST@10657#
/usr/share/man/man1/ldapdelete.1
/usr/share/man/man1/#INST@10746#
/usr/share/man/man1/#INST@10746#
/usr/share/man/man1/#INST@10746#
/usr/share/man/man1/ldapexop.1
/usr/share/man/man1/#INST@10835#
/usr/share/man/man1/#INST@10835#
/usr/share/man/man1/#INST@10835#
/usr/share/man/man1/ldapmodify.1
/usr/share/man/man1/ldapadd.1
/usr/share/man/man1/#INST@11021#
/usr/share/man/man1/#INST@11021#
/usr/share/man/man1/#INST@11021#
/usr/share/man/man1/ldapmodrdn.1
/usr/share/man/man1/#INST@11101#
/usr/share/man/man1/#INST@11101#
/usr/share/man/man1/#INST@11101#
/usr/share/man/man1/ldappasswd.1
/usr/share/man/man1/#INST@11190#
/usr/share/man/man1/#INST@11190#
/usr/share/man/man1/#INST@11190#
/usr/share/man/man1/ldapsearch.1
/usr/share/man/man1/#INST@11279#
/usr/share/man/man1/#INST@11279#
/usr/share/man/man1/#INST@11279#
/usr/share/man/man1/ldapurl.1
/usr/share/man/man1/#INST@11368#
/usr/share/man/man1/#INST@11368#
/usr/share/man/man1/#INST@11368#
/usr/share/man/man1/ldapwhoami.1
/usr/share/man/man3/#INST@11535#
/usr/share/man/man3/#INST@11535#
/usr/share/man/man3/#INST@11535#
/usr/share/man/man3/lber-decode.3
/usr/share/man/man3/ber_get_next.3
/usr/share/man/man3/ber_skip_tag.3
/usr/share/man/man3/ber_peek_tag.3
/usr/share/man/man3/ber_scanf.3
/usr/share/man/man3/ber_get_int.3
/usr/share/man/man3/ber_get_stringa.3
/usr/share/man/man3/ber_get_stringb.3
/usr/share/man/man3/ber_get_null.3
/usr/share/man/man3/ber_get_enum.3
/usr/share/man/man3/ber_get_boolean.3
/usr/share/man/man3/ber_get_bitstring.3
/usr/share/man/man3/ber_first_element.3
/usr/share/man/man3/ber_next_element.3
/usr/share/man/man3/#INST@12741#
/usr/share/man/man3/#INST@12741#
/usr/share/man/man3/#INST@12741#
/usr/share/man/man3/lber-encode.3
/usr/share/man/man3/ber_alloc_t.3
/usr/share/man/man3/ber_flush.3
/usr/share/man/man3/ber_printf.3
/usr/share/man/man3/ber_put_int.3
/usr/share/man/man3/ber_put_ostring.3
/usr/share/man/man3/ber_put_string.3
/usr/share/man/man3/ber_put_null.3
/usr/share/man/man3/ber_put_enum.3
/usr/share/man/man3/ber_start_set.3
/usr/share/man/man3/ber_put_seq.3
/usr/share/man/man3/ber_put_set.3
/usr/share/man/man3/#INST@13778#
/usr/share/man/man3/#INST@13778#
/usr/share/man/man3/#INST@13778#
/usr/share/man/man3/lber-memory.3
/usr/share/man/man3/#INST@13858#
/usr/share/man/man3/#INST@13858#
/usr/share/man/man3/#INST@13858#
/usr/share/man/man3/lber-sockbuf.3
/usr/share/man/man3/#INST@13947#
/usr/share/man/man3/#INST@13947#
/usr/share/man/man3/#INST@13947#
/usr/share/man/man3/lber-types.3
/usr/share/man/man3/ber_bvarray_add.3
/usr/share/man/man3/ber_bvarray_free.3
/usr/share/man/man3/ber_bvdup.3
/usr/share/man/man3/ber_bvecadd.3
/usr/share/man/man3/ber_bvecfree.3
/usr/share/man/man3/ber_bvfree.3
/usr/share/man/man3/ber_bvstr.3
/usr/share/man/man3/ber_bvstrdup.3
/usr/share/man/man3/ber_dupbv.3
/usr/share/man/man3/ber_free.3
/usr/share/man/man3/ber_str2bv.3
/usr/share/man/man3/#INST@14993#
/usr/share/man/man3/#INST@14993#
/usr/share/man/man3/#INST@14993#
/usr/share/man/man3/ldap.3
/usr/share/man/man3/#INST@15073#
/usr/share/man/man3/#INST@15073#
/usr/share/man/man3/#INST@15073#
/usr/share/man/man3/ldap_abandon.3
/usr/share/man/man3/ldap_abandon_ext.3
/usr/share/man/man3/#INST@15259#
/usr/share/man/man3/#INST@15259#
/usr/share/man/man3/#INST@15259#
/usr/share/man/man3/ldap_add.3
/usr/share/man/man3/ldap_add_s.3
/usr/share/man/man3/ldap_add_ext.3
/usr/share/man/man3/ldap_add_ext_s.3
/usr/share/man/man3/#INST@15608#
/usr/share/man/man3/#INST@15608#
/usr/share/man/man3/#INST@15608#
/usr/share/man/man3/ldap_bind.3
/usr/share/man/man3/ldap_bind_s.3
/usr/share/man/man3/ldap_simple_bind.3
/usr/share/man/man3/ldap_simple_bind_s.3
/usr/share/man/man3/ldap_sasl_bind.3
/usr/share/man/man3/ldap_sasl_bind_s.3
/usr/share/man/man3/ldap_unbind.3
/usr/share/man/man3/ldap_unbind_ext.3
/usr/share/man/man3/ldap_unbind_s.3
/usr/share/man/man3/ldap_unbind_ext_s.3
/usr/share/man/man3/ldap_set_rebind_proc.3
/usr/share/man/man3/#INST@16559#
/usr/share/man/man3/#INST@16559#
/usr/share/man/man3/#INST@16559#
/usr/share/man/man3/ldap_compare.3
/usr/share/man/man3/ldap_compare_s.3
/usr/share/man/man3/ldap_compare_ext.3
/usr/share/man/man3/ldap_compare_ext_s.3
/usr/share/man/man3/#INST@16908#
/usr/share/man/man3/#INST@16908#
/usr/share/man/man3/#INST@16908#
/usr/share/man/man3/ldap_controls.3
/usr/share/man/man3/ldap_control_create.3
/usr/share/man/man3/ldap_control_find.3
/usr/share/man/man3/ldap_control_dup.3
/usr/share/man/man3/ldap_controls_dup.3
/usr/share/man/man3/ldap_control_free.3
/usr/share/man/man3/ldap_controls_free.3
/usr/share/man/man3/#INST@17515#
/usr/share/man/man3/#INST@17515#
/usr/share/man/man3/#INST@17515#
/usr/share/man/man3/ldap_delete.3
/usr/share/man/man3/ldap_delete_s.3
/usr/share/man/man3/ldap_delete_ext.3
/usr/share/man/man3/ldap_delete_ext_s.3
/usr/share/man/man3/#INST@17864#
/usr/share/man/man3/#INST@17864#
/usr/share/man/man3/#INST@17864#
/usr/share/man/man3/ldap_dup.3
/usr/share/man/man3/ldap_destroy.3
/usr/share/man/man3/#INST@18041#
/usr/share/man/man3/#INST@18041#
/usr/share/man/man3/#INST@18041#
/usr/share/man/man3/ldap_error.3
/usr/share/man/man3/ldap_perror.3
/usr/share/man/man3/ld_errno.3
/usr/share/man/man3/ldap_result2error.3
/usr/share/man/man3/ldap_errlist.3
/usr/share/man/man3/ldap_err2string.3
/usr/share/man/man3/#INST@18562#
/usr/share/man/man3/#INST@18562#
/usr/share/man/man3/#INST@18562#
/usr/share/man/man3/ldap_extended_operation.3
/usr/share/man/man3/ldap_extended_operation_s.3
/usr/share/man/man3/#INST@18739#
/usr/share/man/man3/#INST@18739#
/usr/share/man/man3/#INST@18739#
/usr/share/man/man3/ldap_first_attribute.3
/usr/share/man/man3/ldap_next_attribute.3
/usr/share/man/man3/#INST@18916#
/usr/share/man/man3/#INST@18916#
/usr/share/man/man3/#INST@18916#
/usr/share/man/man3/ldap_first_entry.3
/usr/share/man/man3/ldap_next_entry.3
/usr/share/man/man3/ldap_count_entries.3
/usr/share/man/man3/#INST@19179#
/usr/share/man/man3/#INST@19179#
/usr/share/man/man3/#INST@19179#
/usr/share/man/man3/ldap_first_message.3
/usr/share/man/man3/ldap_next_message.3
/usr/share/man/man3/ldap_count_messages.3
/usr/share/man/man3/#INST@19442#
/usr/share/man/man3/#INST@19442#
/usr/share/man/man3/#INST@19442#
/usr/share/man/man3/ldap_first_reference.3
/usr/share/man/man3/ldap_next_reference.3
/usr/share/man/man3/ldap_count_references.3
/usr/share/man/man3/#INST@19705#
/usr/share/man/man3/#INST@19705#
/usr/share/man/man3/#INST@19705#
/usr/share/man/man3/ldap_get_dn.3
/usr/share/man/man3/ldap_explode_dn.3
/usr/share/man/man3/ldap_explode_rdn.3
/usr/share/man/man3/ldap_dn2ufn.3
/usr/share/man/man3/ldap_str2dn.3
/usr/share/man/man3/ldap_dnfree.3
/usr/share/man/man3/ldap_dn2str.3
/usr/share/man/man3/ldap_dn2dcedn.3
/usr/share/man/man3/ldap_dcedn2dn.3
/usr/share/man/man3/ldap_dn2ad_canonical.3
/usr/share/man/man3/#INST@20570#
/usr/share/man/man3/#INST@20570#
/usr/share/man/man3/#INST@20570#
/usr/share/man/man3/ldap_get_option.3
/usr/share/man/man3/ldap_set_option.3
/usr/share/man/man3/#INST@20747#
/usr/share/man/man3/#INST@20747#
/usr/share/man/man3/#INST@20747#
/usr/share/man/man3/ldap_get_values.3
/usr/share/man/man3/ldap_get_values_len.3
/usr/share/man/man3/ldap_value_free.3
/usr/share/man/man3/ldap_value_free_len.3
/usr/share/man/man3/ldap_count_values.3
/usr/share/man/man3/ldap_count_values_len.3
/usr/share/man/man3/#INST@21268#
/usr/share/man/man3/#INST@21268#
/usr/share/man/man3/#INST@21268#
/usr/share/man/man3/ldap_memory.3
/usr/share/man/man3/ldap_memfree.3
/usr/share/man/man3/ldap_memvfree.3
/usr/share/man/man3/ldap_memalloc.3
/usr/share/man/man3/ldap_memcalloc.3
/usr/share/man/man3/ldap_memrealloc.3
/usr/share/man/man3/ldap_strdup.3
/usr/share/man/man3/#INST@21875#
/usr/share/man/man3/#INST@21875#
/usr/share/man/man3/#INST@21875#
/usr/share/man/man3/ldap_modify.3
/usr/share/man/man3/ldap_modify_s.3
/usr/share/man/man3/ldap_modify_ext.3
/usr/share/man/man3/ldap_modify_ext_s.3
/usr/share/man/man3/ldap_mods_free.3
/usr/share/man/man3/#INST@22310#
/usr/share/man/man3/#INST@22310#
/usr/share/man/man3/#INST@22310#
/usr/share/man/man3/ldap_modrdn.3
/usr/share/man/man3/ldap_modrdn_s.3
/usr/share/man/man3/ldap_modrdn2.3
/usr/share/man/man3/ldap_modrdn2_s.3
/usr/share/man/man3/#INST@22659#
/usr/share/man/man3/#INST@22659#
/usr/share/man/man3/#INST@22659#
/usr/share/man/man3/ldap_open.3
/usr/share/man/man3/ldap_init.3
/usr/share/man/man3/ldap_initialize.3
/usr/share/man/man3/ldap_set_urllist_proc.3
/usr/share/man/man3/ldap_init_fd.3
/usr/share/man/man3/#INST@23094#
/usr/share/man/man3/#INST@23094#
/usr/share/man/man3/#INST@23094#
/usr/share/man/man3/ldap_parse_reference.3
/usr/share/man/man3/#INST@23174#
/usr/share/man/man3/#INST@23174#
/usr/share/man/man3/#INST@23174#
/usr/share/man/man3/ldap_parse_result.3
/usr/share/man/man3/ldap_parse_sasl_bind_result.3
/usr/share/man/man3/ldap_parse_extended_result.3
/usr/share/man/man3/#INST@23446#
/usr/share/man/man3/#INST@23446#
/usr/share/man/man3/#INST@23446#
/usr/share/man/man3/ldap_parse_sort_control.3
/usr/share/man/man3/#INST@23526#
/usr/share/man/man3/#INST@23526#
/usr/share/man/man3/#INST@23526#
/usr/share/man/man3/ldap_parse_vlv_control.3
/usr/share/man/man3/#INST@23615#
/usr/share/man/man3/#INST@23615#
/usr/share/man/man3/#INST@23615#
/usr/share/man/man3/ldap_rename.3
/usr/share/man/man3/ldap_rename_s.3
/usr/share/man/man3/#INST@23801#
/usr/share/man/man3/#INST@23801#
/usr/share/man/man3/#INST@23801#
/usr/share/man/man3/ldap_result.3
/usr/share/man/man3/ldap_msgfree.3
/usr/share/man/man3/ldap_msgtype.3
/usr/share/man/man3/ldap_msgid.3
/usr/share/man/man3/#INST@24150#
/usr/share/man/man3/#INST@24150#
/usr/share/man/man3/#INST@24150#
/usr/share/man/man3/ldap_schema.3
/usr/share/man/man3/ldap_str2syntax.3
/usr/share/man/man3/ldap_syntax2str.3
/usr/share/man/man3/ldap_syntax2name.3
/usr/share/man/man3/ldap_syntax_free.3
/usr/share/man/man3/ldap_str2matchingrule.3
/usr/share/man/man3/ldap_matchingrule2str.3
/usr/share/man/man3/ldap_matchingrule2name.3
/usr/share/man/man3/ldap_matchingrule_free.3
/usr/share/man/man3/ldap_str2attributetype.3
/usr/share/man/man3/ldap_attributetype2str.3
/usr/share/man/man3/ldap_attributetype2name.3
/usr/share/man/man3/ldap_attributetype_free.3
/usr/share/man/man3/ldap_str2objectclass.3
/usr/share/man/man3/ldap_objectclass2str.3
/usr/share/man/man3/ldap_objectclass2name.3
/usr/share/man/man3/ldap_objectclass_free.3
/usr/share/man/man3/ldap_scherr2str.3
/usr/share/man/man3/#INST@25703#
/usr/share/man/man3/#INST@25703#
/usr/share/man/man3/#INST@25703#
/usr/share/man/man3/ldap_search.3
/usr/share/man/man3/ldap_search_s.3
/usr/share/man/man3/ldap_search_st.3
/usr/share/man/man3/ldap_search_ext.3
/usr/share/man/man3/ldap_search_ext_s.3
/usr/share/man/man3/#INST@26138#
/usr/share/man/man3/#INST@26138#
/usr/share/man/man3/#INST@26138#
/usr/share/man/man3/ldap_sort.3
/usr/share/man/man3/ldap_sort_entries.3
/usr/share/man/man3/ldap_sort_values.3
/usr/share/man/man3/ldap_sort_strcasecmp.3
/usr/share/man/man3/#INST@26487#
/usr/share/man/man3/#INST@26487#
/usr/share/man/man3/#INST@26487#
/usr/share/man/man3/ldap_sync.3
/usr/share/man/man3/#INST@26567#
/usr/share/man/man3/#INST@26567#
/usr/share/man/man3/#INST@26567#
/usr/share/man/man3/ldap_tls.3
/usr/share/man/man3/ldap_start_tls.3
/usr/share/man/man3/ldap_start_tls_s.3
/usr/share/man/man3/ldap_tls_inplace.3
/usr/share/man/man3/ldap_install_tls.3
/usr/share/man/man3/#INST@27011#
/usr/share/man/man3/#INST@27011#
/usr/share/man/man3/#INST@27011#
/usr/share/man/man3/ldap_url.3
/usr/share/man/man3/ldap_is_ldap_url.3
/usr/share/man/man3/ldap_url_parse.3
/usr/share/man/man3/ldap_free_urldesc.3
/usr/share/man/man5/#INST@27429#
/usr/share/man/man5/#INST@27429#
/usr/share/man/man5/#INST@27429#
/usr/share/man/man5/ldap.conf.5
/usr/share/man/man5/#INST@27506#
/usr/share/man/man5/#INST@27506#
/usr/share/man/man5/#INST@27506#
/usr/share/man/man5/ldif.5
/usr/share/man/man5/#INST@27595#
/usr/share/man/man5/#INST@27595#
/usr/share/man/man5/#INST@27595#
/usr/share/man/man5/slapd-bdb.5
/usr/share/man/man5/slapd-hdb.5
/usr/share/man/man5/#INST@27781#
/usr/share/man/man5/#INST@27781#
/usr/share/man/man5/#INST@27781#
/usr/share/man/man5/slapd-config.5
/usr/share/man/man5/#INST@27862#
/usr/share/man/man5/#INST@27862#
/usr/share/man/man5/#INST@27862#
/usr/share/man/man5/slapd-dnssrv.5
/usr/share/man/man5/#INST@27950#
/usr/share/man/man5/#INST@27950#
/usr/share/man/man5/#INST@27950#
/usr/share/man/man5/slapd-ldap.5
/usr/share/man/man5/#INST@28039#
/usr/share/man/man5/#INST@28039#
/usr/share/man/man5/#INST@28039#
/usr/share/man/man5/slapd-ldbm.5
/usr/share/man/man5/#INST@28128#
/usr/share/man/man5/#INST@28128#
/usr/share/man/man5/#INST@28128#
/usr/share/man/man5/slapd-ldif.5
/usr/share/man/man5/#INST@28217#
/usr/share/man/man5/#INST@28217#
/usr/share/man/man5/#INST@28217#
/usr/share/man/man5/slapd-mdb.5
/usr/share/man/man5/#INST@28306#
/usr/share/man/man5/#INST@28306#
/usr/share/man/man5/#INST@28306#
/usr/share/man/man5/slapd-meta.5
/usr/share/man/man5/#INST@28395#
/usr/share/man/man5/#INST@28395#
/usr/share/man/man5/#INST@28395#
/usr/share/man/man5/slapd-monitor.5
/usr/share/man/man5/#INST@28484#
/usr/share/man/man5/#INST@28484#
/usr/share/man/man5/#INST@28484#
/usr/share/man/man5/slapd-ndb.5
/usr/share/man/man5/#INST@28573#
/usr/share/man/man5/#INST@28573#
/usr/share/man/man5/#INST@28573#
/usr/share/man/man5/slapd-null.5
/usr/share/man/man5/#INST@28662#
/usr/share/man/man5/#INST@28662#
/usr/share/man/man5/#INST@28662#
/usr/share/man/man5/slapd-passwd.5
/usr/share/man/man5/#INST@28751#
/usr/share/man/man5/#INST@28751#
/usr/share/man/man5/#INST@28751#
/usr/share/man/man5/slapd-perl.5
/usr/share/man/man5/#INST@28840#
/usr/share/man/man5/#INST@28840#
/usr/share/man/man5/#INST@28840#
/usr/share/man/man5/slapd-relay.5
/usr/share/man/man5/#INST@28929#
/usr/share/man/man5/#INST@28929#
/usr/share/man/man5/#INST@28929#
/usr/share/man/man5/slapd-shell.5
/usr/share/man/man5/#INST@29020#
/usr/share/man/man5/#INST@29020#
/usr/share/man/man5/#INST@29020#
/usr/share/man/man5/slapd-sock.5
/usr/share/man/man5/slapo-sock.5
/usr/share/man/man5/#INST@29206#
/usr/share/man/man5/#INST@29206#
/usr/share/man/man5/#INST@29206#
/usr/share/man/man5/slapd-sql.5
/usr/share/man/man5/#INST@29286#
/usr/share/man/man5/#INST@29286#
/usr/share/man/man5/#INST@29286#
/usr/share/man/man5/slapd.access.5
/usr/share/man/man5/#INST@29375#
/usr/share/man/man5/#INST@29375#
/usr/share/man/man5/#INST@29375#
/usr/share/man/man5/slapd.backends.5
/usr/share/man/man5/#INST@29464#
/usr/share/man/man5/#INST@29464#
/usr/share/man/man5/#INST@29464#
/usr/share/man/man5/slapd.conf.5
/usr/share/man/man5/#INST@29553#
/usr/share/man/man5/#INST@29553#
/usr/share/man/man5/#INST@29553#
/usr/share/man/man5/slapd.overlays.5
/usr/share/man/man5/#INST@29642#
/usr/share/man/man5/#INST@29642#
/usr/share/man/man5/#INST@29642#
/usr/share/man/man5/slapd.plugin.5
/usr/share/man/man5/#INST@29733#
/usr/share/man/man5/#INST@29733#
/usr/share/man/man5/#INST@29733#
/usr/share/man/man5/slapo-accesslog.5
/usr/share/man/man5/#INST@29822#
/usr/share/man/man5/#INST@29822#
/usr/share/man/man5/#INST@29822#
/usr/share/man/man5/slapo-auditlog.5
/usr/share/man/man5/#INST@29911#
/usr/share/man/man5/#INST@29911#
/usr/share/man/man5/#INST@29911#
/usr/share/man/man5/slapo-chain.5
/usr/share/man/man5/#INST@30000#
/usr/share/man/man5/#INST@30000#
/usr/share/man/man5/#INST@30000#
/usr/share/man/man5/slapo-collect.5
/usr/share/man/man5/#INST@30089#
/usr/share/man/man5/#INST@30089#
/usr/share/man/man5/#INST@30089#
/usr/share/man/man5/slapo-constraint.5
/usr/share/man/man5/#INST@30179#
/usr/share/man/man5/#INST@30179#
/usr/share/man/man5/#INST@30179#
/usr/share/man/man5/slapo-dds.5
/usr/share/man/man5/#INST@30267#
/usr/share/man/man5/#INST@30267#
/usr/share/man/man5/#INST@30267#
/usr/share/man/man5/slapo-dyngroup.5
/usr/share/man/man5/#INST@30357#
/usr/share/man/man5/#INST@30357#
/usr/share/man/man5/#INST@30357#
/usr/share/man/man5/slapo-dynlist.5
/usr/share/man/man5/#INST@30445#
/usr/share/man/man5/#INST@30445#
/usr/share/man/man5/#INST@30445#
/usr/share/man/man5/slapo-memberof.5
/usr/share/man/man5/#INST@30534#
/usr/share/man/man5/#INST@30534#
/usr/share/man/man5/#INST@30534#
/usr/share/man/man5/slapo-pbind.5
/usr/share/man/man5/#INST@30623#
/usr/share/man/man5/#INST@30623#
/usr/share/man/man5/#INST@30623#
/usr/share/man/man5/slapo-pcache.5
/usr/share/man/man5/#INST@30712#
/usr/share/man/man5/#INST@30712#
/usr/share/man/man5/#INST@30712#
/usr/share/man/man5/slapo-ppolicy.5
/usr/share/man/man5/#INST@30801#
/usr/share/man/man5/#INST@30801#
/usr/share/man/man5/#INST@30801#
/usr/share/man/man5/slapo-refint.5
/usr/share/man/man5/#INST@30890#
/usr/share/man/man5/#INST@30890#
/usr/share/man/man5/#INST@30890#
/usr/share/man/man5/slapo-retcode.5
/usr/share/man/man5/#INST@30979#
/usr/share/man/man5/#INST@30979#
/usr/share/man/man5/#INST@30979#
/usr/share/man/man5/slapo-rwm.5
/usr/share/man/man5/#INST@31068#
/usr/share/man/man5/#INST@31068#
/usr/share/man/man5/#INST@31068#
/usr/share/man/man5/slapo-sssvlv.5
/usr/share/man/man5/#INST@31157#
/usr/share/man/man5/#INST@31157#
/usr/share/man/man5/#INST@31157#
/usr/share/man/man5/slapo-syncprov.5
/usr/share/man/man5/#INST@31246#
/usr/share/man/man5/#INST@31246#
/usr/share/man/man5/#INST@31246#
/usr/share/man/man5/slapo-translucent.5
/usr/share/man/man5/#INST@31335#
/usr/share/man/man5/#INST@31335#
/usr/share/man/man5/#INST@31335#
/usr/share/man/man5/slapo-unique.5
/usr/share/man/man5/#INST@31424#
/usr/share/man/man5/#INST@31424#
/usr/share/man/man5/#INST@31424#
/usr/share/man/man5/slapo-valsort.5
/usr/share/man/man8/#INST@31591#
/usr/share/man/man8/#INST@31591#
/usr/share/man/man8/#INST@31591#
/usr/share/man/man8/slapacl.8
/usr/share/man/man8/#INST@31668#
/usr/share/man/man8/#INST@31668#
/usr/share/man/man8/#INST@31668#
/usr/share/man/man8/slapadd.8
/usr/share/man/man8/#INST@31757#
/usr/share/man/man8/#INST@31757#
/usr/share/man/man8/#INST@31757#
/usr/share/man/man8/slapauth.8
/usr/share/man/man8/#INST@31846#
/usr/share/man/man8/#INST@31846#
/usr/share/man/man8/#INST@31846#
/usr/share/man/man8/slapcat.8
/usr/share/man/man8/#INST@31935#
/usr/share/man/man8/#INST@31935#
/usr/share/man/man8/#INST@31935#
/usr/share/man/man8/slapd.8
/usr/share/man/man8/#INST@32024#
/usr/share/man/man8/#INST@32024#
/usr/share/man/man8/#INST@32024#
/usr/share/man/man8/slapdn.8
/usr/share/man/man8/#INST@32113#
/usr/share/man/man8/#INST@32113#
/usr/share/man/man8/#INST@32113#
/usr/share/man/man8/slapindex.8
/usr/share/man/man8/#INST@32202#
/usr/share/man/man8/#INST@32202#
/usr/share/man/man8/#INST@32202#
/usr/share/man/man8/slappasswd.8
/usr/share/man/man8/#INST@32291#
/usr/share/man/man8/#INST@32291#
/usr/share/man/man8/#INST@32291#
/usr/share/man/man8/slapschema.8
/usr/share/man/man8/#INST@32380#
/usr/share/man/man8/#INST@32380#
/usr/share/man/man8/#INST@32380#
/usr/share/man/man8/slaptest.8
