/srv/pma/CONTRIBUTING.md
/srv/pma/CONTRIBUTING.md
/srv/pma/ChangeLog
/srv/pma/ChangeLog
/srv/pma/DCO
/srv/pma/DCO
/srv/pma/LICENSE
/srv/pma/LICENSE
/srv/pma/README
/srv/pma/README
/srv/pma/RELEASE-DATE-4.3.11
/srv/pma/RELEASE-DATE-4.3.11
/srv/pma/browse_foreigners.php
/srv/pma/browse_foreigners.php
/srv/pma/changelog.php
/srv/pma/changelog.php
/srv/pma/chk_rel.php
/srv/pma/chk_rel.php
/srv/pma/composer.json
/srv/pma/composer.json
/srv/pma/config.inc.php
/srv/pma/config.inc.php
/srv/pma/config.sample.inc.php
/srv/pma/config.sample.inc.php
/srv/pma/db_central_columns.php
/srv/pma/db_central_columns.php
/srv/pma/db_create.php
/srv/pma/db_create.php
/srv/pma/db_datadict.php
/srv/pma/db_datadict.php
/srv/pma/db_designer.php
/srv/pma/db_designer.php
/srv/pma/db_events.php
/srv/pma/db_events.php
/srv/pma/db_export.php
/srv/pma/db_export.php
/srv/pma/db_import.php
/srv/pma/db_import.php
/srv/pma/db_operations.php
/srv/pma/db_operations.php
/srv/pma/db_printview.php
/srv/pma/db_printview.php
/srv/pma/db_qbe.php
/srv/pma/db_qbe.php
/srv/pma/db_routines.php
/srv/pma/db_routines.php
/srv/pma/db_search.php
/srv/pma/db_search.php
/srv/pma/db_sql.php
/srv/pma/db_sql.php
/srv/pma/db_sql_autocomplete.php
/srv/pma/db_sql_autocomplete.php
/srv/pma/db_structure.php
/srv/pma/db_structure.php
/srv/pma/db_tracking.php
/srv/pma/db_tracking.php
/srv/pma/db_triggers.php
/srv/pma/db_triggers.php
/srv/pma/error_report.php
/srv/pma/error_report.php
/srv/pma/export.php
/srv/pma/export.php
/srv/pma/favicon.ico
/srv/pma/favicon.ico
/srv/pma/file_echo.php
/srv/pma/file_echo.php
/srv/pma/gis_data_editor.php
/srv/pma/gis_data_editor.php
/srv/pma/import.php
/srv/pma/import.php
/srv/pma/import_status.php
/srv/pma/import_status.php
/srv/pma/index.php
/srv/pma/index.php
/srv/pma/js/OpenStreetMap.js
/srv/pma/js/OpenStreetMap.js
/srv/pma/js/ajax.js
/srv/pma/js/ajax.js
/srv/pma/js/big_ints.js
/srv/pma/js/big_ints.js
/srv/pma/js/canvg/MIT-LICENSE.txt
/srv/pma/js/canvg/MIT-LICENSE.txt
/srv/pma/js/canvg/canvg.js
/srv/pma/js/canvg/canvg.js
/srv/pma/js/chart.js
/srv/pma/js/chart.js
/srv/pma/js/codemirror/LICENSE
/srv/pma/js/codemirror/LICENSE
/srv/pma/js/codemirror/addon/hint/show-hint.js
/srv/pma/js/codemirror/addon/hint/show-hint.js
/srv/pma/js/codemirror/addon/hint/sql-hint.js
/srv/pma/js/codemirror/addon/hint/sql-hint.js
/srv/pma/js/codemirror/addon/runmode/runmode.js
/srv/pma/js/codemirror/addon/runmode/runmode.js
/srv/pma/js/codemirror/lib/codemirror.js
/srv/pma/js/codemirror/lib/codemirror.js
/srv/pma/js/codemirror/lib/codemirror.js
/srv/pma/js/codemirror/lib/codemirror.js
/srv/pma/js/codemirror/mode/sql/sql.js
/srv/pma/js/codemirror/mode/sql/sql.js
/srv/pma/js/common.js
/srv/pma/js/common.js
/srv/pma/js/config.js
/srv/pma/js/config.js
/srv/pma/js/console.js
/srv/pma/js/console.js
/srv/pma/js/cross_framing_protection.js
/srv/pma/js/cross_framing_protection.js
/srv/pma/js/db_central_columns.js
/srv/pma/js/db_central_columns.js
/srv/pma/js/db_operations.js
/srv/pma/js/db_operations.js
/srv/pma/js/db_qbe.js
/srv/pma/js/db_qbe.js
/srv/pma/js/db_search.js
/srv/pma/js/db_search.js
/srv/pma/js/db_structure.js
/srv/pma/js/db_structure.js
/srv/pma/js/doclinks.js
/srv/pma/js/doclinks.js
/srv/pma/js/error_report.js
/srv/pma/js/error_report.js
/srv/pma/js/export.js
/srv/pma/js/export.js
/srv/pma/js/functions.js
/srv/pma/js/functions.js
/srv/pma/js/functions.js
/srv/pma/js/get_image.js.php
/srv/pma/js/get_image.js.php
/srv/pma/js/get_scripts.js.php
/srv/pma/js/get_scripts.js.php
/srv/pma/js/gis_data_editor.js
/srv/pma/js/gis_data_editor.js
/srv/pma/js/import.js
/srv/pma/js/import.js
/srv/pma/js/indexes.js
/srv/pma/js/indexes.js
/srv/pma/js/jqplot/excanvas.js
/srv/pma/js/jqplot/excanvas.js
/srv/pma/js/jqplot/jquery.jqplot.js
/srv/pma/js/jqplot/jquery.jqplot.js
/srv/pma/js/jqplot/jquery.jqplot.js
/srv/pma/js/jqplot/jquery.jqplot.js
/srv/pma/js/jqplot/jquery.jqplot.js
/srv/pma/js/jqplot/plugins/jqplot.barRenderer.js
/srv/pma/js/jqplot/plugins/jqplot.barRenderer.js
/srv/pma/js/jqplot/plugins/jqplot.byteFormatter.js
/srv/pma/js/jqplot/plugins/jqplot.byteFormatter.js
/srv/pma/js/jqplot/plugins/jqplot.canvasAxisLabelRenderer.js
/srv/pma/js/jqplot/plugins/jqplot.canvasAxisLabelRenderer.js
/srv/pma/js/jqplot/plugins/jqplot.canvasTextRenderer.js
/srv/pma/js/jqplot/plugins/jqplot.canvasTextRenderer.js
/srv/pma/js/jqplot/plugins/jqplot.categoryAxisRenderer.js
/srv/pma/js/jqplot/plugins/jqplot.categoryAxisRenderer.js
/srv/pma/js/jqplot/plugins/jqplot.cursor.js
/srv/pma/js/jqplot/plugins/jqplot.cursor.js
/srv/pma/js/jqplot/plugins/jqplot.dateAxisRenderer.js
/srv/pma/js/jqplot/plugins/jqplot.dateAxisRenderer.js
/srv/pma/js/jqplot/plugins/jqplot.highlighter.js
/srv/pma/js/jqplot/plugins/jqplot.highlighter.js
/srv/pma/js/jqplot/plugins/jqplot.pieRenderer.js
/srv/pma/js/jqplot/plugins/jqplot.pieRenderer.js
/srv/pma/js/jqplot/plugins/jqplot.pointLabels.js
/srv/pma/js/jqplot/plugins/jqplot.pointLabels.js
/srv/pma/js/jquery/MIT-LICENSE.txt
/srv/pma/js/jquery/MIT-LICENSE.txt
/srv/pma/js/jquery/jquery-1.8.3.min.js
/srv/pma/js/jquery/jquery-1.8.3.min.js
/srv/pma/js/jquery/jquery-ui-1.9.2.custom.min.js
/srv/pma/js/jquery/jquery-ui-1.9.2.custom.min.js
/srv/pma/js/jquery/jquery-ui-1.9.2.custom.min.js
/srv/pma/js/jquery/jquery-ui-timepicker-addon.js
/srv/pma/js/jquery/jquery-ui-timepicker-addon.js
/srv/pma/js/jquery/jquery.ba-hashchange-1.3.js
/srv/pma/js/jquery/jquery.ba-hashchange-1.3.js
/srv/pma/js/jquery/jquery.cookie.js
/srv/pma/js/jquery/jquery.cookie.js
/srv/pma/js/jquery/jquery.debounce-1.0.5.js
/srv/pma/js/jquery/jquery.debounce-1.0.5.js
/srv/pma/js/jquery/jquery.event.drag-2.2.js
/srv/pma/js/jquery/jquery.event.drag-2.2.js
/srv/pma/js/jquery/jquery.fullscreen.js
/srv/pma/js/jquery/jquery.fullscreen.js
/srv/pma/js/jquery/jquery.mousewheel.js
/srv/pma/js/jquery/jquery.mousewheel.js
/srv/pma/js/jquery/jquery.sortableTable.js
/srv/pma/js/jquery/jquery.sortableTable.js
/srv/pma/js/jquery/jquery.svg.js
/srv/pma/js/jquery/jquery.svg.js
/srv/pma/js/jquery/jquery.tablesorter.js
/srv/pma/js/jquery/jquery.tablesorter.js
/srv/pma/js/jquery/jquery.uitablefilter.js
/srv/pma/js/jquery/jquery.uitablefilter.js
/srv/pma/js/jquery/src/README
/srv/pma/js/jquery/src/README
/srv/pma/js/jquery/src/jquery/ajax/jsonp.js
/srv/pma/js/jquery/src/jquery/ajax/jsonp.js
/srv/pma/js/jquery/src/jquery/ajax/script.js
/srv/pma/js/jquery/src/jquery/ajax/script.js
/srv/pma/js/jquery/src/jquery/ajax/xhr.js
/srv/pma/js/jquery/src/jquery/ajax/xhr.js
/srv/pma/js/jquery/src/jquery/ajax.js
/srv/pma/js/jquery/src/jquery/ajax.js
/srv/pma/js/jquery/src/jquery/attributes.js
/srv/pma/js/jquery/src/jquery/attributes.js
/srv/pma/js/jquery/src/jquery/callbacks.js
/srv/pma/js/jquery/src/jquery/callbacks.js
/srv/pma/js/jquery/src/jquery/core.js
/srv/pma/js/jquery/src/jquery/core.js
/srv/pma/js/jquery/src/jquery/css.js
/srv/pma/js/jquery/src/jquery/css.js
/srv/pma/js/jquery/src/jquery/data.js
/srv/pma/js/jquery/src/jquery/data.js
/srv/pma/js/jquery/src/jquery/deferred.js
/srv/pma/js/jquery/src/jquery/deferred.js
/srv/pma/js/jquery/src/jquery/deprecated.js
/srv/pma/js/jquery/src/jquery/deprecated.js
/srv/pma/js/jquery/src/jquery/dimensions.js
/srv/pma/js/jquery/src/jquery/dimensions.js
/srv/pma/js/jquery/src/jquery/effects.js
/srv/pma/js/jquery/src/jquery/effects.js
/srv/pma/js/jquery/src/jquery/event-alias.js
/srv/pma/js/jquery/src/jquery/event-alias.js
/srv/pma/js/jquery/src/jquery/event.js
/srv/pma/js/jquery/src/jquery/event.js
/srv/pma/js/jquery/src/jquery/intro.js
/srv/pma/js/jquery/src/jquery/intro.js
/srv/pma/js/jquery/src/jquery/manipulation.js
/srv/pma/js/jquery/src/jquery/manipulation.js
/srv/pma/js/jquery/src/jquery/offset.js
/srv/pma/js/jquery/src/jquery/offset.js
/srv/pma/js/jquery/src/jquery/outro.js
/srv/pma/js/jquery/src/jquery/outro.js
/srv/pma/js/jquery/src/jquery/queue.js
/srv/pma/js/jquery/src/jquery/queue.js
/srv/pma/js/jquery/src/jquery/selector-native.js
/srv/pma/js/jquery/src/jquery/selector-native.js
/srv/pma/js/jquery/src/jquery/serialize.js
/srv/pma/js/jquery/src/jquery/serialize.js
/srv/pma/js/jquery/src/jquery/sizzle-jquery.js
/srv/pma/js/jquery/src/jquery/sizzle-jquery.js
/srv/pma/js/jquery/src/jquery/support.js
/srv/pma/js/jquery/src/jquery/support.js
/srv/pma/js/jquery/src/jquery/traversing.js
/srv/pma/js/jquery/src/jquery/traversing.js
/srv/pma/js/jquery/src/jquery/wrap.js
/srv/pma/js/jquery/src/jquery/wrap.js
/srv/pma/js/jquery/src/jquery-ui/jquery.ui.accordion.js
/srv/pma/js/jquery/src/jquery-ui/jquery.ui.accordion.js
/srv/pma/js/jquery/src/jquery-ui/jquery.ui.autocomplete.js
/srv/pma/js/jquery/src/jquery-ui/jquery.ui.autocomplete.js
/srv/pma/js/jquery/src/jquery-ui/jquery.ui.button.js
/srv/pma/js/jquery/src/jquery-ui/jquery.ui.button.js
/srv/pma/js/jquery/src/jquery-ui/jquery.ui.core.js
/srv/pma/js/jquery/src/jquery-ui/jquery.ui.core.js
/srv/pma/js/jquery/src/jquery-ui/jquery.ui.datepicker.js
/srv/pma/js/jquery/src/jquery-ui/jquery.ui.datepicker.js
/srv/pma/js/jquery/src/jquery-ui/jquery.ui.dialog.js
/srv/pma/js/jquery/src/jquery-ui/jquery.ui.dialog.js
/srv/pma/js/jquery/src/jquery-ui/jquery.ui.draggable.js
/srv/pma/js/jquery/src/jquery-ui/jquery.ui.draggable.js
/srv/pma/js/jquery/src/jquery-ui/jquery.ui.droppable.js
/srv/pma/js/jquery/src/jquery-ui/jquery.ui.droppable.js
/srv/pma/js/jquery/src/jquery-ui/jquery.ui.effect-blind.js
/srv/pma/js/jquery/src/jquery-ui/jquery.ui.effect-blind.js
/srv/pma/js/jquery/src/jquery-ui/jquery.ui.effect-bounce.js
/srv/pma/js/jquery/src/jquery-ui/jquery.ui.effect-bounce.js
/srv/pma/js/jquery/src/jquery-ui/jquery.ui.effect-clip.js
/srv/pma/js/jquery/src/jquery-ui/jquery.ui.effect-clip.js
/srv/pma/js/jquery/src/jquery-ui/jquery.ui.effect-drop.js
/srv/pma/js/jquery/src/jquery-ui/jquery.ui.effect-drop.js
/srv/pma/js/jquery/src/jquery-ui/jquery.ui.effect-explode.js
/srv/pma/js/jquery/src/jquery-ui/jquery.ui.effect-explode.js
/srv/pma/js/jquery/src/jquery-ui/jquery.ui.effect-fade.js
/srv/pma/js/jquery/src/jquery-ui/jquery.ui.effect-fade.js
/srv/pma/js/jquery/src/jquery-ui/jquery.ui.effect-fold.js
/srv/pma/js/jquery/src/jquery-ui/jquery.ui.effect-fold.js
/srv/pma/js/jquery/src/jquery-ui/jquery.ui.effect-highlight.js
/srv/pma/js/jquery/src/jquery-ui/jquery.ui.effect-highlight.js
/srv/pma/js/jquery/src/jquery-ui/jquery.ui.effect-pulsate.js
/srv/pma/js/jquery/src/jquery-ui/jquery.ui.effect-pulsate.js
/srv/pma/js/jquery/src/jquery-ui/jquery.ui.effect-scale.js
/srv/pma/js/jquery/src/jquery-ui/jquery.ui.effect-scale.js
/srv/pma/js/jquery/src/jquery-ui/jquery.ui.effect-shake.js
/srv/pma/js/jquery/src/jquery-ui/jquery.ui.effect-shake.js
/srv/pma/js/jquery/src/jquery-ui/jquery.ui.effect-slide.js
/srv/pma/js/jquery/src/jquery-ui/jquery.ui.effect-slide.js
/srv/pma/js/jquery/src/jquery-ui/jquery.ui.effect-transfer.js
/srv/pma/js/jquery/src/jquery-ui/jquery.ui.effect-transfer.js
/srv/pma/js/jquery/src/jquery-ui/jquery.ui.effect.js
/srv/pma/js/jquery/src/jquery-ui/jquery.ui.effect.js
/srv/pma/js/jquery/src/jquery-ui/jquery.ui.menu.js
/srv/pma/js/jquery/src/jquery-ui/jquery.ui.menu.js
/srv/pma/js/jquery/src/jquery-ui/jquery.ui.mouse.js
/srv/pma/js/jquery/src/jquery-ui/jquery.ui.mouse.js
/srv/pma/js/jquery/src/jquery-ui/jquery.ui.position.js
/srv/pma/js/jquery/src/jquery-ui/jquery.ui.position.js
/srv/pma/js/jquery/src/jquery-ui/jquery.ui.progressbar.js
/srv/pma/js/jquery/src/jquery-ui/jquery.ui.progressbar.js
/srv/pma/js/jquery/src/jquery-ui/jquery.ui.resizable.js
/srv/pma/js/jquery/src/jquery-ui/jquery.ui.resizable.js
/srv/pma/js/jquery/src/jquery-ui/jquery.ui.selectable.js
/srv/pma/js/jquery/src/jquery-ui/jquery.ui.selectable.js
/srv/pma/js/jquery/src/jquery-ui/jquery.ui.slider.js
/srv/pma/js/jquery/src/jquery-ui/jquery.ui.slider.js
/srv/pma/js/jquery/src/jquery-ui/jquery.ui.sortable.js
/srv/pma/js/jquery/src/jquery-ui/jquery.ui.sortable.js
/srv/pma/js/jquery/src/jquery-ui/jquery.ui.spinner.js
/srv/pma/js/jquery/src/jquery-ui/jquery.ui.spinner.js
/srv/pma/js/jquery/src/jquery-ui/jquery.ui.tabs.js
/srv/pma/js/jquery/src/jquery-ui/jquery.ui.tabs.js
/srv/pma/js/jquery/src/jquery-ui/jquery.ui.tooltip.js
/srv/pma/js/jquery/src/jquery-ui/jquery.ui.tooltip.js
/srv/pma/js/jquery/src/jquery-ui/jquery.ui.widget.js
/srv/pma/js/jquery/src/jquery-ui/jquery.ui.widget.js
/srv/pma/js/keyhandler.js
/srv/pma/js/keyhandler.js
/srv/pma/js/line_counts.php
/srv/pma/js/line_counts.php
/srv/pma/js/makegrid.js
/srv/pma/js/makegrid.js
/srv/pma/js/menu-resizer.js
/srv/pma/js/menu-resizer.js
/srv/pma/js/messages.php
/srv/pma/js/messages.php
/srv/pma/js/multi_column_sort.js
/srv/pma/js/multi_column_sort.js
/srv/pma/js/navigation.js
/srv/pma/js/navigation.js
/srv/pma/js/normalization.js
/srv/pma/js/normalization.js
/srv/pma/js/pmd/designer_db.js
/srv/pma/js/pmd/designer_db.js
/srv/pma/js/pmd/designer_objects.js
/srv/pma/js/pmd/designer_objects.js
/srv/pma/js/pmd/designer_page.js
/srv/pma/js/pmd/designer_page.js
/srv/pma/js/pmd/history.js
/srv/pma/js/pmd/history.js
/srv/pma/js/pmd/iecanvas.js
/srv/pma/js/pmd/iecanvas.js
/srv/pma/js/pmd/init.js
/srv/pma/js/pmd/init.js
/srv/pma/js/pmd/move.js
/srv/pma/js/pmd/move.js
/srv/pma/js/replication.js
/srv/pma/js/replication.js
/srv/pma/js/rte.js
/srv/pma/js/rte.js
/srv/pma/js/server_databases.js
/srv/pma/js/server_databases.js
/srv/pma/js/server_plugins.js
/srv/pma/js/server_plugins.js
/srv/pma/js/server_privileges.js
/srv/pma/js/server_privileges.js
/srv/pma/js/server_status_advisor.js
/srv/pma/js/server_status_advisor.js
/srv/pma/js/server_status_monitor.js
/srv/pma/js/server_status_monitor.js
/srv/pma/js/server_status_processes.js
/srv/pma/js/server_status_processes.js
/srv/pma/js/server_status_queries.js
/srv/pma/js/server_status_queries.js
/srv/pma/js/server_status_sorter.js
/srv/pma/js/server_status_sorter.js
/srv/pma/js/server_status_variables.js
/srv/pma/js/server_status_variables.js
/srv/pma/js/server_user_groups.js
/srv/pma/js/server_user_groups.js
/srv/pma/js/server_variables.js
/srv/pma/js/server_variables.js
/srv/pma/js/sprintf.js
/srv/pma/js/sprintf.js
/srv/pma/js/sql.js
/srv/pma/js/sql.js
/srv/pma/js/tbl_change.js
/srv/pma/js/tbl_change.js
/srv/pma/js/tbl_chart.js
/srv/pma/js/tbl_chart.js
/srv/pma/js/tbl_find_replace.js
/srv/pma/js/tbl_find_replace.js
/srv/pma/js/tbl_gis_visualization.js
/srv/pma/js/tbl_gis_visualization.js
/srv/pma/js/tbl_relation.js
/srv/pma/js/tbl_relation.js
/srv/pma/js/tbl_select.js
/srv/pma/js/tbl_select.js
/srv/pma/js/tbl_structure.js
/srv/pma/js/tbl_structure.js
/srv/pma/js/tbl_zoom_plot_jqplot.js
/srv/pma/js/tbl_zoom_plot_jqplot.js
/srv/pma/js/whitelist.php
/srv/pma/js/whitelist.php
/srv/pma/js/tracekit/tracekit.js
/srv/pma/js/tracekit/tracekit.js
/srv/pma/js/transformations/image_upload.js
/srv/pma/js/transformations/image_upload.js
/srv/pma/libraries/Advisor.class.php
/srv/pma/libraries/Advisor.class.php
/srv/pma/libraries/Config.class.php
/srv/pma/libraries/Config.class.php
/srv/pma/libraries/Console.class.php
/srv/pma/libraries/Console.class.php
/srv/pma/libraries/DBQbe.class.php
/srv/pma/libraries/DBQbe.class.php
/srv/pma/libraries/DatabaseInterface.class.php
/srv/pma/libraries/DatabaseInterface.class.php
/srv/pma/libraries/DbSearch.class.php
/srv/pma/libraries/DbSearch.class.php
/srv/pma/libraries/DisplayResults.class.php
/srv/pma/libraries/DisplayResults.class.php
/srv/pma/libraries/DisplayResults.class.php
/srv/pma/libraries/Error.class.php
/srv/pma/libraries/Error.class.php
/srv/pma/libraries/Error_Handler.class.php
/srv/pma/libraries/Error_Handler.class.php
/srv/pma/libraries/File.class.php
/srv/pma/libraries/File.class.php
/srv/pma/libraries/Font.class.php
/srv/pma/libraries/Font.class.php
/srv/pma/libraries/Footer.class.php
/srv/pma/libraries/Footer.class.php
/srv/pma/libraries/Header.class.php
/srv/pma/libraries/Header.class.php
/srv/pma/libraries/Index.class.php
/srv/pma/libraries/Index.class.php
/srv/pma/libraries/List.class.php
/srv/pma/libraries/List.class.php
/srv/pma/libraries/List_Database.class.php
/srv/pma/libraries/List_Database.class.php
/srv/pma/libraries/Menu.class.php
/srv/pma/libraries/Menu.class.php
/srv/pma/libraries/Message.class.php
/srv/pma/libraries/Message.class.php
/srv/pma/libraries/OutputBuffering.class.php
/srv/pma/libraries/OutputBuffering.class.php
/srv/pma/libraries/PDF.class.php
/srv/pma/libraries/PDF.class.php
/srv/pma/libraries/PMA.php
/srv/pma/libraries/PMA.php
/srv/pma/libraries/Partition.class.php
/srv/pma/libraries/Partition.class.php
/srv/pma/libraries/RecentFavoriteTable.class.php
/srv/pma/libraries/RecentFavoriteTable.class.php
/srv/pma/libraries/Response.class.php
/srv/pma/libraries/Response.class.php
/srv/pma/libraries/SavedSearches.class.php
/srv/pma/libraries/SavedSearches.class.php
/srv/pma/libraries/Scripts.class.php
/srv/pma/libraries/Scripts.class.php
/srv/pma/libraries/ServerStatusData.class.php
/srv/pma/libraries/ServerStatusData.class.php
/srv/pma/libraries/StorageEngine.class.php
/srv/pma/libraries/StorageEngine.class.php
/srv/pma/libraries/String.class.php
/srv/pma/libraries/String.class.php
/srv/pma/libraries/StringAbstractType.class.php
/srv/pma/libraries/StringAbstractType.class.php
/srv/pma/libraries/StringByte.int.php
/srv/pma/libraries/StringByte.int.php
/srv/pma/libraries/StringCType.class.php
/srv/pma/libraries/StringCType.class.php
/srv/pma/libraries/StringNativeType.class.php
/srv/pma/libraries/StringNativeType.class.php
/srv/pma/libraries/StringType.int.php
/srv/pma/libraries/StringType.int.php
/srv/pma/libraries/Table.class.php
/srv/pma/libraries/Table.class.php
/srv/pma/libraries/TableSearch.class.php
/srv/pma/libraries/TableSearch.class.php
/srv/pma/libraries/Theme.class.php
/srv/pma/libraries/Theme.class.php
/srv/pma/libraries/Theme_Manager.class.php
/srv/pma/libraries/Theme_Manager.class.php
/srv/pma/libraries/Tracker.class.php
/srv/pma/libraries/Tracker.class.php
/srv/pma/libraries/Types.class.php
/srv/pma/libraries/Types.class.php
/srv/pma/libraries/Util.class.php
/srv/pma/libraries/Util.class.php
/srv/pma/libraries/Util.class.php
/srv/pma/libraries/advisory_rules.txt
/srv/pma/libraries/advisory_rules.txt
/srv/pma/libraries/bfShapeFiles/ShapeFile.lib.php
/srv/pma/libraries/bfShapeFiles/ShapeFile.lib.php
/srv/pma/libraries/bookmark.lib.php
/srv/pma/libraries/bookmark.lib.php
/srv/pma/libraries/browse_foreigners.lib.php
/srv/pma/libraries/browse_foreigners.lib.php
/srv/pma/libraries/build_html_for_db.lib.php
/srv/pma/libraries/build_html_for_db.lib.php
/srv/pma/libraries/central_columns.lib.php
/srv/pma/libraries/central_columns.lib.php
/srv/pma/libraries/charset_conversion.lib.php
/srv/pma/libraries/charset_conversion.lib.php
/srv/pma/libraries/check_user_privileges.lib.php
/srv/pma/libraries/check_user_privileges.lib.php
/srv/pma/libraries/cleanup.lib.php
/srv/pma/libraries/cleanup.lib.php
/srv/pma/libraries/common.inc.php
/srv/pma/libraries/common.inc.php
/srv/pma/libraries/config/ConfigFile.class.php
/srv/pma/libraries/config/ConfigFile.class.php
/srv/pma/libraries/config/Form.class.php
/srv/pma/libraries/config/Form.class.php
/srv/pma/libraries/config/FormDisplay.class.php
/srv/pma/libraries/config/FormDisplay.class.php
/srv/pma/libraries/config/FormDisplay.tpl.php
/srv/pma/libraries/config/FormDisplay.tpl.php
/srv/pma/libraries/config/ServerConfigChecks.class.php
/srv/pma/libraries/config/ServerConfigChecks.class.php
/srv/pma/libraries/config/Validator.class.php
/srv/pma/libraries/config/Validator.class.php
/srv/pma/libraries/config/config_functions.lib.php
/srv/pma/libraries/config/config_functions.lib.php
/srv/pma/libraries/config/messages.inc.php
/srv/pma/libraries/config/messages.inc.php
/srv/pma/libraries/config/setup.forms.php
/srv/pma/libraries/config/setup.forms.php
/srv/pma/libraries/config/user_preferences.forms.php
/srv/pma/libraries/config/user_preferences.forms.php
/srv/pma/libraries/config.default.php
/srv/pma/libraries/config.default.php
/srv/pma/libraries/config.values.php
/srv/pma/libraries/config.values.php
/srv/pma/libraries/core.lib.php
/srv/pma/libraries/core.lib.php
/srv/pma/libraries/create_addfield.lib.php
/srv/pma/libraries/create_addfield.lib.php
/srv/pma/libraries/data_dictionary_relations.lib.php
/srv/pma/libraries/data_dictionary_relations.lib.php
/srv/pma/libraries/database_interface.inc.php
/srv/pma/libraries/database_interface.inc.php
/srv/pma/libraries/db_common.inc.php
/srv/pma/libraries/db_common.inc.php
/srv/pma/libraries/db_designer.lib.php
/srv/pma/libraries/db_designer.lib.php
/srv/pma/libraries/db_info.inc.php
/srv/pma/libraries/db_info.inc.php
/srv/pma/libraries/db_printview.lib.php
/srv/pma/libraries/db_printview.lib.php
/srv/pma/libraries/db_table_exists.lib.php
/srv/pma/libraries/db_table_exists.lib.php
/srv/pma/libraries/dbi/DBIDrizzle.class.php
/srv/pma/libraries/dbi/DBIDrizzle.class.php
/srv/pma/libraries/dbi/DBIDummy.class.php
/srv/pma/libraries/dbi/DBIDummy.class.php
/srv/pma/libraries/dbi/DBIExtension.int.php
/srv/pma/libraries/dbi/DBIExtension.int.php
/srv/pma/libraries/dbi/DBIMysql.class.php
/srv/pma/libraries/dbi/DBIMysql.class.php
/srv/pma/libraries/dbi/DBIMysqli.class.php
/srv/pma/libraries/dbi/DBIMysqli.class.php
/srv/pma/libraries/dbi/drizzle-wrappers.lib.php
/srv/pma/libraries/dbi/drizzle-wrappers.lib.php
/srv/pma/libraries/display_change_password.lib.php
/srv/pma/libraries/display_change_password.lib.php
/srv/pma/libraries/display_create_database.lib.php
/srv/pma/libraries/display_create_database.lib.php
/srv/pma/libraries/display_create_table.lib.php
/srv/pma/libraries/display_create_table.lib.php
/srv/pma/libraries/display_export.inc.php
/srv/pma/libraries/display_export.inc.php
/srv/pma/libraries/display_export.lib.php
/srv/pma/libraries/display_export.lib.php
/srv/pma/libraries/display_git_revision.lib.php
/srv/pma/libraries/display_git_revision.lib.php
/srv/pma/libraries/display_import.inc.php
/srv/pma/libraries/display_import.inc.php
/srv/pma/libraries/display_import.lib.php
/srv/pma/libraries/display_import.lib.php
/srv/pma/libraries/display_import_ajax.lib.php
/srv/pma/libraries/display_import_ajax.lib.php
/srv/pma/libraries/display_select_lang.lib.php
/srv/pma/libraries/display_select_lang.lib.php
/srv/pma/libraries/display_structure.inc.php
/srv/pma/libraries/display_structure.inc.php
/srv/pma/libraries/engines/bdb.lib.php
/srv/pma/libraries/engines/bdb.lib.php
/srv/pma/libraries/engines/berkeleydb.lib.php
/srv/pma/libraries/engines/berkeleydb.lib.php
/srv/pma/libraries/engines/binlog.lib.php
/srv/pma/libraries/engines/binlog.lib.php
/srv/pma/libraries/engines/innobase.lib.php
/srv/pma/libraries/engines/innobase.lib.php
/srv/pma/libraries/engines/innodb.lib.php
/srv/pma/libraries/engines/innodb.lib.php
/srv/pma/libraries/engines/memory.lib.php
/srv/pma/libraries/engines/memory.lib.php
/srv/pma/libraries/engines/merge.lib.php
/srv/pma/libraries/engines/merge.lib.php
/srv/pma/libraries/engines/mrg_myisam.lib.php
/srv/pma/libraries/engines/mrg_myisam.lib.php
/srv/pma/libraries/engines/myisam.lib.php
/srv/pma/libraries/engines/myisam.lib.php
/srv/pma/libraries/engines/ndbcluster.lib.php
/srv/pma/libraries/engines/ndbcluster.lib.php
/srv/pma/libraries/engines/pbxt.lib.php
/srv/pma/libraries/engines/pbxt.lib.php
/srv/pma/libraries/engines/performance_schema.lib.php
/srv/pma/libraries/engines/performance_schema.lib.php
/srv/pma/libraries/error.inc.php
/srv/pma/libraries/error.inc.php
/srv/pma/libraries/error_report.lib.php
/srv/pma/libraries/error_report.lib.php
/srv/pma/libraries/export.lib.php
/srv/pma/libraries/export.lib.php
/srv/pma/libraries/file_listing.lib.php
/srv/pma/libraries/file_listing.lib.php
/srv/pma/libraries/gis/GIS_Factory.class.php
/srv/pma/libraries/gis/GIS_Factory.class.php
/srv/pma/libraries/gis/GIS_Geometry.class.php
/srv/pma/libraries/gis/GIS_Geometry.class.php
/srv/pma/libraries/gis/GIS_Geometrycollection.class.php
/srv/pma/libraries/gis/GIS_Geometrycollection.class.php
/srv/pma/libraries/gis/GIS_Linestring.class.php
/srv/pma/libraries/gis/GIS_Linestring.class.php
/srv/pma/libraries/gis/GIS_Multilinestring.class.php
/srv/pma/libraries/gis/GIS_Multilinestring.class.php
/srv/pma/libraries/gis/GIS_Multipoint.class.php
/srv/pma/libraries/gis/GIS_Multipoint.class.php
/srv/pma/libraries/gis/GIS_Multipolygon.class.php
/srv/pma/libraries/gis/GIS_Multipolygon.class.php
/srv/pma/libraries/gis/GIS_Point.class.php
/srv/pma/libraries/gis/GIS_Point.class.php
/srv/pma/libraries/gis/GIS_Polygon.class.php
/srv/pma/libraries/gis/GIS_Polygon.class.php
/srv/pma/libraries/gis/GIS_Visualization.class.php
/srv/pma/libraries/gis/GIS_Visualization.class.php
/srv/pma/libraries/iconv_wrapper.lib.php
/srv/pma/libraries/iconv_wrapper.lib.php
/srv/pma/libraries/import.lib.php
/srv/pma/libraries/import.lib.php
/srv/pma/libraries/index.lib.php
/srv/pma/libraries/index.lib.php
/srv/pma/libraries/information_schema_relations.lib.php
/srv/pma/libraries/information_schema_relations.lib.php
/srv/pma/libraries/insert_edit.lib.php
/srv/pma/libraries/insert_edit.lib.php
/srv/pma/libraries/ip_allow_deny.lib.php
/srv/pma/libraries/ip_allow_deny.lib.php
/srv/pma/libraries/js_escape.lib.php
/srv/pma/libraries/js_escape.lib.php
/srv/pma/libraries/kanji-encoding.lib.php
/srv/pma/libraries/kanji-encoding.lib.php
/srv/pma/libraries/language_stats.inc.php
/srv/pma/libraries/language_stats.inc.php
/srv/pma/libraries/logging.lib.php
/srv/pma/libraries/logging.lib.php
/srv/pma/libraries/mime.lib.php
/srv/pma/libraries/mime.lib.php
/srv/pma/libraries/mult_submits.inc.php
/srv/pma/libraries/mult_submits.inc.php
/srv/pma/libraries/mult_submits.lib.php
/srv/pma/libraries/mult_submits.lib.php
/srv/pma/libraries/mysql_charsets.inc.php
/srv/pma/libraries/mysql_charsets.inc.php
/srv/pma/libraries/mysql_charsets.lib.php
/srv/pma/libraries/mysql_charsets.lib.php
/srv/pma/libraries/navigation/Navigation.class.php
/srv/pma/libraries/navigation/Navigation.class.php
/srv/pma/libraries/navigation/NavigationHeader.class.php
/srv/pma/libraries/navigation/NavigationHeader.class.php
/srv/pma/libraries/navigation/NavigationTree.class.php
/srv/pma/libraries/navigation/NavigationTree.class.php
/srv/pma/libraries/navigation/NodeFactory.class.php
/srv/pma/libraries/navigation/NodeFactory.class.php
/srv/pma/libraries/navigation/Nodes/Node.class.php
/srv/pma/libraries/navigation/Nodes/Node.class.php
/srv/pma/libraries/navigation/Nodes/Node_Column.class.php
/srv/pma/libraries/navigation/Nodes/Node_Column.class.php
/srv/pma/libraries/navigation/Nodes/Node_Column_Container.class.php
/srv/pma/libraries/navigation/Nodes/Node_Column_Container.class.php
/srv/pma/libraries/navigation/Nodes/Node_Database.class.php
/srv/pma/libraries/navigation/Nodes/Node_Database.class.php
/srv/pma/libraries/navigation/Nodes/Node_DatabaseChild.class.php
/srv/pma/libraries/navigation/Nodes/Node_DatabaseChild.class.php
/srv/pma/libraries/navigation/Nodes/Node_Database_Container.class.php
/srv/pma/libraries/navigation/Nodes/Node_Database_Container.class.php
/srv/pma/libraries/navigation/Nodes/Node_Event.class.php
/srv/pma/libraries/navigation/Nodes/Node_Event.class.php
/srv/pma/libraries/navigation/Nodes/Node_Event_Container.class.php
/srv/pma/libraries/navigation/Nodes/Node_Event_Container.class.php
/srv/pma/libraries/navigation/Nodes/Node_Function.class.php
/srv/pma/libraries/navigation/Nodes/Node_Function.class.php
/srv/pma/libraries/navigation/Nodes/Node_Function_Container.class.php
/srv/pma/libraries/navigation/Nodes/Node_Function_Container.class.php
/srv/pma/libraries/navigation/Nodes/Node_Index.class.php
/srv/pma/libraries/navigation/Nodes/Node_Index.class.php
/srv/pma/libraries/navigation/Nodes/Node_Index_Container.class.php
/srv/pma/libraries/navigation/Nodes/Node_Index_Container.class.php
/srv/pma/libraries/navigation/Nodes/Node_Procedure.class.php
/srv/pma/libraries/navigation/Nodes/Node_Procedure.class.php
/srv/pma/libraries/navigation/Nodes/Node_Procedure_Container.class.php
/srv/pma/libraries/navigation/Nodes/Node_Procedure_Container.class.php
/srv/pma/libraries/navigation/Nodes/Node_Table.class.php
/srv/pma/libraries/navigation/Nodes/Node_Table.class.php
/srv/pma/libraries/navigation/Nodes/Node_Table_Container.class.php
/srv/pma/libraries/navigation/Nodes/Node_Table_Container.class.php
/srv/pma/libraries/navigation/Nodes/Node_Trigger.class.php
/srv/pma/libraries/navigation/Nodes/Node_Trigger.class.php
/srv/pma/libraries/navigation/Nodes/Node_Trigger_Container.class.php
/srv/pma/libraries/navigation/Nodes/Node_Trigger_Container.class.php
/srv/pma/libraries/navigation/Nodes/Node_View.class.php
/srv/pma/libraries/navigation/Nodes/Node_View.class.php
/srv/pma/libraries/navigation/Nodes/Node_View_Container.class.php
/srv/pma/libraries/navigation/Nodes/Node_View_Container.class.php
/srv/pma/libraries/normalization.lib.php
/srv/pma/libraries/normalization.lib.php
/srv/pma/libraries/opendocument.lib.php
/srv/pma/libraries/opendocument.lib.php
/srv/pma/libraries/operations.lib.php
/srv/pma/libraries/operations.lib.php
/srv/pma/libraries/parse_analyze.inc.php
/srv/pma/libraries/parse_analyze.inc.php
/srv/pma/libraries/php-gettext/gettext.inc
/srv/pma/libraries/php-gettext/gettext.inc
/srv/pma/libraries/php-gettext/gettext.php
/srv/pma/libraries/php-gettext/gettext.php
/srv/pma/libraries/php-gettext/streams.php
/srv/pma/libraries/php-gettext/streams.php
/srv/pma/libraries/phpseclib/Crypt/AES.php
/srv/pma/libraries/phpseclib/Crypt/AES.php
/srv/pma/libraries/phpseclib/Crypt/Base.php
/srv/pma/libraries/phpseclib/Crypt/Base.php
/srv/pma/libraries/phpseclib/Crypt/Random.php
/srv/pma/libraries/phpseclib/Crypt/Random.php
/srv/pma/libraries/phpseclib/Crypt/Rijndael.php
/srv/pma/libraries/phpseclib/Crypt/Rijndael.php
/srv/pma/libraries/plugin_interface.lib.php
/srv/pma/libraries/plugin_interface.lib.php
/srv/pma/libraries/plugins/AuthenticationPlugin.class.php
/srv/pma/libraries/plugins/AuthenticationPlugin.class.php
/srv/pma/libraries/plugins/ExportPlugin.class.php
/srv/pma/libraries/plugins/ExportPlugin.class.php
/srv/pma/libraries/plugins/IOTransformationsPlugin.class.php
/srv/pma/libraries/plugins/IOTransformationsPlugin.class.php
/srv/pma/libraries/plugins/ImportPlugin.class.php
/srv/pma/libraries/plugins/ImportPlugin.class.php
/srv/pma/libraries/plugins/SchemaPlugin.class.php
/srv/pma/libraries/plugins/SchemaPlugin.class.php
/srv/pma/libraries/plugins/TransformationsInterface.int.php
/srv/pma/libraries/plugins/TransformationsInterface.int.php
/srv/pma/libraries/plugins/TransformationsPlugin.class.php
/srv/pma/libraries/plugins/TransformationsPlugin.class.php
/srv/pma/libraries/plugins/UploadInterface.int.php
/srv/pma/libraries/plugins/UploadInterface.int.php
/srv/pma/libraries/plugins/auth/AuthenticationConfig.class.php
/srv/pma/libraries/plugins/auth/AuthenticationConfig.class.php
/srv/pma/libraries/plugins/auth/AuthenticationCookie.class.php
/srv/pma/libraries/plugins/auth/AuthenticationCookie.class.php
/srv/pma/libraries/plugins/auth/AuthenticationHttp.class.php
/srv/pma/libraries/plugins/auth/AuthenticationHttp.class.php
/srv/pma/libraries/plugins/auth/AuthenticationSignon.class.php
/srv/pma/libraries/plugins/auth/AuthenticationSignon.class.php
/srv/pma/libraries/plugins/auth/recaptchalib.php
/srv/pma/libraries/plugins/auth/recaptchalib.php
/srv/pma/libraries/plugins/auth/swekey/authentication.inc.php
/srv/pma/libraries/plugins/auth/swekey/authentication.inc.php
/srv/pma/libraries/plugins/auth/swekey/musbe-ca.crt
/srv/pma/libraries/plugins/auth/swekey/musbe-ca.crt
/srv/pma/libraries/plugins/auth/swekey/swekey.auth.lib.php
/srv/pma/libraries/plugins/auth/swekey/swekey.auth.lib.php
/srv/pma/libraries/plugins/auth/swekey/swekey.php
/srv/pma/libraries/plugins/auth/swekey/swekey.php
/srv/pma/libraries/plugins/export/ExportCodegen.class.php
/srv/pma/libraries/plugins/export/ExportCodegen.class.php
/srv/pma/libraries/plugins/export/ExportCsv.class.php
/srv/pma/libraries/plugins/export/ExportCsv.class.php
/srv/pma/libraries/plugins/export/ExportExcel.class.php
/srv/pma/libraries/plugins/export/ExportExcel.class.php
/srv/pma/libraries/plugins/export/ExportHtmlword.class.php
/srv/pma/libraries/plugins/export/ExportHtmlword.class.php
/srv/pma/libraries/plugins/export/ExportJson.class.php
/srv/pma/libraries/plugins/export/ExportJson.class.php
/srv/pma/libraries/plugins/export/ExportLatex.class.php
/srv/pma/libraries/plugins/export/ExportLatex.class.php
/srv/pma/libraries/plugins/export/ExportMediawiki.class.php
/srv/pma/libraries/plugins/export/ExportMediawiki.class.php
/srv/pma/libraries/plugins/export/ExportOds.class.php
/srv/pma/libraries/plugins/export/ExportOds.class.php
/srv/pma/libraries/plugins/export/ExportOdt.class.php
/srv/pma/libraries/plugins/export/ExportOdt.class.php
/srv/pma/libraries/plugins/export/ExportPdf.class.php
/srv/pma/libraries/plugins/export/ExportPdf.class.php
/srv/pma/libraries/plugins/export/ExportPhparray.class.php
/srv/pma/libraries/plugins/export/ExportPhparray.class.php
/srv/pma/libraries/plugins/export/ExportSql.class.php
/srv/pma/libraries/plugins/export/ExportSql.class.php
/srv/pma/libraries/plugins/export/ExportTexytext.class.php
/srv/pma/libraries/plugins/export/ExportTexytext.class.php
/srv/pma/libraries/plugins/export/ExportXml.class.php
/srv/pma/libraries/plugins/export/ExportXml.class.php
/srv/pma/libraries/plugins/export/ExportYaml.class.php
/srv/pma/libraries/plugins/export/ExportYaml.class.php
/srv/pma/libraries/plugins/export/PMA_ExportPdf.class.php
/srv/pma/libraries/plugins/export/PMA_ExportPdf.class.php
/srv/pma/libraries/plugins/export/README
/srv/pma/libraries/plugins/export/README
/srv/pma/libraries/plugins/export/TableProperty.class.php
/srv/pma/libraries/plugins/export/TableProperty.class.php
/srv/pma/libraries/plugins/import/AbstractImportCsv.class.php
/srv/pma/libraries/plugins/import/AbstractImportCsv.class.php
/srv/pma/libraries/plugins/import/ImportCsv.class.php
/srv/pma/libraries/plugins/import/ImportCsv.class.php
/srv/pma/libraries/plugins/import/ImportLdi.class.php
/srv/pma/libraries/plugins/import/ImportLdi.class.php
/srv/pma/libraries/plugins/import/ImportMediawiki.class.php
/srv/pma/libraries/plugins/import/ImportMediawiki.class.php
/srv/pma/libraries/plugins/import/ImportOds.class.php
/srv/pma/libraries/plugins/import/ImportOds.class.php
/srv/pma/libraries/plugins/import/ImportShp.class.php
/srv/pma/libraries/plugins/import/ImportShp.class.php
/srv/pma/libraries/plugins/import/ImportSql.class.php
/srv/pma/libraries/plugins/import/ImportSql.class.php
/srv/pma/libraries/plugins/import/ImportXml.class.php
/srv/pma/libraries/plugins/import/ImportXml.class.php
/srv/pma/libraries/plugins/import/README
/srv/pma/libraries/plugins/import/README
/srv/pma/libraries/plugins/import/ShapeFile.class.php
/srv/pma/libraries/plugins/import/ShapeFile.class.php
/srv/pma/libraries/plugins/import/ShapeRecord.class.php
/srv/pma/libraries/plugins/import/ShapeRecord.class.php
/srv/pma/libraries/plugins/import/upload/UploadApc.class.php
/srv/pma/libraries/plugins/import/upload/UploadApc.class.php
/srv/pma/libraries/plugins/import/upload/UploadNoplugin.class.php
/srv/pma/libraries/plugins/import/upload/UploadNoplugin.class.php
/srv/pma/libraries/plugins/import/upload/UploadProgress.class.php
/srv/pma/libraries/plugins/import/upload/UploadProgress.class.php
/srv/pma/libraries/plugins/import/upload/UploadSession.class.php
/srv/pma/libraries/plugins/import/upload/UploadSession.class.php
/srv/pma/libraries/plugins/schema/Export_Relation_Schema.class.php
/srv/pma/libraries/plugins/schema/Export_Relation_Schema.class.php
/srv/pma/libraries/plugins/schema/RelationStats.class.php
/srv/pma/libraries/plugins/schema/RelationStats.class.php
/srv/pma/libraries/plugins/schema/SchemaDia.class.php
/srv/pma/libraries/plugins/schema/SchemaDia.class.php
/srv/pma/libraries/plugins/schema/SchemaEps.class.php
/srv/pma/libraries/plugins/schema/SchemaEps.class.php
/srv/pma/libraries/plugins/schema/SchemaPdf.class.php
/srv/pma/libraries/plugins/schema/SchemaPdf.class.php
/srv/pma/libraries/plugins/schema/SchemaSvg.class.php
/srv/pma/libraries/plugins/schema/SchemaSvg.class.php
/srv/pma/libraries/plugins/schema/TableStats.class.php
/srv/pma/libraries/plugins/schema/TableStats.class.php
/srv/pma/libraries/plugins/schema/dia/Dia_Relation_Schema.class.php
/srv/pma/libraries/plugins/schema/dia/Dia_Relation_Schema.class.php
/srv/pma/libraries/plugins/schema/dia/RelationStatsDia.class.php
/srv/pma/libraries/plugins/schema/dia/RelationStatsDia.class.php
/srv/pma/libraries/plugins/schema/dia/TableStatsDia.class.php
/srv/pma/libraries/plugins/schema/dia/TableStatsDia.class.php
/srv/pma/libraries/plugins/schema/eps/Eps_Relation_Schema.class.php
/srv/pma/libraries/plugins/schema/eps/Eps_Relation_Schema.class.php
/srv/pma/libraries/plugins/schema/eps/RelationStatsEps.class.php
/srv/pma/libraries/plugins/schema/eps/RelationStatsEps.class.php
/srv/pma/libraries/plugins/schema/eps/TableStatsEps.class.php
/srv/pma/libraries/plugins/schema/eps/TableStatsEps.class.php
/srv/pma/libraries/plugins/schema/pdf/Pdf_Relation_Schema.class.php
/srv/pma/libraries/plugins/schema/pdf/Pdf_Relation_Schema.class.php
/srv/pma/libraries/plugins/schema/pdf/RelationStatsPdf.class.php
/srv/pma/libraries/plugins/schema/pdf/RelationStatsPdf.class.php
/srv/pma/libraries/plugins/schema/pdf/TableStatsPdf.class.php
/srv/pma/libraries/plugins/schema/pdf/TableStatsPdf.class.php
/srv/pma/libraries/plugins/schema/svg/RelationStatsSvg.class.php
/srv/pma/libraries/plugins/schema/svg/RelationStatsSvg.class.php
/srv/pma/libraries/plugins/schema/svg/Svg_Relation_Schema.class.php
/srv/pma/libraries/plugins/schema/svg/Svg_Relation_Schema.class.php
/srv/pma/libraries/plugins/schema/svg/TableStatsSvg.class.php
/srv/pma/libraries/plugins/schema/svg/TableStatsSvg.class.php
/srv/pma/libraries/plugins/transformations/README
/srv/pma/libraries/plugins/transformations/README
/srv/pma/libraries/plugins/transformations/TEMPLATE
/srv/pma/libraries/plugins/transformations/TEMPLATE
/srv/pma/libraries/plugins/transformations/TEMPLATE_ABSTRACT
/srv/pma/libraries/plugins/transformations/TEMPLATE_ABSTRACT
/srv/pma/libraries/plugins/transformations/Text_Plain_Link.class.php
/srv/pma/libraries/plugins/transformations/Text_Plain_Link.class.php
/srv/pma/libraries/plugins/transformations/Text_Plain_Longtoipv4.class.php
/srv/pma/libraries/plugins/transformations/Text_Plain_Longtoipv4.class.php
/srv/pma/libraries/plugins/transformations/Text_Plain_Preappend.class.php
/srv/pma/libraries/plugins/transformations/Text_Plain_Preappend.class.php
/srv/pma/libraries/plugins/transformations/Text_Plain_Substring.class.php
/srv/pma/libraries/plugins/transformations/Text_Plain_Substring.class.php
/srv/pma/libraries/plugins/transformations/abstract/Bool2TextTransformationsPlugin.class.php
/srv/pma/libraries/plugins/transformations/abstract/Bool2TextTransformationsPlugin.class.php
/srv/pma/libraries/plugins/transformations/abstract/DateFormatTransformationsPlugin.class.php
/srv/pma/libraries/plugins/transformations/abstract/DateFormatTransformationsPlugin.class.php
/srv/pma/libraries/plugins/transformations/abstract/DownloadTransformationsPlugin.class.php
/srv/pma/libraries/plugins/transformations/abstract/DownloadTransformationsPlugin.class.php
/srv/pma/libraries/plugins/transformations/abstract/ExternalTransformationsPlugin.class.php
/srv/pma/libraries/plugins/transformations/abstract/ExternalTransformationsPlugin.class.php
/srv/pma/libraries/plugins/transformations/abstract/FormattedTransformationsPlugin.class.php
/srv/pma/libraries/plugins/transformations/abstract/FormattedTransformationsPlugin.class.php
/srv/pma/libraries/plugins/transformations/abstract/HexTransformationsPlugin.class.php
/srv/pma/libraries/plugins/transformations/abstract/HexTransformationsPlugin.class.php
/srv/pma/libraries/plugins/transformations/abstract/ImageLinkTransformationsPlugin.class.php
/srv/pma/libraries/plugins/transformations/abstract/ImageLinkTransformationsPlugin.class.php
/srv/pma/libraries/plugins/transformations/abstract/ImageUploadTransformationsPlugin.class.php
/srv/pma/libraries/plugins/transformations/abstract/ImageUploadTransformationsPlugin.class.php
/srv/pma/libraries/plugins/transformations/abstract/InlineTransformationsPlugin.class.php
/srv/pma/libraries/plugins/transformations/abstract/InlineTransformationsPlugin.class.php
/srv/pma/libraries/plugins/transformations/abstract/LongToIPv4TransformationsPlugin.class.php
/srv/pma/libraries/plugins/transformations/abstract/LongToIPv4TransformationsPlugin.class.php
/srv/pma/libraries/plugins/transformations/abstract/PreApPendTransformationsPlugin.class.php
/srv/pma/libraries/plugins/transformations/abstract/PreApPendTransformationsPlugin.class.php
/srv/pma/libraries/plugins/transformations/abstract/RegexValidationTransformationsPlugin.class.php
/srv/pma/libraries/plugins/transformations/abstract/RegexValidationTransformationsPlugin.class.php
/srv/pma/libraries/plugins/transformations/abstract/SQLTransformationsPlugin.class.php
/srv/pma/libraries/plugins/transformations/abstract/SQLTransformationsPlugin.class.php
/srv/pma/libraries/plugins/transformations/abstract/SubstringTransformationsPlugin.class.php
/srv/pma/libraries/plugins/transformations/abstract/SubstringTransformationsPlugin.class.php
/srv/pma/libraries/plugins/transformations/abstract/TextFileUploadTransformationsPlugin.class.php
/srv/pma/libraries/plugins/transformations/abstract/TextFileUploadTransformationsPlugin.class.php
/srv/pma/libraries/plugins/transformations/abstract/TextImageLinkTransformationsPlugin.class.php
/srv/pma/libraries/plugins/transformations/abstract/TextImageLinkTransformationsPlugin.class.php
/srv/pma/libraries/plugins/transformations/abstract/TextLinkTransformationsPlugin.class.php
/srv/pma/libraries/plugins/transformations/abstract/TextLinkTransformationsPlugin.class.php
/srv/pma/libraries/plugins/transformations/generator_main_class.sh
/srv/pma/libraries/plugins/transformations/generator_main_class.sh
/srv/pma/libraries/plugins/transformations/generator_plugin.sh
/srv/pma/libraries/plugins/transformations/generator_plugin.sh
/srv/pma/libraries/pmd_common.php
/srv/pma/libraries/pmd_common.php
/srv/pma/libraries/relation.lib.php
/srv/pma/libraries/relation.lib.php
/srv/pma/libraries/relation_cleanup.lib.php
/srv/pma/libraries/relation_cleanup.lib.php
/srv/pma/libraries/replication.inc.php
/srv/pma/libraries/replication.inc.php
/srv/pma/libraries/replication_gui.lib.php
/srv/pma/libraries/replication_gui.lib.php
/srv/pma/libraries/sanitizing.lib.php
/srv/pma/libraries/sanitizing.lib.php
/srv/pma/libraries/select_lang.lib.php
/srv/pma/libraries/select_lang.lib.php
/srv/pma/libraries/select_server.lib.php
/srv/pma/libraries/select_server.lib.php
/srv/pma/libraries/server_bin_log.lib.php
/srv/pma/libraries/server_bin_log.lib.php
/srv/pma/libraries/server_collations.lib.php
/srv/pma/libraries/server_collations.lib.php
/srv/pma/libraries/server_common.inc.php
/srv/pma/libraries/server_common.inc.php
/srv/pma/libraries/server_common.lib.php
/srv/pma/libraries/server_common.lib.php
/srv/pma/libraries/server_databases.lib.php
/srv/pma/libraries/server_databases.lib.php
/srv/pma/libraries/server_engines.lib.php
/srv/pma/libraries/server_engines.lib.php
/srv/pma/libraries/server_plugins.lib.php
/srv/pma/libraries/server_plugins.lib.php
/srv/pma/libraries/server_privileges.lib.php
/srv/pma/libraries/server_privileges.lib.php
/srv/pma/libraries/server_status.lib.php
/srv/pma/libraries/server_status.lib.php
/srv/pma/libraries/server_status_advisor.lib.php
/srv/pma/libraries/server_status_advisor.lib.php
/srv/pma/libraries/server_status_monitor.lib.php
/srv/pma/libraries/server_status_monitor.lib.php
/srv/pma/libraries/server_status_processes.lib.php
/srv/pma/libraries/server_status_processes.lib.php
/srv/pma/libraries/server_status_queries.lib.php
/srv/pma/libraries/server_status_queries.lib.php
/srv/pma/libraries/server_status_variables.lib.php
/srv/pma/libraries/server_status_variables.lib.php
/srv/pma/libraries/server_user_groups.lib.php
/srv/pma/libraries/server_user_groups.lib.php
/srv/pma/libraries/server_users.lib.php
/srv/pma/libraries/server_users.lib.php
/srv/pma/libraries/server_variables.lib.php
/srv/pma/libraries/server_variables.lib.php
/srv/pma/libraries/session.inc.php
/srv/pma/libraries/session.inc.php
/srv/pma/libraries/special_schema_links.lib.php
/srv/pma/libraries/special_schema_links.lib.php
/srv/pma/libraries/sql.lib.php
/srv/pma/libraries/sql.lib.php
/srv/pma/libraries/sql_query_form.lib.php
/srv/pma/libraries/sql_query_form.lib.php
/srv/pma/libraries/sqlparser.data.php
/srv/pma/libraries/sqlparser.data.php
/srv/pma/libraries/sqlparser.lib.php
/srv/pma/libraries/sqlparser.lib.php
/srv/pma/libraries/string.lib.php
/srv/pma/libraries/string.lib.php
/srv/pma/libraries/stringMb.lib.php
/srv/pma/libraries/stringMb.lib.php
/srv/pma/libraries/stringNative.lib.php
/srv/pma/libraries/stringNative.lib.php
/srv/pma/libraries/structure.lib.php
/srv/pma/libraries/structure.lib.php
/srv/pma/libraries/sysinfo.lib.php
/srv/pma/libraries/sysinfo.lib.php
/srv/pma/libraries/tbl_chart.lib.php
/srv/pma/libraries/tbl_chart.lib.php
/srv/pma/libraries/tbl_columns_definition_form.inc.php
/srv/pma/libraries/tbl_columns_definition_form.inc.php
/srv/pma/libraries/tbl_columns_definition_form.lib.php
/srv/pma/libraries/tbl_columns_definition_form.lib.php
/srv/pma/libraries/tbl_common.inc.php
/srv/pma/libraries/tbl_common.inc.php
/srv/pma/libraries/tbl_gis_visualization.lib.php
/srv/pma/libraries/tbl_gis_visualization.lib.php
/srv/pma/libraries/tbl_indexes.lib.php
/srv/pma/libraries/tbl_indexes.lib.php
/srv/pma/libraries/tbl_info.inc.php
/srv/pma/libraries/tbl_info.inc.php
/srv/pma/libraries/tbl_printview.lib.php
/srv/pma/libraries/tbl_printview.lib.php
/srv/pma/libraries/tbl_relation.lib.php
/srv/pma/libraries/tbl_relation.lib.php
/srv/pma/libraries/tbl_views.lib.php
/srv/pma/libraries/tbl_views.lib.php
/srv/pma/libraries/tracking.lib.php
/srv/pma/libraries/tracking.lib.php
/srv/pma/libraries/transformations.lib.php
/srv/pma/libraries/transformations.lib.php
/srv/pma/libraries/url_generating.lib.php
/srv/pma/libraries/url_generating.lib.php
/srv/pma/libraries/user_preferences.inc.php
/srv/pma/libraries/user_preferences.inc.php
/srv/pma/libraries/user_preferences.lib.php
/srv/pma/libraries/user_preferences.lib.php
/srv/pma/libraries/vendor_config.php
/srv/pma/libraries/vendor_config.php
/srv/pma/libraries/zip.lib.php
/srv/pma/libraries/zip.lib.php
/srv/pma/libraries/zip_extension.lib.php
/srv/pma/libraries/zip_extension.lib.php
/srv/pma/license.php
/srv/pma/license.php
/srv/pma/navigation.php
/srv/pma/navigation.php
/srv/pma/normalization.php
/srv/pma/normalization.php
/srv/pma/phpinfo.php
/srv/pma/phpinfo.php
/srv/pma/phpmyadmin.css.php
/srv/pma/phpmyadmin.css.php
/srv/pma/phpunit.xml.hhvm
/srv/pma/phpunit.xml.hhvm
/srv/pma/phpunit.xml.nocoverage
/srv/pma/phpunit.xml.nocoverage
/srv/pma/prefs_forms.php
/srv/pma/prefs_forms.php
/srv/pma/prefs_manage.php
/srv/pma/prefs_manage.php
/srv/pma/print.css
/srv/pma/print.css
/srv/pma/robots.txt
/srv/pma/robots.txt
/srv/pma/schema_export.php
/srv/pma/schema_export.php
/srv/pma/server_binlog.php
/srv/pma/server_binlog.php
/srv/pma/server_collations.php
/srv/pma/server_collations.php
/srv/pma/server_databases.php
/srv/pma/server_databases.php
/srv/pma/server_engines.php
/srv/pma/server_engines.php
/srv/pma/server_export.php
/srv/pma/server_export.php
/srv/pma/server_import.php
/srv/pma/server_import.php
/srv/pma/server_plugins.php
/srv/pma/server_plugins.php
/srv/pma/server_privileges.php
/srv/pma/server_privileges.php
/srv/pma/server_replication.php
/srv/pma/server_replication.php
/srv/pma/server_sql.php
/srv/pma/server_sql.php
/srv/pma/server_status.php
/srv/pma/server_status.php
/srv/pma/server_status_advisor.php
/srv/pma/server_status_advisor.php
/srv/pma/server_status_monitor.php
/srv/pma/server_status_monitor.php
/srv/pma/server_status_processes.php
/srv/pma/server_status_processes.php
/srv/pma/server_status_queries.php
/srv/pma/server_status_queries.php
/srv/pma/server_status_variables.php
/srv/pma/server_status_variables.php
/srv/pma/server_user_groups.php
/srv/pma/server_user_groups.php
/srv/pma/server_variables.php
/srv/pma/server_variables.php
/srv/pma/show_config_errors.php
/srv/pma/show_config_errors.php
/srv/pma/sql.php
/srv/pma/sql.php
/srv/pma/tbl_addfield.php
/srv/pma/tbl_addfield.php
/srv/pma/tbl_change.php
/srv/pma/tbl_change.php
/srv/pma/tbl_chart.php
/srv/pma/tbl_chart.php
/srv/pma/tbl_create.php
/srv/pma/tbl_create.php
/srv/pma/tbl_export.php
/srv/pma/tbl_export.php
/srv/pma/tbl_find_replace.php
/srv/pma/tbl_find_replace.php
/srv/pma/tbl_get_field.php
/srv/pma/tbl_get_field.php
/srv/pma/tbl_gis_visualization.php
/srv/pma/tbl_gis_visualization.php
/srv/pma/tbl_import.php
/srv/pma/tbl_import.php
/srv/pma/tbl_indexes.php
/srv/pma/tbl_indexes.php
/srv/pma/tbl_operations.php
/srv/pma/tbl_operations.php
/srv/pma/tbl_printview.php
/srv/pma/tbl_printview.php
/srv/pma/tbl_recent_favorite.php
/srv/pma/tbl_recent_favorite.php
/srv/pma/tbl_relation.php
/srv/pma/tbl_relation.php
/srv/pma/tbl_replace.php
/srv/pma/tbl_replace.php
/srv/pma/tbl_row_action.php
/srv/pma/tbl_row_action.php
/srv/pma/tbl_select.php
/srv/pma/tbl_select.php
/srv/pma/tbl_sql.php
/srv/pma/tbl_sql.php
/srv/pma/tbl_structure.php
/srv/pma/tbl_structure.php
/srv/pma/tbl_tracking.php
/srv/pma/tbl_tracking.php
/srv/pma/tbl_triggers.php
/srv/pma/tbl_triggers.php
/srv/pma/tbl_zoom_select.php
/srv/pma/tbl_zoom_select.php
/srv/pma/themes.php
/srv/pma/themes.php
/srv/pma/transformation_overview.php
/srv/pma/transformation_overview.php
/srv/pma/transformation_wrapper.php
/srv/pma/transformation_wrapper.php
/srv/pma/url.php
/srv/pma/url.php
/srv/pma/user_password.php
/srv/pma/user_password.php
/srv/pma/version_check.php
/srv/pma/version_check.php
/srv/pma/view_create.php
/srv/pma/view_create.php
/srv/pma/view_operations.php
/srv/pma/view_operations.php
/srv/pma/webapp.php
/srv/pma/webapp.php
/etc/httpd/sites/20.phpmyadmin.conf
/etc/httpd/sites/20.phpmyadmin.conf
/srv/auth/pma/adduser.sh
/srv/auth/pma/adduser.sh
/srv/auth/pma/users
