/usr/lib/libprocps.so.3.0.0
/usr/lib/libprocps.so.3.0.0
/usr/lib/libprocps.so.3.0.0
/usr/lib/libprocps.so.3
/usr/lib/libprocps.so
/usr/lib/libprocps.la
/usr/lib/libprocps.la
/usr/include/proc/alloc.h
/usr/include/proc/alloc.h
/usr/include/proc/devname.h
/usr/include/proc/devname.h
/usr/include/proc/escape.h
/usr/include/proc/escape.h
/usr/include/proc/procps.h
/usr/include/proc/procps.h
/usr/include/proc/pwcache.h
/usr/include/proc/pwcache.h
/usr/include/proc/readproc.h
/usr/include/proc/readproc.h
/usr/include/proc/sig.h
/usr/include/proc/sig.h
/usr/include/proc/slab.h
/usr/include/proc/slab.h
/usr/include/proc/sysinfo.h
/usr/include/proc/sysinfo.h
/usr/include/proc/version.h
/usr/include/proc/version.h
/usr/include/proc/wchan.h
/usr/include/proc/wchan.h
/usr/include/proc/whattime.h
/usr/include/proc/whattime.h
/usr/lib/pkgconfig/libprocps.pc
/usr/lib/pkgconfig/libprocps.pc
/bin/ps
/bin/ps
/bin/ps
/usr/share/man/man1/ps.1
/usr/share/man/man1/ps.1
/usr/bin/top
/usr/bin/top
/usr/bin/top
/usr/share/doc/procps-ng-3.3.9/README.top
/usr/share/doc/procps-ng-3.3.9/README.top
/usr/share/man/man1/top.1
/usr/share/man/man1/top.1
/sbin/sysctl
/sbin/sysctl
/usr/bin/free
/usr/bin/free
/usr/bin/pgrep
/usr/bin/pgrep
/usr/bin/pkill
/usr/bin/pkill
/usr/bin/pmap
/usr/bin/pmap
/usr/bin/pwdx
/usr/bin/pwdx
/usr/bin/tload
/usr/bin/tload
/usr/bin/uptime
/usr/bin/uptime
/usr/bin/vmstat
/usr/bin/vmstat
/usr/bin/w
/usr/bin/w
/usr/bin/pidof
/usr/bin/pidof
/usr/bin/slabtop
/usr/bin/slabtop
/usr/bin/watch
/usr/bin/watch
/usr/share/doc/procps-ng-3.3.9/BUGS
/usr/share/doc/procps-ng-3.3.9/BUGS
/usr/share/doc/procps-ng-3.3.9/FAQ
/usr/share/doc/procps-ng-3.3.9/FAQ
/usr/share/man/man1/free.1
/usr/share/man/man1/free.1
/usr/share/man/man1/pgrep.1
/usr/share/man/man1/pgrep.1
/usr/share/man/man1/pkill.1
/usr/share/man/man1/pkill.1
/usr/share/man/man1/pmap.1
/usr/share/man/man1/pmap.1
/usr/share/man/man1/pwdx.1
/usr/share/man/man1/pwdx.1
/usr/share/man/man1/tload.1
/usr/share/man/man1/tload.1
/usr/share/man/man1/uptime.1
/usr/share/man/man1/uptime.1
/usr/share/man/man1/w.1
/usr/share/man/man1/w.1
/usr/share/man/man1/pidof.1
/usr/share/man/man1/pidof.1
/usr/share/man/man1/slabtop.1
/usr/share/man/man1/slabtop.1
/usr/share/man/man1/watch.1
/usr/share/man/man1/watch.1
/usr/share/man/man5/sysctl.conf.5
/usr/share/man/man5/sysctl.conf.5
/usr/share/man/man8/sysctl.8
/usr/share/man/man8/sysctl.8
/usr/share/man/man8/vmstat.8
/usr/share/man/man8/vmstat.8
/usr/bin/pidof
/bin/pidof
/usr/lib/libprocps.so.3
/lib/libprocps.so.3
/usr/lib/libprocps.so.3.0.0
/lib/libprocps.so.3.0.0
/usr/lib/libprocps.so
