/srv/mysql/ranzhi/oa_doclib.frm
/srv/mysql/ranzhi/crm_order.frm
/srv/mysql/ranzhi/sys_schema.frm
/srv/mysql/ranzhi/crm_plan.MYI
/srv/mysql/ranzhi/sys_product.MYD
/srv/mysql/ranzhi/sys_task.frm
/srv/mysql/ranzhi/crm_order.MYI
/srv/mysql/ranzhi/sys_article.MYD
/srv/mysql/ranzhi/crm_resume.frm
/srv/mysql/ranzhi/team_reply.MYI
/srv/mysql/ranzhi/sys_schema.MYI
/srv/mysql/ranzhi/sys_tag.MYI
/srv/mysql/ranzhi/team_reply.frm
/srv/mysql/ranzhi/sys_relation.frm
/srv/mysql/ranzhi/cash_trade.frm
/srv/mysql/ranzhi/cash_trade.MYD
/srv/mysql/ranzhi/crm_contract.MYI
/srv/mysql/ranzhi/sys_action.MYD
/srv/mysql/ranzhi/sys_category.MYD
/srv/mysql/ranzhi/crm_contractorder.MYD
/srv/mysql/ranzhi/crm_contractorder.MYI
/srv/mysql/ranzhi/sys_block.frm
/srv/mysql/ranzhi/sys_tag.frm
/srv/mysql/ranzhi/sys_usergroup.MYD
/srv/mysql/ranzhi/sys_cron.MYD
/srv/mysql/ranzhi/team_thread.frm
/srv/mysql/ranzhi/sys_group.MYI
/srv/mysql/ranzhi/cash_trade.MYI
/srv/mysql/ranzhi/sys_block.MYI
/srv/mysql/ranzhi/sys_sso.frm
/srv/mysql/ranzhi/crm_delivery.MYI
/srv/mysql/ranzhi/oa_doc.frm
/srv/mysql/ranzhi/sys_product.frm
/srv/mysql/ranzhi/cash_balance.MYD
/srv/mysql/ranzhi/sys_article.MYI
/srv/mysql/ranzhi/sys_userquery.frm
/srv/mysql/ranzhi/sys_team.MYI
/srv/mysql/ranzhi/sys_user.MYI
/srv/mysql/ranzhi/crm_address.MYI
/srv/mysql/ranzhi/oa_relation.MYI
/srv/mysql/ranzhi/oa_doc.MYD
/srv/mysql/ranzhi/sys_grouppriv.MYI
/srv/mysql/ranzhi/sys_relation.MYD
/srv/mysql/ranzhi/sys_team.MYD
/srv/mysql/ranzhi/cash_depositor.frm
/srv/mysql/ranzhi/sys_package.frm
/srv/mysql/ranzhi/sys_package.MYD
/srv/mysql/ranzhi/sys_message.frm
/srv/mysql/ranzhi/oa_relation.MYD
/srv/mysql/ranzhi/crm_customer.frm
/srv/mysql/ranzhi/crm_resume.MYD
/srv/mysql/ranzhi/sys_config.MYI
/srv/mysql/ranzhi/sys_userquery.MYI
/srv/mysql/ranzhi/crm_order.MYD
/srv/mysql/ranzhi/crm_customer.MYD
/srv/mysql/ranzhi/crm_plan.frm
/srv/mysql/ranzhi/sys_usergroup.frm
/srv/mysql/ranzhi/sys_package.MYI
/srv/mysql/ranzhi/sys_history.frm
/srv/mysql/ranzhi/sys_block.MYD
/srv/mysql/ranzhi/team_reply.MYD
/srv/mysql/ranzhi/sys_lang.MYI
/srv/mysql/ranzhi/sys_usergroup.MYI
/srv/mysql/ranzhi/cash_depositor.MYD
/srv/mysql/ranzhi/sys_file.MYD
/srv/mysql/ranzhi/sys_category.frm
/srv/mysql/ranzhi/sys_history.MYI
/srv/mysql/ranzhi/crm_address.MYD
/srv/mysql/ranzhi/crm_service.MYI
/srv/mysql/ranzhi/crm_contact.MYI
/srv/mysql/ranzhi/crm_salespriv.MYD
/srv/mysql/ranzhi/sys_entry.frm
/srv/mysql/ranzhi/crm_address.frm
/srv/mysql/ranzhi/sys_file.MYI
/srv/mysql/ranzhi/sys_message.MYD
/srv/mysql/ranzhi/sys_task.MYD
/srv/mysql/ranzhi/sys_sso.MYI
/srv/mysql/ranzhi/sys_schema.MYD
/srv/mysql/ranzhi/sys_config.frm
/srv/mysql/ranzhi/crm_resume.MYI
/srv/mysql/ranzhi/sys_entry.MYD
/srv/mysql/ranzhi/crm_service.MYD
/srv/mysql/ranzhi/sys_message.MYI
/srv/mysql/ranzhi/sys_action.frm
/srv/mysql/ranzhi/sys_user.MYD
/srv/mysql/ranzhi/sys_tag.MYD
/srv/mysql/ranzhi/sys_grouppriv.frm
/srv/mysql/ranzhi/sys_file.frm
/srv/mysql/ranzhi/crm_customer.MYI
/srv/mysql/ranzhi/crm_delivery.frm
/srv/mysql/ranzhi/sys_user.frm
/srv/mysql/ranzhi/oa_doc.MYI
/srv/mysql/ranzhi/sys_lang.frm
/srv/mysql/ranzhi/sys_group.MYD
/srv/mysql/ranzhi/cash_balance.MYI
/srv/mysql/ranzhi/sys_task.MYI
/srv/mysql/ranzhi/oa_doclib.MYI
/srv/mysql/ranzhi/sys_product.MYI
/srv/mysql/ranzhi/sys_relation.MYI
/srv/mysql/ranzhi/crm_salesgroup.frm
/srv/mysql/ranzhi/crm_contact.MYD
/srv/mysql/ranzhi/sys_grouppriv.MYD
/srv/mysql/ranzhi/oa_project.MYD
/srv/mysql/ranzhi/sys_config.MYD
/srv/mysql/ranzhi/sys_history.MYD
/srv/mysql/ranzhi/crm_contractorder.frm
/srv/mysql/ranzhi/sys_cron.frm
/srv/mysql/ranzhi/sys_group.frm
/srv/mysql/ranzhi/crm_contract.frm
/srv/mysql/ranzhi/crm_delivery.MYD
/srv/mysql/ranzhi/oa_doclib.MYD
/srv/mysql/ranzhi/cash_balance.frm
/srv/mysql/ranzhi/crm_salespriv.frm
/srv/mysql/ranzhi/cash_depositor.MYI
/srv/mysql/ranzhi/oa_project.MYI
/srv/mysql/ranzhi/sys_article.frm
/srv/mysql/ranzhi/crm_salesgroup.MYI
/srv/mysql/ranzhi/crm_salesgroup.MYD
/srv/mysql/ranzhi/sys_team.frm
/srv/mysql/ranzhi/sys_action.MYI
/srv/mysql/ranzhi/oa_project.frm
/srv/mysql/ranzhi/crm_contract.MYD
/srv/mysql/ranzhi/team_thread.MYI
/srv/mysql/ranzhi/crm_service.frm
/srv/mysql/ranzhi/sys_sso.MYD
/srv/mysql/ranzhi/sys_cron.MYI
/srv/mysql/ranzhi/sys_lang.MYD
/srv/mysql/ranzhi/db.opt
/srv/mysql/ranzhi/sys_userquery.MYD
/srv/mysql/ranzhi/sys_category.MYI
/srv/mysql/ranzhi/crm_contact.frm
/srv/mysql/ranzhi/sys_entry.MYI
/srv/mysql/ranzhi/oa_relation.frm
/srv/mysql/ranzhi/team_thread.MYD
/srv/mysql/ranzhi/crm_salespriv.MYI
/srv/mysql/ranzhi/crm_plan.MYD
