/srv/ranzhi/lib/snoopy/index.php
/srv/ranzhi/lib/snoopy/TODO
/srv/ranzhi/lib/snoopy/INSTALL
/srv/ranzhi/lib/snoopy/COPYING.lib
/srv/ranzhi/lib/snoopy/README
/srv/ranzhi/lib/snoopy/NEWS
/srv/ranzhi/lib/snoopy/FAQ
/srv/ranzhi/lib/snoopy/snoopy.class.php
/srv/ranzhi/lib/snoopy/AUTHORS
/srv/ranzhi/lib/snoopy/ChangeLog
/srv/ranzhi/lib/pclzip/gnu-lgpl.txt
/srv/ranzhi/lib/pclzip/index.php
/srv/ranzhi/lib/pclzip/readme.txt
/srv/ranzhi/lib/pclzip/pclzip.class.php
/srv/ranzhi/lib/index.php
/srv/ranzhi/lib/dao/index.php
/srv/ranzhi/lib/dao/dao.class.php
/srv/ranzhi/lib/crontab/index.php
/srv/ranzhi/lib/crontab/crontab.class.php
/srv/ranzhi/lib/filter/index.php
/srv/ranzhi/lib/filter/filter.class.php
/srv/ranzhi/lib/front/index.php
/srv/ranzhi/lib/front/front.class.php
/srv/ranzhi/lib/http/index.php
/srv/ranzhi/lib/http/http.class.php
/srv/ranzhi/lib/zfile/index.php
/srv/ranzhi/lib/zfile/zfile.class.php
/srv/ranzhi/lib/mobile/index.php
/srv/ranzhi/lib/mobile/mobile.class.php
/srv/ranzhi/lib/phpmailer/index.php
/srv/ranzhi/lib/phpmailer/class.pop3.php
/srv/ranzhi/lib/phpmailer/language/index.php
/srv/ranzhi/lib/phpmailer/language/phpmailer.lang-pl.php
/srv/ranzhi/lib/phpmailer/language/phpmailer.lang-fr.php
/srv/ranzhi/lib/phpmailer/language/phpmailer.lang-no.php
/srv/ranzhi/lib/phpmailer/language/phpmailer.lang-hu.php
/srv/ranzhi/lib/phpmailer/language/phpmailer.lang-zh-tw.php
/srv/ranzhi/lib/phpmailer/language/phpmailer.lang-it.php
/srv/ranzhi/lib/phpmailer/language/phpmailer.lang-fi.php
/srv/ranzhi/lib/phpmailer/language/phpmailer.lang-ru.php
/srv/ranzhi/lib/phpmailer/language/phpmailer.lang-fo.php
/srv/ranzhi/lib/phpmailer/language/phpmailer.lang-tr.php
/srv/ranzhi/lib/phpmailer/language/phpmailer.lang-se.php
/srv/ranzhi/lib/phpmailer/language/phpmailer.lang-dk.php
/srv/ranzhi/lib/phpmailer/language/phpmailer.lang-br.php
/srv/ranzhi/lib/phpmailer/language/phpmailer.lang-nl.php
/srv/ranzhi/lib/phpmailer/language/phpmailer.lang-ca.php
/srv/ranzhi/lib/phpmailer/language/phpmailer.lang-de.php
/srv/ranzhi/lib/phpmailer/language/phpmailer.lang-es.php
/srv/ranzhi/lib/phpmailer/language/phpmailer.lang-ar.php
/srv/ranzhi/lib/phpmailer/language/phpmailer.lang-et.php
/srv/ranzhi/lib/phpmailer/language/phpmailer.lang-cz.php
/srv/ranzhi/lib/phpmailer/language/phpmailer.lang-ro.php
/srv/ranzhi/lib/phpmailer/language/phpmailer.lang-ja.php
/srv/ranzhi/lib/phpmailer/language/phpmailer.lang-ch.php
/srv/ranzhi/lib/phpmailer/language/phpmailer.lang-zh-cn.php
/srv/ranzhi/lib/phpmailer/phpmailer.class.php
/srv/ranzhi/lib/phpmailer/README
/srv/ranzhi/lib/phpmailer/LICENSE
/srv/ranzhi/lib/phpmailer/class.smtp.php
/srv/ranzhi/lib/zdb/index.php
/srv/ranzhi/lib/zdb/zdb.class.php
/srv/ranzhi/lib/phpthumb/PhpThumb.inc.php
/srv/ranzhi/lib/phpthumb/index.php
/srv/ranzhi/lib/phpthumb/thumb_plugins/index.php
/srv/ranzhi/lib/phpthumb/thumb_plugins/gd_reflection.inc.php
/srv/ranzhi/lib/phpthumb/GdThumb.inc.php
/srv/ranzhi/lib/phpthumb/phpthumb.class.php
/srv/ranzhi/lib/phpthumb/ThumbBase.inc.php
/srv/ranzhi/lib/qrcode/qrcode.class.php
/srv/ranzhi/lib/qrcode/index.php
/srv/ranzhi/lib/spyc/index.php
/srv/ranzhi/lib/spyc/spyc.class.php
/srv/ranzhi/lib/spyc/COPYING
/srv/ranzhi/lib/pager/index.php
/srv/ranzhi/lib/pager/pager.class.php
/srv/ranzhi/lib/date/index.php
/srv/ranzhi/lib/date/date.class.php
/srv/ranzhi/tmp/backup/index.php
/srv/ranzhi/tmp/index.php
/srv/ranzhi/tmp/cache/index.php
/srv/ranzhi/tmp/model/index.php
/srv/ranzhi/tmp/log/index.php
/srv/ranzhi/tmp/log/php.20150514.php
/srv/ranzhi/tmp/log/sql.20150514.php
/srv/ranzhi/tmp/package/index.php
/srv/ranzhi/index.php
/srv/ranzhi/app/index.php
/srv/ranzhi/app/team/index.php
/srv/ranzhi/app/team/reply/js/index.php
/srv/ranzhi/app/team/reply/js/edit.js
/srv/ranzhi/app/team/reply/index.php
/srv/ranzhi/app/team/reply/css/index.php
/srv/ranzhi/app/team/reply/css/common.css
/srv/ranzhi/app/team/reply/control.php
/srv/ranzhi/app/team/reply/model.php
/srv/ranzhi/app/team/reply/lang/index.php
/srv/ranzhi/app/team/reply/lang/zh-cn.php
/srv/ranzhi/app/team/reply/lang/en.php
/srv/ranzhi/app/team/reply/lang/zh-tw.php
/srv/ranzhi/app/team/reply/config.php
/srv/ranzhi/app/team/reply/view/index.php
/srv/ranzhi/app/team/reply/view/admin.html.php
/srv/ranzhi/app/team/reply/view/edit.html.php
/srv/ranzhi/app/team/reply/view/reply.html.php
/srv/ranzhi/app/team/dashboard/index.php
/srv/ranzhi/app/team/dashboard/css/index.php
/srv/ranzhi/app/team/dashboard/css/index.css
/srv/ranzhi/app/team/dashboard/control.php
/srv/ranzhi/app/team/dashboard/view/index.php
/srv/ranzhi/app/team/dashboard/view/index.html.php
/srv/ranzhi/app/team/index/index.php
/srv/ranzhi/app/team/index/control.php
/srv/ranzhi/app/team/common/index.php
/srv/ranzhi/app/team/common/lang/index.php
/srv/ranzhi/app/team/common/lang/zh-cn.php
/srv/ranzhi/app/team/common/lang/en.php
/srv/ranzhi/app/team/common/lang/zh-tw.php
/srv/ranzhi/app/team/common/view/index.php
/srv/ranzhi/app/team/common/view/footer.html.php
/srv/ranzhi/app/team/common/view/header.html.php
/srv/ranzhi/app/team/block/js/index.php
/srv/ranzhi/app/team/block/js/admin.js
/srv/ranzhi/app/team/block/index.php
/srv/ranzhi/app/team/block/css/index.php
/srv/ranzhi/app/team/block/css/admin.css
/srv/ranzhi/app/team/block/control.php
/srv/ranzhi/app/team/block/model.php
/srv/ranzhi/app/team/block/lang/index.php
/srv/ranzhi/app/team/block/lang/zh-cn.php
/srv/ranzhi/app/team/block/lang/en.php
/srv/ranzhi/app/team/block/lang/zh-tw.php
/srv/ranzhi/app/team/block/view/index.php
/srv/ranzhi/app/team/block/view/admin.html.php
/srv/ranzhi/app/team/block/view/blogblock.html.php
/srv/ranzhi/app/team/block/view/threadblock.html.php
/srv/ranzhi/app/team/block/view/index.html.php
/srv/ranzhi/app/team/forum/js/index.php
/srv/ranzhi/app/team/forum/js/common.js
/srv/ranzhi/app/team/forum/index.php
/srv/ranzhi/app/team/forum/css/index.php
/srv/ranzhi/app/team/forum/css/common.css
/srv/ranzhi/app/team/forum/css/index.css
/srv/ranzhi/app/team/forum/control.php
/srv/ranzhi/app/team/forum/model.php
/srv/ranzhi/app/team/forum/lang/index.php
/srv/ranzhi/app/team/forum/lang/zh-cn.php
/srv/ranzhi/app/team/forum/lang/en.php
/srv/ranzhi/app/team/forum/lang/zh-tw.php
/srv/ranzhi/app/team/forum/config.php
/srv/ranzhi/app/team/forum/view/index.php
/srv/ranzhi/app/team/forum/view/admin.html.php
/srv/ranzhi/app/team/forum/view/update.html.php
/srv/ranzhi/app/team/forum/view/board.html.php
/srv/ranzhi/app/team/forum/view/index.html.php
/srv/ranzhi/app/team/thread/js/index.php
/srv/ranzhi/app/team/thread/js/common.js
/srv/ranzhi/app/team/thread/js/view.js
/srv/ranzhi/app/team/thread/index.php
/srv/ranzhi/app/team/thread/css/index.php
/srv/ranzhi/app/team/thread/css/view.css
/srv/ranzhi/app/team/thread/css/common.css
/srv/ranzhi/app/team/thread/control.php
/srv/ranzhi/app/team/thread/model.php
/srv/ranzhi/app/team/thread/lang/index.php
/srv/ranzhi/app/team/thread/lang/zh-cn.php
/srv/ranzhi/app/team/thread/lang/en.php
/srv/ranzhi/app/team/thread/lang/zh-tw.php
/srv/ranzhi/app/team/thread/config.php
/srv/ranzhi/app/team/thread/view/index.php
/srv/ranzhi/app/team/thread/view/thread.html.php
/srv/ranzhi/app/team/thread/view/edit.html.php
/srv/ranzhi/app/team/thread/view/transfer.html.php
/srv/ranzhi/app/team/thread/view/post.html.php
/srv/ranzhi/app/team/thread/view/view.html.php
/srv/ranzhi/app/team/thread/view/side.html.php
/srv/ranzhi/app/team/thread/view/reply.html.php
/srv/ranzhi/app/team/rss/index.php
/srv/ranzhi/app/team/rss/control.php
/srv/ranzhi/app/team/rss/view/index.php
/srv/ranzhi/app/team/rss/view/index.xml.php
/srv/ranzhi/app/team/blog/js/index.php
/srv/ranzhi/app/team/blog/js/common.js
/srv/ranzhi/app/team/blog/js/view.js
/srv/ranzhi/app/team/blog/index.php
/srv/ranzhi/app/team/blog/css/index.php
/srv/ranzhi/app/team/blog/css/view.css
/srv/ranzhi/app/team/blog/css/common.css
/srv/ranzhi/app/team/blog/css/index.css
/srv/ranzhi/app/team/blog/control.php
/srv/ranzhi/app/team/blog/lang/index.php
/srv/ranzhi/app/team/blog/lang/zh-cn.php
/srv/ranzhi/app/team/blog/lang/en.php
/srv/ranzhi/app/team/blog/lang/zh-tw.php
/srv/ranzhi/app/team/blog/config.php
/srv/ranzhi/app/team/blog/view/index.php
/srv/ranzhi/app/team/blog/view/create.html.php
/srv/ranzhi/app/team/blog/view/edit.html.php
/srv/ranzhi/app/team/blog/view/footer.html.php
/srv/ranzhi/app/team/blog/view/view.html.php
/srv/ranzhi/app/team/blog/view/index.html.php
/srv/ranzhi/app/team/blog/view/side.html.php
/srv/ranzhi/app/team/blog/view/header.html.php
/srv/ranzhi/app/team/book/js/index.php
/srv/ranzhi/app/team/book/js/read.js
/srv/ranzhi/app/team/book/js/admin.js
/srv/ranzhi/app/team/book/js/catalog.js
/srv/ranzhi/app/team/book/js/editbook.js
/srv/ranzhi/app/team/book/js/common.js
/srv/ranzhi/app/team/book/index.php
/srv/ranzhi/app/team/book/css/index.php
/srv/ranzhi/app/team/book/css/common.css
/srv/ranzhi/app/team/book/css/read.css
/srv/ranzhi/app/team/book/control.php
/srv/ranzhi/app/team/book/model.php
/srv/ranzhi/app/team/book/lang/index.php
/srv/ranzhi/app/team/book/lang/zh-cn.php
/srv/ranzhi/app/team/book/lang/en.php
/srv/ranzhi/app/team/book/lang/zh-tw.php
/srv/ranzhi/app/team/book/config.php
/srv/ranzhi/app/team/book/view/index.php
/srv/ranzhi/app/team/book/view/admin.html.php
/srv/ranzhi/app/team/book/view/read.html.php
/srv/ranzhi/app/team/book/view/create.html.php
/srv/ranzhi/app/team/book/view/edit.html.php
/srv/ranzhi/app/team/book/view/catalog.html.php
/srv/ranzhi/app/team/book/view/browse.html.php
/srv/ranzhi/app/team/book/view/category.html.php
/srv/ranzhi/app/crm/index.php
/srv/ranzhi/app/crm/contract/js/index.php
/srv/ranzhi/app/crm/contract/js/setting.js
/srv/ranzhi/app/crm/contract/js/edit.js
/srv/ranzhi/app/crm/contract/js/common.js
/srv/ranzhi/app/crm/contract/js/create.js
/srv/ranzhi/app/crm/contract/index.php
/srv/ranzhi/app/crm/contract/css/index.php
/srv/ranzhi/app/crm/contract/css/setting.css
/srv/ranzhi/app/crm/contract/css/create.css
/srv/ranzhi/app/crm/contract/css/view.css
/srv/ranzhi/app/crm/contract/css/common.css
/srv/ranzhi/app/crm/contract/control.php
/srv/ranzhi/app/crm/contract/model.php
/srv/ranzhi/app/crm/contract/lang/index.php
/srv/ranzhi/app/crm/contract/lang/zh-cn.php
/srv/ranzhi/app/crm/contract/lang/en.php
/srv/ranzhi/app/crm/contract/lang/zh-tw.php
/srv/ranzhi/app/crm/contract/config.php
/srv/ranzhi/app/crm/contract/view/receive.html.php
/srv/ranzhi/app/crm/contract/view/index.php
/srv/ranzhi/app/crm/contract/view/cancel.html.php
/srv/ranzhi/app/crm/contract/view/setting.html.php
/srv/ranzhi/app/crm/contract/view/create.html.php
/srv/ranzhi/app/crm/contract/view/delivery.html.php
/srv/ranzhi/app/crm/contract/view/edit.html.php
/srv/ranzhi/app/crm/contract/view/export.html.php
/srv/ranzhi/app/crm/contract/view/editdelivery.html.php
/srv/ranzhi/app/crm/contract/view/finish.html.php
/srv/ranzhi/app/crm/contract/view/view.html.php
/srv/ranzhi/app/crm/contract/view/browse.html.php
/srv/ranzhi/app/crm/contract/view/editreturn.html.php
/srv/ranzhi/app/crm/order/js/index.php
/srv/ranzhi/app/crm/order/js/browse.js
/srv/ranzhi/app/crm/order/js/create.js
/srv/ranzhi/app/crm/order/index.php
/srv/ranzhi/app/crm/order/css/index.php
/srv/ranzhi/app/crm/order/css/create.css
/srv/ranzhi/app/crm/order/css/view.css
/srv/ranzhi/app/crm/order/control.php
/srv/ranzhi/app/crm/order/model.php
/srv/ranzhi/app/crm/order/lang/index.php
/srv/ranzhi/app/crm/order/lang/zh-cn.php
/srv/ranzhi/app/crm/order/lang/en.php
/srv/ranzhi/app/crm/order/lang/zh-tw.php
/srv/ranzhi/app/crm/order/config.php
/srv/ranzhi/app/crm/order/view/index.php
/srv/ranzhi/app/crm/order/view/create.html.php
/srv/ranzhi/app/crm/order/view/sendmail.html.php
/srv/ranzhi/app/crm/order/view/edit.html.php
/srv/ranzhi/app/crm/order/view/contact.html.php
/srv/ranzhi/app/crm/order/view/export.html.php
/srv/ranzhi/app/crm/order/view/view.html.php
/srv/ranzhi/app/crm/order/view/browse.html.php
/srv/ranzhi/app/crm/order/view/activate.html.php
/srv/ranzhi/app/crm/order/view/assign.html.php
/srv/ranzhi/app/crm/order/view/close.html.php
/srv/ranzhi/app/crm/dashboard/index.php
/srv/ranzhi/app/crm/dashboard/control.php
/srv/ranzhi/app/crm/dashboard/view/index.php
/srv/ranzhi/app/crm/dashboard/view/index.html.php
/srv/ranzhi/app/crm/index/index.php
/srv/ranzhi/app/crm/index/control.php
/srv/ranzhi/app/crm/address/js/index.php
/srv/ranzhi/app/crm/address/js/common.js
/srv/ranzhi/app/crm/address/index.php
/srv/ranzhi/app/crm/address/control.php
/srv/ranzhi/app/crm/address/model.php
/srv/ranzhi/app/crm/address/lang/index.php
/srv/ranzhi/app/crm/address/lang/zh-cn.php
/srv/ranzhi/app/crm/address/lang/en.php
/srv/ranzhi/app/crm/address/lang/zh-tw.php
/srv/ranzhi/app/crm/address/config.php
/srv/ranzhi/app/crm/address/view/index.php
/srv/ranzhi/app/crm/address/view/create.html.php
/srv/ranzhi/app/crm/address/view/edit.html.php
/srv/ranzhi/app/crm/address/view/browse.html.php
/srv/ranzhi/app/crm/common/index.php
/srv/ranzhi/app/crm/common/lang/index.php
/srv/ranzhi/app/crm/common/lang/zh-cn.php
/srv/ranzhi/app/crm/common/lang/en.php
/srv/ranzhi/app/crm/common/lang/zh-tw.php
/srv/ranzhi/app/crm/common/view/index.php
/srv/ranzhi/app/crm/common/view/datepicker.html.php
/srv/ranzhi/app/crm/common/view/footer.html.php
/srv/ranzhi/app/crm/common/view/chosen.html.php
/srv/ranzhi/app/crm/common/view/header.html.php
/srv/ranzhi/app/crm/block/js/index.php
/srv/ranzhi/app/crm/block/js/admin.js
/srv/ranzhi/app/crm/block/index.php
/srv/ranzhi/app/crm/block/css/index.php
/srv/ranzhi/app/crm/block/css/admin.css
/srv/ranzhi/app/crm/block/control.php
/srv/ranzhi/app/crm/block/model.php
/srv/ranzhi/app/crm/block/lang/index.php
/srv/ranzhi/app/crm/block/lang/zh-cn.php
/srv/ranzhi/app/crm/block/lang/en.php
/srv/ranzhi/app/crm/block/lang/zh-tw.php
/srv/ranzhi/app/crm/block/view/customerblock.html.php
/srv/ranzhi/app/crm/block/view/orderblock.html.php
/srv/ranzhi/app/crm/block/view/index.php
/srv/ranzhi/app/crm/block/view/admin.html.php
/srv/ranzhi/app/crm/block/view/taskblock.html.php
/srv/ranzhi/app/crm/block/view/index.html.php
/srv/ranzhi/app/crm/block/view/contractblock.html.php
/srv/ranzhi/app/crm/sales/js/index.php
/srv/ranzhi/app/crm/sales/js/edit.js
/srv/ranzhi/app/crm/sales/js/common.js
/srv/ranzhi/app/crm/sales/js/create.js
/srv/ranzhi/app/crm/sales/index.php
/srv/ranzhi/app/crm/sales/css/index.php
/srv/ranzhi/app/crm/sales/css/common.css
/srv/ranzhi/app/crm/sales/control.php
/srv/ranzhi/app/crm/sales/model.php
/srv/ranzhi/app/crm/sales/lang/index.php
/srv/ranzhi/app/crm/sales/lang/zh-cn.php
/srv/ranzhi/app/crm/sales/lang/en.php
/srv/ranzhi/app/crm/sales/lang/zh-tw.php
/srv/ranzhi/app/crm/sales/config.php
/srv/ranzhi/app/crm/sales/view/index.php
/srv/ranzhi/app/crm/sales/view/create.html.php
/srv/ranzhi/app/crm/sales/view/edit.html.php
/srv/ranzhi/app/crm/sales/view/browse.html.php
/srv/ranzhi/app/crm/resume/js/index.php
/srv/ranzhi/app/crm/resume/js/common.js
/srv/ranzhi/app/crm/resume/js/create.js
/srv/ranzhi/app/crm/resume/index.php
/srv/ranzhi/app/crm/resume/control.php
/srv/ranzhi/app/crm/resume/model.php
/srv/ranzhi/app/crm/resume/lang/index.php
/srv/ranzhi/app/crm/resume/lang/zh-cn.php
/srv/ranzhi/app/crm/resume/lang/en.php
/srv/ranzhi/app/crm/resume/lang/zh-tw.php
/srv/ranzhi/app/crm/resume/config.php
/srv/ranzhi/app/crm/resume/view/index.php
/srv/ranzhi/app/crm/resume/view/create.html.php
/srv/ranzhi/app/crm/resume/view/edit.html.php
/srv/ranzhi/app/crm/resume/view/browse.html.php
/srv/ranzhi/app/crm/contact/js/index.php
/srv/ranzhi/app/crm/contact/js/common.js
/srv/ranzhi/app/crm/contact/js/view.js
/srv/ranzhi/app/crm/contact/js/create.js
/srv/ranzhi/app/crm/contact/index.php
/srv/ranzhi/app/crm/contact/css/index.php
/srv/ranzhi/app/crm/contact/css/common.css
/srv/ranzhi/app/crm/contact/control.php
/srv/ranzhi/app/crm/contact/model.php
/srv/ranzhi/app/crm/contact/lang/index.php
/srv/ranzhi/app/crm/contact/lang/zh-cn.php
/srv/ranzhi/app/crm/contact/lang/en.php
/srv/ranzhi/app/crm/contact/lang/zh-tw.php
/srv/ranzhi/app/crm/contact/config.php
/srv/ranzhi/app/crm/contact/view/index.php
/srv/ranzhi/app/crm/contact/view/create.html.php
/srv/ranzhi/app/crm/contact/view/edit.html.php
/srv/ranzhi/app/crm/contact/view/block.html.php
/srv/ranzhi/app/crm/contact/view/export.html.php
/srv/ranzhi/app/crm/contact/view/view.html.php
/srv/ranzhi/app/crm/contact/view/browse.html.php
/srv/ranzhi/app/crm/product/js/index.php
/srv/ranzhi/app/crm/product/js/browse.js
/srv/ranzhi/app/crm/product/index.php
/srv/ranzhi/app/crm/product/css/index.php
/srv/ranzhi/app/crm/product/css/common.css
/srv/ranzhi/app/crm/product/control.php
/srv/ranzhi/app/crm/product/model.php
/srv/ranzhi/app/crm/product/lang/index.php
/srv/ranzhi/app/crm/product/lang/zh-cn.php
/srv/ranzhi/app/crm/product/lang/en.php
/srv/ranzhi/app/crm/product/lang/zh-tw.php
/srv/ranzhi/app/crm/product/config.php
/srv/ranzhi/app/crm/product/view/index.php
/srv/ranzhi/app/crm/product/view/create.html.php
/srv/ranzhi/app/crm/product/view/edit.html.php
/srv/ranzhi/app/crm/product/view/view.html.php
/srv/ranzhi/app/crm/product/view/browse.html.php
/srv/ranzhi/app/crm/customer/js/index.php
/srv/ranzhi/app/crm/customer/js/edit.js
/srv/ranzhi/app/crm/customer/js/browse.js
/srv/ranzhi/app/crm/customer/js/create.js
/srv/ranzhi/app/crm/customer/js/linkcontact.js
/srv/ranzhi/app/crm/customer/index.php
/srv/ranzhi/app/crm/customer/css/index.php
/srv/ranzhi/app/crm/customer/css/common.css
/srv/ranzhi/app/crm/customer/control.php
/srv/ranzhi/app/crm/customer/model.php
/srv/ranzhi/app/crm/customer/lang/index.php
/srv/ranzhi/app/crm/customer/lang/zh-cn.php
/srv/ranzhi/app/crm/customer/lang/en.php
/srv/ranzhi/app/crm/customer/lang/zh-tw.php
/srv/ranzhi/app/crm/customer/config.php
/srv/ranzhi/app/crm/customer/view/index.php
/srv/ranzhi/app/crm/customer/view/contract.html.php
/srv/ranzhi/app/crm/customer/view/create.html.php
/srv/ranzhi/app/crm/customer/view/edit.html.php
/srv/ranzhi/app/crm/customer/view/contact.html.php
/srv/ranzhi/app/crm/customer/view/export.html.php
/srv/ranzhi/app/crm/customer/view/linkcontact.html.php
/srv/ranzhi/app/crm/customer/view/view.html.php
/srv/ranzhi/app/crm/customer/view/browse.html.php
/srv/ranzhi/app/crm/customer/view/order.html.php
/srv/ranzhi/app/crm/customer/view/assign.html.php
/srv/ranzhi/app/sys/file/index.php
/srv/ranzhi/app/sys/file/control.php
/srv/ranzhi/app/sys/file/model.php
/srv/ranzhi/app/sys/file/lang/index.php
/srv/ranzhi/app/sys/file/lang/zh-cn.php
/srv/ranzhi/app/sys/file/lang/en.php
/srv/ranzhi/app/sys/file/lang/zh-tw.php
/srv/ranzhi/app/sys/file/config.php
/srv/ranzhi/app/sys/file/view/buildform.html.php
/srv/ranzhi/app/sys/file/view/index.php
/srv/ranzhi/app/sys/file/view/edit.html.php
/srv/ranzhi/app/sys/file/view/buildlist.html.php
/srv/ranzhi/app/sys/file/view/export.html.php
/srv/ranzhi/app/sys/file/view/export2csv.html.php
/srv/ranzhi/app/sys/file/view/browse.html.php
/srv/ranzhi/app/sys/file/view/printfiles.html.php
/srv/ranzhi/app/sys/backup/js/index.php
/srv/ranzhi/app/sys/backup/js/index.js
/srv/ranzhi/app/sys/backup/index.php
/srv/ranzhi/app/sys/backup/control.php
/srv/ranzhi/app/sys/backup/model.php
/srv/ranzhi/app/sys/backup/lang/index.php
/srv/ranzhi/app/sys/backup/lang/zh-cn.php
/srv/ranzhi/app/sys/backup/lang/en.php
/srv/ranzhi/app/sys/backup/lang/zh-tw.php
/srv/ranzhi/app/sys/backup/view/index.php
/srv/ranzhi/app/sys/backup/view/index.html.php
/srv/ranzhi/app/sys/action/js/trash.js
/srv/ranzhi/app/sys/action/js/index.php
/srv/ranzhi/app/sys/action/js/createrecord.js
/srv/ranzhi/app/sys/action/js/history.js
/srv/ranzhi/app/sys/action/js/editrecord.js
/srv/ranzhi/app/sys/action/index.php
/srv/ranzhi/app/sys/action/css/index.php
/srv/ranzhi/app/sys/action/css/createrecord.css
/srv/ranzhi/app/sys/action/control.php
/srv/ranzhi/app/sys/action/model.php
/srv/ranzhi/app/sys/action/lang/index.php
/srv/ranzhi/app/sys/action/lang/zh-cn.php
/srv/ranzhi/app/sys/action/lang/en.php
/srv/ranzhi/app/sys/action/lang/zh-tw.php
/srv/ranzhi/app/sys/action/config.php
/srv/ranzhi/app/sys/action/view/index.php
/srv/ranzhi/app/sys/action/view/trash.html.php
/srv/ranzhi/app/sys/action/view/createrecord.html.php
/srv/ranzhi/app/sys/action/view/history.html.php
/srv/ranzhi/app/sys/action/view/editrecord.html.php
/srv/ranzhi/app/sys/index.php
/srv/ranzhi/app/sys/admin/index.php
/srv/ranzhi/app/sys/admin/css/index.php
/srv/ranzhi/app/sys/admin/css/index.css
/srv/ranzhi/app/sys/admin/control.php
/srv/ranzhi/app/sys/admin/model.php
/srv/ranzhi/app/sys/admin/lang/index.php
/srv/ranzhi/app/sys/admin/lang/zh-cn.php
/srv/ranzhi/app/sys/admin/lang/en.php
/srv/ranzhi/app/sys/admin/lang/zh-tw.php
/srv/ranzhi/app/sys/admin/view/index.php
/srv/ranzhi/app/sys/admin/view/index.html.php
/srv/ranzhi/app/sys/misc/index.php
/srv/ranzhi/app/sys/misc/control.php
/srv/ranzhi/app/sys/misc/lang/index.php
/srv/ranzhi/app/sys/misc/lang/zh-cn.php
/srv/ranzhi/app/sys/misc/lang/en.php
/srv/ranzhi/app/sys/misc/lang/zh-tw.php
/srv/ranzhi/app/sys/misc/view/index.php
/srv/ranzhi/app/sys/misc/view/about.html.php
/srv/ranzhi/app/sys/schema/js/index.php
/srv/ranzhi/app/sys/schema/js/common.js
/srv/ranzhi/app/sys/schema/index.php
/srv/ranzhi/app/sys/schema/css/index.php
/srv/ranzhi/app/sys/schema/css/create.css
/srv/ranzhi/app/sys/schema/css/common.css
/srv/ranzhi/app/sys/schema/control.php
/srv/ranzhi/app/sys/schema/model.php
/srv/ranzhi/app/sys/schema/lang/index.php
/srv/ranzhi/app/sys/schema/lang/zh-cn.php
/srv/ranzhi/app/sys/schema/lang/en.php
/srv/ranzhi/app/sys/schema/lang/zh-tw.php
/srv/ranzhi/app/sys/schema/config.php
/srv/ranzhi/app/sys/schema/view/index.php
/srv/ranzhi/app/sys/schema/view/create.html.php
/srv/ranzhi/app/sys/schema/view/edit.html.php
/srv/ranzhi/app/sys/schema/view/create.upload.html.php
/srv/ranzhi/app/sys/schema/view/create.form.html.php
/srv/ranzhi/app/sys/schema/view/view.html.php
/srv/ranzhi/app/sys/schema/view/browse.html.php
/srv/ranzhi/app/sys/company/index.php
/srv/ranzhi/app/sys/company/control.php
/srv/ranzhi/app/sys/company/model.php
/srv/ranzhi/app/sys/company/lang/index.php
/srv/ranzhi/app/sys/company/lang/zh-cn.php
/srv/ranzhi/app/sys/company/lang/en.php
/srv/ranzhi/app/sys/company/lang/zh-tw.php
/srv/ranzhi/app/sys/company/config.php
/srv/ranzhi/app/sys/company/view/index.php
/srv/ranzhi/app/sys/company/view/setbasic.html.php
/srv/ranzhi/app/sys/company/view/index.html.php
/srv/ranzhi/app/sys/group/js/index.php
/srv/ranzhi/app/sys/group/js/managemember.js
/srv/ranzhi/app/sys/group/js/managepriv.js
/srv/ranzhi/app/sys/group/index.php
/srv/ranzhi/app/sys/group/css/managemember.css
/srv/ranzhi/app/sys/group/css/index.php
/srv/ranzhi/app/sys/group/css/managepriv.css
/srv/ranzhi/app/sys/group/css/managetradepriv.css
/srv/ranzhi/app/sys/group/css/manageapppriv.css
/srv/ranzhi/app/sys/group/css/browse.css
/srv/ranzhi/app/sys/group/control.php
/srv/ranzhi/app/sys/group/model.php
/srv/ranzhi/app/sys/group/lang/index.php
/srv/ranzhi/app/sys/group/lang/zh-cn.php
/srv/ranzhi/app/sys/group/lang/resource.php
/srv/ranzhi/app/sys/group/lang/en.php
/srv/ranzhi/app/sys/group/lang/zh-tw.php
/srv/ranzhi/app/sys/group/config.php
/srv/ranzhi/app/sys/group/view/index.php
/srv/ranzhi/app/sys/group/view/create.html.php
/srv/ranzhi/app/sys/group/view/edit.html.php
/srv/ranzhi/app/sys/group/view/privbymodule.html.php
/srv/ranzhi/app/sys/group/view/managepriv.html.php
/srv/ranzhi/app/sys/group/view/manageapppriv.html.php
/srv/ranzhi/app/sys/group/view/managemember.html.php
/srv/ranzhi/app/sys/group/view/browse.html.php
/srv/ranzhi/app/sys/group/view/managetradepriv.html.php
/srv/ranzhi/app/sys/group/view/copy.html.php
/srv/ranzhi/app/sys/group/view/privbygroup.html.php
/srv/ranzhi/app/sys/task/js/start.js
/srv/ranzhi/app/sys/task/js/index.php
/srv/ranzhi/app/sys/task/js/mind.js
/srv/ranzhi/app/sys/task/js/browse.js
/srv/ranzhi/app/sys/task/js/common.js
/srv/ranzhi/app/sys/task/js/kanban.js
/srv/ranzhi/app/sys/task/index.php
/srv/ranzhi/app/sys/task/css/kanban.css
/srv/ranzhi/app/sys/task/css/index.php
/srv/ranzhi/app/sys/task/css/mind.css
/srv/ranzhi/app/sys/task/css/common.css
/srv/ranzhi/app/sys/task/css/outline.css
/srv/ranzhi/app/sys/task/css/batchcreate.css
/srv/ranzhi/app/sys/task/css/browse.css
/srv/ranzhi/app/sys/task/control.php
/srv/ranzhi/app/sys/task/model.php
/srv/ranzhi/app/sys/task/lang/index.php
/srv/ranzhi/app/sys/task/lang/zh-cn.php
/srv/ranzhi/app/sys/task/lang/en.php
/srv/ranzhi/app/sys/task/lang/zh-tw.php
/srv/ranzhi/app/sys/task/config.php
/srv/ranzhi/app/sys/task/view/batchcreate.html.php
/srv/ranzhi/app/sys/task/view/start.html.php
/srv/ranzhi/app/sys/task/view/headernav.html.php
/srv/ranzhi/app/sys/task/view/index.php
/srv/ranzhi/app/sys/task/view/cancel.html.php
/srv/ranzhi/app/sys/task/view/sendmail.html.php
/srv/ranzhi/app/sys/task/view/edit.html.php
/srv/ranzhi/app/sys/task/view/kanban.html.php
/srv/ranzhi/app/sys/task/view/export.html.php
/srv/ranzhi/app/sys/task/view/assignto.html.php
/srv/ranzhi/app/sys/task/view/outline.html.php
/srv/ranzhi/app/sys/task/view/finish.html.php
/srv/ranzhi/app/sys/task/view/view.html.php
/srv/ranzhi/app/sys/task/view/browse.html.php
/srv/ranzhi/app/sys/task/view/activate.html.php
/srv/ranzhi/app/sys/task/view/close.html.php
/srv/ranzhi/app/sys/entry/js/index.php
/srv/ranzhi/app/sys/entry/js/admin.js
/srv/ranzhi/app/sys/entry/js/common.js
/srv/ranzhi/app/sys/entry/js/create.js
/srv/ranzhi/app/sys/entry/index.php
/srv/ranzhi/app/sys/entry/css/index.php
/srv/ranzhi/app/sys/entry/css/common.css
/srv/ranzhi/app/sys/entry/control.php
/srv/ranzhi/app/sys/entry/model.php
/srv/ranzhi/app/sys/entry/lang/index.php
/srv/ranzhi/app/sys/entry/lang/zh-cn.php
/srv/ranzhi/app/sys/entry/lang/en.php
/srv/ranzhi/app/sys/entry/lang/zh-tw.php
/srv/ranzhi/app/sys/entry/config.php
/srv/ranzhi/app/sys/entry/view/index.php
/srv/ranzhi/app/sys/entry/view/admin.html.php
/srv/ranzhi/app/sys/entry/view/create.html.php
/srv/ranzhi/app/sys/entry/view/edit.html.php
/srv/ranzhi/app/sys/entry/view/setblock.html.php
/srv/ranzhi/app/sys/index/js/index.php
/srv/ranzhi/app/sys/index/js/index.js
/srv/ranzhi/app/sys/index/index.php
/srv/ranzhi/app/sys/index/control.php
/srv/ranzhi/app/sys/index/lang/index.php
/srv/ranzhi/app/sys/index/lang/zh-cn.php
/srv/ranzhi/app/sys/index/lang/en.php
/srv/ranzhi/app/sys/index/lang/zh-tw.php
/srv/ranzhi/app/sys/index/view/index.php
/srv/ranzhi/app/sys/index/view/index.html.php
/srv/ranzhi/app/sys/user/js/index.php
/srv/ranzhi/app/sys/user/js/admin.js
/srv/ranzhi/app/sys/user/js/login.js
/srv/ranzhi/app/sys/user/js/edit.js
/srv/ranzhi/app/sys/user/js/message.js
/srv/ranzhi/app/sys/user/js/changepassword.js
/srv/ranzhi/app/sys/user/js/common.js
/srv/ranzhi/app/sys/user/js/colleague.js
/srv/ranzhi/app/sys/user/js/profile.js
/srv/ranzhi/app/sys/user/index.php
/srv/ranzhi/app/sys/user/css/index.php
/srv/ranzhi/app/sys/user/css/login.css
/srv/ranzhi/app/sys/user/css/admin.css
/srv/ranzhi/app/sys/user/css/deny.css
/srv/ranzhi/app/sys/user/css/common.css
/srv/ranzhi/app/sys/user/css/register.css
/srv/ranzhi/app/sys/user/css/colleague.css
/srv/ranzhi/app/sys/user/css/profile.css
/srv/ranzhi/app/sys/user/control.php
/srv/ranzhi/app/sys/user/model.php
/srv/ranzhi/app/sys/user/lang/index.php
/srv/ranzhi/app/sys/user/lang/zh-cn.php
/srv/ranzhi/app/sys/user/lang/en.php
/srv/ranzhi/app/sys/user/lang/zh-tw.php
/srv/ranzhi/app/sys/user/config.php
/srv/ranzhi/app/sys/user/view/changepassword.html.php
/srv/ranzhi/app/sys/user/view/index.php
/srv/ranzhi/app/sys/user/view/admin.html.php
/srv/ranzhi/app/sys/user/view/create.html.php
/srv/ranzhi/app/sys/user/view/thread.html.php
/srv/ranzhi/app/sys/user/view/login.html.php
/srv/ranzhi/app/sys/user/view/deny.html.php
/srv/ranzhi/app/sys/user/view/edit.html.php
/srv/ranzhi/app/sys/user/view/checkresetkey.html.php
/srv/ranzhi/app/sys/user/view/resetmail.html.php
/srv/ranzhi/app/sys/user/view/message.html.php
/srv/ranzhi/app/sys/user/view/deptside.html.php
/srv/ranzhi/app/sys/user/view/cropavatar.html.php
/srv/ranzhi/app/sys/user/view/colleague.html.php
/srv/ranzhi/app/sys/user/view/vcard.html.php
/srv/ranzhi/app/sys/user/view/edit.admin.html.php
/srv/ranzhi/app/sys/user/view/profile.html.php
/srv/ranzhi/app/sys/user/view/control.html.php
/srv/ranzhi/app/sys/user/view/side.html.php
/srv/ranzhi/app/sys/user/view/reply.html.php
/srv/ranzhi/app/sys/user/view/resetpassword.html.php
/srv/ranzhi/app/sys/setting/js/index.php
/srv/ranzhi/app/sys/setting/js/lang.js
/srv/ranzhi/app/sys/setting/index.php
/srv/ranzhi/app/sys/setting/css/index.php
/srv/ranzhi/app/sys/setting/css/lang.css
/srv/ranzhi/app/sys/setting/control.php
/srv/ranzhi/app/sys/setting/model.php
/srv/ranzhi/app/sys/setting/lang/index.php
/srv/ranzhi/app/sys/setting/lang/zh-cn.php
/srv/ranzhi/app/sys/setting/lang/en.php
/srv/ranzhi/app/sys/setting/lang/zh-tw.php
/srv/ranzhi/app/sys/setting/config.php
/srv/ranzhi/app/sys/setting/view/index.php
/srv/ranzhi/app/sys/setting/view/lang.html.php
/srv/ranzhi/app/sys/common/index.php
/srv/ranzhi/app/sys/common/model.php
/srv/ranzhi/app/sys/common/lang/index.php
/srv/ranzhi/app/sys/common/lang/zh-cn.php
/srv/ranzhi/app/sys/common/lang/en.php
/srv/ranzhi/app/sys/common/lang/zh-tw.php
/srv/ranzhi/app/sys/common/view/mail.html.php
/srv/ranzhi/app/sys/common/view/index.php
/srv/ranzhi/app/sys/common/view/header.lite.html.php
/srv/ranzhi/app/sys/common/view/treeview.html.php
/srv/ranzhi/app/sys/common/view/position.html.php
/srv/ranzhi/app/sys/common/view/datepicker.html.php
/srv/ranzhi/app/sys/common/view/mindmap.html.php
/srv/ranzhi/app/sys/common/view/footer.modal.html.php
/srv/ranzhi/app/sys/common/view/kindeditor.html.php
/srv/ranzhi/app/sys/common/view/footer.html.php
/srv/ranzhi/app/sys/common/view/chosen.html.php
/srv/ranzhi/app/sys/common/view/selectlang.html.php
/srv/ranzhi/app/sys/common/view/header.modal.html.php
/srv/ranzhi/app/sys/common/view/side.html.php
/srv/ranzhi/app/sys/common/view/header.html.php
/srv/ranzhi/app/sys/block/js/index.php
/srv/ranzhi/app/sys/block/js/dashboard.js
/srv/ranzhi/app/sys/block/js/admin.js
/srv/ranzhi/app/sys/block/index.php
/srv/ranzhi/app/sys/block/css/index.php
/srv/ranzhi/app/sys/block/css/admin.css
/srv/ranzhi/app/sys/block/css/dashboard.css
/srv/ranzhi/app/sys/block/control.php
/srv/ranzhi/app/sys/block/model.php
/srv/ranzhi/app/sys/block/lang/index.php
/srv/ranzhi/app/sys/block/lang/zh-cn.php
/srv/ranzhi/app/sys/block/lang/en.php
/srv/ranzhi/app/sys/block/lang/zh-tw.php
/srv/ranzhi/app/sys/block/config.php
/srv/ranzhi/app/sys/block/view/set.html.php
/srv/ranzhi/app/sys/block/view/index.php
/srv/ranzhi/app/sys/block/view/admin.html.php
/srv/ranzhi/app/sys/block/view/publicform.html.php
/srv/ranzhi/app/sys/block/view/dashboard.html.php
/srv/ranzhi/app/sys/block/view/admin.entry.html.php
/srv/ranzhi/app/sys/upgrade/js/upgradelicense.js
/srv/ranzhi/app/sys/upgrade/js/index.php
/srv/ranzhi/app/sys/upgrade/js/backup.js
/srv/ranzhi/app/sys/upgrade/index.php
/srv/ranzhi/app/sys/upgrade/css/index.php
/srv/ranzhi/app/sys/upgrade/css/common.css
/srv/ranzhi/app/sys/upgrade/control.php
/srv/ranzhi/app/sys/upgrade/model.php
/srv/ranzhi/app/sys/upgrade/lang/index.php
/srv/ranzhi/app/sys/upgrade/lang/zh-cn.php
/srv/ranzhi/app/sys/upgrade/lang/en.php
/srv/ranzhi/app/sys/upgrade/lang/zh-tw.php
/srv/ranzhi/app/sys/upgrade/config.php
/srv/ranzhi/app/sys/upgrade/view/backup.html.php
/srv/ranzhi/app/sys/upgrade/view/index.php
/srv/ranzhi/app/sys/upgrade/view/upgradelicense.html.php
/srv/ranzhi/app/sys/upgrade/view/selectversion.html.php
/srv/ranzhi/app/sys/upgrade/view/execute.html.php
/srv/ranzhi/app/sys/upgrade/view/index.html.php
/srv/ranzhi/app/sys/upgrade/view/confirm.html.php
/srv/ranzhi/app/sys/tree/js/index.php
/srv/ranzhi/app/sys/tree/js/children.js
/srv/ranzhi/app/sys/tree/js/edit.js
/srv/ranzhi/app/sys/tree/js/browse.js
/srv/ranzhi/app/sys/tree/js/redirect.js
/srv/ranzhi/app/sys/tree/index.php
/srv/ranzhi/app/sys/tree/css/index.php
/srv/ranzhi/app/sys/tree/css/browse.css
/srv/ranzhi/app/sys/tree/control.php
/srv/ranzhi/app/sys/tree/model.php
/srv/ranzhi/app/sys/tree/lang/index.php
/srv/ranzhi/app/sys/tree/lang/zh-cn.php
/srv/ranzhi/app/sys/tree/lang/en.php
/srv/ranzhi/app/sys/tree/lang/zh-tw.php
/srv/ranzhi/app/sys/tree/config.php
/srv/ranzhi/app/sys/tree/view/index.php
/srv/ranzhi/app/sys/tree/view/edit.html.php
/srv/ranzhi/app/sys/tree/view/children.html.php
/srv/ranzhi/app/sys/tree/view/browse.html.php
/srv/ranzhi/app/sys/tree/view/redirect.html.php
/srv/ranzhi/app/sys/cron/index.php
/srv/ranzhi/app/sys/cron/control.php
/srv/ranzhi/app/sys/cron/model.php
/srv/ranzhi/app/sys/cron/lang/index.php
/srv/ranzhi/app/sys/cron/lang/zh-cn.php
/srv/ranzhi/app/sys/cron/lang/en.php
/srv/ranzhi/app/sys/cron/lang/zh-tw.php
/srv/ranzhi/app/sys/cron/config.php
/srv/ranzhi/app/sys/cron/view/index.php
/srv/ranzhi/app/sys/cron/view/create.html.php
/srv/ranzhi/app/sys/cron/view/edit.html.php
/srv/ranzhi/app/sys/cron/view/index.html.php
/srv/ranzhi/app/sys/article/js/index.php
/srv/ranzhi/app/sys/article/js/edit.js
/srv/ranzhi/app/sys/article/js/common.js
/srv/ranzhi/app/sys/article/js/view.js
/srv/ranzhi/app/sys/article/js/create.js
/srv/ranzhi/app/sys/article/index.php
/srv/ranzhi/app/sys/article/css/index.php
/srv/ranzhi/app/sys/article/css/create.css
/srv/ranzhi/app/sys/article/css/view.css
/srv/ranzhi/app/sys/article/css/browse.css
/srv/ranzhi/app/sys/article/control.php
/srv/ranzhi/app/sys/article/model.php
/srv/ranzhi/app/sys/article/lang/index.php
/srv/ranzhi/app/sys/article/lang/zh-cn.php
/srv/ranzhi/app/sys/article/lang/en.php
/srv/ranzhi/app/sys/article/lang/zh-tw.php
/srv/ranzhi/app/sys/article/config.php
/srv/ranzhi/app/sys/article/view/index.php
/srv/ranzhi/app/sys/article/view/admin.html.php
/srv/ranzhi/app/sys/article/view/create.html.php
/srv/ranzhi/app/sys/article/view/edit.html.php
/srv/ranzhi/app/sys/article/view/view.html.php
/srv/ranzhi/app/sys/article/view/browse.html.php
/srv/ranzhi/app/sys/search/index.php
/srv/ranzhi/app/sys/search/css/index.php
/srv/ranzhi/app/sys/search/control.php
/srv/ranzhi/app/sys/search/model.php
/srv/ranzhi/app/sys/search/lang/index.php
/srv/ranzhi/app/sys/search/lang/zh-cn.php
/srv/ranzhi/app/sys/search/lang/en.php
/srv/ranzhi/app/sys/search/lang/zh-tw.php
/srv/ranzhi/app/sys/search/config.php
/srv/ranzhi/app/sys/search/view/buildform.html.php
/srv/ranzhi/app/sys/search/view/index.php
/srv/ranzhi/app/sys/sso/index.php
/srv/ranzhi/app/sys/sso/control.php
/srv/ranzhi/app/sys/sso/model.php
/srv/ranzhi/app/sys/error/js/index.php
/srv/ranzhi/app/sys/error/js/index.js
/srv/ranzhi/app/sys/error/index.php
/srv/ranzhi/app/sys/error/css/index.php
/srv/ranzhi/app/sys/error/css/index.css
/srv/ranzhi/app/sys/error/control.php
/srv/ranzhi/app/sys/error/lang/index.php
/srv/ranzhi/app/sys/error/lang/zh-cn.php
/srv/ranzhi/app/sys/error/lang/en.php
/srv/ranzhi/app/sys/error/lang/zh-tw.php
/srv/ranzhi/app/sys/error/view/index.php
/srv/ranzhi/app/sys/error/view/index.html.php
/srv/ranzhi/app/sys/message/js/index.php
/srv/ranzhi/app/sys/message/js/index.js
/srv/ranzhi/app/sys/message/js/admin.js
/srv/ranzhi/app/sys/message/js/comment.js
/srv/ranzhi/app/sys/message/js/reply.js
/srv/ranzhi/app/sys/message/index.php
/srv/ranzhi/app/sys/message/css/comment.css
/srv/ranzhi/app/sys/message/css/index.php
/srv/ranzhi/app/sys/message/css/admin.css
/srv/ranzhi/app/sys/message/css/index.css
/srv/ranzhi/app/sys/message/control.php
/srv/ranzhi/app/sys/message/model.php
/srv/ranzhi/app/sys/message/lang/index.php
/srv/ranzhi/app/sys/message/lang/zh-cn.php
/srv/ranzhi/app/sys/message/lang/en.php
/srv/ranzhi/app/sys/message/lang/zh-tw.php
/srv/ranzhi/app/sys/message/config.php
/srv/ranzhi/app/sys/message/view/index.php
/srv/ranzhi/app/sys/message/view/admin.html.php
/srv/ranzhi/app/sys/message/view/comment.html.php
/srv/ranzhi/app/sys/message/view/index.html.php
/srv/ranzhi/app/sys/message/view/reply.html.php
/srv/ranzhi/app/sys/tag/js/index.php
/srv/ranzhi/app/sys/tag/js/link.js
/srv/ranzhi/app/sys/tag/index.php
/srv/ranzhi/app/sys/tag/control.php
/srv/ranzhi/app/sys/tag/model.php
/srv/ranzhi/app/sys/tag/lang/index.php
/srv/ranzhi/app/sys/tag/lang/zh-cn.php
/srv/ranzhi/app/sys/tag/lang/en.php
/srv/ranzhi/app/sys/tag/lang/zh-tw.php
/srv/ranzhi/app/sys/tag/view/index.php
/srv/ranzhi/app/sys/tag/view/admin.html.php
/srv/ranzhi/app/sys/tag/view/link.html.php
/srv/ranzhi/app/sys/install/js/step0.js
/srv/ranzhi/app/sys/install/js/index.php
/srv/ranzhi/app/sys/install/js/step1.js
/srv/ranzhi/app/sys/install/js/step2.js
/srv/ranzhi/app/sys/install/js/step4.js
/srv/ranzhi/app/sys/install/index.php
/srv/ranzhi/app/sys/install/css/index.php
/srv/ranzhi/app/sys/install/css/common.css
/srv/ranzhi/app/sys/install/css/index.css
/srv/ranzhi/app/sys/install/control.php
/srv/ranzhi/app/sys/install/model.php
/srv/ranzhi/app/sys/install/lang/index.php
/srv/ranzhi/app/sys/install/lang/zh-cn.php
/srv/ranzhi/app/sys/install/lang/en.php
/srv/ranzhi/app/sys/install/lang/zh-tw.php
/srv/ranzhi/app/sys/install/view/index.php
/srv/ranzhi/app/sys/install/view/step3.html.php
/srv/ranzhi/app/sys/install/view/step2.html.php
/srv/ranzhi/app/sys/install/view/step0.html.php
/srv/ranzhi/app/sys/install/view/step4.html.php
/srv/ranzhi/app/sys/install/view/footer.html.php
/srv/ranzhi/app/sys/install/view/step1.html.php
/srv/ranzhi/app/sys/install/view/index.html.php
/srv/ranzhi/app/sys/package/ext/index.php
/srv/ranzhi/app/sys/package/js/install.js
/srv/ranzhi/app/sys/package/js/obtain.js
/srv/ranzhi/app/sys/package/js/index.php
/srv/ranzhi/app/sys/package/js/upload.js
/srv/ranzhi/app/sys/package/js/common.js
/srv/ranzhi/app/sys/package/index.php
/srv/ranzhi/app/sys/package/css/upload.css
/srv/ranzhi/app/sys/package/css/index.php
/srv/ranzhi/app/sys/package/css/common.css
/srv/ranzhi/app/sys/package/css/browse.css
/srv/ranzhi/app/sys/package/css/obtain.css
/srv/ranzhi/app/sys/package/license/index.php
/srv/ranzhi/app/sys/package/license/gpl.txt
/srv/ranzhi/app/sys/package/license/mit.txt
/srv/ranzhi/app/sys/package/license/apache.txt
/srv/ranzhi/app/sys/package/license/bsd.txt
/srv/ranzhi/app/sys/package/license/lgpl.txt
/srv/ranzhi/app/sys/package/control.php
/srv/ranzhi/app/sys/package/model.php
/srv/ranzhi/app/sys/package/lang/index.php
/srv/ranzhi/app/sys/package/lang/zh-cn.php
/srv/ranzhi/app/sys/package/lang/en.php
/srv/ranzhi/app/sys/package/lang/zh-tw.php
/srv/ranzhi/app/sys/package/config.php
/srv/ranzhi/app/sys/package/view/index.php
/srv/ranzhi/app/sys/package/view/upload.html.php
/srv/ranzhi/app/sys/package/view/erase.html.php
/srv/ranzhi/app/sys/package/view/structure.html.php
/srv/ranzhi/app/sys/package/view/checkscore.html.php
/srv/ranzhi/app/sys/package/view/browse.html.php
/srv/ranzhi/app/sys/package/view/activate.html.php
/srv/ranzhi/app/sys/package/view/obtain.html.php
/srv/ranzhi/app/sys/package/view/install.html.php
/srv/ranzhi/app/sys/package/view/uninstall.html.php
/srv/ranzhi/app/sys/package/view/deactivate.html.php
/srv/ranzhi/app/sys/report/index.php
/srv/ranzhi/app/sys/report/css/index.php
/srv/ranzhi/app/sys/report/css/common.css
/srv/ranzhi/app/sys/report/control.php
/srv/ranzhi/app/sys/report/model.php
/srv/ranzhi/app/sys/report/lang/index.php
/srv/ranzhi/app/sys/report/lang/zh-cn.php
/srv/ranzhi/app/sys/report/lang/en.php
/srv/ranzhi/app/sys/report/lang/zh-tw.php
/srv/ranzhi/app/sys/report/config.php
/srv/ranzhi/app/sys/report/view/index.php
/srv/ranzhi/app/sys/report/view/browse.html.php
/srv/ranzhi/app/sys/webapp/js/index.php
/srv/ranzhi/app/sys/webapp/js/common.js
/srv/ranzhi/app/sys/webapp/index.php
/srv/ranzhi/app/sys/webapp/css/index.php
/srv/ranzhi/app/sys/webapp/css/common.css
/srv/ranzhi/app/sys/webapp/css/obtain.css
/srv/ranzhi/app/sys/webapp/control.php
/srv/ranzhi/app/sys/webapp/model.php
/srv/ranzhi/app/sys/webapp/lang/index.php
/srv/ranzhi/app/sys/webapp/lang/zh-cn.php
/srv/ranzhi/app/sys/webapp/lang/en.php
/srv/ranzhi/app/sys/webapp/lang/zh-tw.php
/srv/ranzhi/app/sys/webapp/config.php
/srv/ranzhi/app/sys/webapp/view/index.php
/srv/ranzhi/app/sys/webapp/view/view.html.php
/srv/ranzhi/app/sys/webapp/view/obtain.html.php
/srv/ranzhi/app/sys/mail/js/index.php
/srv/ranzhi/app/sys/mail/js/detect.js
/srv/ranzhi/app/sys/mail/js/edit.js
/srv/ranzhi/app/sys/mail/index.php
/srv/ranzhi/app/sys/mail/css/index.php
/srv/ranzhi/app/sys/mail/css/test.css
/srv/ranzhi/app/sys/mail/control.php
/srv/ranzhi/app/sys/mail/model.php
/srv/ranzhi/app/sys/mail/lang/index.php
/srv/ranzhi/app/sys/mail/lang/zh-cn.php
/srv/ranzhi/app/sys/mail/lang/en.php
/srv/ranzhi/app/sys/mail/lang/zh-tw.php
/srv/ranzhi/app/sys/mail/config.php
/srv/ranzhi/app/sys/mail/view/index.php
/srv/ranzhi/app/sys/mail/view/edit.html.php
/srv/ranzhi/app/sys/mail/view/detect.html.php
/srv/ranzhi/app/sys/mail/view/test.html.php
/srv/ranzhi/app/sys/mail/view/save.html.php
/srv/ranzhi/app/oa/project/js/index.php
/srv/ranzhi/app/oa/project/js/edit.js
/srv/ranzhi/app/oa/project/js/common.js
/srv/ranzhi/app/oa/project/js/importtask.js
/srv/ranzhi/app/oa/project/js/create.js
/srv/ranzhi/app/oa/project/index.php
/srv/ranzhi/app/oa/project/css/index.php
/srv/ranzhi/app/oa/project/css/importtask.css
/srv/ranzhi/app/oa/project/css/index.css
/srv/ranzhi/app/oa/project/control.php
/srv/ranzhi/app/oa/project/model.php
/srv/ranzhi/app/oa/project/lang/index.php
/srv/ranzhi/app/oa/project/lang/zh-cn.php
/srv/ranzhi/app/oa/project/lang/en.php
/srv/ranzhi/app/oa/project/lang/zh-tw.php
/srv/ranzhi/app/oa/project/config.php
/srv/ranzhi/app/oa/project/view/index.php
/srv/ranzhi/app/oa/project/view/ajaxgetmatcheditems.html.php
/srv/ranzhi/app/oa/project/view/create.html.php
/srv/ranzhi/app/oa/project/view/edit.html.php
/srv/ranzhi/app/oa/project/view/ajaxgetdropmenu.html.php
/srv/ranzhi/app/oa/project/view/importtask.html.php
/srv/ranzhi/app/oa/project/view/finish.html.php
/srv/ranzhi/app/oa/project/view/index.html.php
/srv/ranzhi/app/oa/index.php
/srv/ranzhi/app/oa/doc/js/index.php
/srv/ranzhi/app/oa/doc/js/edit.js
/srv/ranzhi/app/oa/doc/js/common.js
/srv/ranzhi/app/oa/doc/index.php
/srv/ranzhi/app/oa/doc/css/index.php
/srv/ranzhi/app/oa/doc/css/common.css
/srv/ranzhi/app/oa/doc/control.php
/srv/ranzhi/app/oa/doc/model.php
/srv/ranzhi/app/oa/doc/lang/index.php
/srv/ranzhi/app/oa/doc/lang/zh-cn.php
/srv/ranzhi/app/oa/doc/lang/en.php
/srv/ranzhi/app/oa/doc/lang/zh-tw.php
/srv/ranzhi/app/oa/doc/config.php
/srv/ranzhi/app/oa/doc/view/index.php
/srv/ranzhi/app/oa/doc/view/create.html.php
/srv/ranzhi/app/oa/doc/view/createlib.html.php
/srv/ranzhi/app/oa/doc/view/edit.html.php
/srv/ranzhi/app/oa/doc/view/editlib.html.php
/srv/ranzhi/app/oa/doc/view/view.html.php
/srv/ranzhi/app/oa/doc/view/browse.html.php
/srv/ranzhi/app/oa/dashboard/index.php
/srv/ranzhi/app/oa/dashboard/css/index.php
/srv/ranzhi/app/oa/dashboard/css/index.css
/srv/ranzhi/app/oa/dashboard/control.php
/srv/ranzhi/app/oa/dashboard/lang/index.php
/srv/ranzhi/app/oa/dashboard/view/index.php
/srv/ranzhi/app/oa/dashboard/view/index.html.php
/srv/ranzhi/app/oa/index/index.php
/srv/ranzhi/app/oa/index/control.php
/srv/ranzhi/app/oa/announce/js/index.php
/srv/ranzhi/app/oa/announce/js/view.js
/srv/ranzhi/app/oa/announce/index.php
/srv/ranzhi/app/oa/announce/css/index.php
/srv/ranzhi/app/oa/announce/css/view.css
/srv/ranzhi/app/oa/announce/css/browse.css
/srv/ranzhi/app/oa/announce/control.php
/srv/ranzhi/app/oa/announce/lang/index.php
/srv/ranzhi/app/oa/announce/lang/zh-cn.php
/srv/ranzhi/app/oa/announce/lang/en.php
/srv/ranzhi/app/oa/announce/lang/zh-tw.php
/srv/ranzhi/app/oa/announce/config.php
/srv/ranzhi/app/oa/announce/view/index.php
/srv/ranzhi/app/oa/announce/view/create.html.php
/srv/ranzhi/app/oa/announce/view/edit.html.php
/srv/ranzhi/app/oa/announce/view/view.html.php
/srv/ranzhi/app/oa/announce/view/browse.html.php
/srv/ranzhi/app/oa/common/index.php
/srv/ranzhi/app/oa/common/lang/index.php
/srv/ranzhi/app/oa/common/lang/zh-cn.php
/srv/ranzhi/app/oa/common/lang/en.php
/srv/ranzhi/app/oa/common/lang/zh-tw.php
/srv/ranzhi/app/oa/common/view/index.php
/srv/ranzhi/app/oa/common/view/footer.html.php
/srv/ranzhi/app/oa/common/view/header.html.php
/srv/ranzhi/app/oa/block/js/index.php
/srv/ranzhi/app/oa/block/js/admin.js
/srv/ranzhi/app/oa/block/index.php
/srv/ranzhi/app/oa/block/css/index.php
/srv/ranzhi/app/oa/block/css/admin.css
/srv/ranzhi/app/oa/block/control.php
/srv/ranzhi/app/oa/block/model.php
/srv/ranzhi/app/oa/block/lang/index.php
/srv/ranzhi/app/oa/block/lang/zh-cn.php
/srv/ranzhi/app/oa/block/lang/en.php
/srv/ranzhi/app/oa/block/lang/zh-tw.php
/srv/ranzhi/app/oa/block/view/mycreatedtaskblock.html.php
/srv/ranzhi/app/oa/block/view/announceblock.html.php
/srv/ranzhi/app/oa/block/view/index.php
/srv/ranzhi/app/oa/block/view/admin.html.php
/srv/ranzhi/app/oa/block/view/assignedmetaskblock.html.php
/srv/ranzhi/app/oa/block/view/taskblock.html.php
/srv/ranzhi/app/oa/block/view/projectblock.html.php
/srv/ranzhi/app/oa/block/view/index.html.php
/srv/ranzhi/app/cash/provider/js/index.php
/srv/ranzhi/app/cash/provider/js/common.js
/srv/ranzhi/app/cash/provider/js/view.js
/srv/ranzhi/app/cash/provider/js/linkcontact.js
/srv/ranzhi/app/cash/provider/index.php
/srv/ranzhi/app/cash/provider/css/index.php
/srv/ranzhi/app/cash/provider/css/view.css
/srv/ranzhi/app/cash/provider/control.php
/srv/ranzhi/app/cash/provider/lang/index.php
/srv/ranzhi/app/cash/provider/lang/zh-cn.php
/srv/ranzhi/app/cash/provider/lang/en.php
/srv/ranzhi/app/cash/provider/lang/zh-tw.php
/srv/ranzhi/app/cash/provider/config.php
/srv/ranzhi/app/cash/provider/view/index.php
/srv/ranzhi/app/cash/provider/view/create.html.php
/srv/ranzhi/app/cash/provider/view/edit.html.php
/srv/ranzhi/app/cash/provider/view/contact.html.php
/srv/ranzhi/app/cash/provider/view/linkcontact.html.php
/srv/ranzhi/app/cash/provider/view/view.html.php
/srv/ranzhi/app/cash/provider/view/browse.html.php
/srv/ranzhi/app/cash/index.php
/srv/ranzhi/app/cash/trade/js/showimport.js
/srv/ranzhi/app/cash/trade/js/index.php
/srv/ranzhi/app/cash/trade/js/batchcreate.js
/srv/ranzhi/app/cash/trade/js/browse.js
/srv/ranzhi/app/cash/trade/js/common.js
/srv/ranzhi/app/cash/trade/js/inveset.js
/srv/ranzhi/app/cash/trade/js/transfer.js
/srv/ranzhi/app/cash/trade/index.php
/srv/ranzhi/app/cash/trade/css/index.php
/srv/ranzhi/app/cash/trade/css/batchedit.css
/srv/ranzhi/app/cash/trade/css/batchcreate.css
/srv/ranzhi/app/cash/trade/css/showimport.css
/srv/ranzhi/app/cash/trade/css/browse.css
/srv/ranzhi/app/cash/trade/css/detail.css
/srv/ranzhi/app/cash/trade/control.php
/srv/ranzhi/app/cash/trade/model.php
/srv/ranzhi/app/cash/trade/lang/index.php
/srv/ranzhi/app/cash/trade/lang/zh-cn.php
/srv/ranzhi/app/cash/trade/lang/en.php
/srv/ranzhi/app/cash/trade/lang/zh-tw.php
/srv/ranzhi/app/cash/trade/config.php
/srv/ranzhi/app/cash/trade/view/batchcreate.html.php
/srv/ranzhi/app/cash/trade/view/index.php
/srv/ranzhi/app/cash/trade/view/detail.html.php
/srv/ranzhi/app/cash/trade/view/create.html.php
/srv/ranzhi/app/cash/trade/view/edit.html.php
/srv/ranzhi/app/cash/trade/view/batchedit.html.php
/srv/ranzhi/app/cash/trade/view/export.html.php
/srv/ranzhi/app/cash/trade/view/transfer.html.php
/srv/ranzhi/app/cash/trade/view/inveset.html.php
/srv/ranzhi/app/cash/trade/view/showimport.html.php
/srv/ranzhi/app/cash/trade/view/browse.html.php
/srv/ranzhi/app/cash/trade/view/import.html.php
/srv/ranzhi/app/cash/dashboard/index.php
/srv/ranzhi/app/cash/dashboard/css/index.php
/srv/ranzhi/app/cash/dashboard/css/index.css
/srv/ranzhi/app/cash/dashboard/control.php
/srv/ranzhi/app/cash/dashboard/view/index.php
/srv/ranzhi/app/cash/dashboard/view/index.html.php
/srv/ranzhi/app/cash/index/index.php
/srv/ranzhi/app/cash/index/control.php
/srv/ranzhi/app/cash/balance/js/index.php
/srv/ranzhi/app/cash/balance/js/browse.js
/srv/ranzhi/app/cash/balance/js/common.js
/srv/ranzhi/app/cash/balance/index.php
/srv/ranzhi/app/cash/balance/css/index.php
/srv/ranzhi/app/cash/balance/css/browse.css
/srv/ranzhi/app/cash/balance/control.php
/srv/ranzhi/app/cash/balance/model.php
/srv/ranzhi/app/cash/balance/lang/index.php
/srv/ranzhi/app/cash/balance/lang/zh-cn.php
/srv/ranzhi/app/cash/balance/lang/en.php
/srv/ranzhi/app/cash/balance/lang/zh-tw.php
/srv/ranzhi/app/cash/balance/config.php
/srv/ranzhi/app/cash/balance/view/index.php
/srv/ranzhi/app/cash/balance/view/create.html.php
/srv/ranzhi/app/cash/balance/view/edit.html.php
/srv/ranzhi/app/cash/balance/view/browse.html.php
/srv/ranzhi/app/cash/common/index.php
/srv/ranzhi/app/cash/common/lang/index.php
/srv/ranzhi/app/cash/common/lang/zh-cn.php
/srv/ranzhi/app/cash/common/lang/en.php
/srv/ranzhi/app/cash/common/lang/zh-tw.php
/srv/ranzhi/app/cash/common/view/index.php
/srv/ranzhi/app/cash/common/view/footer.html.php
/srv/ranzhi/app/cash/common/view/header.html.php
/srv/ranzhi/app/cash/block/js/index.php
/srv/ranzhi/app/cash/block/js/admin.js
/srv/ranzhi/app/cash/block/index.php
/srv/ranzhi/app/cash/block/css/index.php
/srv/ranzhi/app/cash/block/css/admin.css
/srv/ranzhi/app/cash/block/control.php
/srv/ranzhi/app/cash/block/model.php
/srv/ranzhi/app/cash/block/lang/index.php
/srv/ranzhi/app/cash/block/lang/zh-cn.php
/srv/ranzhi/app/cash/block/lang/en.php
/srv/ranzhi/app/cash/block/lang/zh-tw.php
/srv/ranzhi/app/cash/block/view/providerblock.html.php
/srv/ranzhi/app/cash/block/view/index.php
/srv/ranzhi/app/cash/block/view/admin.html.php
/srv/ranzhi/app/cash/block/view/tradeblock.html.php
/srv/ranzhi/app/cash/block/view/depositorblock.html.php
/srv/ranzhi/app/cash/block/view/index.html.php
/srv/ranzhi/app/cash/depositor/js/index.php
/srv/ranzhi/app/cash/depositor/js/check.js
/srv/ranzhi/app/cash/depositor/js/create.js
/srv/ranzhi/app/cash/depositor/index.php
/srv/ranzhi/app/cash/depositor/css/index.php
/srv/ranzhi/app/cash/depositor/css/browse.css
/srv/ranzhi/app/cash/depositor/control.php
/srv/ranzhi/app/cash/depositor/model.php
/srv/ranzhi/app/cash/depositor/lang/index.php
/srv/ranzhi/app/cash/depositor/lang/zh-cn.php
/srv/ranzhi/app/cash/depositor/lang/en.php
/srv/ranzhi/app/cash/depositor/lang/zh-tw.php
/srv/ranzhi/app/cash/depositor/config.php
/srv/ranzhi/app/cash/depositor/view/index.php
/srv/ranzhi/app/cash/depositor/view/create.html.php
/srv/ranzhi/app/cash/depositor/view/edit.html.php
/srv/ranzhi/app/cash/depositor/view/check.html.php
/srv/ranzhi/app/cash/depositor/view/export.html.php
/srv/ranzhi/app/cash/depositor/view/browse.html.php
/srv/ranzhi/app/cash/depositor/view/activate.html.php
/srv/ranzhi/app/cash/depositor/view/forbid.html.php
/srv/ranzhi/doc/CHANGELOG
/srv/ranzhi/doc/index.php
/srv/ranzhi/doc/README.zh_CN
/srv/ranzhi/doc/INSTALL
/srv/ranzhi/doc/README
/srv/ranzhi/doc/LICENSE
/srv/ranzhi/bin/index.php
/srv/ranzhi/bin/rzcli
/srv/ranzhi/framework/index.php
/srv/ranzhi/framework/helper.class.php
/srv/ranzhi/framework/model.class.php
/srv/ranzhi/framework/router.class.php
/srv/ranzhi/framework/loader.php
/srv/ranzhi/framework/control.class.php
/srv/ranzhi/db/upgrade1.1.beta.sql
/srv/ranzhi/db/index.php
/srv/ranzhi/db/upgrade1.0.beta.sql
/srv/ranzhi/db/upgrade1.2.beta.sql
/srv/ranzhi/db/upgrade1.6.sql
/srv/ranzhi/db/upgrade2.1.sql
/srv/ranzhi/db/upgrade0.1.sql
/srv/ranzhi/db/upgrade1.3.beta.sql
/srv/ranzhi/db/upgrade2.0.sql
/srv/ranzhi/db/upgrade0.5.sql
/srv/ranzhi/db/upgrade1.4.beta.sql
/srv/ranzhi/db/upgrade1.5.beta.sql
/srv/ranzhi/db/ranzhi.sql
/srv/ranzhi/VERSION
/srv/ranzhi/config/index.php
/srv/ranzhi/config/rights.php
/srv/ranzhi/config/config.php
/srv/ranzhi/config/my.php
/srv/ranzhi/www/favicon.ico
/srv/ranzhi/www/js/my.js
/srv/ranzhi/www/js/index.php
/srv/ranzhi/www/js/jquery/index.php
/srv/ranzhi/www/js/jquery/form/index.php
/srv/ranzhi/www/js/jquery/form/min.js
/srv/ranzhi/www/js/jquery/chosen/index.php
/srv/ranzhi/www/js/jquery/chosen/min.css
/srv/ranzhi/www/js/jquery/chosen/min.js
/srv/ranzhi/www/js/jquery/ips.js
/srv/ranzhi/www/js/jquery/reverseorder/index.php
/srv/ranzhi/www/js/jquery/reverseorder/raw.js
/srv/ranzhi/www/js/jquery/min.js
/srv/ranzhi/www/js/jquery/placeholder/index.php
/srv/ranzhi/www/js/jquery/placeholder/min.js
/srv/ranzhi/www/js/jquery/treeview/index.php
/srv/ranzhi/www/js/jquery/treeview/min.css
/srv/ranzhi/www/js/jquery/treeview/min.js
/srv/ranzhi/www/js/jquery/cookie.js
/srv/ranzhi/www/js/mindmap/index.php
/srv/ranzhi/www/js/mindmap/min.css
/srv/ranzhi/www/js/mindmap/min.js
/srv/ranzhi/www/js/all.js
/srv/ranzhi/www/js/date.js
/srv/ranzhi/www/js/datetimepicker/js/index.php
/srv/ranzhi/www/js/datetimepicker/js/min.js
/srv/ranzhi/www/js/datetimepicker/index.php
/srv/ranzhi/www/js/datetimepicker/css/index.php
/srv/ranzhi/www/js/datetimepicker/css/min.css
/srv/ranzhi/www/js/md5.js
/srv/ranzhi/www/js/html5shiv/index.php
/srv/ranzhi/www/js/html5shiv/min.js
/srv/ranzhi/www/js/zui/index.php
/srv/ranzhi/www/js/zui/min.js
/srv/ranzhi/www/js/ranzhi.js
/srv/ranzhi/www/js/respond/index.php
/srv/ranzhi/www/js/respond/min.js
/srv/ranzhi/www/js/fusioncharts/fcf_stackedcolumn2d.swf
/srv/ranzhi/www/js/fusioncharts/index.php
/srv/ranzhi/www/js/fusioncharts/fcf_stackedcolumn3d.swf
/srv/ranzhi/www/js/fusioncharts/fcf_mscolumn3dlinedy.swf
/srv/ranzhi/www/js/fusioncharts/fcf_gantt.swf
/srv/ranzhi/www/js/fusioncharts/fcf_candlestick.swf
/srv/ranzhi/www/js/fusioncharts/fcf_msline.swf
/srv/ranzhi/www/js/fusioncharts/Readme.txt
/srv/ranzhi/www/js/fusioncharts/fcf_line.swf
/srv/ranzhi/www/js/fusioncharts/fcf_stackedarea2d.swf
/srv/ranzhi/www/js/fusioncharts/fcf_mscolumn2dlinedy.swf
/srv/ranzhi/www/js/fusioncharts/fcf_msbar2d.swf
/srv/ranzhi/www/js/fusioncharts/fcf_funnel.swf
/srv/ranzhi/www/js/fusioncharts/fcf_pie2d.swf
/srv/ranzhi/www/js/fusioncharts/fcf_mscolumn2d.swf
/srv/ranzhi/www/js/fusioncharts/fcf_msarea2d.swf
/srv/ranzhi/www/js/fusioncharts/fcf_mscolumn3d.swf
/srv/ranzhi/www/js/fusioncharts/fcf_column3d.swf
/srv/ranzhi/www/js/fusioncharts/fcf_stackedbar2d.swf
/srv/ranzhi/www/js/fusioncharts/fcf_pie3d.swf
/srv/ranzhi/www/js/fusioncharts/fcf_area2d.swf
/srv/ranzhi/www/js/fusioncharts/fcf_bar2d.swf
/srv/ranzhi/www/js/fusioncharts/fcf_column2d.swf
/srv/ranzhi/www/js/fusioncharts/fusioncharts.js
/srv/ranzhi/www/js/fusioncharts/fcf_doughnut2d.swf
/srv/ranzhi/www/js/kindeditor/index.php
/srv/ranzhi/www/js/kindeditor/plugins/quickformat/index.php
/srv/ranzhi/www/js/kindeditor/plugins/quickformat/quickformat.js
/srv/ranzhi/www/js/kindeditor/plugins/code/index.php
/srv/ranzhi/www/js/kindeditor/plugins/code/prettify.js
/srv/ranzhi/www/js/kindeditor/plugins/code/prettify.css
/srv/ranzhi/www/js/kindeditor/plugins/code/code.js
/srv/ranzhi/www/js/kindeditor/plugins/link/index.php
/srv/ranzhi/www/js/kindeditor/plugins/link/link.js
/srv/ranzhi/www/js/kindeditor/plugins/index.php
/srv/ranzhi/www/js/kindeditor/plugins/media/index.php
/srv/ranzhi/www/js/kindeditor/plugins/media/media.js
/srv/ranzhi/www/js/kindeditor/plugins/filemanager/filemanager.js
/srv/ranzhi/www/js/kindeditor/plugins/filemanager/index.php
/srv/ranzhi/www/js/kindeditor/plugins/filemanager/images/index.php
/srv/ranzhi/www/js/kindeditor/plugins/filemanager/images/folder-64.gif
/srv/ranzhi/www/js/kindeditor/plugins/filemanager/images/go-up.gif
/srv/ranzhi/www/js/kindeditor/plugins/filemanager/images/file-64.gif
/srv/ranzhi/www/js/kindeditor/plugins/filemanager/images/folder-16.gif
/srv/ranzhi/www/js/kindeditor/plugins/filemanager/images/file-16.gif
/srv/ranzhi/www/js/kindeditor/plugins/map/map.html
/srv/ranzhi/www/js/kindeditor/plugins/map/index.php
/srv/ranzhi/www/js/kindeditor/plugins/map/map.js
/srv/ranzhi/www/js/kindeditor/plugins/pagebreak/index.php
/srv/ranzhi/www/js/kindeditor/plugins/pagebreak/pagebreak.js
/srv/ranzhi/www/js/kindeditor/plugins/plainpaste/index.php
/srv/ranzhi/www/js/kindeditor/plugins/plainpaste/plainpaste.js
/srv/ranzhi/www/js/kindeditor/plugins/insertfile/index.php
/srv/ranzhi/www/js/kindeditor/plugins/insertfile/insertfile.js
/srv/ranzhi/www/js/kindeditor/plugins/table/table.js
/srv/ranzhi/www/js/kindeditor/plugins/table/index.php
/srv/ranzhi/www/js/kindeditor/plugins/template/index.php
/srv/ranzhi/www/js/kindeditor/plugins/template/html/3.html
/srv/ranzhi/www/js/kindeditor/plugins/template/html/2.html
/srv/ranzhi/www/js/kindeditor/plugins/template/html/index.php
/srv/ranzhi/www/js/kindeditor/plugins/template/html/1.html
/srv/ranzhi/www/js/kindeditor/plugins/template/template.js
/srv/ranzhi/www/js/kindeditor/plugins/lineheight/index.php
/srv/ranzhi/www/js/kindeditor/plugins/lineheight/lineheight.js
/srv/ranzhi/www/js/kindeditor/plugins/flash/index.php
/srv/ranzhi/www/js/kindeditor/plugins/flash/flash.js
/srv/ranzhi/www/js/kindeditor/plugins/anchor/index.php
/srv/ranzhi/www/js/kindeditor/plugins/anchor/anchor.js
/srv/ranzhi/www/js/kindeditor/plugins/autoheight/index.php
/srv/ranzhi/www/js/kindeditor/plugins/autoheight/autoheight.js
/srv/ranzhi/www/js/kindeditor/plugins/image/index.php
/srv/ranzhi/www/js/kindeditor/plugins/image/images/align_right.gif
/srv/ranzhi/www/js/kindeditor/plugins/image/images/index.php
/srv/ranzhi/www/js/kindeditor/plugins/image/images/align_top.gif
/srv/ranzhi/www/js/kindeditor/plugins/image/images/align_left.gif
/srv/ranzhi/www/js/kindeditor/plugins/image/images/refresh.png
/srv/ranzhi/www/js/kindeditor/plugins/image/image.js
/srv/ranzhi/www/js/kindeditor/plugins/multiimage/index.php
/srv/ranzhi/www/js/kindeditor/plugins/multiimage/multiimage.js
/srv/ranzhi/www/js/kindeditor/plugins/multiimage/images/index.php
/srv/ranzhi/www/js/kindeditor/plugins/multiimage/images/swfupload.swf
/srv/ranzhi/www/js/kindeditor/plugins/multiimage/images/select-files-zh_CN.png
/srv/ranzhi/www/js/kindeditor/plugins/multiimage/images/select-files-en.png
/srv/ranzhi/www/js/kindeditor/plugins/multiimage/images/image.png
/srv/ranzhi/www/js/kindeditor/plugins/emoticons/index.php
/srv/ranzhi/www/js/kindeditor/plugins/emoticons/emoticons.js
/srv/ranzhi/www/js/kindeditor/plugins/emoticons/images/116.gif
/srv/ranzhi/www/js/kindeditor/plugins/emoticons/images/113.gif
/srv/ranzhi/www/js/kindeditor/plugins/emoticons/images/67.gif
/srv/ranzhi/www/js/kindeditor/plugins/emoticons/images/105.gif
/srv/ranzhi/www/js/kindeditor/plugins/emoticons/images/42.gif
/srv/ranzhi/www/js/kindeditor/plugins/emoticons/images/134.gif
/srv/ranzhi/www/js/kindeditor/plugins/emoticons/images/50.gif
/srv/ranzhi/www/js/kindeditor/plugins/emoticons/images/129.gif
/srv/ranzhi/www/js/kindeditor/plugins/emoticons/images/101.gif
/srv/ranzhi/www/js/kindeditor/plugins/emoticons/images/121.gif
/srv/ranzhi/www/js/kindeditor/plugins/emoticons/images/10.gif
/srv/ranzhi/www/js/kindeditor/plugins/emoticons/images/35.gif
/srv/ranzhi/www/js/kindeditor/plugins/emoticons/images/27.gif
/srv/ranzhi/www/js/kindeditor/plugins/emoticons/images/index.php
/srv/ranzhi/www/js/kindeditor/plugins/emoticons/images/38.gif
/srv/ranzhi/www/js/kindeditor/plugins/emoticons/images/48.gif
/srv/ranzhi/www/js/kindeditor/plugins/emoticons/images/20.gif
/srv/ranzhi/www/js/kindeditor/plugins/emoticons/images/104.gif
/srv/ranzhi/www/js/kindeditor/plugins/emoticons/images/95.gif
/srv/ranzhi/www/js/kindeditor/plugins/emoticons/images/58.gif
/srv/ranzhi/www/js/kindeditor/plugins/emoticons/images/80.gif
/srv/ranzhi/www/js/kindeditor/plugins/emoticons/images/132.gif
/srv/ranzhi/www/js/kindeditor/plugins/emoticons/images/14.gif
/srv/ranzhi/www/js/kindeditor/plugins/emoticons/images/115.gif
/srv/ranzhi/www/js/kindeditor/plugins/emoticons/images/128.gif
/srv/ranzhi/www/js/kindeditor/plugins/emoticons/images/110.gif
/srv/ranzhi/www/js/kindeditor/plugins/emoticons/images/124.gif
/srv/ranzhi/www/js/kindeditor/plugins/emoticons/images/72.gif
/srv/ranzhi/www/js/kindeditor/plugins/emoticons/images/93.gif
/srv/ranzhi/www/js/kindeditor/plugins/emoticons/images/126.gif
/srv/ranzhi/www/js/kindeditor/plugins/emoticons/images/31.gif
/srv/ranzhi/www/js/kindeditor/plugins/emoticons/images/76.gif
/srv/ranzhi/www/js/kindeditor/plugins/emoticons/images/46.gif
/srv/ranzhi/www/js/kindeditor/plugins/emoticons/images/5.gif
/srv/ranzhi/www/js/kindeditor/plugins/emoticons/images/64.gif
/srv/ranzhi/www/js/kindeditor/plugins/emoticons/images/119.gif
/srv/ranzhi/www/js/kindeditor/plugins/emoticons/images/36.gif
/srv/ranzhi/www/js/kindeditor/plugins/emoticons/images/81.gif
/srv/ranzhi/www/js/kindeditor/plugins/emoticons/images/23.gif
/srv/ranzhi/www/js/kindeditor/plugins/emoticons/images/117.gif
/srv/ranzhi/www/js/kindeditor/plugins/emoticons/images/98.gif
/srv/ranzhi/www/js/kindeditor/plugins/emoticons/images/118.gif
/srv/ranzhi/www/js/kindeditor/plugins/emoticons/images/7.gif
/srv/ranzhi/www/js/kindeditor/plugins/emoticons/images/62.gif
/srv/ranzhi/www/js/kindeditor/plugins/emoticons/images/109.gif
/srv/ranzhi/www/js/kindeditor/plugins/emoticons/images/28.gif
/srv/ranzhi/www/js/kindeditor/plugins/emoticons/images/122.gif
/srv/ranzhi/www/js/kindeditor/plugins/emoticons/images/107.gif
/srv/ranzhi/www/js/kindeditor/plugins/emoticons/images/0.gif
/srv/ranzhi/www/js/kindeditor/plugins/emoticons/images/24.gif
/srv/ranzhi/www/js/kindeditor/plugins/emoticons/images/54.gif
/srv/ranzhi/www/js/kindeditor/plugins/emoticons/images/19.gif
/srv/ranzhi/www/js/kindeditor/plugins/emoticons/images/34.gif
/srv/ranzhi/www/js/kindeditor/plugins/emoticons/images/43.gif
/srv/ranzhi/www/js/kindeditor/plugins/emoticons/images/15.gif
/srv/ranzhi/www/js/kindeditor/plugins/emoticons/images/112.gif
/srv/ranzhi/www/js/kindeditor/plugins/emoticons/images/17.gif
/srv/ranzhi/www/js/kindeditor/plugins/emoticons/images/57.gif
/srv/ranzhi/www/js/kindeditor/plugins/emoticons/images/88.gif
/srv/ranzhi/www/js/kindeditor/plugins/emoticons/images/66.gif
/srv/ranzhi/www/js/kindeditor/plugins/emoticons/images/102.gif
/srv/ranzhi/www/js/kindeditor/plugins/emoticons/images/90.gif
/srv/ranzhi/www/js/kindeditor/plugins/emoticons/images/68.gif
/srv/ranzhi/www/js/kindeditor/plugins/emoticons/images/3.gif
/srv/ranzhi/www/js/kindeditor/plugins/emoticons/images/47.gif
/srv/ranzhi/www/js/kindeditor/plugins/emoticons/images/static.gif
/srv/ranzhi/www/js/kindeditor/plugins/emoticons/images/77.gif
/srv/ranzhi/www/js/kindeditor/plugins/emoticons/images/69.gif
/srv/ranzhi/www/js/kindeditor/plugins/emoticons/images/92.gif
/srv/ranzhi/www/js/kindeditor/plugins/emoticons/images/56.gif
/srv/ranzhi/www/js/kindeditor/plugins/emoticons/images/29.gif
/srv/ranzhi/www/js/kindeditor/plugins/emoticons/images/75.gif
/srv/ranzhi/www/js/kindeditor/plugins/emoticons/images/65.gif
/srv/ranzhi/www/js/kindeditor/plugins/emoticons/images/123.gif
/srv/ranzhi/www/js/kindeditor/plugins/emoticons/images/127.gif
/srv/ranzhi/www/js/kindeditor/plugins/emoticons/images/61.gif
/srv/ranzhi/www/js/kindeditor/plugins/emoticons/images/25.gif
/srv/ranzhi/www/js/kindeditor/plugins/emoticons/images/44.gif
/srv/ranzhi/www/js/kindeditor/plugins/emoticons/images/30.gif
/srv/ranzhi/www/js/kindeditor/plugins/emoticons/images/82.gif
/srv/ranzhi/www/js/kindeditor/plugins/emoticons/images/13.gif
/srv/ranzhi/www/js/kindeditor/plugins/emoticons/images/91.gif
/srv/ranzhi/www/js/kindeditor/plugins/emoticons/images/71.gif
/srv/ranzhi/www/js/kindeditor/plugins/emoticons/images/74.gif
/srv/ranzhi/www/js/kindeditor/plugins/emoticons/images/85.gif
/srv/ranzhi/www/js/kindeditor/plugins/emoticons/images/99.gif
/srv/ranzhi/www/js/kindeditor/plugins/emoticons/images/133.gif
/srv/ranzhi/www/js/kindeditor/plugins/emoticons/images/51.gif
/srv/ranzhi/www/js/kindeditor/plugins/emoticons/images/11.gif
/srv/ranzhi/www/js/kindeditor/plugins/emoticons/images/70.gif
/srv/ranzhi/www/js/kindeditor/plugins/emoticons/images/6.gif
/srv/ranzhi/www/js/kindeditor/plugins/emoticons/images/41.gif
/srv/ranzhi/www/js/kindeditor/plugins/emoticons/images/37.gif
/srv/ranzhi/www/js/kindeditor/plugins/emoticons/images/55.gif
/srv/ranzhi/www/js/kindeditor/plugins/emoticons/images/8.gif
/srv/ranzhi/www/js/kindeditor/plugins/emoticons/images/120.gif
/srv/ranzhi/www/js/kindeditor/plugins/emoticons/images/45.gif
/srv/ranzhi/www/js/kindeditor/plugins/emoticons/images/52.gif
/srv/ranzhi/www/js/kindeditor/plugins/emoticons/images/111.gif
/srv/ranzhi/www/js/kindeditor/plugins/emoticons/images/103.gif
/srv/ranzhi/www/js/kindeditor/plugins/emoticons/images/94.gif
/srv/ranzhi/www/js/kindeditor/plugins/emoticons/images/12.gif
/srv/ranzhi/www/js/kindeditor/plugins/emoticons/images/49.gif
/srv/ranzhi/www/js/kindeditor/plugins/emoticons/images/130.gif
/srv/ranzhi/www/js/kindeditor/plugins/emoticons/images/96.gif
/srv/ranzhi/www/js/kindeditor/plugins/emoticons/images/106.gif
/srv/ranzhi/www/js/kindeditor/plugins/emoticons/images/2.gif
/srv/ranzhi/www/js/kindeditor/plugins/emoticons/images/59.gif
/srv/ranzhi/www/js/kindeditor/plugins/emoticons/images/100.gif
/srv/ranzhi/www/js/kindeditor/plugins/emoticons/images/40.gif
/srv/ranzhi/www/js/kindeditor/plugins/emoticons/images/87.gif
/srv/ranzhi/www/js/kindeditor/plugins/emoticons/images/97.gif
/srv/ranzhi/www/js/kindeditor/plugins/emoticons/images/114.gif
/srv/ranzhi/www/js/kindeditor/plugins/emoticons/images/9.gif
/srv/ranzhi/www/js/kindeditor/plugins/emoticons/images/73.gif
/srv/ranzhi/www/js/kindeditor/plugins/emoticons/images/18.gif
/srv/ranzhi/www/js/kindeditor/plugins/emoticons/images/53.gif
/srv/ranzhi/www/js/kindeditor/plugins/emoticons/images/4.gif
/srv/ranzhi/www/js/kindeditor/plugins/emoticons/images/83.gif
/srv/ranzhi/www/js/kindeditor/plugins/emoticons/images/21.gif
/srv/ranzhi/www/js/kindeditor/plugins/emoticons/images/78.gif
/srv/ranzhi/www/js/kindeditor/plugins/emoticons/images/131.gif
/srv/ranzhi/www/js/kindeditor/plugins/emoticons/images/108.gif
/srv/ranzhi/www/js/kindeditor/plugins/emoticons/images/86.gif
/srv/ranzhi/www/js/kindeditor/plugins/emoticons/images/125.gif
/srv/ranzhi/www/js/kindeditor/plugins/emoticons/images/32.gif
/srv/ranzhi/www/js/kindeditor/plugins/emoticons/images/89.gif
/srv/ranzhi/www/js/kindeditor/plugins/emoticons/images/84.gif
/srv/ranzhi/www/js/kindeditor/plugins/emoticons/images/22.gif
/srv/ranzhi/www/js/kindeditor/plugins/emoticons/images/79.gif
/srv/ranzhi/www/js/kindeditor/plugins/emoticons/images/26.gif
/srv/ranzhi/www/js/kindeditor/plugins/emoticons/images/60.gif
/srv/ranzhi/www/js/kindeditor/plugins/emoticons/images/63.gif
/srv/ranzhi/www/js/kindeditor/plugins/emoticons/images/39.gif
/srv/ranzhi/www/js/kindeditor/plugins/emoticons/images/33.gif
/srv/ranzhi/www/js/kindeditor/plugins/emoticons/images/16.gif
/srv/ranzhi/www/js/kindeditor/plugins/emoticons/images/1.gif
/srv/ranzhi/www/js/kindeditor/plugins/clearhtml/index.php
/srv/ranzhi/www/js/kindeditor/plugins/clearhtml/clearhtml.js
/srv/ranzhi/www/js/kindeditor/plugins/preview/index.php
/srv/ranzhi/www/js/kindeditor/plugins/preview/preview.js
/srv/ranzhi/www/js/kindeditor/plugins/wordpaste/index.php
/srv/ranzhi/www/js/kindeditor/plugins/wordpaste/wordpaste.js
/srv/ranzhi/www/js/kindeditor/plugins/baidumap/map.html
/srv/ranzhi/www/js/kindeditor/plugins/baidumap/index.php
/srv/ranzhi/www/js/kindeditor/plugins/baidumap/baidumap.js
/srv/ranzhi/www/js/kindeditor/plugins/baidumap/index.html
/srv/ranzhi/www/js/kindeditor/kindeditor-min.js
/srv/ranzhi/www/js/kindeditor/lang/index.php
/srv/ranzhi/www/js/kindeditor/lang/zh_TW.js
/srv/ranzhi/www/js/kindeditor/lang/zh_CN.js
/srv/ranzhi/www/js/kindeditor/lang/en.js
/srv/ranzhi/www/js/kindeditor/themes/index.php
/srv/ranzhi/www/js/kindeditor/themes/simple/simple.css
/srv/ranzhi/www/js/kindeditor/themes/simple/index.php
/srv/ranzhi/www/js/kindeditor/themes/common/media.gif
/srv/ranzhi/www/js/kindeditor/themes/common/rm.gif
/srv/ranzhi/www/js/kindeditor/themes/common/blank.gif
/srv/ranzhi/www/js/kindeditor/themes/common/index.php
/srv/ranzhi/www/js/kindeditor/themes/common/loading.gif
/srv/ranzhi/www/js/kindeditor/themes/common/flash.gif
/srv/ranzhi/www/js/kindeditor/themes/common/anchor.gif
/srv/ranzhi/www/js/kindeditor/themes/default/index.php
/srv/ranzhi/www/js/kindeditor/themes/default/background.png
/srv/ranzhi/www/js/kindeditor/themes/default/default.png
/srv/ranzhi/www/js/kindeditor/themes/default/default.css
/srv/ranzhi/www/js/kindeditor/themes/qq/qq.css
/srv/ranzhi/www/js/kindeditor/themes/qq/index.php
/srv/ranzhi/www/js/kindeditor/themes/qq/editor.gif
/srv/ranzhi/www/js/kindeditor/license.txt
/srv/ranzhi/www/index.php
/srv/ranzhi/www/team/index.php
/srv/ranzhi/www/team/.htaccess
/srv/ranzhi/www/crm/index.php
/srv/ranzhi/www/crm/.htaccess
/srv/ranzhi/www/data/index.php
/srv/ranzhi/www/data/upload/index.php
/srv/ranzhi/www/theme/index.php
/srv/ranzhi/www/theme/zui/index.php
/srv/ranzhi/www/theme/zui/css/index.php
/srv/ranzhi/www/theme/zui/css/min.css
/srv/ranzhi/www/theme/zui/css/theme.cash.css
/srv/ranzhi/www/theme/zui/css/theme.oa.css
/srv/ranzhi/www/theme/zui/css/theme.team.css
/srv/ranzhi/www/theme/zui/fonts/zenicon.ttf
/srv/ranzhi/www/theme/zui/fonts/index.php
/srv/ranzhi/www/theme/zui/fonts/zenicon.svg
/srv/ranzhi/www/theme/zui/fonts/zenicon.woff
/srv/ranzhi/www/theme/zui/fonts/zenicon.eot
/srv/ranzhi/www/theme/default/index.php
/srv/ranzhi/www/theme/default/all.css
/srv/ranzhi/www/theme/default/admin.css
/srv/ranzhi/www/theme/default/ips.css
/srv/ranzhi/www/theme/default/style.css
/srv/ranzhi/www/theme/default/blog.css
/srv/ranzhi/www/theme/default/images/index.php
/srv/ranzhi/www/theme/default/images/main/socialicons.png
/srv/ranzhi/www/theme/default/images/main/index.php
/srv/ranzhi/www/theme/default/images/main/logo.png
/srv/ranzhi/www/theme/default/images/main/webapp-default.png
/srv/ranzhi/www/theme/default/images/ips/index.php
/srv/ranzhi/www/theme/default/images/ips/entry-profile.png
/srv/ranzhi/www/theme/default/images/ips/loading.gif
/srv/ranzhi/www/theme/default/images/ips/app-oa.png
/srv/ranzhi/www/theme/default/images/ips/app-crm.png
/srv/ranzhi/www/theme/default/images/ips/app-ranzhi.png
/srv/ranzhi/www/theme/default/images/ips/app-team.png
/srv/ranzhi/www/theme/default/images/ips/app-pms.png
/srv/ranzhi/www/theme/default/images/ips/avatar.png
/srv/ranzhi/www/theme/default/images/ips/app-cash.png
/srv/ranzhi/www/theme/tree/index.php
/srv/ranzhi/www/theme/tree/preview.png
/srv/ranzhi/www/theme/tree/style.css
/srv/ranzhi/www/theme/tree/blog.css
/srv/ranzhi/www/sys/install.php
/srv/ranzhi/www/sys/index.php
/srv/ranzhi/www/sys/.htaccess
/srv/ranzhi/www/sys/upgrade.php
/srv/ranzhi/www/oa/index.php
/srv/ranzhi/www/oa/.htaccess
/srv/ranzhi/www/robots.txt
/srv/ranzhi/www/cash/index.php
/srv/ranzhi/www/cash/.htaccess
/etc/httpd/sites/02.ranzhi.conf
