/usr/include/readline/readline.h
/usr/include/readline/readline.h
/usr/include/readline/chardefs.h
/usr/include/readline/chardefs.h
/usr/include/readline/keymaps.h
/usr/include/readline/keymaps.h
/usr/include/readline/history.h
/usr/include/readline/history.h
/usr/include/readline/tilde.h
/usr/include/readline/tilde.h
/usr/include/readline/rlstdc.h
/usr/include/readline/rlstdc.h
/usr/include/readline/rlconf.h
/usr/include/readline/rlconf.h
/usr/include/readline/rltypedefs.h
/usr/include/readline/rltypedefs.h
/usr/share/doc/readline-6.3/CHANGES
/usr/share/doc/readline-6.3/CHANGES
/usr/share/doc/readline-6.3/INSTALL
/usr/share/doc/readline-6.3/INSTALL
/usr/share/doc/readline-6.3/README
/usr/share/doc/readline-6.3/README
/usr/share/info/readline.info
/usr/share/info/readline.info
/usr/share/info/readline.info
/usr/share/info/rluserman.info
/usr/share/info/rluserman.info
/usr/share/info/history.info
/usr/share/info/history.info
/usr/share/info/dir
/usr/share/info/dir
/usr/share/info/dir
/usr/share/info/dir
/usr/share/info/dir
/usr/share/info/dir
/usr/share/info/dir
/usr/share/info/dir
/usr/share/info/dir
/usr/share/info/dir
/usr/share/info/dir
/usr/share/info/dir
/usr/share/info/dir
/usr/share/info/dir
/usr/share/info/dir
/usr/share/info/dir
/usr/share/info/dir
/usr/share/info/dir
/usr/share/info/dir
/usr/share/info/dir
/usr/share/info/dir
/usr/share/info/dir
/usr/share/info/dir
/usr/share/info/dir
/usr/share/info/dir
/usr/share/info/dir
/usr/share/info/dir
/usr/share/info/dir
/usr/share/info/dir
/usr/share/info/dir
/usr/share/info/dir
/usr/share/info/dir
/usr/share/info/dir
/usr/share/info/dir
/usr/share/info/dir
/usr/share/info/dir
/usr/share/info/dir
/usr/share/info/dir
/usr/share/info/dir
/usr/share/info/dir
/usr/share/info/dir
/usr/share/info/dir
/usr/share/info/dir
/usr/share/info/dir
/usr/share/info/dir
/usr/share/info/dir
/usr/share/info/dir
/usr/share/info/dir
/usr/share/info/dir
/usr/share/info/dir
/usr/share/info/dir
/usr/share/info/dir
/usr/share/info/dir
/usr/share/info/dir
/usr/share/info/dir
/usr/share/info/dir
/usr/share/info/dir
/usr/share/info/dir
/usr/share/info/dir
/usr/share/info/dir
/usr/share/man/man3/readline.3
/usr/share/man/man3/readline.3
/usr/share/man/man3/history.3
/usr/share/man/man3/history.3
/usr/share/readline/excallback.c
/usr/share/readline/excallback.c
/usr/share/readline/fileman.c
/usr/share/readline/fileman.c
/usr/share/readline/histexamp.c
/usr/share/readline/histexamp.c
/usr/share/readline/manexamp.c
/usr/share/readline/manexamp.c
/usr/share/readline/rl-fgets.c
/usr/share/readline/rl-fgets.c
/usr/share/readline/rl.c
/usr/share/readline/rl.c
/usr/share/readline/rlcat.c
/usr/share/readline/rlcat.c
/usr/share/readline/rlevent.c
/usr/share/readline/rlevent.c
/usr/share/readline/rlptytest.c
/usr/share/readline/rlptytest.c
/usr/share/readline/rltest.c
/usr/share/readline/rltest.c
/usr/share/readline/rlversion.c
/usr/share/readline/rlversion.c
/usr/share/readline/rl-callbacktest.c
/usr/share/readline/rl-callbacktest.c
/usr/share/readline/hist_erasedups.c
/usr/share/readline/hist_erasedups.c
/usr/share/readline/hist_purgecmd.c
/usr/share/readline/hist_purgecmd.c
/usr/lib/libreadline.a
/usr/lib/libreadline.a
/usr/lib/libreadline.a
/usr/lib/libreadline.a
/usr/lib/libreadline.a
/usr/lib/libreadline.a
/usr/lib/libreadline.a
/usr/lib/libreadline.a
/usr/lib/st0A1xuO
/usr/lib/st0A1xuO
/usr/lib/st0A1xuO
/usr/lib/st0A1xuO
/usr/lib/st0A1xuO
/usr/lib/st0A1xuO
/usr/lib/st0A1xuO
/usr/lib/st0A1xuO
/usr/lib/st0A1xuO
/usr/lib/st0A1xuO
/usr/lib/st0A1xuO
/usr/lib/st0A1xuO
/usr/lib/st0A1xuO
/usr/lib/st0A1xuO
/usr/lib/st0A1xuO
/usr/lib/st0A1xuO
/usr/lib/st0A1xuO
/usr/lib/st0A1xuO
/usr/lib/st0A1xuO
/usr/lib/st0A1xuO
/usr/lib/st0A1xuO
/usr/lib/st0A1xuO
/usr/lib/st0A1xuO
/usr/lib/st0A1xuO
/usr/lib/st0A1xuO
/usr/lib/st0A1xuO
/usr/lib/st0A1xuO
/usr/lib/st0A1xuO
/usr/lib/st0A1xuO
/usr/lib/st0A1xuO
/usr/lib/st0A1xuO
/usr/lib/st0A1xuO
/usr/lib/st0A1xuO
/usr/lib/st0A1xuO
/usr/lib/st0A1xuO
/usr/lib/st0A1xuO
/usr/lib/st0A1xuO
/usr/lib/st0A1xuO
/usr/lib/st0A1xuO
/usr/lib/st0A1xuO
/usr/lib/st0A1xuO
/usr/lib/st0A1xuO
/usr/lib/st0A1xuO
/usr/lib/st0A1xuO
/usr/lib/st0A1xuO
/usr/lib/st0A1xuO
/usr/lib/st0A1xuO
/usr/lib/st0A1xuO
/usr/lib/st0A1xuO
/usr/lib/st0A1xuO
/usr/lib/st0A1xuO
/usr/lib/st0A1xuO
/usr/lib/st0A1xuO
/usr/lib/st0A1xuO
/usr/lib/st0A1xuO
/usr/lib/st0A1xuO
/usr/lib/st0A1xuO
/usr/lib/st0A1xuO
/usr/lib/st0A1xuO
/usr/lib/st0A1xuO
/usr/lib/st0A1xuO
/usr/lib/st0A1xuO
/usr/lib/st0A1xuO
/usr/lib/st0A1xuO
/usr/lib/st0A1xuO
/usr/lib/st0A1xuO
/usr/lib/st0A1xuO
/usr/lib/st0A1xuO
/usr/lib/st0A1xuO
/usr/lib/st0A1xuO
/usr/lib/st0A1xuO
/usr/lib/st0A1xuO
/usr/lib/st0A1xuO
/usr/lib/st0A1xuO
/usr/lib/st0A1xuO
/usr/lib/st0A1xuO
/usr/lib/st0A1xuO
/usr/lib/st0A1xuO
/usr/lib/st0A1xuO
/usr/lib/st0A1xuO
/usr/lib/st0A1xuO
/usr/lib/st0A1xuO
/usr/lib/st0A1xuO
/usr/lib/st0A1xuO
/usr/lib/st0A1xuO
/usr/lib/st0A1xuO
/usr/lib/st0A1xuO
/usr/lib/st0A1xuO
/usr/lib/st0A1xuO
/usr/lib/st0A1xuO
/usr/lib/st0A1xuO
/usr/lib/st0A1xuO
/usr/lib/st0A1xuO
/usr/lib/st0A1xuO
/usr/lib/st0A1xuO
/usr/lib/st0A1xuO
/usr/lib/st0A1xuO
/usr/lib/st0A1xuO
/usr/lib/st0A1xuO
/usr/lib/st0A1xuO
/usr/lib/st0A1xuO
/usr/lib/st0A1xuO
/usr/lib/st0A1xuO
/usr/lib/st0A1xuO
/usr/lib/st0A1xuO
/usr/lib/st0A1xuO
/usr/lib/st0A1xuO
/usr/lib/st0A1xuO
/usr/lib/st0A1xuO
/usr/lib/st0A1xuO
/usr/lib/st0A1xuO
/usr/lib/st0A1xuO
/usr/lib/st0A1xuO
/usr/lib/st0A1xuO
/usr/lib/st0A1xuO
/usr/lib/st0A1xuO
/usr/lib/st0A1xuO
/usr/lib/st0A1xuO
/usr/lib/st0A1xuO
/usr/lib/st0A1xuO
/usr/lib/st0A1xuO
/usr/lib/st0A1xuO
/usr/lib/st0A1xuO
/usr/lib/st0A1xuO
/usr/lib/st0A1xuO
/usr/lib/st0A1xuO
/usr/lib/st0A1xuO
/usr/lib/st0A1xuO
/usr/lib/st0A1xuO
/usr/lib/st0A1xuO
/usr/lib/st0A1xuO
/usr/lib/st0A1xuO
/usr/lib/st0A1xuO
/usr/lib/st0A1xuO
/usr/lib/st0A1xuO
/usr/lib/st0A1xuO
/usr/lib/st0A1xuO
/usr/lib/st0A1xuO
/usr/lib/st0A1xuO
/usr/lib/st0A1xuO
/usr/lib/st0A1xuO
/usr/lib/st0A1xuO
/usr/lib/st0A1xuO
/usr/lib/st0A1xuO
/usr/lib/st0A1xuO
/usr/lib/st0A1xuO
/usr/lib/st0A1xuO
/usr/lib/st0A1xuO
/usr/lib/st0A1xuO
/usr/lib/st0A1xuO
/usr/lib/st0A1xuO
/usr/lib/st0A1xuO
/usr/lib/st0A1xuO
/usr/lib/st0A1xuO
/usr/lib/st0A1xuO
/usr/lib/st0A1xuO
/usr/lib/st0A1xuO
/usr/lib/st0A1xuO
/usr/lib/st0A1xuO
/usr/lib/st0A1xuO
/usr/lib/st0A1xuO
/usr/lib/st0A1xuO
/usr/lib/st0A1xuO
/usr/lib/st0A1xuO
/usr/lib/st0A1xuO
/usr/lib/st0A1xuO
/usr/lib/st0A1xuO
/usr/lib/st0A1xuO
/usr/lib/st0A1xuO
/usr/lib/st0A1xuO
/usr/lib/st0A1xuO
/usr/lib/st0A1xuO
/usr/lib/st0A1xuO
/usr/lib/st0A1xuO
/usr/lib/st0A1xuO
/usr/lib/st0A1xuO
/usr/lib/st0A1xuO
/usr/lib/st0A1xuO
/usr/lib/st0A1xuO
/usr/lib/st0A1xuO
/usr/lib/st0A1xuO
/usr/lib/st0A1xuO
/usr/lib/st0A1xuO
/usr/lib/st0A1xuO
/usr/lib/st0A1xuO
/usr/lib/st0A1xuO
/usr/lib/st0A1xuO
/usr/lib/st0A1xuO
/usr/lib/st0A1xuO
/usr/lib/st0A1xuO
/usr/lib/st0A1xuO
/usr/lib/st0A1xuO
/usr/lib/st0A1xuO
/usr/lib/st0A1xuO
/usr/lib/st0A1xuO
/usr/lib/st0A1xuO
/usr/lib/st0A1xuO
/usr/lib/st0A1xuO
/usr/lib/st0A1xuO
/usr/lib/st0A1xuO
/usr/lib/st0A1xuO
/usr/lib/st0A1xuO
/usr/lib/st0A1xuO
/usr/lib/st0A1xuO
/usr/lib/st0A1xuO
/usr/lib/st0A1xuO
/usr/lib/st0A1xuO
/usr/lib/st0A1xuO
/usr/lib/libreadline.a
/usr/lib/libhistory.a
/usr/lib/libhistory.a
/usr/lib/stj1s2rM
/usr/lib/stj1s2rM
/usr/lib/stj1s2rM
/usr/lib/stj1s2rM
/usr/lib/stj1s2rM
/usr/lib/stj1s2rM
/usr/lib/stj1s2rM
/usr/lib/stj1s2rM
/usr/lib/stj1s2rM
/usr/lib/stj1s2rM
/usr/lib/stj1s2rM
/usr/lib/stj1s2rM
/usr/lib/stj1s2rM
/usr/lib/stj1s2rM
/usr/lib/stj1s2rM
/usr/lib/stj1s2rM
/usr/lib/stj1s2rM
/usr/lib/stj1s2rM
/usr/lib/stj1s2rM
/usr/lib/stj1s2rM
/usr/lib/stj1s2rM
/usr/lib/stj1s2rM
/usr/lib/stj1s2rM
/usr/lib/stj1s2rM
/usr/lib/stj1s2rM
/usr/lib/stj1s2rM
/usr/lib/stj1s2rM
/usr/lib/stj1s2rM
/usr/lib/stj1s2rM
/usr/lib/stj1s2rM
/usr/lib/stj1s2rM
/usr/lib/stj1s2rM
/usr/lib/stj1s2rM
/usr/lib/libhistory.a
/usr/lib/libhistory.so.6.3
/usr/lib/libhistory.so.6.3
/usr/lib/libhistory.so.6
/usr/lib/libhistory.so
/usr/lib/libreadline.so.6.3
/usr/lib/libreadline.so.6.3
/usr/lib/libreadline.so.6.3
/usr/lib/libreadline.so.6.3
/usr/lib/libreadline.so.6.3
/usr/lib/libreadline.so.6.3
/usr/lib/libreadline.so.6
/usr/lib/libreadline.so
/usr/lib/libreadline.so.6
/lib/libreadline.so.6
/usr/lib/libreadline.so.6.3
/lib/libreadline.so.6.3
/usr/lib/libhistory.so.6
/lib/libhistory.so.6
/usr/lib/libhistory.so.6.3
/lib/libhistory.so.6.3
/usr/lib/libreadline.so
/usr/lib/libhistory.so
