/usr/share/locale/bs/LC_MESSAGES/shadow.mo
/usr/share/locale/bs/LC_MESSAGES/shadow.mo
/usr/share/locale/ca/LC_MESSAGES/shadow.mo
/usr/share/locale/ca/LC_MESSAGES/shadow.mo
/usr/share/locale/cs/LC_MESSAGES/shadow.mo
/usr/share/locale/cs/LC_MESSAGES/shadow.mo
/usr/share/locale/da/LC_MESSAGES/shadow.mo
/usr/share/locale/da/LC_MESSAGES/shadow.mo
/usr/share/locale/de/LC_MESSAGES/shadow.mo
/usr/share/locale/de/LC_MESSAGES/shadow.mo
/usr/share/locale/dz/LC_MESSAGES/shadow.mo
/usr/share/locale/dz/LC_MESSAGES/shadow.mo
/usr/share/locale/el/LC_MESSAGES/shadow.mo
/usr/share/locale/el/LC_MESSAGES/shadow.mo
/usr/share/locale/es/LC_MESSAGES/shadow.mo
/usr/share/locale/es/LC_MESSAGES/shadow.mo
/usr/share/locale/eu/LC_MESSAGES/shadow.mo
/usr/share/locale/eu/LC_MESSAGES/shadow.mo
/usr/share/locale/fi/LC_MESSAGES/shadow.mo
/usr/share/locale/fi/LC_MESSAGES/shadow.mo
/usr/share/locale/fr/LC_MESSAGES/shadow.mo
/usr/share/locale/fr/LC_MESSAGES/shadow.mo
/usr/share/locale/gl/LC_MESSAGES/shadow.mo
/usr/share/locale/gl/LC_MESSAGES/shadow.mo
/usr/share/locale/he/LC_MESSAGES/shadow.mo
/usr/share/locale/he/LC_MESSAGES/shadow.mo
/usr/share/locale/hu/LC_MESSAGES/shadow.mo
/usr/share/locale/hu/LC_MESSAGES/shadow.mo
/usr/share/locale/id/LC_MESSAGES/shadow.mo
/usr/share/locale/id/LC_MESSAGES/shadow.mo
/usr/share/locale/it/LC_MESSAGES/shadow.mo
/usr/share/locale/it/LC_MESSAGES/shadow.mo
/usr/share/locale/ja/LC_MESSAGES/shadow.mo
/usr/share/locale/ja/LC_MESSAGES/shadow.mo
/usr/share/locale/kk/LC_MESSAGES/shadow.mo
/usr/share/locale/kk/LC_MESSAGES/shadow.mo
/usr/share/locale/km/LC_MESSAGES/shadow.mo
/usr/share/locale/km/LC_MESSAGES/shadow.mo
/usr/share/locale/ko/LC_MESSAGES/shadow.mo
/usr/share/locale/ko/LC_MESSAGES/shadow.mo
/usr/share/locale/nb/LC_MESSAGES/shadow.mo
/usr/share/locale/nb/LC_MESSAGES/shadow.mo
/usr/share/locale/ne/LC_MESSAGES/shadow.mo
/usr/share/locale/ne/LC_MESSAGES/shadow.mo
/usr/share/locale/nl/LC_MESSAGES/shadow.mo
/usr/share/locale/nl/LC_MESSAGES/shadow.mo
/usr/share/locale/nn/LC_MESSAGES/shadow.mo
/usr/share/locale/nn/LC_MESSAGES/shadow.mo
/usr/share/locale/pl/LC_MESSAGES/shadow.mo
/usr/share/locale/pl/LC_MESSAGES/shadow.mo
/usr/share/locale/pt/LC_MESSAGES/shadow.mo
/usr/share/locale/pt/LC_MESSAGES/shadow.mo
/usr/share/locale/pt_BR/LC_MESSAGES/shadow.mo
/usr/share/locale/pt_BR/LC_MESSAGES/shadow.mo
/usr/share/locale/ro/LC_MESSAGES/shadow.mo
/usr/share/locale/ro/LC_MESSAGES/shadow.mo
/usr/share/locale/ru/LC_MESSAGES/shadow.mo
/usr/share/locale/ru/LC_MESSAGES/shadow.mo
/usr/share/locale/sk/LC_MESSAGES/shadow.mo
/usr/share/locale/sk/LC_MESSAGES/shadow.mo
/usr/share/locale/sq/LC_MESSAGES/shadow.mo
/usr/share/locale/sq/LC_MESSAGES/shadow.mo
/usr/share/locale/sv/LC_MESSAGES/shadow.mo
/usr/share/locale/sv/LC_MESSAGES/shadow.mo
/usr/share/locale/tl/LC_MESSAGES/shadow.mo
/usr/share/locale/tl/LC_MESSAGES/shadow.mo
/usr/share/locale/tr/LC_MESSAGES/shadow.mo
/usr/share/locale/tr/LC_MESSAGES/shadow.mo
/usr/share/locale/uk/LC_MESSAGES/shadow.mo
/usr/share/locale/uk/LC_MESSAGES/shadow.mo
/usr/share/locale/vi/LC_MESSAGES/shadow.mo
/usr/share/locale/vi/LC_MESSAGES/shadow.mo
/usr/share/locale/zh_CN/LC_MESSAGES/shadow.mo
/usr/share/locale/zh_CN/LC_MESSAGES/shadow.mo
/usr/share/locale/zh_TW/LC_MESSAGES/shadow.mo
/usr/share/locale/zh_TW/LC_MESSAGES/shadow.mo
/usr/share/man/cs/man1/expiry.1
/usr/share/man/cs/man1/expiry.1
/usr/share/man/cs/man1/gpasswd.1
/usr/share/man/cs/man1/gpasswd.1
/usr/share/man/cs/man1/su.1
/usr/share/man/cs/man1/su.1
/usr/share/man/cs/man5/faillog.5
/usr/share/man/cs/man5/faillog.5
/usr/share/man/cs/man5/gshadow.5
/usr/share/man/cs/man5/gshadow.5
/usr/share/man/cs/man5/passwd.5
/usr/share/man/cs/man5/passwd.5
/usr/share/man/cs/man5/shadow.5
/usr/share/man/cs/man5/shadow.5
/usr/share/man/cs/man8/faillog.8
/usr/share/man/cs/man8/faillog.8
/usr/share/man/cs/man8/groupadd.8
/usr/share/man/cs/man8/groupadd.8
/usr/share/man/cs/man8/groupdel.8
/usr/share/man/cs/man8/groupdel.8
/usr/share/man/cs/man8/groupmod.8
/usr/share/man/cs/man8/groupmod.8
/usr/share/man/cs/man8/grpck.8
/usr/share/man/cs/man8/grpck.8
/usr/share/man/cs/man8/lastlog.8
/usr/share/man/cs/man8/lastlog.8
/usr/share/man/cs/man8/nologin.8
/usr/share/man/cs/man8/nologin.8
/usr/share/man/cs/man8/vipw.8
/usr/share/man/cs/man8/vipw.8
/usr/share/man/da/man1/chfn.1
/usr/share/man/da/man1/chfn.1
/usr/share/man/da/man1/newgrp.1
/usr/share/man/da/man1/newgrp.1
/usr/share/man/da/man1/sg.1
/usr/share/man/da/man1/sg.1
/usr/share/man/da/man5/gshadow.5
/usr/share/man/da/man5/gshadow.5
/usr/share/man/da/man8/groupdel.8
/usr/share/man/da/man8/groupdel.8
/usr/share/man/da/man8/logoutd.8
/usr/share/man/da/man8/logoutd.8
/usr/share/man/da/man8/nologin.8
/usr/share/man/da/man8/nologin.8
/usr/share/man/da/man8/vigr.8
/usr/share/man/da/man8/vigr.8
/usr/share/man/da/man8/vipw.8
/usr/share/man/da/man8/vipw.8
/usr/share/man/de/man1/chage.1
/usr/share/man/de/man1/chage.1
/usr/share/man/de/man1/chfn.1
/usr/share/man/de/man1/chfn.1
/usr/share/man/de/man1/chsh.1
/usr/share/man/de/man1/chsh.1
/usr/share/man/de/man1/expiry.1
/usr/share/man/de/man1/expiry.1
/usr/share/man/de/man1/gpasswd.1
/usr/share/man/de/man1/gpasswd.1
/usr/share/man/de/man1/login.1
/usr/share/man/de/man1/login.1
/usr/share/man/de/man1/newgrp.1
/usr/share/man/de/man1/newgrp.1
/usr/share/man/de/man1/passwd.1
/usr/share/man/de/man1/passwd.1
/usr/share/man/de/man1/sg.1
/usr/share/man/de/man1/sg.1
/usr/share/man/de/man1/su.1
/usr/share/man/de/man1/su.1
/usr/share/man/de/man3/getspnam.3
/usr/share/man/de/man3/getspnam.3
/usr/share/man/de/man3/shadow.3
/usr/share/man/de/man3/shadow.3
/usr/share/man/de/man5/faillog.5
/usr/share/man/de/man5/faillog.5
/usr/share/man/de/man5/gshadow.5
/usr/share/man/de/man5/gshadow.5
/usr/share/man/de/man5/login.defs.5
/usr/share/man/de/man5/login.defs.5
/usr/share/man/de/man5/passwd.5
/usr/share/man/de/man5/passwd.5
/usr/share/man/de/man5/shadow.5
/usr/share/man/de/man5/shadow.5
/usr/share/man/de/man5/suauth.5
/usr/share/man/de/man5/suauth.5
/usr/share/man/de/man5/limits.5
/usr/share/man/de/man5/limits.5
/usr/share/man/de/man5/login.access.5
/usr/share/man/de/man5/login.access.5
/usr/share/man/de/man5/porttime.5
/usr/share/man/de/man5/porttime.5
/usr/share/man/de/man8/chgpasswd.8
/usr/share/man/de/man8/chgpasswd.8
/usr/share/man/de/man8/chpasswd.8
/usr/share/man/de/man8/chpasswd.8
/usr/share/man/de/man8/faillog.8
/usr/share/man/de/man8/faillog.8
/usr/share/man/de/man8/groupadd.8
/usr/share/man/de/man8/groupadd.8
/usr/share/man/de/man8/groupdel.8
/usr/share/man/de/man8/groupdel.8
/usr/share/man/de/man8/groupmems.8
/usr/share/man/de/man8/groupmems.8
/usr/share/man/de/man8/groupmod.8
/usr/share/man/de/man8/groupmod.8
/usr/share/man/de/man8/grpck.8
/usr/share/man/de/man8/grpck.8
/usr/share/man/de/man8/grpconv.8
/usr/share/man/de/man8/grpconv.8
/usr/share/man/de/man8/grpunconv.8
/usr/share/man/de/man8/grpunconv.8
/usr/share/man/de/man8/lastlog.8
/usr/share/man/de/man8/lastlog.8
/usr/share/man/de/man8/logoutd.8
/usr/share/man/de/man8/logoutd.8
/usr/share/man/de/man8/newusers.8
/usr/share/man/de/man8/newusers.8
/usr/share/man/de/man8/nologin.8
/usr/share/man/de/man8/nologin.8
/usr/share/man/de/man8/pwck.8
/usr/share/man/de/man8/pwck.8
/usr/share/man/de/man8/pwconv.8
/usr/share/man/de/man8/pwconv.8
/usr/share/man/de/man8/pwunconv.8
/usr/share/man/de/man8/pwunconv.8
/usr/share/man/de/man8/useradd.8
/usr/share/man/de/man8/useradd.8
/usr/share/man/de/man8/userdel.8
/usr/share/man/de/man8/userdel.8
/usr/share/man/de/man8/usermod.8
/usr/share/man/de/man8/usermod.8
/usr/share/man/de/man8/vigr.8
/usr/share/man/de/man8/vigr.8
/usr/share/man/de/man8/vipw.8
/usr/share/man/de/man8/vipw.8
/usr/share/man/fi/man1/chfn.1
/usr/share/man/fi/man1/chfn.1
/usr/share/man/fi/man1/chsh.1
/usr/share/man/fi/man1/chsh.1
/usr/share/man/fi/man1/su.1
/usr/share/man/fi/man1/su.1
/usr/share/man/fr/man1/chage.1
/usr/share/man/fr/man1/chage.1
/usr/share/man/fr/man1/chfn.1
/usr/share/man/fr/man1/chfn.1
/usr/share/man/fr/man1/chsh.1
/usr/share/man/fr/man1/chsh.1
/usr/share/man/fr/man1/expiry.1
/usr/share/man/fr/man1/expiry.1
/usr/share/man/fr/man1/gpasswd.1
/usr/share/man/fr/man1/gpasswd.1
/usr/share/man/fr/man1/login.1
/usr/share/man/fr/man1/login.1
/usr/share/man/fr/man1/newgrp.1
/usr/share/man/fr/man1/newgrp.1
/usr/share/man/fr/man1/passwd.1
/usr/share/man/fr/man1/passwd.1
/usr/share/man/fr/man1/sg.1
/usr/share/man/fr/man1/sg.1
/usr/share/man/fr/man1/su.1
/usr/share/man/fr/man1/su.1
/usr/share/man/fr/man1/newgidmap.1
/usr/share/man/fr/man1/newgidmap.1
/usr/share/man/fr/man1/newuidmap.1
/usr/share/man/fr/man1/newuidmap.1
/usr/share/man/fr/man3/getspnam.3
/usr/share/man/fr/man3/getspnam.3
/usr/share/man/fr/man3/shadow.3
/usr/share/man/fr/man3/shadow.3
/usr/share/man/fr/man5/faillog.5
/usr/share/man/fr/man5/faillog.5
/usr/share/man/fr/man5/gshadow.5
/usr/share/man/fr/man5/gshadow.5
/usr/share/man/fr/man5/login.defs.5
/usr/share/man/fr/man5/login.defs.5
/usr/share/man/fr/man5/passwd.5
/usr/share/man/fr/man5/passwd.5
/usr/share/man/fr/man5/shadow.5
/usr/share/man/fr/man5/shadow.5
/usr/share/man/fr/man5/suauth.5
/usr/share/man/fr/man5/suauth.5
/usr/share/man/fr/man5/limits.5
/usr/share/man/fr/man5/limits.5
/usr/share/man/fr/man5/login.access.5
/usr/share/man/fr/man5/login.access.5
/usr/share/man/fr/man5/porttime.5
/usr/share/man/fr/man5/porttime.5
/usr/share/man/fr/man5/subgid.5
/usr/share/man/fr/man5/subgid.5
/usr/share/man/fr/man5/subuid.5
/usr/share/man/fr/man5/subuid.5
/usr/share/man/fr/man8/chgpasswd.8
/usr/share/man/fr/man8/chgpasswd.8
/usr/share/man/fr/man8/chpasswd.8
/usr/share/man/fr/man8/chpasswd.8
/usr/share/man/fr/man8/faillog.8
/usr/share/man/fr/man8/faillog.8
/usr/share/man/fr/man8/groupadd.8
/usr/share/man/fr/man8/groupadd.8
/usr/share/man/fr/man8/groupdel.8
/usr/share/man/fr/man8/groupdel.8
/usr/share/man/fr/man8/groupmems.8
/usr/share/man/fr/man8/groupmems.8
/usr/share/man/fr/man8/groupmod.8
/usr/share/man/fr/man8/groupmod.8
/usr/share/man/fr/man8/grpck.8
/usr/share/man/fr/man8/grpck.8
/usr/share/man/fr/man8/grpconv.8
/usr/share/man/fr/man8/grpconv.8
/usr/share/man/fr/man8/grpunconv.8
/usr/share/man/fr/man8/grpunconv.8
/usr/share/man/fr/man8/lastlog.8
/usr/share/man/fr/man8/lastlog.8
/usr/share/man/fr/man8/logoutd.8
/usr/share/man/fr/man8/logoutd.8
/usr/share/man/fr/man8/newusers.8
/usr/share/man/fr/man8/newusers.8
/usr/share/man/fr/man8/nologin.8
/usr/share/man/fr/man8/nologin.8
/usr/share/man/fr/man8/pwck.8
/usr/share/man/fr/man8/pwck.8
/usr/share/man/fr/man8/pwconv.8
/usr/share/man/fr/man8/pwconv.8
/usr/share/man/fr/man8/pwunconv.8
/usr/share/man/fr/man8/pwunconv.8
/usr/share/man/fr/man8/useradd.8
/usr/share/man/fr/man8/useradd.8
/usr/share/man/fr/man8/userdel.8
/usr/share/man/fr/man8/userdel.8
/usr/share/man/fr/man8/usermod.8
/usr/share/man/fr/man8/usermod.8
/usr/share/man/fr/man8/vigr.8
/usr/share/man/fr/man8/vigr.8
/usr/share/man/fr/man8/vipw.8
/usr/share/man/fr/man8/vipw.8
/usr/share/man/hu/man1/chsh.1
/usr/share/man/hu/man1/chsh.1
/usr/share/man/hu/man1/gpasswd.1
/usr/share/man/hu/man1/gpasswd.1
/usr/share/man/hu/man1/login.1
/usr/share/man/hu/man1/login.1
/usr/share/man/hu/man1/newgrp.1
/usr/share/man/hu/man1/newgrp.1
/usr/share/man/hu/man1/passwd.1
/usr/share/man/hu/man1/passwd.1
/usr/share/man/hu/man1/sg.1
/usr/share/man/hu/man1/sg.1
/usr/share/man/hu/man1/su.1
/usr/share/man/hu/man1/su.1
/usr/share/man/hu/man5/passwd.5
/usr/share/man/hu/man5/passwd.5
/usr/share/man/hu/man8/lastlog.8
/usr/share/man/hu/man8/lastlog.8
/usr/share/man/id/man1/chsh.1
/usr/share/man/id/man1/chsh.1
/usr/share/man/id/man1/login.1
/usr/share/man/id/man1/login.1
/usr/share/man/id/man8/useradd.8
/usr/share/man/id/man8/useradd.8
/usr/share/man/it/man1/chage.1
/usr/share/man/it/man1/chage.1
/usr/share/man/it/man1/chfn.1
/usr/share/man/it/man1/chfn.1
/usr/share/man/it/man1/chsh.1
/usr/share/man/it/man1/chsh.1
/usr/share/man/it/man1/expiry.1
/usr/share/man/it/man1/expiry.1
/usr/share/man/it/man1/gpasswd.1
/usr/share/man/it/man1/gpasswd.1
/usr/share/man/it/man1/login.1
/usr/share/man/it/man1/login.1
/usr/share/man/it/man1/newgrp.1
/usr/share/man/it/man1/newgrp.1
/usr/share/man/it/man1/passwd.1
/usr/share/man/it/man1/passwd.1
/usr/share/man/it/man1/sg.1
/usr/share/man/it/man1/sg.1
/usr/share/man/it/man1/su.1
/usr/share/man/it/man1/su.1
/usr/share/man/it/man3/getspnam.3
/usr/share/man/it/man3/getspnam.3
/usr/share/man/it/man3/shadow.3
/usr/share/man/it/man3/shadow.3
/usr/share/man/it/man5/faillog.5
/usr/share/man/it/man5/faillog.5
/usr/share/man/it/man5/gshadow.5
/usr/share/man/it/man5/gshadow.5
/usr/share/man/it/man5/login.defs.5
/usr/share/man/it/man5/login.defs.5
/usr/share/man/it/man5/passwd.5
/usr/share/man/it/man5/passwd.5
/usr/share/man/it/man5/shadow.5
/usr/share/man/it/man5/shadow.5
/usr/share/man/it/man5/suauth.5
/usr/share/man/it/man5/suauth.5
/usr/share/man/it/man5/limits.5
/usr/share/man/it/man5/limits.5
/usr/share/man/it/man5/login.access.5
/usr/share/man/it/man5/login.access.5
/usr/share/man/it/man5/porttime.5
/usr/share/man/it/man5/porttime.5
/usr/share/man/it/man8/chgpasswd.8
/usr/share/man/it/man8/chgpasswd.8
/usr/share/man/it/man8/chpasswd.8
/usr/share/man/it/man8/chpasswd.8
/usr/share/man/it/man8/faillog.8
/usr/share/man/it/man8/faillog.8
/usr/share/man/it/man8/groupadd.8
/usr/share/man/it/man8/groupadd.8
/usr/share/man/it/man8/groupdel.8
/usr/share/man/it/man8/groupdel.8
/usr/share/man/it/man8/groupmems.8
/usr/share/man/it/man8/groupmems.8
/usr/share/man/it/man8/groupmod.8
/usr/share/man/it/man8/groupmod.8
/usr/share/man/it/man8/grpck.8
/usr/share/man/it/man8/grpck.8
/usr/share/man/it/man8/grpconv.8
/usr/share/man/it/man8/grpconv.8
/usr/share/man/it/man8/grpunconv.8
/usr/share/man/it/man8/grpunconv.8
/usr/share/man/it/man8/lastlog.8
/usr/share/man/it/man8/lastlog.8
/usr/share/man/it/man8/logoutd.8
/usr/share/man/it/man8/logoutd.8
/usr/share/man/it/man8/newusers.8
/usr/share/man/it/man8/newusers.8
/usr/share/man/it/man8/nologin.8
/usr/share/man/it/man8/nologin.8
/usr/share/man/it/man8/pwck.8
/usr/share/man/it/man8/pwck.8
/usr/share/man/it/man8/pwconv.8
/usr/share/man/it/man8/pwconv.8
/usr/share/man/it/man8/pwunconv.8
/usr/share/man/it/man8/pwunconv.8
/usr/share/man/it/man8/useradd.8
/usr/share/man/it/man8/useradd.8
/usr/share/man/it/man8/userdel.8
/usr/share/man/it/man8/userdel.8
/usr/share/man/it/man8/usermod.8
/usr/share/man/it/man8/usermod.8
/usr/share/man/it/man8/vigr.8
/usr/share/man/it/man8/vigr.8
/usr/share/man/it/man8/vipw.8
/usr/share/man/it/man8/vipw.8
/usr/share/man/ja/man1/chage.1
/usr/share/man/ja/man1/chage.1
/usr/share/man/ja/man1/chfn.1
/usr/share/man/ja/man1/chfn.1
/usr/share/man/ja/man1/chsh.1
/usr/share/man/ja/man1/chsh.1
/usr/share/man/ja/man1/expiry.1
/usr/share/man/ja/man1/expiry.1
/usr/share/man/ja/man1/gpasswd.1
/usr/share/man/ja/man1/gpasswd.1
/usr/share/man/ja/man1/login.1
/usr/share/man/ja/man1/login.1
/usr/share/man/ja/man1/newgrp.1
/usr/share/man/ja/man1/newgrp.1
/usr/share/man/ja/man1/passwd.1
/usr/share/man/ja/man1/passwd.1
/usr/share/man/ja/man1/sg.1
/usr/share/man/ja/man1/sg.1
/usr/share/man/ja/man1/su.1
/usr/share/man/ja/man1/su.1
/usr/share/man/ja/man5/faillog.5
/usr/share/man/ja/man5/faillog.5
/usr/share/man/ja/man5/login.defs.5
/usr/share/man/ja/man5/login.defs.5
/usr/share/man/ja/man5/passwd.5
/usr/share/man/ja/man5/passwd.5
/usr/share/man/ja/man5/shadow.5
/usr/share/man/ja/man5/shadow.5
/usr/share/man/ja/man5/suauth.5
/usr/share/man/ja/man5/suauth.5
/usr/share/man/ja/man5/limits.5
/usr/share/man/ja/man5/limits.5
/usr/share/man/ja/man5/login.access.5
/usr/share/man/ja/man5/login.access.5
/usr/share/man/ja/man5/porttime.5
/usr/share/man/ja/man5/porttime.5
/usr/share/man/ja/man8/chpasswd.8
/usr/share/man/ja/man8/chpasswd.8
/usr/share/man/ja/man8/faillog.8
/usr/share/man/ja/man8/faillog.8
/usr/share/man/ja/man8/groupadd.8
/usr/share/man/ja/man8/groupadd.8
/usr/share/man/ja/man8/groupdel.8
/usr/share/man/ja/man8/groupdel.8
/usr/share/man/ja/man8/groupmod.8
/usr/share/man/ja/man8/groupmod.8
/usr/share/man/ja/man8/grpck.8
/usr/share/man/ja/man8/grpck.8
/usr/share/man/ja/man8/grpconv.8
/usr/share/man/ja/man8/grpconv.8
/usr/share/man/ja/man8/grpunconv.8
/usr/share/man/ja/man8/grpunconv.8
/usr/share/man/ja/man8/lastlog.8
/usr/share/man/ja/man8/lastlog.8
/usr/share/man/ja/man8/logoutd.8
/usr/share/man/ja/man8/logoutd.8
/usr/share/man/ja/man8/newusers.8
/usr/share/man/ja/man8/newusers.8
/usr/share/man/ja/man8/pwck.8
/usr/share/man/ja/man8/pwck.8
/usr/share/man/ja/man8/pwconv.8
/usr/share/man/ja/man8/pwconv.8
/usr/share/man/ja/man8/pwunconv.8
/usr/share/man/ja/man8/pwunconv.8
/usr/share/man/ja/man8/useradd.8
/usr/share/man/ja/man8/useradd.8
/usr/share/man/ja/man8/userdel.8
/usr/share/man/ja/man8/userdel.8
/usr/share/man/ja/man8/usermod.8
/usr/share/man/ja/man8/usermod.8
/usr/share/man/ja/man8/vigr.8
/usr/share/man/ja/man8/vigr.8
/usr/share/man/ja/man8/vipw.8
/usr/share/man/ja/man8/vipw.8
/usr/share/man/ko/man1/chfn.1
/usr/share/man/ko/man1/chfn.1
/usr/share/man/ko/man1/chsh.1
/usr/share/man/ko/man1/chsh.1
/usr/share/man/ko/man1/login.1
/usr/share/man/ko/man1/login.1
/usr/share/man/ko/man1/su.1
/usr/share/man/ko/man1/su.1
/usr/share/man/ko/man5/passwd.5
/usr/share/man/ko/man5/passwd.5
/usr/share/man/ko/man8/vigr.8
/usr/share/man/ko/man8/vigr.8
/usr/share/man/ko/man8/vipw.8
/usr/share/man/ko/man8/vipw.8
/usr/share/man/pl/man1/chage.1
/usr/share/man/pl/man1/chage.1
/usr/share/man/pl/man1/chsh.1
/usr/share/man/pl/man1/chsh.1
/usr/share/man/pl/man1/expiry.1
/usr/share/man/pl/man1/expiry.1
/usr/share/man/pl/man1/newgrp.1
/usr/share/man/pl/man1/newgrp.1
/usr/share/man/pl/man1/sg.1
/usr/share/man/pl/man1/sg.1
/usr/share/man/pl/man3/getspnam.3
/usr/share/man/pl/man3/getspnam.3
/usr/share/man/pl/man3/shadow.3
/usr/share/man/pl/man3/shadow.3
/usr/share/man/pl/man5/faillog.5
/usr/share/man/pl/man5/faillog.5
/usr/share/man/pl/man5/porttime.5
/usr/share/man/pl/man5/porttime.5
/usr/share/man/pl/man8/faillog.8
/usr/share/man/pl/man8/faillog.8
/usr/share/man/pl/man8/groupadd.8
/usr/share/man/pl/man8/groupadd.8
/usr/share/man/pl/man8/groupdel.8
/usr/share/man/pl/man8/groupdel.8
/usr/share/man/pl/man8/groupmems.8
/usr/share/man/pl/man8/groupmems.8
/usr/share/man/pl/man8/groupmod.8
/usr/share/man/pl/man8/groupmod.8
/usr/share/man/pl/man8/grpck.8
/usr/share/man/pl/man8/grpck.8
/usr/share/man/pl/man8/lastlog.8
/usr/share/man/pl/man8/lastlog.8
/usr/share/man/pl/man8/logoutd.8
/usr/share/man/pl/man8/logoutd.8
/usr/share/man/pl/man8/userdel.8
/usr/share/man/pl/man8/userdel.8
/usr/share/man/pl/man8/usermod.8
/usr/share/man/pl/man8/usermod.8
/usr/share/man/pl/man8/vigr.8
/usr/share/man/pl/man8/vigr.8
/usr/share/man/pl/man8/vipw.8
/usr/share/man/pl/man8/vipw.8
/usr/share/man/pt_BR/man1/gpasswd.1
/usr/share/man/pt_BR/man1/gpasswd.1
/usr/share/man/pt_BR/man5/passwd.5
/usr/share/man/pt_BR/man5/passwd.5
/usr/share/man/pt_BR/man5/shadow.5
/usr/share/man/pt_BR/man5/shadow.5
/usr/share/man/pt_BR/man8/groupadd.8
/usr/share/man/pt_BR/man8/groupadd.8
/usr/share/man/pt_BR/man8/groupdel.8
/usr/share/man/pt_BR/man8/groupdel.8
/usr/share/man/pt_BR/man8/groupmod.8
/usr/share/man/pt_BR/man8/groupmod.8
/usr/share/man/ru/man1/chage.1
/usr/share/man/ru/man1/chage.1
/usr/share/man/ru/man1/chfn.1
/usr/share/man/ru/man1/chfn.1
/usr/share/man/ru/man1/chsh.1
/usr/share/man/ru/man1/chsh.1
/usr/share/man/ru/man1/expiry.1
/usr/share/man/ru/man1/expiry.1
/usr/share/man/ru/man1/gpasswd.1
/usr/share/man/ru/man1/gpasswd.1
/usr/share/man/ru/man1/login.1
/usr/share/man/ru/man1/login.1
/usr/share/man/ru/man1/newgrp.1
/usr/share/man/ru/man1/newgrp.1
/usr/share/man/ru/man1/passwd.1
/usr/share/man/ru/man1/passwd.1
/usr/share/man/ru/man1/sg.1
/usr/share/man/ru/man1/sg.1
/usr/share/man/ru/man1/su.1
/usr/share/man/ru/man1/su.1
/usr/share/man/ru/man3/getspnam.3
/usr/share/man/ru/man3/getspnam.3
/usr/share/man/ru/man3/shadow.3
/usr/share/man/ru/man3/shadow.3
/usr/share/man/ru/man5/faillog.5
/usr/share/man/ru/man5/faillog.5
/usr/share/man/ru/man5/gshadow.5
/usr/share/man/ru/man5/gshadow.5
/usr/share/man/ru/man5/login.defs.5
/usr/share/man/ru/man5/login.defs.5
/usr/share/man/ru/man5/passwd.5
/usr/share/man/ru/man5/passwd.5
/usr/share/man/ru/man5/shadow.5
/usr/share/man/ru/man5/shadow.5
/usr/share/man/ru/man5/suauth.5
/usr/share/man/ru/man5/suauth.5
/usr/share/man/ru/man5/limits.5
/usr/share/man/ru/man5/limits.5
/usr/share/man/ru/man5/login.access.5
/usr/share/man/ru/man5/login.access.5
/usr/share/man/ru/man5/porttime.5
/usr/share/man/ru/man5/porttime.5
/usr/share/man/ru/man8/chgpasswd.8
/usr/share/man/ru/man8/chgpasswd.8
/usr/share/man/ru/man8/chpasswd.8
/usr/share/man/ru/man8/chpasswd.8
/usr/share/man/ru/man8/faillog.8
/usr/share/man/ru/man8/faillog.8
/usr/share/man/ru/man8/groupadd.8
/usr/share/man/ru/man8/groupadd.8
/usr/share/man/ru/man8/groupdel.8
/usr/share/man/ru/man8/groupdel.8
/usr/share/man/ru/man8/groupmems.8
/usr/share/man/ru/man8/groupmems.8
/usr/share/man/ru/man8/groupmod.8
/usr/share/man/ru/man8/groupmod.8
/usr/share/man/ru/man8/grpck.8
/usr/share/man/ru/man8/grpck.8
/usr/share/man/ru/man8/grpconv.8
/usr/share/man/ru/man8/grpconv.8
/usr/share/man/ru/man8/grpunconv.8
/usr/share/man/ru/man8/grpunconv.8
/usr/share/man/ru/man8/lastlog.8
/usr/share/man/ru/man8/lastlog.8
/usr/share/man/ru/man8/logoutd.8
/usr/share/man/ru/man8/logoutd.8
/usr/share/man/ru/man8/newusers.8
/usr/share/man/ru/man8/newusers.8
/usr/share/man/ru/man8/nologin.8
/usr/share/man/ru/man8/nologin.8
/usr/share/man/ru/man8/pwck.8
/usr/share/man/ru/man8/pwck.8
/usr/share/man/ru/man8/pwconv.8
/usr/share/man/ru/man8/pwconv.8
/usr/share/man/ru/man8/pwunconv.8
/usr/share/man/ru/man8/pwunconv.8
/usr/share/man/ru/man8/useradd.8
/usr/share/man/ru/man8/useradd.8
/usr/share/man/ru/man8/userdel.8
/usr/share/man/ru/man8/userdel.8
/usr/share/man/ru/man8/usermod.8
/usr/share/man/ru/man8/usermod.8
/usr/share/man/ru/man8/vigr.8
/usr/share/man/ru/man8/vigr.8
/usr/share/man/ru/man8/vipw.8
/usr/share/man/ru/man8/vipw.8
/usr/share/man/sv/man1/chage.1
/usr/share/man/sv/man1/chage.1
/usr/share/man/sv/man1/chsh.1
/usr/share/man/sv/man1/chsh.1
/usr/share/man/sv/man1/expiry.1
/usr/share/man/sv/man1/expiry.1
/usr/share/man/sv/man1/newgrp.1
/usr/share/man/sv/man1/newgrp.1
/usr/share/man/sv/man1/passwd.1
/usr/share/man/sv/man1/passwd.1
/usr/share/man/sv/man1/sg.1
/usr/share/man/sv/man1/sg.1
/usr/share/man/sv/man3/getspnam.3
/usr/share/man/sv/man3/getspnam.3
/usr/share/man/sv/man3/shadow.3
/usr/share/man/sv/man3/shadow.3
/usr/share/man/sv/man5/faillog.5
/usr/share/man/sv/man5/faillog.5
/usr/share/man/sv/man5/gshadow.5
/usr/share/man/sv/man5/gshadow.5
/usr/share/man/sv/man5/passwd.5
/usr/share/man/sv/man5/passwd.5
/usr/share/man/sv/man5/suauth.5
/usr/share/man/sv/man5/suauth.5
/usr/share/man/sv/man5/limits.5
/usr/share/man/sv/man5/limits.5
/usr/share/man/sv/man5/porttime.5
/usr/share/man/sv/man5/porttime.5
/usr/share/man/sv/man8/faillog.8
/usr/share/man/sv/man8/faillog.8
/usr/share/man/sv/man8/groupadd.8
/usr/share/man/sv/man8/groupadd.8
/usr/share/man/sv/man8/groupdel.8
/usr/share/man/sv/man8/groupdel.8
/usr/share/man/sv/man8/groupmems.8
/usr/share/man/sv/man8/groupmems.8
/usr/share/man/sv/man8/groupmod.8
/usr/share/man/sv/man8/groupmod.8
/usr/share/man/sv/man8/grpck.8
/usr/share/man/sv/man8/grpck.8
/usr/share/man/sv/man8/lastlog.8
/usr/share/man/sv/man8/lastlog.8
/usr/share/man/sv/man8/logoutd.8
/usr/share/man/sv/man8/logoutd.8
/usr/share/man/sv/man8/nologin.8
/usr/share/man/sv/man8/nologin.8
/usr/share/man/sv/man8/pwck.8
/usr/share/man/sv/man8/pwck.8
/usr/share/man/sv/man8/userdel.8
/usr/share/man/sv/man8/userdel.8
/usr/share/man/sv/man8/vigr.8
/usr/share/man/sv/man8/vigr.8
/usr/share/man/sv/man8/vipw.8
/usr/share/man/sv/man8/vipw.8
/usr/share/man/tr/man1/chage.1
/usr/share/man/tr/man1/chage.1
/usr/share/man/tr/man1/chfn.1
/usr/share/man/tr/man1/chfn.1
/usr/share/man/tr/man1/login.1
/usr/share/man/tr/man1/login.1
/usr/share/man/tr/man1/passwd.1
/usr/share/man/tr/man1/passwd.1
/usr/share/man/tr/man1/su.1
/usr/share/man/tr/man1/su.1
/usr/share/man/tr/man5/passwd.5
/usr/share/man/tr/man5/passwd.5
/usr/share/man/tr/man5/shadow.5
/usr/share/man/tr/man5/shadow.5
/usr/share/man/tr/man8/groupadd.8
/usr/share/man/tr/man8/groupadd.8
/usr/share/man/tr/man8/groupdel.8
/usr/share/man/tr/man8/groupdel.8
/usr/share/man/tr/man8/groupmod.8
/usr/share/man/tr/man8/groupmod.8
/usr/share/man/tr/man8/useradd.8
/usr/share/man/tr/man8/useradd.8
/usr/share/man/tr/man8/userdel.8
/usr/share/man/tr/man8/userdel.8
/usr/share/man/tr/man8/usermod.8
/usr/share/man/tr/man8/usermod.8
/usr/share/man/zh_CN/man1/chage.1
/usr/share/man/zh_CN/man1/chage.1
/usr/share/man/zh_CN/man1/chfn.1
/usr/share/man/zh_CN/man1/chfn.1
/usr/share/man/zh_CN/man1/chsh.1
/usr/share/man/zh_CN/man1/chsh.1
/usr/share/man/zh_CN/man1/expiry.1
/usr/share/man/zh_CN/man1/expiry.1
/usr/share/man/zh_CN/man1/gpasswd.1
/usr/share/man/zh_CN/man1/gpasswd.1
/usr/share/man/zh_CN/man1/login.1
/usr/share/man/zh_CN/man1/login.1
/usr/share/man/zh_CN/man1/newgrp.1
/usr/share/man/zh_CN/man1/newgrp.1
/usr/share/man/zh_CN/man1/passwd.1
/usr/share/man/zh_CN/man1/passwd.1
/usr/share/man/zh_CN/man1/sg.1
/usr/share/man/zh_CN/man1/sg.1
/usr/share/man/zh_CN/man1/su.1
/usr/share/man/zh_CN/man1/su.1
/usr/share/man/zh_CN/man3/getspnam.3
/usr/share/man/zh_CN/man3/getspnam.3
/usr/share/man/zh_CN/man3/shadow.3
/usr/share/man/zh_CN/man3/shadow.3
/usr/share/man/zh_CN/man5/faillog.5
/usr/share/man/zh_CN/man5/faillog.5
/usr/share/man/zh_CN/man5/gshadow.5
/usr/share/man/zh_CN/man5/gshadow.5
/usr/share/man/zh_CN/man5/login.defs.5
/usr/share/man/zh_CN/man5/login.defs.5
/usr/share/man/zh_CN/man5/passwd.5
/usr/share/man/zh_CN/man5/passwd.5
/usr/share/man/zh_CN/man5/shadow.5
/usr/share/man/zh_CN/man5/shadow.5
/usr/share/man/zh_CN/man5/suauth.5
/usr/share/man/zh_CN/man5/suauth.5
/usr/share/man/zh_CN/man5/limits.5
/usr/share/man/zh_CN/man5/limits.5
/usr/share/man/zh_CN/man5/login.access.5
/usr/share/man/zh_CN/man5/login.access.5
/usr/share/man/zh_CN/man5/porttime.5
/usr/share/man/zh_CN/man5/porttime.5
/usr/share/man/zh_CN/man8/chgpasswd.8
/usr/share/man/zh_CN/man8/chgpasswd.8
/usr/share/man/zh_CN/man8/chpasswd.8
/usr/share/man/zh_CN/man8/chpasswd.8
/usr/share/man/zh_CN/man8/faillog.8
/usr/share/man/zh_CN/man8/faillog.8
/usr/share/man/zh_CN/man8/groupadd.8
/usr/share/man/zh_CN/man8/groupadd.8
/usr/share/man/zh_CN/man8/groupdel.8
/usr/share/man/zh_CN/man8/groupdel.8
/usr/share/man/zh_CN/man8/groupmems.8
/usr/share/man/zh_CN/man8/groupmems.8
/usr/share/man/zh_CN/man8/groupmod.8
/usr/share/man/zh_CN/man8/groupmod.8
/usr/share/man/zh_CN/man8/grpck.8
/usr/share/man/zh_CN/man8/grpck.8
/usr/share/man/zh_CN/man8/grpconv.8
/usr/share/man/zh_CN/man8/grpconv.8
/usr/share/man/zh_CN/man8/grpunconv.8
/usr/share/man/zh_CN/man8/grpunconv.8
/usr/share/man/zh_CN/man8/lastlog.8
/usr/share/man/zh_CN/man8/lastlog.8
/usr/share/man/zh_CN/man8/logoutd.8
/usr/share/man/zh_CN/man8/logoutd.8
/usr/share/man/zh_CN/man8/newusers.8
/usr/share/man/zh_CN/man8/newusers.8
/usr/share/man/zh_CN/man8/nologin.8
/usr/share/man/zh_CN/man8/nologin.8
/usr/share/man/zh_CN/man8/pwck.8
/usr/share/man/zh_CN/man8/pwck.8
/usr/share/man/zh_CN/man8/pwconv.8
/usr/share/man/zh_CN/man8/pwconv.8
/usr/share/man/zh_CN/man8/pwunconv.8
/usr/share/man/zh_CN/man8/pwunconv.8
/usr/share/man/zh_CN/man8/useradd.8
/usr/share/man/zh_CN/man8/useradd.8
/usr/share/man/zh_CN/man8/userdel.8
/usr/share/man/zh_CN/man8/userdel.8
/usr/share/man/zh_CN/man8/usermod.8
/usr/share/man/zh_CN/man8/usermod.8
/usr/share/man/zh_CN/man8/vigr.8
/usr/share/man/zh_CN/man8/vigr.8
/usr/share/man/zh_CN/man8/vipw.8
/usr/share/man/zh_CN/man8/vipw.8
/usr/share/man/zh_TW/man1/chfn.1
/usr/share/man/zh_TW/man1/chfn.1
/usr/share/man/zh_TW/man1/chsh.1
/usr/share/man/zh_TW/man1/chsh.1
/usr/share/man/zh_TW/man1/newgrp.1
/usr/share/man/zh_TW/man1/newgrp.1
/usr/share/man/zh_TW/man1/su.1
/usr/share/man/zh_TW/man1/su.1
/usr/share/man/zh_TW/man5/passwd.5
/usr/share/man/zh_TW/man5/passwd.5
/usr/share/man/zh_TW/man8/chpasswd.8
/usr/share/man/zh_TW/man8/chpasswd.8
/usr/share/man/zh_TW/man8/groupadd.8
/usr/share/man/zh_TW/man8/groupadd.8
/usr/share/man/zh_TW/man8/groupdel.8
/usr/share/man/zh_TW/man8/groupdel.8
/usr/share/man/zh_TW/man8/groupmod.8
/usr/share/man/zh_TW/man8/groupmod.8
/usr/share/man/zh_TW/man8/useradd.8
/usr/share/man/zh_TW/man8/useradd.8
/usr/share/man/zh_TW/man8/userdel.8
/usr/share/man/zh_TW/man8/userdel.8
/usr/share/man/zh_TW/man8/usermod.8
/usr/share/man/zh_TW/man8/usermod.8
/usr/share/man/man1/chage.1
/usr/share/man/man1/chage.1
/usr/share/man/man1/chfn.1
/usr/share/man/man1/chfn.1
/usr/share/man/man1/chsh.1
/usr/share/man/man1/chsh.1
/usr/share/man/man1/expiry.1
/usr/share/man/man1/expiry.1
/usr/share/man/man1/gpasswd.1
/usr/share/man/man1/gpasswd.1
/usr/share/man/man1/login.1
/usr/share/man/man1/login.1
/usr/share/man/man1/newgrp.1
/usr/share/man/man1/newgrp.1
/usr/share/man/man1/passwd.1
/usr/share/man/man1/passwd.1
/usr/share/man/man1/sg.1
/usr/share/man/man1/sg.1
/usr/share/man/man1/su.1
/usr/share/man/man1/su.1
/usr/share/man/man1/newgidmap.1
/usr/share/man/man1/newgidmap.1
/usr/share/man/man1/newuidmap.1
/usr/share/man/man1/newuidmap.1
/usr/share/man/man3/getspnam.3
/usr/share/man/man3/getspnam.3
/usr/share/man/man3/shadow.3
/usr/share/man/man3/shadow.3
/usr/share/man/man5/faillog.5
/usr/share/man/man5/faillog.5
/usr/share/man/man5/gshadow.5
/usr/share/man/man5/gshadow.5
/usr/share/man/man5/login.defs.5
/usr/share/man/man5/login.defs.5
/usr/share/man/man5/passwd.5
/usr/share/man/man5/passwd.5
/usr/share/man/man5/shadow.5
/usr/share/man/man5/shadow.5
/usr/share/man/man5/suauth.5
/usr/share/man/man5/suauth.5
/usr/share/man/man5/limits.5
/usr/share/man/man5/limits.5
/usr/share/man/man5/login.access.5
/usr/share/man/man5/login.access.5
/usr/share/man/man5/porttime.5
/usr/share/man/man5/porttime.5
/usr/share/man/man5/subgid.5
/usr/share/man/man5/subgid.5
/usr/share/man/man5/subuid.5
/usr/share/man/man5/subuid.5
/usr/share/man/man8/chgpasswd.8
/usr/share/man/man8/chgpasswd.8
/usr/share/man/man8/chpasswd.8
/usr/share/man/man8/chpasswd.8
/usr/share/man/man8/faillog.8
/usr/share/man/man8/faillog.8
/usr/share/man/man8/groupadd.8
/usr/share/man/man8/groupadd.8
/usr/share/man/man8/groupdel.8
/usr/share/man/man8/groupdel.8
/usr/share/man/man8/groupmems.8
/usr/share/man/man8/groupmems.8
/usr/share/man/man8/groupmod.8
/usr/share/man/man8/groupmod.8
/usr/share/man/man8/grpck.8
/usr/share/man/man8/grpck.8
/usr/share/man/man8/grpconv.8
/usr/share/man/man8/grpconv.8
/usr/share/man/man8/grpunconv.8
/usr/share/man/man8/grpunconv.8
/usr/share/man/man8/lastlog.8
/usr/share/man/man8/lastlog.8
/usr/share/man/man8/logoutd.8
/usr/share/man/man8/logoutd.8
/usr/share/man/man8/newusers.8
/usr/share/man/man8/newusers.8
/usr/share/man/man8/nologin.8
/usr/share/man/man8/nologin.8
/usr/share/man/man8/pwck.8
/usr/share/man/man8/pwck.8
/usr/share/man/man8/pwconv.8
/usr/share/man/man8/pwconv.8
/usr/share/man/man8/pwunconv.8
/usr/share/man/man8/pwunconv.8
/usr/share/man/man8/useradd.8
/usr/share/man/man8/useradd.8
/usr/share/man/man8/userdel.8
/usr/share/man/man8/userdel.8
/usr/share/man/man8/usermod.8
/usr/share/man/man8/usermod.8
/usr/share/man/man8/vigr.8
/usr/share/man/man8/vigr.8
/usr/share/man/man8/vipw.8
/usr/share/man/man8/vipw.8
/bin/login
/bin/login
/bin/login
/bin/su
/bin/su
/bin/su
/sbin/nologin
/sbin/nologin
/usr/bin/faillog
/usr/bin/faillog
/usr/bin/lastlog
/usr/bin/lastlog
/usr/bin/chage
/usr/bin/chage
/usr/bin/chage
/usr/bin/chfn
/usr/bin/chfn
/usr/bin/chfn
/usr/bin/chsh
/usr/bin/chsh
/usr/bin/expiry
/usr/bin/expiry
/usr/bin/gpasswd
/usr/bin/gpasswd
/usr/bin/gpasswd
/usr/bin/newgrp
/usr/bin/newgrp
/usr/bin/passwd
/usr/bin/passwd
/usr/bin/passwd
/usr/bin/newgidmap
/usr/bin/newgidmap
/usr/bin/newuidmap
/usr/bin/newuidmap
/usr/sbin/chgpasswd
/usr/sbin/chgpasswd
/usr/sbin/chgpasswd
/usr/sbin/chpasswd
/usr/sbin/chpasswd
/usr/sbin/groupadd
/usr/sbin/groupadd
/usr/sbin/groupadd
/usr/sbin/groupdel
/usr/sbin/groupdel
/usr/sbin/groupdel
/usr/sbin/groupmems
/usr/sbin/groupmems
/usr/sbin/groupmems
/usr/sbin/groupmod
/usr/sbin/groupmod
/usr/sbin/groupmod
/usr/sbin/grpck
/usr/sbin/grpck
/usr/sbin/grpck
/usr/sbin/grpconv
/usr/sbin/grpconv
/usr/sbin/grpunconv
/usr/sbin/grpunconv
/usr/sbin/logoutd
/usr/sbin/logoutd
/usr/sbin/newusers
/usr/sbin/newusers
/usr/sbin/newusers
/usr/sbin/pwck
/usr/sbin/pwck
/usr/sbin/pwconv
/usr/sbin/pwconv
/usr/sbin/pwunconv
/usr/sbin/pwunconv
/usr/sbin/useradd
/usr/sbin/useradd
/usr/sbin/useradd
/usr/sbin/useradd
/usr/sbin/userdel
/usr/sbin/userdel
/usr/sbin/userdel
/usr/sbin/usermod
/usr/sbin/usermod
/usr/sbin/usermod
/usr/sbin/usermod
/usr/sbin/vipw
/usr/sbin/vipw
/usr/sbin/vipw
/usr/bin/sg
/usr/sbin/vigr
/etc/login.defs
/etc/login.defs
/etc/default/useradd
/etc/default/useradd
/etc/limits
/etc/limits
/etc/login.access
/etc/login.access
/usr/bin/passwd
/bin/passwd
/etc/.pwd.lock
/etc/passwd.2829
/etc/passwd.2829
/etc/passwd.lock
/etc/shadow.2829
/etc/shadow.2829
/etc/shadow.lock
/etc/shadow+
/etc/shadow+
/etc/shadow+
/etc/shadow
/etc/passwd-
/etc/passwd-
/etc/passwd+
/etc/passwd+
/etc/passwd+
/etc/passwd
/etc/group.2887
/etc/group.2887
/etc/group.lock
/etc/gshadow.2887
/etc/gshadow.2887
/etc/gshadow.lock
/etc/gshadow+
/etc/gshadow+
/etc/gshadow+
/etc/gshadow
/etc/group-
/etc/group-
/etc/group+
/etc/group+
/etc/group+
/etc/group
/etc/default/sedwGP5rq
/etc/default/sedwGP5rq
/etc/default/sedwGP5rq
/etc/default/sedwGP5rq
/etc/default/sedwGP5rq
/etc/default/sedwGP5rq
/etc/default/sedwGP5rq
/etc/default/sedwGP5rq
/etc/default/sedwGP5rq
/etc/default/sedwGP5rq
/etc/default/useradd
/etc/shadow.2911
/etc/shadow.2911
/etc/shadow.lock
/etc/shadow-
/etc/shadow-
/etc/shadow+
/etc/shadow+
/etc/shadow+
/etc/shadow
