/usr/lib/libsvn_subr-1.so.0.0.0
/usr/lib/libsvn_subr-1.so.0.0.0
/usr/lib/libsvn_subr-1.so.0.0.0
/usr/lib/libsvn_subr-1.so.0.0.0
/usr/lib/libsvn_subr-1.so.0.0.0
/usr/lib/libsvn_subr-1.so.0.0.0
/usr/lib/libsvn_subr-1.so.0.0.0
/usr/lib/libsvn_subr-1.so.0.0.0
/usr/lib/libsvn_subr-1.so.0.0.0
/usr/lib/libsvn_subr-1.so.0.0.0
/usr/lib/libsvn_subr-1.so.0.0.0
/usr/lib/libsvn_subr-1.so.0.0.0
/usr/lib/libsvn_subr-1.so.0
/usr/lib/libsvn_subr-1.so
/usr/lib/libsvn_subr-1.la
/usr/lib/libsvn_subr-1.la
/usr/lib/libsvn_delta-1.so.0.0.0
/usr/lib/libsvn_delta-1.so.0.0.0
/usr/lib/libsvn_delta-1.so.0.0.0
/usr/lib/libsvn_delta-1.so.0
/usr/lib/libsvn_delta-1.so
/usr/lib/libsvn_delta-1.la
/usr/lib/libsvn_delta-1.la
/usr/lib/libsvn_fs_util-1.so.0.0.0
/usr/lib/libsvn_fs_util-1.so.0.0.0
/usr/lib/libsvn_fs_util-1.so.0
/usr/lib/libsvn_fs_util-1.so
/usr/lib/libsvn_fs_util-1.la
/usr/lib/libsvn_fs_util-1.la
/usr/lib/libsvn_fs_fs-1.so.0.0.0
/usr/lib/libsvn_fs_fs-1.so.0.0.0
/usr/lib/libsvn_fs_fs-1.so.0.0.0
/usr/lib/libsvn_fs_fs-1.so.0.0.0
/usr/lib/libsvn_fs_fs-1.so.0.0.0
/usr/lib/libsvn_fs_fs-1.so.0.0.0
/usr/lib/libsvn_fs_fs-1.so.0
/usr/lib/libsvn_fs_fs-1.so
/usr/lib/libsvn_fs_fs-1.la
/usr/lib/libsvn_fs_fs-1.la
/usr/lib/libsvn_fs-1.so.0.0.0
/usr/lib/libsvn_fs-1.so.0.0.0
/usr/lib/libsvn_fs-1.so.0
/usr/lib/libsvn_fs-1.so
/usr/lib/libsvn_fs-1.la
/usr/lib/libsvn_fs-1.la
/usr/lib/libsvn_ra_svn-1.so.0.0.0
/usr/lib/libsvn_ra_svn-1.so.0.0.0
/usr/lib/libsvn_ra_svn-1.so.0.0.0
/usr/lib/libsvn_ra_svn-1.so.0.0.0
/usr/lib/libsvn_ra_svn-1.so.0.0.0
/usr/lib/libsvn_ra_svn-1.so.0
/usr/lib/libsvn_ra_svn-1.so
/usr/lib/libsvn_ra_svn-1.la
/usr/lib/libsvn_ra_svn-1.la
/usr/lib/libsvn_repos-1.so.0.0.0
/usr/lib/libsvn_repos-1.so.0.0.0
/usr/lib/libsvn_repos-1.so.0.0.0
/usr/lib/libsvn_repos-1.so.0.0.0
/usr/lib/libsvn_repos-1.so.0.0.0
/usr/lib/libsvn_repos-1.so.0.0.0
/usr/lib/libsvn_repos-1.so.0
/usr/lib/libsvn_repos-1.so
/usr/lib/libsvn_repos-1.la
/usr/lib/libsvn_repos-1.la
/usr/lib/libsvn_ra_local-1.so.0.0.0
/usr/lib/libsvn_ra_local-1.so.0.0.0
/usr/lib/libsvn_ra_local-1.so.0
/usr/lib/libsvn_ra_local-1.so
/usr/lib/libsvn_ra_local-1.la
/usr/lib/libsvn_ra_local-1.la
/usr/lib/libsvn_ra_serf-1.so.0.0.0
/usr/lib/libsvn_ra_serf-1.so.0.0.0
/usr/lib/libsvn_ra_serf-1.so.0.0.0
/usr/lib/libsvn_ra_serf-1.so.0.0.0
/usr/lib/libsvn_ra_serf-1.so.0.0.0
/usr/lib/libsvn_ra_serf-1.so.0.0.0
/usr/lib/libsvn_ra_serf-1.so.0.0.0
/usr/lib/libsvn_ra_serf-1.so.0
/usr/lib/libsvn_ra_serf-1.so
/usr/lib/libsvn_ra_serf-1.la
/usr/lib/libsvn_ra_serf-1.la
/usr/lib/libsvn_diff-1.so.0.0.0
/usr/lib/libsvn_diff-1.so.0.0.0
/usr/lib/libsvn_diff-1.so.0.0.0
/usr/lib/libsvn_diff-1.so.0.0.0
/usr/lib/libsvn_diff-1.so.0
/usr/lib/libsvn_diff-1.so
/usr/lib/libsvn_diff-1.la
/usr/lib/libsvn_diff-1.la
/usr/lib/libsvn_ra-1.so.0.0.0
/usr/lib/libsvn_ra-1.so.0.0.0
/usr/lib/libsvn_ra-1.so.0.0.0
/usr/lib/libsvn_ra-1.so.0
/usr/lib/libsvn_ra-1.so
/usr/lib/libsvn_ra-1.la
/usr/lib/libsvn_ra-1.la
/usr/lib/libsvn_wc-1.so.0.0.0
/usr/lib/libsvn_wc-1.so.0.0.0
/usr/lib/libsvn_wc-1.so.0.0.0
/usr/lib/libsvn_wc-1.so.0.0.0
/usr/lib/libsvn_wc-1.so.0.0.0
/usr/lib/libsvn_wc-1.so.0.0.0
/usr/lib/libsvn_wc-1.so.0.0.0
/usr/lib/libsvn_wc-1.so.0.0.0
/usr/lib/libsvn_wc-1.so.0.0.0
/usr/lib/libsvn_wc-1.so.0.0.0
/usr/lib/libsvn_wc-1.so.0.0.0
/usr/lib/libsvn_wc-1.so.0.0.0
/usr/lib/libsvn_wc-1.so.0.0.0
/usr/lib/libsvn_wc-1.so.0.0.0
/usr/lib/libsvn_wc-1.so.0.0.0
/usr/lib/libsvn_wc-1.so.0
/usr/lib/libsvn_wc-1.so
/usr/lib/libsvn_wc-1.la
/usr/lib/libsvn_wc-1.la
/usr/lib/libsvn_client-1.so.0.0.0
/usr/lib/libsvn_client-1.so.0.0.0
/usr/lib/libsvn_client-1.so.0.0.0
/usr/lib/libsvn_client-1.so.0.0.0
/usr/lib/libsvn_client-1.so.0.0.0
/usr/lib/libsvn_client-1.so.0.0.0
/usr/lib/libsvn_client-1.so.0.0.0
/usr/lib/libsvn_client-1.so.0.0.0
/usr/lib/libsvn_client-1.so.0.0.0
/usr/lib/libsvn_client-1.so.0.0.0
/usr/lib/libsvn_client-1.so.0.0.0
/usr/lib/libsvn_client-1.so.0.0.0
/usr/lib/libsvn_client-1.so.0
/usr/lib/libsvn_client-1.so
/usr/lib/libsvn_client-1.la
/usr/lib/libsvn_client-1.la
/usr/include/subversion-1/mod_authz_svn.h
/usr/include/subversion-1/mod_authz_svn.h
/usr/include/subversion-1/mod_dav_svn.h
/usr/include/subversion-1/mod_dav_svn.h
/usr/include/subversion-1/svn_auth.h
/usr/include/subversion-1/svn_auth.h
/usr/include/subversion-1/svn_base64.h
/usr/include/subversion-1/svn_base64.h
/usr/include/subversion-1/svn_cache_config.h
/usr/include/subversion-1/svn_cache_config.h
/usr/include/subversion-1/svn_checksum.h
/usr/include/subversion-1/svn_checksum.h
/usr/include/subversion-1/svn_client.h
/usr/include/subversion-1/svn_client.h
/usr/include/subversion-1/svn_client.h
/usr/include/subversion-1/svn_cmdline.h
/usr/include/subversion-1/svn_cmdline.h
/usr/include/subversion-1/svn_compat.h
/usr/include/subversion-1/svn_compat.h
/usr/include/subversion-1/svn_config.h
/usr/include/subversion-1/svn_config.h
/usr/include/subversion-1/svn_ctype.h
/usr/include/subversion-1/svn_ctype.h
/usr/include/subversion-1/svn_dav.h
/usr/include/subversion-1/svn_dav.h
/usr/include/subversion-1/svn_delta.h
/usr/include/subversion-1/svn_delta.h
/usr/include/subversion-1/svn_diff.h
/usr/include/subversion-1/svn_diff.h
/usr/include/subversion-1/svn_dirent_uri.h
/usr/include/subversion-1/svn_dirent_uri.h
/usr/include/subversion-1/svn_dso.h
/usr/include/subversion-1/svn_dso.h
/usr/include/subversion-1/svn_error.h
/usr/include/subversion-1/svn_error.h
/usr/include/subversion-1/svn_error_codes.h
/usr/include/subversion-1/svn_error_codes.h
/usr/include/subversion-1/svn_fs.h
/usr/include/subversion-1/svn_fs.h
/usr/include/subversion-1/svn_hash.h
/usr/include/subversion-1/svn_hash.h
/usr/include/subversion-1/svn_io.h
/usr/include/subversion-1/svn_io.h
/usr/include/subversion-1/svn_iter.h
/usr/include/subversion-1/svn_iter.h
/usr/include/subversion-1/svn_md5.h
/usr/include/subversion-1/svn_md5.h
/usr/include/subversion-1/svn_mergeinfo.h
/usr/include/subversion-1/svn_mergeinfo.h
/usr/include/subversion-1/svn_nls.h
/usr/include/subversion-1/svn_nls.h
/usr/include/subversion-1/svn_opt.h
/usr/include/subversion-1/svn_opt.h
/usr/include/subversion-1/svn_path.h
/usr/include/subversion-1/svn_path.h
/usr/include/subversion-1/svn_pools.h
/usr/include/subversion-1/svn_pools.h
/usr/include/subversion-1/svn_props.h
/usr/include/subversion-1/svn_props.h
/usr/include/subversion-1/svn_quoprint.h
/usr/include/subversion-1/svn_quoprint.h
/usr/include/subversion-1/svn_ra.h
/usr/include/subversion-1/svn_ra.h
/usr/include/subversion-1/svn_ra_svn.h
/usr/include/subversion-1/svn_ra_svn.h
/usr/include/subversion-1/svn_repos.h
/usr/include/subversion-1/svn_repos.h
/usr/include/subversion-1/svn_sorts.h
/usr/include/subversion-1/svn_sorts.h
/usr/include/subversion-1/svn_string.h
/usr/include/subversion-1/svn_string.h
/usr/include/subversion-1/svn_subst.h
/usr/include/subversion-1/svn_subst.h
/usr/include/subversion-1/svn_time.h
/usr/include/subversion-1/svn_time.h
/usr/include/subversion-1/svn_types.h
/usr/include/subversion-1/svn_types.h
/usr/include/subversion-1/svn_user.h
/usr/include/subversion-1/svn_user.h
/usr/include/subversion-1/svn_utf.h
/usr/include/subversion-1/svn_utf.h
/usr/include/subversion-1/svn_version.h
/usr/include/subversion-1/svn_version.h
/usr/include/subversion-1/svn_wc.h
/usr/include/subversion-1/svn_wc.h
/usr/include/subversion-1/svn_wc.h
/usr/include/subversion-1/svn_wc.h
/usr/include/subversion-1/svn_xml.h
/usr/include/subversion-1/svn_xml.h
/usr/bin/svn
/usr/bin/svn
/usr/bin/svn
/usr/bin/svn
/usr/bin/svn
/usr/bin/svn
/usr/bin/svn
/usr/bin/svn
/usr/bin/svnadmin
/usr/bin/svnadmin
/usr/bin/svndumpfilter
/usr/bin/svndumpfilter
/usr/bin/svnlook
/usr/bin/svnlook
/usr/bin/svnmucc
/usr/bin/svnmucc
/usr/bin/svnrdump
/usr/bin/svnrdump
/usr/bin/svnrdump
/usr/bin/svnserve
/usr/bin/svnserve
/usr/bin/svnserve
/usr/bin/svnsync
/usr/bin/svnsync
/usr/bin/svnversion
/usr/bin/svnversion
/usr/share/man/man1/svn.1
/usr/share/man/man1/svn.1
/usr/share/man/man1/svnadmin.1
/usr/share/man/man1/svnadmin.1
/usr/share/man/man1/svndumpfilter.1
/usr/share/man/man1/svndumpfilter.1
/usr/share/man/man1/svnlook.1
/usr/share/man/man1/svnlook.1
/usr/share/man/man1/svnmucc.1
/usr/share/man/man1/svnmucc.1
/usr/share/man/man1/svnrdump.1
/usr/share/man/man1/svnrdump.1
/usr/share/man/man8/svnserve.8
/usr/share/man/man8/svnserve.8
/usr/share/man/man5/svnserve.conf.5
/usr/share/man/man5/svnserve.conf.5
/usr/share/man/man1/svnsync.1
/usr/share/man/man1/svnsync.1
/usr/share/man/man1/svnversion.1
/usr/share/man/man1/svnversion.1
/usr/lib/httpd/modules/mod_dav_svn.so
/usr/lib/httpd/modules/mod_dav_svn.so
/usr/lib/httpd/modules/mod_dav_svn.so
/usr/lib/httpd/modules/mod_dav_svn.so
/usr/lib/httpd/modules/mod_dav_svn.so
/usr/lib/httpd/modules/mod_dav_svn.so
/usr/lib/httpd/modules/mod_dav_svn.so
/usr/lib/httpd/modules/mod_dav_svn.la
/usr/lib/httpd/modules/mod_dav_svn.la
/usr/lib/httpd/modules/mod_authz_svn.so
/usr/lib/httpd/modules/mod_authz_svn.so
/usr/lib/httpd/modules/mod_authz_svn.la
/usr/lib/httpd/modules/mod_authz_svn.la
/usr/share/locale/de/LC_MESSAGES/subversion.mo
/usr/share/locale/de/LC_MESSAGES/subversion.mo
/usr/share/locale/de/LC_MESSAGES/subversion.mo
/usr/share/locale/de/LC_MESSAGES/subversion.mo
/usr/share/locale/de/LC_MESSAGES/subversion.mo
/usr/share/locale/es/LC_MESSAGES/subversion.mo
/usr/share/locale/es/LC_MESSAGES/subversion.mo
/usr/share/locale/es/LC_MESSAGES/subversion.mo
/usr/share/locale/fr/LC_MESSAGES/subversion.mo
/usr/share/locale/fr/LC_MESSAGES/subversion.mo
/usr/share/locale/fr/LC_MESSAGES/subversion.mo
/usr/share/locale/fr/LC_MESSAGES/subversion.mo
/usr/share/locale/fr/LC_MESSAGES/subversion.mo
/usr/share/locale/it/LC_MESSAGES/subversion.mo
/usr/share/locale/it/LC_MESSAGES/subversion.mo
/usr/share/locale/it/LC_MESSAGES/subversion.mo
/usr/share/locale/ja/LC_MESSAGES/subversion.mo
/usr/share/locale/ja/LC_MESSAGES/subversion.mo
/usr/share/locale/ja/LC_MESSAGES/subversion.mo
/usr/share/locale/ko/LC_MESSAGES/subversion.mo
/usr/share/locale/ko/LC_MESSAGES/subversion.mo
/usr/share/locale/ko/LC_MESSAGES/subversion.mo
/usr/share/locale/ko/LC_MESSAGES/subversion.mo
/usr/share/locale/nb/LC_MESSAGES/subversion.mo
/usr/share/locale/nb/LC_MESSAGES/subversion.mo
/usr/share/locale/nb/LC_MESSAGES/subversion.mo
/usr/share/locale/pl/LC_MESSAGES/subversion.mo
/usr/share/locale/pl/LC_MESSAGES/subversion.mo
/usr/share/locale/pl/LC_MESSAGES/subversion.mo
/usr/share/locale/pl/LC_MESSAGES/subversion.mo
/usr/share/locale/pt_BR/LC_MESSAGES/subversion.mo
/usr/share/locale/pt_BR/LC_MESSAGES/subversion.mo
/usr/share/locale/pt_BR/LC_MESSAGES/subversion.mo
/usr/share/locale/sv/LC_MESSAGES/subversion.mo
/usr/share/locale/sv/LC_MESSAGES/subversion.mo
/usr/share/locale/sv/LC_MESSAGES/subversion.mo
/usr/share/locale/sv/LC_MESSAGES/subversion.mo
/usr/share/locale/sv/LC_MESSAGES/subversion.mo
/usr/share/locale/zh_CN/LC_MESSAGES/subversion.mo
/usr/share/locale/zh_CN/LC_MESSAGES/subversion.mo
/usr/share/locale/zh_CN/LC_MESSAGES/subversion.mo
/usr/share/locale/zh_CN/LC_MESSAGES/subversion.mo
/usr/share/locale/zh_TW/LC_MESSAGES/subversion.mo
/usr/share/locale/zh_TW/LC_MESSAGES/subversion.mo
/usr/include/subversion-1/svn-revision.txt
/usr/include/subversion-1/svn-revision.txt
/etc/httpd/extra/svn.conf
/etc/httpd/extra/svn.conf
/etc/httpd/sites/30.phpmyadmin.conf
/etc/httpd/sites/30.phpmyadmin.conf
/srv/auth/svn/authz
/srv/auth/svn/authz
/srv/auth/svn/adduser.sh
/srv/auth/svn/adduser.sh
/srv/auth/svn/users
