/usr/share/locale/ca/LC_MESSAGES/6044.tmp
/usr/share/locale/ca/LC_MESSAGES/6044.tmp
/usr/share/locale/ca/LC_MESSAGES/6044.tmp
/usr/share/locale/ca/LC_MESSAGES/sudo.mo
/usr/share/locale/cs/LC_MESSAGES/6076.tmp
/usr/share/locale/cs/LC_MESSAGES/6076.tmp
/usr/share/locale/cs/LC_MESSAGES/6076.tmp
/usr/share/locale/cs/LC_MESSAGES/sudo.mo
/usr/share/locale/da/LC_MESSAGES/6104.tmp
/usr/share/locale/da/LC_MESSAGES/6104.tmp
/usr/share/locale/da/LC_MESSAGES/6104.tmp
/usr/share/locale/da/LC_MESSAGES/sudo.mo
/usr/share/locale/de/LC_MESSAGES/6136.tmp
/usr/share/locale/de/LC_MESSAGES/6136.tmp
/usr/share/locale/de/LC_MESSAGES/6136.tmp
/usr/share/locale/de/LC_MESSAGES/sudo.mo
/usr/share/locale/eo/LC_MESSAGES/6167.tmp
/usr/share/locale/eo/LC_MESSAGES/6167.tmp
/usr/share/locale/eo/LC_MESSAGES/6167.tmp
/usr/share/locale/eo/LC_MESSAGES/sudo.mo
/usr/share/locale/es/LC_MESSAGES/6200.tmp
/usr/share/locale/es/LC_MESSAGES/6200.tmp
/usr/share/locale/es/LC_MESSAGES/6200.tmp
/usr/share/locale/es/LC_MESSAGES/sudo.mo
/usr/share/locale/eu/LC_MESSAGES/6232.tmp
/usr/share/locale/eu/LC_MESSAGES/6232.tmp
/usr/share/locale/eu/LC_MESSAGES/6232.tmp
/usr/share/locale/eu/LC_MESSAGES/sudo.mo
/usr/share/locale/fi/LC_MESSAGES/6264.tmp
/usr/share/locale/fi/LC_MESSAGES/6264.tmp
/usr/share/locale/fi/LC_MESSAGES/6264.tmp
/usr/share/locale/fi/LC_MESSAGES/sudo.mo
/usr/share/locale/fr/LC_MESSAGES/6296.tmp
/usr/share/locale/fr/LC_MESSAGES/6296.tmp
/usr/share/locale/fr/LC_MESSAGES/6296.tmp
/usr/share/locale/fr/LC_MESSAGES/sudo.mo
/usr/share/locale/gl/LC_MESSAGES/6328.tmp
/usr/share/locale/gl/LC_MESSAGES/6328.tmp
/usr/share/locale/gl/LC_MESSAGES/6328.tmp
/usr/share/locale/gl/LC_MESSAGES/sudo.mo
/usr/share/locale/hr/LC_MESSAGES/6360.tmp
/usr/share/locale/hr/LC_MESSAGES/6360.tmp
/usr/share/locale/hr/LC_MESSAGES/6360.tmp
/usr/share/locale/hr/LC_MESSAGES/sudo.mo
/usr/share/locale/it/LC_MESSAGES/6391.tmp
/usr/share/locale/it/LC_MESSAGES/6391.tmp
/usr/share/locale/it/LC_MESSAGES/6391.tmp
/usr/share/locale/it/LC_MESSAGES/sudo.mo
/usr/share/locale/ja/LC_MESSAGES/6424.tmp
/usr/share/locale/ja/LC_MESSAGES/6424.tmp
/usr/share/locale/ja/LC_MESSAGES/6424.tmp
/usr/share/locale/ja/LC_MESSAGES/sudo.mo
/usr/share/locale/nl/LC_MESSAGES/6456.tmp
/usr/share/locale/nl/LC_MESSAGES/6456.tmp
/usr/share/locale/nl/LC_MESSAGES/6456.tmp
/usr/share/locale/nl/LC_MESSAGES/sudo.mo
/usr/share/locale/pl/LC_MESSAGES/6488.tmp
/usr/share/locale/pl/LC_MESSAGES/6488.tmp
/usr/share/locale/pl/LC_MESSAGES/6488.tmp
/usr/share/locale/pl/LC_MESSAGES/sudo.mo
/usr/share/locale/pt_BR/LC_MESSAGES/6520.tmp
/usr/share/locale/pt_BR/LC_MESSAGES/6520.tmp
/usr/share/locale/pt_BR/LC_MESSAGES/6520.tmp
/usr/share/locale/pt_BR/LC_MESSAGES/sudo.mo
/usr/share/locale/ru/LC_MESSAGES/6552.tmp
/usr/share/locale/ru/LC_MESSAGES/6552.tmp
/usr/share/locale/ru/LC_MESSAGES/6552.tmp
/usr/share/locale/ru/LC_MESSAGES/sudo.mo
/usr/share/locale/sl/LC_MESSAGES/6584.tmp
/usr/share/locale/sl/LC_MESSAGES/6584.tmp
/usr/share/locale/sl/LC_MESSAGES/6584.tmp
/usr/share/locale/sl/LC_MESSAGES/sudo.mo
/usr/share/locale/sr/LC_MESSAGES/6616.tmp
/usr/share/locale/sr/LC_MESSAGES/6616.tmp
/usr/share/locale/sr/LC_MESSAGES/6616.tmp
/usr/share/locale/sr/LC_MESSAGES/sudo.mo
/usr/share/locale/sv/LC_MESSAGES/6647.tmp
/usr/share/locale/sv/LC_MESSAGES/6647.tmp
/usr/share/locale/sv/LC_MESSAGES/6647.tmp
/usr/share/locale/sv/LC_MESSAGES/sudo.mo
/usr/share/locale/tr/LC_MESSAGES/6680.tmp
/usr/share/locale/tr/LC_MESSAGES/6680.tmp
/usr/share/locale/tr/LC_MESSAGES/6680.tmp
/usr/share/locale/tr/LC_MESSAGES/sudo.mo
/usr/share/locale/uk/LC_MESSAGES/6712.tmp
/usr/share/locale/uk/LC_MESSAGES/6712.tmp
/usr/share/locale/uk/LC_MESSAGES/6712.tmp
/usr/share/locale/uk/LC_MESSAGES/sudo.mo
/usr/share/locale/vi/LC_MESSAGES/6744.tmp
/usr/share/locale/vi/LC_MESSAGES/6744.tmp
/usr/share/locale/vi/LC_MESSAGES/6744.tmp
/usr/share/locale/vi/LC_MESSAGES/sudo.mo
/usr/share/locale/zh_CN/LC_MESSAGES/6776.tmp
/usr/share/locale/zh_CN/LC_MESSAGES/6776.tmp
/usr/share/locale/zh_CN/LC_MESSAGES/6776.tmp
/usr/share/locale/zh_CN/LC_MESSAGES/sudo.mo
/usr/share/locale/cs/LC_MESSAGES/6819.tmp
/usr/share/locale/cs/LC_MESSAGES/6819.tmp
/usr/share/locale/cs/LC_MESSAGES/6819.tmp
/usr/share/locale/cs/LC_MESSAGES/sudoers.mo
/usr/share/locale/da/LC_MESSAGES/6846.tmp
/usr/share/locale/da/LC_MESSAGES/6846.tmp
/usr/share/locale/da/LC_MESSAGES/6846.tmp
/usr/share/locale/da/LC_MESSAGES/sudoers.mo
/usr/share/locale/de/LC_MESSAGES/6879.tmp
/usr/share/locale/de/LC_MESSAGES/6879.tmp
/usr/share/locale/de/LC_MESSAGES/6879.tmp
/usr/share/locale/de/LC_MESSAGES/sudoers.mo
/usr/share/locale/eo/LC_MESSAGES/6910.tmp
/usr/share/locale/eo/LC_MESSAGES/6910.tmp
/usr/share/locale/eo/LC_MESSAGES/6910.tmp
/usr/share/locale/eo/LC_MESSAGES/sudoers.mo
/usr/share/locale/eu/LC_MESSAGES/6943.tmp
/usr/share/locale/eu/LC_MESSAGES/6943.tmp
/usr/share/locale/eu/LC_MESSAGES/6943.tmp
/usr/share/locale/eu/LC_MESSAGES/sudoers.mo
/usr/share/locale/fi/LC_MESSAGES/6975.tmp
/usr/share/locale/fi/LC_MESSAGES/6975.tmp
/usr/share/locale/fi/LC_MESSAGES/6975.tmp
/usr/share/locale/fi/LC_MESSAGES/sudoers.mo
/usr/share/locale/hr/LC_MESSAGES/7007.tmp
/usr/share/locale/hr/LC_MESSAGES/7007.tmp
/usr/share/locale/hr/LC_MESSAGES/7007.tmp
/usr/share/locale/hr/LC_MESSAGES/sudoers.mo
/usr/share/locale/it/LC_MESSAGES/7039.tmp
/usr/share/locale/it/LC_MESSAGES/7039.tmp
/usr/share/locale/it/LC_MESSAGES/7039.tmp
/usr/share/locale/it/LC_MESSAGES/sudoers.mo
/usr/share/locale/ja/LC_MESSAGES/7070.tmp
/usr/share/locale/ja/LC_MESSAGES/7070.tmp
/usr/share/locale/ja/LC_MESSAGES/7070.tmp
/usr/share/locale/ja/LC_MESSAGES/sudoers.mo
/usr/share/locale/lt/LC_MESSAGES/7102.tmp
/usr/share/locale/lt/LC_MESSAGES/7102.tmp
/usr/share/locale/lt/LC_MESSAGES/7102.tmp
/usr/share/locale/lt/LC_MESSAGES/sudoers.mo
/usr/share/locale/nl/LC_MESSAGES/7135.tmp
/usr/share/locale/nl/LC_MESSAGES/7135.tmp
/usr/share/locale/nl/LC_MESSAGES/7135.tmp
/usr/share/locale/nl/LC_MESSAGES/sudoers.mo
/usr/share/locale/pl/LC_MESSAGES/7166.tmp
/usr/share/locale/pl/LC_MESSAGES/7166.tmp
/usr/share/locale/pl/LC_MESSAGES/7166.tmp
/usr/share/locale/pl/LC_MESSAGES/sudoers.mo
/usr/share/locale/pt_BR/LC_MESSAGES/7199.tmp
/usr/share/locale/pt_BR/LC_MESSAGES/7199.tmp
/usr/share/locale/pt_BR/LC_MESSAGES/7199.tmp
/usr/share/locale/pt_BR/LC_MESSAGES/sudoers.mo
/usr/share/locale/sl/LC_MESSAGES/7231.tmp
/usr/share/locale/sl/LC_MESSAGES/7231.tmp
/usr/share/locale/sl/LC_MESSAGES/7231.tmp
/usr/share/locale/sl/LC_MESSAGES/sudoers.mo
/usr/share/locale/sr/LC_MESSAGES/7263.tmp
/usr/share/locale/sr/LC_MESSAGES/7263.tmp
/usr/share/locale/sr/LC_MESSAGES/7263.tmp
/usr/share/locale/sr/LC_MESSAGES/sudoers.mo
/usr/share/locale/sv/LC_MESSAGES/7295.tmp
/usr/share/locale/sv/LC_MESSAGES/7295.tmp
/usr/share/locale/sv/LC_MESSAGES/7295.tmp
/usr/share/locale/sv/LC_MESSAGES/sudoers.mo
/usr/share/locale/tr/LC_MESSAGES/7327.tmp
/usr/share/locale/tr/LC_MESSAGES/7327.tmp
/usr/share/locale/tr/LC_MESSAGES/7327.tmp
/usr/share/locale/tr/LC_MESSAGES/sudoers.mo
/usr/share/locale/uk/LC_MESSAGES/7359.tmp
/usr/share/locale/uk/LC_MESSAGES/7359.tmp
/usr/share/locale/uk/LC_MESSAGES/7359.tmp
/usr/share/locale/uk/LC_MESSAGES/sudoers.mo
/usr/share/locale/vi/LC_MESSAGES/7391.tmp
/usr/share/locale/vi/LC_MESSAGES/7391.tmp
/usr/share/locale/vi/LC_MESSAGES/7391.tmp
/usr/share/locale/vi/LC_MESSAGES/sudoers.mo
/usr/share/locale/zh_CN/LC_MESSAGES/7422.tmp
/usr/share/locale/zh_CN/LC_MESSAGES/7422.tmp
/usr/share/locale/zh_CN/LC_MESSAGES/7422.tmp
/usr/share/locale/zh_CN/LC_MESSAGES/sudoers.mo
/usr/lib/sudo/7466.tmp
/usr/lib/sudo/7466.tmp
/usr/lib/sudo/7466.tmp
/usr/lib/sudo/group_file.so
/usr/lib/sudo/7551.tmp
/usr/lib/sudo/7551.tmp
/usr/lib/sudo/7551.tmp
/usr/lib/sudo/7551.tmp
/usr/lib/sudo/7551.tmp
/usr/lib/sudo/7551.tmp
/usr/lib/sudo/7551.tmp
/usr/lib/sudo/7551.tmp
/usr/lib/sudo/sudoers.so
/usr/bin/7573.tmp
/usr/bin/7573.tmp
/usr/bin/7573.tmp
/usr/bin/7573.tmp
/usr/bin/sudoreplay
/usr/sbin/7608.tmp
/usr/sbin/7608.tmp
/usr/sbin/7608.tmp
/usr/sbin/7608.tmp
/usr/sbin/7608.tmp
/usr/sbin/7608.tmp
/usr/sbin/visudo
/etc/7661.tmp
/etc/7661.tmp
/etc/7661.tmp
/etc/sudoers
/usr/lib/sudo/7706.tmp
/usr/lib/sudo/7706.tmp
/usr/lib/sudo/7706.tmp
/usr/lib/sudo/system_group.so
/usr/bin/7759.tmp
/usr/bin/7759.tmp
/usr/bin/7759.tmp
/usr/bin/7759.tmp
/usr/bin/7759.tmp
/usr/bin/7759.tmp
/usr/bin/sudo
/usr/bin/sudoedit
/usr/lib/sudo/7799.tmp
/usr/lib/sudo/7799.tmp
/usr/lib/sudo/7799.tmp
/usr/lib/sudo/sudo_noexec.so
/usr/include/7846.tmp
/usr/include/7846.tmp
/usr/include/7846.tmp
/usr/include/sudo_plugin.h
/usr/share/doc/sudo-1.8.10p3/7895.tmp
/usr/share/doc/sudo-1.8.10p3/7895.tmp
/usr/share/doc/sudo-1.8.10p3/7895.tmp
/usr/share/doc/sudo-1.8.10p3/7895.tmp
/usr/share/doc/sudo-1.8.10p3/7895.tmp
/usr/share/doc/sudo-1.8.10p3/7895.tmp
/usr/share/doc/sudo-1.8.10p3/7895.tmp
/usr/share/doc/sudo-1.8.10p3/7895.tmp
/usr/share/doc/sudo-1.8.10p3/7895.tmp
/usr/share/doc/sudo-1.8.10p3/7895.tmp
/usr/share/doc/sudo-1.8.10p3/7895.tmp
/usr/share/doc/sudo-1.8.10p3/ChangeLog
/usr/share/doc/sudo-1.8.10p3/7914.tmp
/usr/share/doc/sudo-1.8.10p3/7914.tmp
/usr/share/doc/sudo-1.8.10p3/7914.tmp
/usr/share/doc/sudo-1.8.10p3/README
/usr/share/doc/sudo-1.8.10p3/7943.tmp
/usr/share/doc/sudo-1.8.10p3/7943.tmp
/usr/share/doc/sudo-1.8.10p3/7943.tmp
/usr/share/doc/sudo-1.8.10p3/NEWS
/usr/share/doc/sudo-1.8.10p3/7972.tmp
/usr/share/doc/sudo-1.8.10p3/7972.tmp
/usr/share/doc/sudo-1.8.10p3/7972.tmp
/usr/share/doc/sudo-1.8.10p3/HISTORY
/usr/share/doc/sudo-1.8.10p3/8002.tmp
/usr/share/doc/sudo-1.8.10p3/8002.tmp
/usr/share/doc/sudo-1.8.10p3/8002.tmp
/usr/share/doc/sudo-1.8.10p3/CONTRIBUTORS
/usr/share/doc/sudo-1.8.10p3/8031.tmp
/usr/share/doc/sudo-1.8.10p3/8031.tmp
/usr/share/doc/sudo-1.8.10p3/8031.tmp
/usr/share/doc/sudo-1.8.10p3/LICENSE
/usr/share/doc/sudo-1.8.10p3/8060.tmp
/usr/share/doc/sudo-1.8.10p3/8060.tmp
/usr/share/doc/sudo-1.8.10p3/8060.tmp
/usr/share/doc/sudo-1.8.10p3/TROUBLESHOOTING
/usr/share/doc/sudo-1.8.10p3/8090.tmp
/usr/share/doc/sudo-1.8.10p3/8090.tmp
/usr/share/doc/sudo-1.8.10p3/8090.tmp
/usr/share/doc/sudo-1.8.10p3/UPGRADE
/usr/share/doc/sudo-1.8.10p3/8118.tmp
/usr/share/doc/sudo-1.8.10p3/8118.tmp
/usr/share/doc/sudo-1.8.10p3/8118.tmp
/usr/share/doc/sudo-1.8.10p3/sample.pam
/usr/share/doc/sudo-1.8.10p3/8147.tmp
/usr/share/doc/sudo-1.8.10p3/8147.tmp
/usr/share/doc/sudo-1.8.10p3/8147.tmp
/usr/share/doc/sudo-1.8.10p3/sample.sudo.conf
/usr/share/doc/sudo-1.8.10p3/8176.tmp
/usr/share/doc/sudo-1.8.10p3/8176.tmp
/usr/share/doc/sudo-1.8.10p3/8176.tmp
/usr/share/doc/sudo-1.8.10p3/sample.sudoers
/usr/share/doc/sudo-1.8.10p3/8204.tmp
/usr/share/doc/sudo-1.8.10p3/8204.tmp
/usr/share/doc/sudo-1.8.10p3/8204.tmp
/usr/share/doc/sudo-1.8.10p3/sample.syslog.conf
/usr/share/man/man8/8236.tmp
/usr/share/man/man8/8236.tmp
/usr/share/man/man8/8236.tmp
/usr/share/man/man8/sudo.8
/usr/share/man/man8/8265.tmp
/usr/share/man/man8/8265.tmp
/usr/share/man/man8/8265.tmp
/usr/share/man/man8/sudo_plugin.8
/usr/share/man/man8/8293.tmp
/usr/share/man/man8/8293.tmp
/usr/share/man/man8/8293.tmp
/usr/share/man/man8/sudoreplay.8
/usr/share/man/man8/8321.tmp
/usr/share/man/man8/8321.tmp
/usr/share/man/man8/8321.tmp
/usr/share/man/man8/visudo.8
/usr/share/man/man5/8349.tmp
/usr/share/man/man5/8349.tmp
/usr/share/man/man5/8349.tmp
/usr/share/man/man5/sudo.conf.5
/usr/share/man/man5/8377.tmp
/usr/share/man/man5/8377.tmp
/usr/share/man/man5/8377.tmp
/usr/share/man/man5/sudoers.5
/usr/share/man/man8/sudoedit.8
/etc/sudoers
/etc/sudoers
