/usr/share/man/man8/sysklogd.8
/usr/share/man/man8/sysklogd.8
/usr/share/man/man8/syslogd.8
/usr/share/man/man8/syslogd.8
/usr/share/man/man5/syslog.conf.5
/usr/share/man/man5/syslog.conf.5
/usr/share/man/man8/klogd.8
/usr/share/man/man8/klogd.8
/sbin/syslogd
/sbin/syslogd
/sbin/stbGYd1c
/sbin/stbGYd1c
/sbin/stbGYd1c
/sbin/stbGYd1c
/sbin/stbGYd1c
/sbin/stbGYd1c
/sbin/stbGYd1c
/sbin/stbGYd1c
/sbin/stbGYd1c
/sbin/stbGYd1c
/sbin/stbGYd1c
/sbin/stbGYd1c
/sbin/stbGYd1c
/sbin/stbGYd1c
/sbin/stbGYd1c
/sbin/stbGYd1c
/sbin/syslogd
/sbin/klogd
/sbin/klogd
/sbin/stDy8w0d
/sbin/stDy8w0d
/sbin/stDy8w0d
/sbin/stDy8w0d
/sbin/stDy8w0d
/sbin/stDy8w0d
/sbin/stDy8w0d
/sbin/stDy8w0d
/sbin/stDy8w0d
/sbin/stDy8w0d
/sbin/stDy8w0d
/sbin/stDy8w0d
/sbin/stDy8w0d
/sbin/klogd
/etc/syslog.conf
/etc/syslog.conf
