/sbin/init
/sbin/init
/sbin/halt
/sbin/halt
/sbin/shutdown
/sbin/shutdown
/sbin/runlevel
/sbin/runlevel
/sbin/killall5
/sbin/killall5
/sbin/fstab-decode
/sbin/fstab-decode
/sbin/bootlogd
/sbin/bootlogd
/sbin/reboot
/sbin/poweroff
/sbin/telinit
/usr/include/initreq.h
/usr/include/initreq.h
/usr/share/man/man5/initscript.5
/usr/share/man/man5/initscript.5
/usr/share/man/man5/inittab.5
/usr/share/man/man5/inittab.5
/usr/share/man/man8/halt.8
/usr/share/man/man8/halt.8
/usr/share/man/man8/init.8
/usr/share/man/man8/init.8
/usr/share/man/man8/killall5.8
/usr/share/man/man8/killall5.8
/usr/share/man/man8/poweroff.8
/usr/share/man/man8/poweroff.8
/usr/share/man/man8/reboot.8
/usr/share/man/man8/reboot.8
/usr/share/man/man8/runlevel.8
/usr/share/man/man8/runlevel.8
/usr/share/man/man8/shutdown.8
/usr/share/man/man8/shutdown.8
/usr/share/man/man8/telinit.8
/usr/share/man/man8/telinit.8
/usr/share/man/man8/fstab-decode.8
/usr/share/man/man8/fstab-decode.8
/usr/share/man/man8/bootlogd.8
/usr/share/man/man8/bootlogd.8
