/usr/share/locale/ca/LC_MESSAGES/util-linux.mo
/usr/share/locale/ca/LC_MESSAGES/util-linux.mo
/usr/share/locale/cs/LC_MESSAGES/util-linux.mo
/usr/share/locale/cs/LC_MESSAGES/util-linux.mo
/usr/share/locale/cs/LC_MESSAGES/util-linux.mo
/usr/share/locale/cs/LC_MESSAGES/util-linux.mo
/usr/share/locale/da/LC_MESSAGES/util-linux.mo
/usr/share/locale/da/LC_MESSAGES/util-linux.mo
/usr/share/locale/da/LC_MESSAGES/util-linux.mo
/usr/share/locale/de/LC_MESSAGES/util-linux.mo
/usr/share/locale/de/LC_MESSAGES/util-linux.mo
/usr/share/locale/de/LC_MESSAGES/util-linux.mo
/usr/share/locale/de/LC_MESSAGES/util-linux.mo
/usr/share/locale/es/LC_MESSAGES/util-linux.mo
/usr/share/locale/es/LC_MESSAGES/util-linux.mo
/usr/share/locale/et/LC_MESSAGES/util-linux.mo
/usr/share/locale/et/LC_MESSAGES/util-linux.mo
/usr/share/locale/eu/LC_MESSAGES/util-linux.mo
/usr/share/locale/eu/LC_MESSAGES/util-linux.mo
/usr/share/locale/fi/LC_MESSAGES/util-linux.mo
/usr/share/locale/fi/LC_MESSAGES/util-linux.mo
/usr/share/locale/fr/LC_MESSAGES/util-linux.mo
/usr/share/locale/fr/LC_MESSAGES/util-linux.mo
/usr/share/locale/fr/LC_MESSAGES/util-linux.mo
/usr/share/locale/fr/LC_MESSAGES/util-linux.mo
/usr/share/locale/fr/LC_MESSAGES/util-linux.mo
/usr/share/locale/gl/LC_MESSAGES/util-linux.mo
/usr/share/locale/gl/LC_MESSAGES/util-linux.mo
/usr/share/locale/hr/LC_MESSAGES/util-linux.mo
/usr/share/locale/hr/LC_MESSAGES/util-linux.mo
/usr/share/locale/hu/LC_MESSAGES/util-linux.mo
/usr/share/locale/hu/LC_MESSAGES/util-linux.mo
/usr/share/locale/id/LC_MESSAGES/util-linux.mo
/usr/share/locale/id/LC_MESSAGES/util-linux.mo
/usr/share/locale/it/LC_MESSAGES/util-linux.mo
/usr/share/locale/it/LC_MESSAGES/util-linux.mo
/usr/share/locale/ja/LC_MESSAGES/util-linux.mo
/usr/share/locale/ja/LC_MESSAGES/util-linux.mo
/usr/share/locale/ja/LC_MESSAGES/util-linux.mo
/usr/share/locale/ja/LC_MESSAGES/util-linux.mo
/usr/share/locale/nl/LC_MESSAGES/util-linux.mo
/usr/share/locale/nl/LC_MESSAGES/util-linux.mo
/usr/share/locale/nl/LC_MESSAGES/util-linux.mo
/usr/share/locale/nl/LC_MESSAGES/util-linux.mo
/usr/share/locale/pl/LC_MESSAGES/util-linux.mo
/usr/share/locale/pl/LC_MESSAGES/util-linux.mo
/usr/share/locale/pl/LC_MESSAGES/util-linux.mo
/usr/share/locale/pl/LC_MESSAGES/util-linux.mo
/usr/share/locale/pt_BR/LC_MESSAGES/util-linux.mo
/usr/share/locale/pt_BR/LC_MESSAGES/util-linux.mo
/usr/share/locale/pt_BR/LC_MESSAGES/util-linux.mo
/usr/share/locale/pt_BR/LC_MESSAGES/util-linux.mo
/usr/share/locale/ru/LC_MESSAGES/util-linux.mo
/usr/share/locale/ru/LC_MESSAGES/util-linux.mo
/usr/share/locale/sl/LC_MESSAGES/util-linux.mo
/usr/share/locale/sl/LC_MESSAGES/util-linux.mo
/usr/share/locale/sv/LC_MESSAGES/util-linux.mo
/usr/share/locale/sv/LC_MESSAGES/util-linux.mo
/usr/share/locale/tr/LC_MESSAGES/util-linux.mo
/usr/share/locale/tr/LC_MESSAGES/util-linux.mo
/usr/share/locale/uk/LC_MESSAGES/util-linux.mo
/usr/share/locale/uk/LC_MESSAGES/util-linux.mo
/usr/share/locale/uk/LC_MESSAGES/util-linux.mo
/usr/share/locale/uk/LC_MESSAGES/util-linux.mo
/usr/share/locale/uk/LC_MESSAGES/util-linux.mo
/usr/share/locale/vi/LC_MESSAGES/util-linux.mo
/usr/share/locale/vi/LC_MESSAGES/util-linux.mo
/usr/share/locale/vi/LC_MESSAGES/util-linux.mo
/usr/share/locale/vi/LC_MESSAGES/util-linux.mo
/usr/share/locale/vi/LC_MESSAGES/util-linux.mo
/usr/share/locale/zh_CN/LC_MESSAGES/util-linux.mo
/usr/share/locale/zh_CN/LC_MESSAGES/util-linux.mo
/usr/share/locale/zh_CN/LC_MESSAGES/util-linux.mo
/usr/share/locale/zh_CN/LC_MESSAGES/util-linux.mo
/usr/share/locale/zh_TW/LC_MESSAGES/util-linux.mo
/usr/share/locale/zh_TW/LC_MESSAGES/util-linux.mo
/bin/more
/bin/more
/bin/dmesg
/bin/dmesg
/bin/dmesg
/bin/mount
/bin/mount
/bin/umount
/bin/umount
/bin/wdctl
/bin/wdctl
/bin/mountpoint
/bin/mountpoint
/bin/lsblk
/bin/lsblk
/bin/lsblk
/bin/findmnt
/bin/findmnt
/bin/kill
/bin/kill
/sbin/agetty
/sbin/agetty
/sbin/sulogin
/sbin/sulogin
/sbin/nologin
/sbin/nologin
/sbin/fstrim
/sbin/fstrim
/sbin/ctrlaltdel
/sbin/ctrlaltdel
/sbin/fsfreeze
/sbin/fsfreeze
/sbin/blkdiscard
/sbin/blkdiscard
/sbin/losetup
/sbin/losetup
/sbin/losetup
/sbin/swapon
/sbin/swapon
/sbin/swapoff
/sbin/swapoff
/sbin/chcpu
/sbin/chcpu
/sbin/pivot_root
/sbin/pivot_root
/sbin/switch_root
/sbin/switch_root
/sbin/hwclock
/sbin/hwclock
/sbin/blkid
/sbin/blkid
/sbin/blkid
/sbin/findfs
/sbin/findfs
/sbin/wipefs
/sbin/wipefs
/sbin/fsck.minix
/sbin/fsck.minix
/sbin/fsck.minix
/sbin/mkfs.minix
/sbin/mkfs.minix
/sbin/mkfs
/sbin/mkfs
/sbin/mkfs.bfs
/sbin/mkfs.bfs
/sbin/mkswap
/sbin/mkswap
/sbin/mkswap
/sbin/swaplabel
/sbin/swaplabel
/sbin/fsck
/sbin/fsck
/sbin/raw
/sbin/raw
/sbin/fsck.cramfs
/sbin/fsck.cramfs
/sbin/mkfs.cramfs
/sbin/mkfs.cramfs
/sbin/blockdev
/sbin/blockdev
/sbin/fdisk
/sbin/fdisk
/sbin/fdisk
/sbin/fdisk
/sbin/fdisk
/sbin/fdisk
/sbin/fdisk
/sbin/sfdisk
/sbin/sfdisk
/sbin/sfdisk
/sbin/cfdisk
/sbin/cfdisk
/sbin/cfdisk
/sbin/cfdisk
/sbin/cfdisk
/sbin/cfdisk
/sbin/cfdisk
/usr/bin/chrt
/usr/bin/chrt
/usr/bin/ionice
/usr/bin/ionice
/usr/bin/taskset
/usr/bin/taskset
/usr/bin/col
/usr/bin/col
/usr/bin/colcrt
/usr/bin/colcrt
/usr/bin/colrm
/usr/bin/colrm
/usr/bin/column
/usr/bin/column
/usr/bin/hexdump
/usr/bin/hexdump
/usr/bin/rev
/usr/bin/rev
/usr/bin/tailf
/usr/bin/tailf
/usr/bin/pg
/usr/bin/pg
/usr/bin/ul
/usr/bin/ul
/usr/bin/script
/usr/bin/script
/usr/bin/scriptreplay
/usr/bin/scriptreplay
/usr/bin/setterm
/usr/bin/setterm
/usr/bin/mesg
/usr/bin/mesg
/usr/bin/wall
/usr/bin/wall
/usr/bin/last
/usr/bin/last
/usr/bin/utmpdump
/usr/bin/utmpdump
/usr/bin/lslogins
/usr/bin/lslogins
/usr/bin/flock
/usr/bin/flock
/usr/bin/ipcmk
/usr/bin/ipcmk
/usr/bin/ipcrm
/usr/bin/ipcrm
/usr/bin/ipcs
/usr/bin/ipcs
/usr/bin/renice
/usr/bin/renice
/usr/bin/setsid
/usr/bin/setsid
/usr/bin/setarch
/usr/bin/setarch
/usr/bin/eject
/usr/bin/eject
/usr/bin/prlimit
/usr/bin/prlimit
/usr/bin/lscpu
/usr/bin/lscpu
/usr/bin/lscpu
/usr/bin/fallocate
/usr/bin/fallocate
/usr/bin/unshare
/usr/bin/unshare
/usr/bin/nsenter
/usr/bin/nsenter
/usr/bin/cal
/usr/bin/cal
/usr/bin/logger
/usr/bin/logger
/usr/bin/look
/usr/bin/look
/usr/bin/mcookie
/usr/bin/mcookie
/usr/bin/namei
/usr/bin/namei
/usr/bin/whereis
/usr/bin/whereis
/usr/bin/lslocks
/usr/bin/lslocks
/usr/bin/uuidgen
/usr/bin/uuidgen
/usr/bin/rename
/usr/bin/rename
/usr/bin/getopt
/usr/bin/getopt
/usr/bin/isosize
/usr/bin/isosize
/usr/lib/libuuid.so.1.3.0
/usr/lib/libuuid.so.1.3.0
/usr/lib/libuuid.so.1
/usr/lib/libuuid.so
/usr/lib/libuuid.la
/usr/lib/libuuid.la
/usr/lib/libblkid.so.1.1.0
/usr/lib/libblkid.so.1.1.0
/usr/lib/libblkid.so.1.1.0
/usr/lib/libblkid.so.1.1.0
/usr/lib/libblkid.so.1.1.0
/usr/lib/libblkid.so.1.1.0
/usr/lib/libblkid.so.1.1.0
/usr/lib/libblkid.so.1.1.0
/usr/lib/libblkid.so.1.1.0
/usr/lib/libblkid.so.1
/usr/lib/libblkid.so
/usr/lib/libblkid.la
/usr/lib/libblkid.la
/usr/lib/libmount.so.1.1.0
/usr/lib/libmount.so.1.1.0
/usr/lib/libmount.so.1.1.0
/usr/lib/libmount.so.1.1.0
/usr/lib/libmount.so.1.1.0
/usr/lib/libmount.so.1.1.0
/usr/lib/libmount.so.1.1.0
/usr/lib/libmount.so.1
/usr/lib/libmount.so
/usr/lib/libmount.la
/usr/lib/libmount.la
/usr/lib/libsmartcols.so.1.1.0
/usr/lib/libsmartcols.so.1.1.0
/usr/lib/libsmartcols.so.1.1.0
/usr/lib/libsmartcols.so.1.1.0
/usr/lib/libsmartcols.so.1.1.0
/usr/lib/libsmartcols.so.1
/usr/lib/libsmartcols.so
/usr/lib/libsmartcols.la
/usr/lib/libsmartcols.la
/usr/lib/libuuid.a
/usr/lib/libuuid.a
/usr/lib/stN0BGpL
/usr/lib/stN0BGpL
/usr/lib/stN0BGpL
/usr/lib/stN0BGpL
/usr/lib/stN0BGpL
/usr/lib/stN0BGpL
/usr/lib/stN0BGpL
/usr/lib/stN0BGpL
/usr/lib/stN0BGpL
/usr/lib/stN0BGpL
/usr/lib/stN0BGpL
/usr/lib/stN0BGpL
/usr/lib/stN0BGpL
/usr/lib/stN0BGpL
/usr/lib/stN0BGpL
/usr/lib/stN0BGpL
/usr/lib/stN0BGpL
/usr/lib/stN0BGpL
/usr/lib/stN0BGpL
/usr/lib/libuuid.a
/usr/lib/libblkid.a
/usr/lib/libblkid.a
/usr/lib/libblkid.a
/usr/lib/libblkid.a
/usr/lib/libblkid.a
/usr/lib/libblkid.a
/usr/lib/libblkid.a
/usr/lib/libblkid.a
/usr/lib/libblkid.a
/usr/lib/libblkid.a
/usr/lib/libblkid.a
/usr/lib/libblkid.a
/usr/lib/libblkid.a
/usr/lib/libblkid.a
/usr/lib/strGd3WL
/usr/lib/strGd3WL
/usr/lib/strGd3WL
/usr/lib/strGd3WL
/usr/lib/strGd3WL
/usr/lib/strGd3WL
/usr/lib/strGd3WL
/usr/lib/strGd3WL
/usr/lib/strGd3WL
/usr/lib/strGd3WL
/usr/lib/strGd3WL
/usr/lib/strGd3WL
/usr/lib/strGd3WL
/usr/lib/strGd3WL
/usr/lib/strGd3WL
/usr/lib/strGd3WL
/usr/lib/strGd3WL
/usr/lib/strGd3WL
/usr/lib/strGd3WL
/usr/lib/strGd3WL
/usr/lib/strGd3WL
/usr/lib/strGd3WL
/usr/lib/strGd3WL
/usr/lib/strGd3WL
/usr/lib/strGd3WL
/usr/lib/strGd3WL
/usr/lib/strGd3WL
/usr/lib/strGd3WL
/usr/lib/strGd3WL
/usr/lib/strGd3WL
/usr/lib/strGd3WL
/usr/lib/strGd3WL
/usr/lib/strGd3WL
/usr/lib/strGd3WL
/usr/lib/strGd3WL
/usr/lib/strGd3WL
/usr/lib/strGd3WL
/usr/lib/strGd3WL
/usr/lib/strGd3WL
/usr/lib/strGd3WL
/usr/lib/strGd3WL
/usr/lib/strGd3WL
/usr/lib/strGd3WL
/usr/lib/strGd3WL
/usr/lib/strGd3WL
/usr/lib/strGd3WL
/usr/lib/strGd3WL
/usr/lib/strGd3WL
/usr/lib/strGd3WL
/usr/lib/strGd3WL
/usr/lib/strGd3WL
/usr/lib/strGd3WL
/usr/lib/strGd3WL
/usr/lib/strGd3WL
/usr/lib/strGd3WL
/usr/lib/strGd3WL
/usr/lib/strGd3WL
/usr/lib/strGd3WL
/usr/lib/strGd3WL
/usr/lib/strGd3WL
/usr/lib/strGd3WL
/usr/lib/strGd3WL
/usr/lib/strGd3WL
/usr/lib/strGd3WL
/usr/lib/strGd3WL
/usr/lib/strGd3WL
/usr/lib/strGd3WL
/usr/lib/strGd3WL
/usr/lib/strGd3WL
/usr/lib/strGd3WL
/usr/lib/strGd3WL
/usr/lib/strGd3WL
/usr/lib/strGd3WL
/usr/lib/strGd3WL
/usr/lib/strGd3WL
/usr/lib/strGd3WL
/usr/lib/strGd3WL
/usr/lib/strGd3WL
/usr/lib/strGd3WL
/usr/lib/strGd3WL
/usr/lib/strGd3WL
/usr/lib/strGd3WL
/usr/lib/strGd3WL
/usr/lib/strGd3WL
/usr/lib/strGd3WL
/usr/lib/strGd3WL
/usr/lib/strGd3WL
/usr/lib/strGd3WL
/usr/lib/strGd3WL
/usr/lib/strGd3WL
/usr/lib/strGd3WL
/usr/lib/strGd3WL
/usr/lib/strGd3WL
/usr/lib/strGd3WL
/usr/lib/strGd3WL
/usr/lib/strGd3WL
/usr/lib/strGd3WL
/usr/lib/strGd3WL
/usr/lib/strGd3WL
/usr/lib/strGd3WL
/usr/lib/strGd3WL
/usr/lib/strGd3WL
/usr/lib/strGd3WL
/usr/lib/strGd3WL
/usr/lib/strGd3WL
/usr/lib/strGd3WL
/usr/lib/strGd3WL
/usr/lib/strGd3WL
/usr/lib/strGd3WL
/usr/lib/strGd3WL
/usr/lib/strGd3WL
/usr/lib/strGd3WL
/usr/lib/strGd3WL
/usr/lib/strGd3WL
/usr/lib/strGd3WL
/usr/lib/strGd3WL
/usr/lib/strGd3WL
/usr/lib/strGd3WL
/usr/lib/strGd3WL
/usr/lib/strGd3WL
/usr/lib/strGd3WL
/usr/lib/strGd3WL
/usr/lib/strGd3WL
/usr/lib/strGd3WL
/usr/lib/strGd3WL
/usr/lib/strGd3WL
/usr/lib/strGd3WL
/usr/lib/strGd3WL
/usr/lib/strGd3WL
/usr/lib/strGd3WL
/usr/lib/strGd3WL
/usr/lib/strGd3WL
/usr/lib/strGd3WL
/usr/lib/strGd3WL
/usr/lib/strGd3WL
/usr/lib/strGd3WL
/usr/lib/strGd3WL
/usr/lib/strGd3WL
/usr/lib/strGd3WL
/usr/lib/strGd3WL
/usr/lib/strGd3WL
/usr/lib/strGd3WL
/usr/lib/strGd3WL
/usr/lib/strGd3WL
/usr/lib/strGd3WL
/usr/lib/strGd3WL
/usr/lib/strGd3WL
/usr/lib/strGd3WL
/usr/lib/strGd3WL
/usr/lib/strGd3WL
/usr/lib/strGd3WL
/usr/lib/strGd3WL
/usr/lib/strGd3WL
/usr/lib/strGd3WL
/usr/lib/strGd3WL
/usr/lib/strGd3WL
/usr/lib/strGd3WL
/usr/lib/strGd3WL
/usr/lib/strGd3WL
/usr/lib/strGd3WL
/usr/lib/strGd3WL
/usr/lib/strGd3WL
/usr/lib/strGd3WL
/usr/lib/strGd3WL
/usr/lib/strGd3WL
/usr/lib/strGd3WL
/usr/lib/strGd3WL
/usr/lib/strGd3WL
/usr/lib/strGd3WL
/usr/lib/strGd3WL
/usr/lib/strGd3WL
/usr/lib/strGd3WL
/usr/lib/strGd3WL
/usr/lib/strGd3WL
/usr/lib/strGd3WL
/usr/lib/strGd3WL
/usr/lib/strGd3WL
/usr/lib/strGd3WL
/usr/lib/strGd3WL
/usr/lib/strGd3WL
/usr/lib/strGd3WL
/usr/lib/strGd3WL
/usr/lib/strGd3WL
/usr/lib/strGd3WL
/usr/lib/strGd3WL
/usr/lib/strGd3WL
/usr/lib/strGd3WL
/usr/lib/strGd3WL
/usr/lib/strGd3WL
/usr/lib/strGd3WL
/usr/lib/strGd3WL
/usr/lib/strGd3WL
/usr/lib/strGd3WL
/usr/lib/strGd3WL
/usr/lib/strGd3WL
/usr/lib/strGd3WL
/usr/lib/strGd3WL
/usr/lib/strGd3WL
/usr/lib/strGd3WL
/usr/lib/strGd3WL
/usr/lib/strGd3WL
/usr/lib/strGd3WL
/usr/lib/strGd3WL
/usr/lib/strGd3WL
/usr/lib/strGd3WL
/usr/lib/strGd3WL
/usr/lib/strGd3WL
/usr/lib/strGd3WL
/usr/lib/strGd3WL
/usr/lib/strGd3WL
/usr/lib/strGd3WL
/usr/lib/strGd3WL
/usr/lib/strGd3WL
/usr/lib/strGd3WL
/usr/lib/strGd3WL
/usr/lib/strGd3WL
/usr/lib/strGd3WL
/usr/lib/strGd3WL
/usr/lib/strGd3WL
/usr/lib/strGd3WL
/usr/lib/strGd3WL
/usr/lib/strGd3WL
/usr/lib/strGd3WL
/usr/lib/strGd3WL
/usr/lib/strGd3WL
/usr/lib/strGd3WL
/usr/lib/strGd3WL
/usr/lib/strGd3WL
/usr/lib/strGd3WL
/usr/lib/strGd3WL
/usr/lib/strGd3WL
/usr/lib/strGd3WL
/usr/lib/strGd3WL
/usr/lib/strGd3WL
/usr/lib/strGd3WL
/usr/lib/strGd3WL
/usr/lib/strGd3WL
/usr/lib/strGd3WL
/usr/lib/strGd3WL
/usr/lib/strGd3WL
/usr/lib/strGd3WL
/usr/lib/strGd3WL
/usr/lib/strGd3WL
/usr/lib/strGd3WL
/usr/lib/strGd3WL
/usr/lib/strGd3WL
/usr/lib/strGd3WL
/usr/lib/strGd3WL
/usr/lib/strGd3WL
/usr/lib/strGd3WL
/usr/lib/strGd3WL
/usr/lib/strGd3WL
/usr/lib/strGd3WL
/usr/lib/strGd3WL
/usr/lib/strGd3WL
/usr/lib/strGd3WL
/usr/lib/strGd3WL
/usr/lib/strGd3WL
/usr/lib/strGd3WL
/usr/lib/strGd3WL
/usr/lib/strGd3WL
/usr/lib/strGd3WL
/usr/lib/strGd3WL
/usr/lib/strGd3WL
/usr/lib/strGd3WL
/usr/lib/strGd3WL
/usr/lib/strGd3WL
/usr/lib/strGd3WL
/usr/lib/strGd3WL
/usr/lib/strGd3WL
/usr/lib/strGd3WL
/usr/lib/strGd3WL
/usr/lib/strGd3WL
/usr/lib/strGd3WL
/usr/lib/strGd3WL
/usr/lib/strGd3WL
/usr/lib/strGd3WL
/usr/lib/strGd3WL
/usr/lib/strGd3WL
/usr/lib/strGd3WL
/usr/lib/strGd3WL
/usr/lib/strGd3WL
/usr/lib/strGd3WL
/usr/lib/strGd3WL
/usr/lib/strGd3WL
/usr/lib/strGd3WL
/usr/lib/strGd3WL
/usr/lib/strGd3WL
/usr/lib/strGd3WL
/usr/lib/strGd3WL
/usr/lib/strGd3WL
/usr/lib/strGd3WL
/usr/lib/strGd3WL
/usr/lib/strGd3WL
/usr/lib/strGd3WL
/usr/lib/strGd3WL
/usr/lib/strGd3WL
/usr/lib/strGd3WL
/usr/lib/strGd3WL
/usr/lib/strGd3WL
/usr/lib/strGd3WL
/usr/lib/strGd3WL
/usr/lib/strGd3WL
/usr/lib/strGd3WL
/usr/lib/strGd3WL
/usr/lib/strGd3WL
/usr/lib/strGd3WL
/usr/lib/strGd3WL
/usr/lib/strGd3WL
/usr/lib/strGd3WL
/usr/lib/strGd3WL
/usr/lib/strGd3WL
/usr/lib/strGd3WL
/usr/lib/strGd3WL
/usr/lib/strGd3WL
/usr/lib/strGd3WL
/usr/lib/strGd3WL
/usr/lib/strGd3WL
/usr/lib/strGd3WL
/usr/lib/strGd3WL
/usr/lib/strGd3WL
/usr/lib/strGd3WL
/usr/lib/strGd3WL
/usr/lib/strGd3WL
/usr/lib/strGd3WL
/usr/lib/strGd3WL
/usr/lib/strGd3WL
/usr/lib/strGd3WL
/usr/lib/strGd3WL
/usr/lib/strGd3WL
/usr/lib/strGd3WL
/usr/lib/strGd3WL
/usr/lib/strGd3WL
/usr/lib/strGd3WL
/usr/lib/strGd3WL
/usr/lib/strGd3WL
/usr/lib/strGd3WL
/usr/lib/strGd3WL
/usr/lib/strGd3WL
/usr/lib/strGd3WL
/usr/lib/strGd3WL
/usr/lib/strGd3WL
/usr/lib/strGd3WL
/usr/lib/strGd3WL
/usr/lib/strGd3WL
/usr/lib/strGd3WL
/usr/lib/strGd3WL
/usr/lib/strGd3WL
/usr/lib/strGd3WL
/usr/lib/strGd3WL
/usr/lib/strGd3WL
/usr/lib/strGd3WL
/usr/lib/strGd3WL
/usr/lib/strGd3WL
/usr/lib/strGd3WL
/usr/lib/strGd3WL
/usr/lib/strGd3WL
/usr/lib/strGd3WL
/usr/lib/strGd3WL
/usr/lib/strGd3WL
/usr/lib/strGd3WL
/usr/lib/strGd3WL
/usr/lib/strGd3WL
/usr/lib/strGd3WL
/usr/lib/strGd3WL
/usr/lib/strGd3WL
/usr/lib/strGd3WL
/usr/lib/strGd3WL
/usr/lib/strGd3WL
/usr/lib/strGd3WL
/usr/lib/strGd3WL
/usr/lib/strGd3WL
/usr/lib/strGd3WL
/usr/lib/strGd3WL
/usr/lib/strGd3WL
/usr/lib/libblkid.a
/usr/lib/libmount.a
/usr/lib/libmount.a
/usr/lib/libmount.a
/usr/lib/libmount.a
/usr/lib/libmount.a
/usr/lib/libmount.a
/usr/lib/libmount.a
/usr/lib/libmount.a
/usr/lib/libmount.a
/usr/lib/libmount.a
/usr/lib/sttLtZJN
/usr/lib/sttLtZJN
/usr/lib/sttLtZJN
/usr/lib/sttLtZJN
/usr/lib/sttLtZJN
/usr/lib/sttLtZJN
/usr/lib/sttLtZJN
/usr/lib/sttLtZJN
/usr/lib/sttLtZJN
/usr/lib/sttLtZJN
/usr/lib/sttLtZJN
/usr/lib/sttLtZJN
/usr/lib/sttLtZJN
/usr/lib/sttLtZJN
/usr/lib/sttLtZJN
/usr/lib/sttLtZJN
/usr/lib/sttLtZJN
/usr/lib/sttLtZJN
/usr/lib/sttLtZJN
/usr/lib/sttLtZJN
/usr/lib/sttLtZJN
/usr/lib/sttLtZJN
/usr/lib/sttLtZJN
/usr/lib/sttLtZJN
/usr/lib/sttLtZJN
/usr/lib/sttLtZJN
/usr/lib/sttLtZJN
/usr/lib/sttLtZJN
/usr/lib/sttLtZJN
/usr/lib/sttLtZJN
/usr/lib/sttLtZJN
/usr/lib/sttLtZJN
/usr/lib/sttLtZJN
/usr/lib/sttLtZJN
/usr/lib/sttLtZJN
/usr/lib/sttLtZJN
/usr/lib/sttLtZJN
/usr/lib/sttLtZJN
/usr/lib/sttLtZJN
/usr/lib/sttLtZJN
/usr/lib/sttLtZJN
/usr/lib/sttLtZJN
/usr/lib/sttLtZJN
/usr/lib/sttLtZJN
/usr/lib/sttLtZJN
/usr/lib/sttLtZJN
/usr/lib/sttLtZJN
/usr/lib/sttLtZJN
/usr/lib/sttLtZJN
/usr/lib/sttLtZJN
/usr/lib/sttLtZJN
/usr/lib/sttLtZJN
/usr/lib/sttLtZJN
/usr/lib/sttLtZJN
/usr/lib/sttLtZJN
/usr/lib/sttLtZJN
/usr/lib/sttLtZJN
/usr/lib/sttLtZJN
/usr/lib/sttLtZJN
/usr/lib/sttLtZJN
/usr/lib/sttLtZJN
/usr/lib/sttLtZJN
/usr/lib/sttLtZJN
/usr/lib/sttLtZJN
/usr/lib/sttLtZJN
/usr/lib/sttLtZJN
/usr/lib/sttLtZJN
/usr/lib/sttLtZJN
/usr/lib/sttLtZJN
/usr/lib/sttLtZJN
/usr/lib/sttLtZJN
/usr/lib/sttLtZJN
/usr/lib/sttLtZJN
/usr/lib/sttLtZJN
/usr/lib/sttLtZJN
/usr/lib/sttLtZJN
/usr/lib/sttLtZJN
/usr/lib/sttLtZJN
/usr/lib/sttLtZJN
/usr/lib/sttLtZJN
/usr/lib/sttLtZJN
/usr/lib/sttLtZJN
/usr/lib/sttLtZJN
/usr/lib/sttLtZJN
/usr/lib/sttLtZJN
/usr/lib/sttLtZJN
/usr/lib/sttLtZJN
/usr/lib/sttLtZJN
/usr/lib/sttLtZJN
/usr/lib/sttLtZJN
/usr/lib/sttLtZJN
/usr/lib/sttLtZJN
/usr/lib/sttLtZJN
/usr/lib/sttLtZJN
/usr/lib/sttLtZJN
/usr/lib/sttLtZJN
/usr/lib/sttLtZJN
/usr/lib/sttLtZJN
/usr/lib/sttLtZJN
/usr/lib/sttLtZJN
/usr/lib/sttLtZJN
/usr/lib/sttLtZJN
/usr/lib/sttLtZJN
/usr/lib/sttLtZJN
/usr/lib/sttLtZJN
/usr/lib/sttLtZJN
/usr/lib/sttLtZJN
/usr/lib/sttLtZJN
/usr/lib/sttLtZJN
/usr/lib/sttLtZJN
/usr/lib/sttLtZJN
/usr/lib/sttLtZJN
/usr/lib/sttLtZJN
/usr/lib/sttLtZJN
/usr/lib/sttLtZJN
/usr/lib/sttLtZJN
/usr/lib/sttLtZJN
/usr/lib/sttLtZJN
/usr/lib/sttLtZJN
/usr/lib/sttLtZJN
/usr/lib/sttLtZJN
/usr/lib/sttLtZJN
/usr/lib/sttLtZJN
/usr/lib/sttLtZJN
/usr/lib/sttLtZJN
/usr/lib/sttLtZJN
/usr/lib/sttLtZJN
/usr/lib/sttLtZJN
/usr/lib/sttLtZJN
/usr/lib/sttLtZJN
/usr/lib/sttLtZJN
/usr/lib/sttLtZJN
/usr/lib/sttLtZJN
/usr/lib/sttLtZJN
/usr/lib/sttLtZJN
/usr/lib/sttLtZJN
/usr/lib/sttLtZJN
/usr/lib/sttLtZJN
/usr/lib/sttLtZJN
/usr/lib/sttLtZJN
/usr/lib/sttLtZJN
/usr/lib/sttLtZJN
/usr/lib/sttLtZJN
/usr/lib/sttLtZJN
/usr/lib/sttLtZJN
/usr/lib/sttLtZJN
/usr/lib/sttLtZJN
/usr/lib/sttLtZJN
/usr/lib/sttLtZJN
/usr/lib/sttLtZJN
/usr/lib/sttLtZJN
/usr/lib/sttLtZJN
/usr/lib/sttLtZJN
/usr/lib/sttLtZJN
/usr/lib/sttLtZJN
/usr/lib/sttLtZJN
/usr/lib/sttLtZJN
/usr/lib/sttLtZJN
/usr/lib/sttLtZJN
/usr/lib/sttLtZJN
/usr/lib/sttLtZJN
/usr/lib/sttLtZJN
/usr/lib/sttLtZJN
/usr/lib/sttLtZJN
/usr/lib/sttLtZJN
/usr/lib/sttLtZJN
/usr/lib/sttLtZJN
/usr/lib/sttLtZJN
/usr/lib/sttLtZJN
/usr/lib/sttLtZJN
/usr/lib/sttLtZJN
/usr/lib/sttLtZJN
/usr/lib/sttLtZJN
/usr/lib/sttLtZJN
/usr/lib/sttLtZJN
/usr/lib/sttLtZJN
/usr/lib/sttLtZJN
/usr/lib/sttLtZJN
/usr/lib/sttLtZJN
/usr/lib/sttLtZJN
/usr/lib/sttLtZJN
/usr/lib/sttLtZJN
/usr/lib/sttLtZJN
/usr/lib/sttLtZJN
/usr/lib/sttLtZJN
/usr/lib/sttLtZJN
/usr/lib/sttLtZJN
/usr/lib/sttLtZJN
/usr/lib/sttLtZJN
/usr/lib/sttLtZJN
/usr/lib/sttLtZJN
/usr/lib/sttLtZJN
/usr/lib/sttLtZJN
/usr/lib/sttLtZJN
/usr/lib/sttLtZJN
/usr/lib/sttLtZJN
/usr/lib/sttLtZJN
/usr/lib/sttLtZJN
/usr/lib/sttLtZJN
/usr/lib/sttLtZJN
/usr/lib/sttLtZJN
/usr/lib/sttLtZJN
/usr/lib/sttLtZJN
/usr/lib/sttLtZJN
/usr/lib/sttLtZJN
/usr/lib/sttLtZJN
/usr/lib/sttLtZJN
/usr/lib/sttLtZJN
/usr/lib/sttLtZJN
/usr/lib/sttLtZJN
/usr/lib/sttLtZJN
/usr/lib/sttLtZJN
/usr/lib/sttLtZJN
/usr/lib/sttLtZJN
/usr/lib/sttLtZJN
/usr/lib/sttLtZJN
/usr/lib/sttLtZJN
/usr/lib/sttLtZJN
/usr/lib/sttLtZJN
/usr/lib/sttLtZJN
/usr/lib/sttLtZJN
/usr/lib/sttLtZJN
/usr/lib/sttLtZJN
/usr/lib/sttLtZJN
/usr/lib/sttLtZJN
/usr/lib/sttLtZJN
/usr/lib/sttLtZJN
/usr/lib/sttLtZJN
/usr/lib/sttLtZJN
/usr/lib/sttLtZJN
/usr/lib/sttLtZJN
/usr/lib/sttLtZJN
/usr/lib/sttLtZJN
/usr/lib/sttLtZJN
/usr/lib/sttLtZJN
/usr/lib/sttLtZJN
/usr/lib/sttLtZJN
/usr/lib/sttLtZJN
/usr/lib/sttLtZJN
/usr/lib/sttLtZJN
/usr/lib/sttLtZJN
/usr/lib/sttLtZJN
/usr/lib/sttLtZJN
/usr/lib/sttLtZJN
/usr/lib/sttLtZJN
/usr/lib/sttLtZJN
/usr/lib/sttLtZJN
/usr/lib/sttLtZJN
/usr/lib/sttLtZJN
/usr/lib/sttLtZJN
/usr/lib/sttLtZJN
/usr/lib/libmount.a
/usr/lib/libsmartcols.a
/usr/lib/libsmartcols.a
/usr/lib/libsmartcols.a
/usr/lib/libsmartcols.a
/usr/lib/libsmartcols.a
/usr/lib/libsmartcols.a
/usr/lib/stvZEoxM
/usr/lib/stvZEoxM
/usr/lib/stvZEoxM
/usr/lib/stvZEoxM
/usr/lib/stvZEoxM
/usr/lib/stvZEoxM
/usr/lib/stvZEoxM
/usr/lib/stvZEoxM
/usr/lib/stvZEoxM
/usr/lib/stvZEoxM
/usr/lib/stvZEoxM
/usr/lib/stvZEoxM
/usr/lib/stvZEoxM
/usr/lib/stvZEoxM
/usr/lib/stvZEoxM
/usr/lib/stvZEoxM
/usr/lib/stvZEoxM
/usr/lib/stvZEoxM
/usr/lib/stvZEoxM
/usr/lib/stvZEoxM
/usr/lib/stvZEoxM
/usr/lib/stvZEoxM
/usr/lib/stvZEoxM
/usr/lib/stvZEoxM
/usr/lib/stvZEoxM
/usr/lib/stvZEoxM
/usr/lib/stvZEoxM
/usr/lib/stvZEoxM
/usr/lib/stvZEoxM
/usr/lib/stvZEoxM
/usr/lib/stvZEoxM
/usr/lib/stvZEoxM
/usr/lib/stvZEoxM
/usr/lib/stvZEoxM
/usr/lib/stvZEoxM
/usr/lib/stvZEoxM
/usr/lib/stvZEoxM
/usr/lib/stvZEoxM
/usr/lib/stvZEoxM
/usr/lib/stvZEoxM
/usr/lib/stvZEoxM
/usr/lib/stvZEoxM
/usr/lib/stvZEoxM
/usr/lib/stvZEoxM
/usr/lib/stvZEoxM
/usr/lib/stvZEoxM
/usr/lib/stvZEoxM
/usr/lib/stvZEoxM
/usr/lib/stvZEoxM
/usr/lib/stvZEoxM
/usr/lib/stvZEoxM
/usr/lib/stvZEoxM
/usr/lib/stvZEoxM
/usr/lib/stvZEoxM
/usr/lib/stvZEoxM
/usr/lib/stvZEoxM
/usr/lib/stvZEoxM
/usr/lib/stvZEoxM
/usr/lib/stvZEoxM
/usr/lib/stvZEoxM
/usr/lib/stvZEoxM
/usr/lib/stvZEoxM
/usr/lib/stvZEoxM
/usr/lib/stvZEoxM
/usr/lib/stvZEoxM
/usr/lib/stvZEoxM
/usr/lib/stvZEoxM
/usr/lib/stvZEoxM
/usr/lib/stvZEoxM
/usr/lib/stvZEoxM
/usr/lib/stvZEoxM
/usr/lib/stvZEoxM
/usr/lib/stvZEoxM
/usr/lib/stvZEoxM
/usr/lib/stvZEoxM
/usr/lib/stvZEoxM
/usr/lib/stvZEoxM
/usr/lib/stvZEoxM
/usr/lib/stvZEoxM
/usr/lib/stvZEoxM
/usr/lib/stvZEoxM
/usr/lib/stvZEoxM
/usr/lib/stvZEoxM
/usr/lib/stvZEoxM
/usr/lib/stvZEoxM
/usr/lib/stvZEoxM
/usr/lib/stvZEoxM
/usr/lib/stvZEoxM
/usr/lib/stvZEoxM
/usr/lib/stvZEoxM
/usr/lib/stvZEoxM
/usr/lib/stvZEoxM
/usr/lib/stvZEoxM
/usr/lib/stvZEoxM
/usr/lib/stvZEoxM
/usr/lib/stvZEoxM
/usr/lib/stvZEoxM
/usr/lib/stvZEoxM
/usr/lib/stvZEoxM
/usr/lib/stvZEoxM
/usr/lib/stvZEoxM
/usr/lib/stvZEoxM
/usr/lib/stvZEoxM
/usr/lib/stvZEoxM
/usr/lib/stvZEoxM
/usr/lib/stvZEoxM
/usr/lib/stvZEoxM
/usr/lib/stvZEoxM
/usr/lib/stvZEoxM
/usr/lib/stvZEoxM
/usr/lib/stvZEoxM
/usr/lib/stvZEoxM
/usr/lib/stvZEoxM
/usr/lib/stvZEoxM
/usr/lib/stvZEoxM
/usr/lib/stvZEoxM
/usr/lib/stvZEoxM
/usr/lib/stvZEoxM
/usr/lib/stvZEoxM
/usr/lib/stvZEoxM
/usr/lib/stvZEoxM
/usr/lib/stvZEoxM
/usr/lib/stvZEoxM
/usr/lib/stvZEoxM
/usr/lib/stvZEoxM
/usr/lib/stvZEoxM
/usr/lib/stvZEoxM
/usr/lib/stvZEoxM
/usr/lib/stvZEoxM
/usr/lib/stvZEoxM
/usr/lib/stvZEoxM
/usr/lib/stvZEoxM
/usr/lib/stvZEoxM
/usr/lib/stvZEoxM
/usr/lib/stvZEoxM
/usr/lib/stvZEoxM
/usr/lib/stvZEoxM
/usr/lib/stvZEoxM
/usr/lib/stvZEoxM
/usr/lib/stvZEoxM
/usr/lib/stvZEoxM
/usr/lib/stvZEoxM
/usr/lib/stvZEoxM
/usr/lib/stvZEoxM
/usr/lib/stvZEoxM
/usr/lib/stvZEoxM
/usr/lib/stvZEoxM
/usr/lib/stvZEoxM
/usr/lib/stvZEoxM
/usr/lib/libsmartcols.a
/usr/sbin/readprofile
/usr/sbin/readprofile
/usr/sbin/ldattach
/usr/sbin/ldattach
/usr/sbin/rtcwake
/usr/sbin/rtcwake
/usr/sbin/uuidd
/usr/sbin/uuidd
/usr/sbin/fdformat
/usr/sbin/fdformat
/usr/sbin/partx
/usr/sbin/partx
/usr/sbin/partx
/usr/sbin/addpart
/usr/sbin/addpart
/usr/sbin/delpart
/usr/sbin/delpart
/usr/sbin/resizepart
/usr/sbin/resizepart
/usr/lib/libuuid.so.1
/lib/libuuid.so.1
/usr/lib/libuuid.so.1.3.0
/lib/libuuid.so.1.3.0
/usr/lib/libuuid.so
/usr/lib/libblkid.so.1
/lib/libblkid.so.1
/usr/lib/libblkid.so.1.1.0
/lib/libblkid.so.1.1.0
/usr/lib/libblkid.so
/usr/lib/libmount.so.1
/lib/libmount.so.1
/usr/lib/libmount.so.1.1.0
/lib/libmount.so.1.1.0
/usr/lib/libmount.so
/usr/lib/libsmartcols.so.1
/lib/libsmartcols.so.1
/usr/lib/libsmartcols.so.1.1.0
/lib/libsmartcols.so.1.1.0
/usr/lib/libsmartcols.so
/usr/bin/lastb
/usr/bin/uname26
/usr/bin/linux32
/usr/bin/linux64
/usr/bin/i386
/usr/share/bash-completion/completions/blkid
/usr/share/bash-completion/completions/blkid
/usr/share/bash-completion/completions/cal
/usr/share/bash-completion/completions/cal
/usr/share/bash-completion/completions/col
/usr/share/bash-completion/completions/col
/usr/share/bash-completion/completions/colcrt
/usr/share/bash-completion/completions/colcrt
/usr/share/bash-completion/completions/colrm
/usr/share/bash-completion/completions/colrm
/usr/share/bash-completion/completions/column
/usr/share/bash-completion/completions/column
/usr/share/bash-completion/completions/findmnt
/usr/share/bash-completion/completions/findmnt
/usr/share/bash-completion/completions/flock
/usr/share/bash-completion/completions/flock
/usr/share/bash-completion/completions/getopt
/usr/share/bash-completion/completions/getopt
/usr/share/bash-completion/completions/hexdump
/usr/share/bash-completion/completions/hexdump
/usr/share/bash-completion/completions/ipcrm
/usr/share/bash-completion/completions/ipcrm
/usr/share/bash-completion/completions/ipcs
/usr/share/bash-completion/completions/ipcs
/usr/share/bash-completion/completions/isosize
/usr/share/bash-completion/completions/isosize
/usr/share/bash-completion/completions/logger
/usr/share/bash-completion/completions/logger
/usr/share/bash-completion/completions/look
/usr/share/bash-completion/completions/look
/usr/share/bash-completion/completions/mcookie
/usr/share/bash-completion/completions/mcookie
/usr/share/bash-completion/completions/mkfs
/usr/share/bash-completion/completions/mkfs
/usr/share/bash-completion/completions/mkswap
/usr/share/bash-completion/completions/mkswap
/usr/share/bash-completion/completions/namei
/usr/share/bash-completion/completions/namei
/usr/share/bash-completion/completions/prlimit
/usr/share/bash-completion/completions/prlimit
/usr/share/bash-completion/completions/readprofile
/usr/share/bash-completion/completions/readprofile
/usr/share/bash-completion/completions/renice
/usr/share/bash-completion/completions/renice
/usr/share/bash-completion/completions/rev
/usr/share/bash-completion/completions/rev
/usr/share/bash-completion/completions/script
/usr/share/bash-completion/completions/script
/usr/share/bash-completion/completions/scriptreplay
/usr/share/bash-completion/completions/scriptreplay
/usr/share/bash-completion/completions/setsid
/usr/share/bash-completion/completions/setsid
/usr/share/bash-completion/completions/tailf
/usr/share/bash-completion/completions/tailf
/usr/share/bash-completion/completions/whereis
/usr/share/bash-completion/completions/whereis
/usr/share/bash-completion/completions/wipefs
/usr/share/bash-completion/completions/wipefs
/usr/share/bash-completion/completions/fsck
/usr/share/bash-completion/completions/fsck
/usr/share/bash-completion/completions/mkfs.bfs
/usr/share/bash-completion/completions/mkfs.bfs
/usr/share/bash-completion/completions/fsck.minix
/usr/share/bash-completion/completions/fsck.minix
/usr/share/bash-completion/completions/mkfs.minix
/usr/share/bash-completion/completions/mkfs.minix
/usr/share/bash-completion/completions/fsck.cramfs
/usr/share/bash-completion/completions/fsck.cramfs
/usr/share/bash-completion/completions/mkfs.cramfs
/usr/share/bash-completion/completions/mkfs.cramfs
/usr/share/bash-completion/completions/addpart
/usr/share/bash-completion/completions/addpart
/usr/share/bash-completion/completions/delpart
/usr/share/bash-completion/completions/delpart
/usr/share/bash-completion/completions/resizepart
/usr/share/bash-completion/completions/resizepart
/usr/share/bash-completion/completions/partx
/usr/share/bash-completion/completions/partx
/usr/share/bash-completion/completions/raw
/usr/share/bash-completion/completions/raw
/usr/share/bash-completion/completions/swaplabel
/usr/share/bash-completion/completions/swaplabel
/usr/share/bash-completion/completions/fdformat
/usr/share/bash-completion/completions/fdformat
/usr/share/bash-completion/completions/blockdev
/usr/share/bash-completion/completions/blockdev
/usr/share/bash-completion/completions/fdisk
/usr/share/bash-completion/completions/fdisk
/usr/share/bash-completion/completions/sfdisk
/usr/share/bash-completion/completions/sfdisk
/usr/share/bash-completion/completions/cfdisk
/usr/share/bash-completion/completions/cfdisk
/usr/share/bash-completion/completions/last
/usr/share/bash-completion/completions/last
/usr/share/bash-completion/completions/utmpdump
/usr/share/bash-completion/completions/utmpdump
/usr/share/bash-completion/completions/uuidgen
/usr/share/bash-completion/completions/uuidgen
/usr/share/bash-completion/completions/uuidd
/usr/share/bash-completion/completions/uuidd
/usr/share/bash-completion/completions/lsblk
/usr/share/bash-completion/completions/lsblk
/usr/share/bash-completion/completions/lslocks
/usr/share/bash-completion/completions/lslocks
/usr/share/bash-completion/completions/rename
/usr/share/bash-completion/completions/rename
/usr/share/bash-completion/completions/chrt
/usr/share/bash-completion/completions/chrt
/usr/share/bash-completion/completions/ionice
/usr/share/bash-completion/completions/ionice
/usr/share/bash-completion/completions/taskset
/usr/share/bash-completion/completions/taskset
/usr/share/bash-completion/completions/chcpu
/usr/share/bash-completion/completions/chcpu
/usr/share/bash-completion/completions/eject
/usr/share/bash-completion/completions/eject
/usr/share/bash-completion/completions/fallocate
/usr/share/bash-completion/completions/fallocate
/usr/share/bash-completion/completions/hwclock
/usr/share/bash-completion/completions/hwclock
/usr/share/bash-completion/completions/lscpu
/usr/share/bash-completion/completions/lscpu
/usr/share/bash-completion/completions/losetup
/usr/share/bash-completion/completions/losetup
/usr/share/bash-completion/completions/mountpoint
/usr/share/bash-completion/completions/mountpoint
/usr/share/bash-completion/completions/nsenter
/usr/share/bash-completion/completions/nsenter
/usr/share/bash-completion/completions/pivot_root
/usr/share/bash-completion/completions/pivot_root
/usr/share/bash-completion/completions/swapon
/usr/share/bash-completion/completions/swapon
/usr/share/bash-completion/completions/unshare
/usr/share/bash-completion/completions/unshare
/usr/share/bash-completion/completions/wdctl
/usr/share/bash-completion/completions/wdctl
/usr/share/bash-completion/completions/blkdiscard
/usr/share/bash-completion/completions/blkdiscard
/usr/share/bash-completion/completions/ctrlaltdel
/usr/share/bash-completion/completions/ctrlaltdel
/usr/share/bash-completion/completions/dmesg
/usr/share/bash-completion/completions/dmesg
/usr/share/bash-completion/completions/fsfreeze
/usr/share/bash-completion/completions/fsfreeze
/usr/share/bash-completion/completions/fstrim
/usr/share/bash-completion/completions/fstrim
/usr/share/bash-completion/completions/ldattach
/usr/share/bash-completion/completions/ldattach
/usr/share/bash-completion/completions/rtcwake
/usr/share/bash-completion/completions/rtcwake
/usr/share/bash-completion/completions/setarch
/usr/share/bash-completion/completions/setarch
/usr/share/bash-completion/completions/mesg
/usr/share/bash-completion/completions/mesg
/usr/share/bash-completion/completions/wall
/usr/share/bash-completion/completions/wall
/usr/share/bash-completion/completions/setterm
/usr/share/bash-completion/completions/setterm
/usr/share/bash-completion/completions/more
/usr/share/bash-completion/completions/more
/usr/share/bash-completion/completions/pg
/usr/share/bash-completion/completions/pg
/usr/share/bash-completion/completions/ul
/usr/share/bash-completion/completions/ul
/usr/share/doc/util-linx-2.25.1/getopt/getopt-parse.bash
/usr/share/doc/util-linx-2.25.1/getopt/getopt-parse.bash
/usr/share/doc/util-linx-2.25.1/getopt/getopt-parse.tcsh
/usr/share/doc/util-linx-2.25.1/getopt/getopt-parse.tcsh
/usr/share/man/man1/chrt.1
/usr/share/man/man1/chrt.1
/usr/share/man/man1/ionice.1
/usr/share/man/man1/ionice.1
/usr/share/man/man1/taskset.1
/usr/share/man/man1/taskset.1
/usr/share/man/man1/col.1
/usr/share/man/man1/col.1
/usr/share/man/man1/colcrt.1
/usr/share/man/man1/colcrt.1
/usr/share/man/man1/colrm.1
/usr/share/man/man1/colrm.1
/usr/share/man/man1/column.1
/usr/share/man/man1/column.1
/usr/share/man/man1/hexdump.1
/usr/share/man/man1/hexdump.1
/usr/share/man/man1/rev.1
/usr/share/man/man1/rev.1
/usr/share/man/man1/tailf.1
/usr/share/man/man1/tailf.1
/usr/share/man/man1/pg.1
/usr/share/man/man1/pg.1
/usr/share/man/man1/ul.1
/usr/share/man/man1/ul.1
/usr/share/man/man1/more.1
/usr/share/man/man1/more.1
/usr/share/man/man1/script.1
/usr/share/man/man1/script.1
/usr/share/man/man1/scriptreplay.1
/usr/share/man/man1/scriptreplay.1
/usr/share/man/man1/setterm.1
/usr/share/man/man1/setterm.1
/usr/share/man/man1/mesg.1
/usr/share/man/man1/mesg.1
/usr/share/man/man1/wall.1
/usr/share/man/man1/wall.1
/usr/share/man/man1/last.1
/usr/share/man/man1/last.1
/usr/share/man/man1/lastb.1
/usr/share/man/man1/lastb.1
/usr/share/man/man1/utmpdump.1
/usr/share/man/man1/utmpdump.1
/usr/share/man/man1/lslogins.1
/usr/share/man/man1/lslogins.1
/usr/share/man/man1/flock.1
/usr/share/man/man1/flock.1
/usr/share/man/man1/ipcmk.1
/usr/share/man/man1/ipcmk.1
/usr/share/man/man1/ipcrm.1
/usr/share/man/man1/ipcrm.1
/usr/share/man/man1/ipcs.1
/usr/share/man/man1/ipcs.1
/usr/share/man/man1/renice.1
/usr/share/man/man1/renice.1
/usr/share/man/man1/setsid.1
/usr/share/man/man1/setsid.1
/usr/share/man/man1/dmesg.1
/usr/share/man/man1/dmesg.1
/usr/share/man/man1/eject.1
/usr/share/man/man1/eject.1
/usr/share/man/man1/prlimit.1
/usr/share/man/man1/prlimit.1
/usr/share/man/man1/lscpu.1
/usr/share/man/man1/lscpu.1
/usr/share/man/man1/mountpoint.1
/usr/share/man/man1/mountpoint.1
/usr/share/man/man1/fallocate.1
/usr/share/man/man1/fallocate.1
/usr/share/man/man1/unshare.1
/usr/share/man/man1/unshare.1
/usr/share/man/man1/nsenter.1
/usr/share/man/man1/nsenter.1
/usr/share/man/man1/cal.1
/usr/share/man/man1/cal.1
/usr/share/man/man1/logger.1
/usr/share/man/man1/logger.1
/usr/share/man/man1/look.1
/usr/share/man/man1/look.1
/usr/share/man/man1/mcookie.1
/usr/share/man/man1/mcookie.1
/usr/share/man/man1/namei.1
/usr/share/man/man1/namei.1
/usr/share/man/man1/whereis.1
/usr/share/man/man1/whereis.1
/usr/share/man/man1/uuidgen.1
/usr/share/man/man1/uuidgen.1
/usr/share/man/man1/kill.1
/usr/share/man/man1/kill.1
/usr/share/man/man1/rename.1
/usr/share/man/man1/rename.1
/usr/share/man/man1/getopt.1
/usr/share/man/man1/getopt.1
/usr/share/man/man3/uuid.3
/usr/share/man/man3/uuid.3
/usr/share/man/man3/uuid_clear.3
/usr/share/man/man3/uuid_clear.3
/usr/share/man/man3/uuid_compare.3
/usr/share/man/man3/uuid_compare.3
/usr/share/man/man3/uuid_copy.3
/usr/share/man/man3/uuid_copy.3
/usr/share/man/man3/uuid_generate.3
/usr/share/man/man3/uuid_generate.3
/usr/share/man/man3/uuid_is_null.3
/usr/share/man/man3/uuid_is_null.3
/usr/share/man/man3/uuid_parse.3
/usr/share/man/man3/uuid_parse.3
/usr/share/man/man3/uuid_time.3
/usr/share/man/man3/uuid_time.3
/usr/share/man/man3/uuid_unparse.3
/usr/share/man/man3/uuid_unparse.3
/usr/share/man/man3/uuid_generate_random.3
/usr/share/man/man3/uuid_generate_random.3
/usr/share/man/man3/uuid_generate_time.3
/usr/share/man/man3/uuid_generate_time.3
/usr/share/man/man3/uuid_generate_time_safe.3
/usr/share/man/man3/uuid_generate_time_safe.3
/usr/share/man/man3/libblkid.3
/usr/share/man/man3/libblkid.3
/usr/share/man/man5/terminal-colors.d.5
/usr/share/man/man5/terminal-colors.d.5
/usr/share/man/man5/fstab.5
/usr/share/man/man5/fstab.5
/usr/share/man/man8/agetty.8
/usr/share/man/man8/agetty.8
/usr/share/man/man8/sulogin.8
/usr/share/man/man8/sulogin.8
/usr/share/man/man8/nologin.8
/usr/share/man/man8/nologin.8
/usr/share/man/man8/readprofile.8
/usr/share/man/man8/readprofile.8
/usr/share/man/man8/fstrim.8
/usr/share/man/man8/fstrim.8
/usr/share/man/man8/ctrlaltdel.8
/usr/share/man/man8/ctrlaltdel.8
/usr/share/man/man8/fsfreeze.8
/usr/share/man/man8/fsfreeze.8
/usr/share/man/man8/blkdiscard.8
/usr/share/man/man8/blkdiscard.8
/usr/share/man/man8/ldattach.8
/usr/share/man/man8/ldattach.8
/usr/share/man/man8/rtcwake.8
/usr/share/man/man8/rtcwake.8
/usr/share/man/man8/setarch.8
/usr/share/man/man8/setarch.8
/usr/share/man/man8/losetup.8
/usr/share/man/man8/losetup.8
/usr/share/man/man8/mount.8
/usr/share/man/man8/mount.8
/usr/share/man/man8/umount.8
/usr/share/man/man8/umount.8
/usr/share/man/man8/swapoff.8
/usr/share/man/man8/swapoff.8
/usr/share/man/man8/swapon.8
/usr/share/man/man8/swapon.8
/usr/share/man/man8/chcpu.8
/usr/share/man/man8/chcpu.8
/usr/share/man/man8/wdctl.8
/usr/share/man/man8/wdctl.8
/usr/share/man/man8/pivot_root.8
/usr/share/man/man8/pivot_root.8
/usr/share/man/man8/switch_root.8
/usr/share/man/man8/switch_root.8
/usr/share/man/man8/hwclock.8
/usr/share/man/man8/hwclock.8
/usr/share/man/man8/lslocks.8
/usr/share/man/man8/lslocks.8
/usr/share/man/man8/lsblk.8
/usr/share/man/man8/lsblk.8
/usr/share/man/man8/uuidd.8
/usr/share/man/man8/uuidd.8
/usr/share/man/man8/blkid.8
/usr/share/man/man8/blkid.8
/usr/share/man/man8/findfs.8
/usr/share/man/man8/findfs.8
/usr/share/man/man8/wipefs.8
/usr/share/man/man8/wipefs.8
/usr/share/man/man8/findmnt.8
/usr/share/man/man8/findmnt.8
/usr/share/man/man8/fsck.minix.8
/usr/share/man/man8/fsck.minix.8
/usr/share/man/man8/mkfs.minix.8
/usr/share/man/man8/mkfs.minix.8
/usr/share/man/man8/mkfs.8
/usr/share/man/man8/mkfs.8
/usr/share/man/man8/isosize.8
/usr/share/man/man8/isosize.8
/usr/share/man/man8/mkfs.bfs.8
/usr/share/man/man8/mkfs.bfs.8
/usr/share/man/man8/mkswap.8
/usr/share/man/man8/mkswap.8
/usr/share/man/man8/swaplabel.8
/usr/share/man/man8/swaplabel.8
/usr/share/man/man8/fsck.8
/usr/share/man/man8/fsck.8
/usr/share/man/man8/raw.8
/usr/share/man/man8/raw.8
/usr/share/man/man8/fsck.cramfs.8
/usr/share/man/man8/fsck.cramfs.8
/usr/share/man/man8/mkfs.cramfs.8
/usr/share/man/man8/mkfs.cramfs.8
/usr/share/man/man8/fdformat.8
/usr/share/man/man8/fdformat.8
/usr/share/man/man8/blockdev.8
/usr/share/man/man8/blockdev.8
/usr/share/man/man8/fdisk.8
/usr/share/man/man8/fdisk.8
/usr/share/man/man8/sfdisk.8
/usr/share/man/man8/sfdisk.8
/usr/share/man/man8/cfdisk.8
/usr/share/man/man8/cfdisk.8
/usr/share/man/man8/addpart.8
/usr/share/man/man8/addpart.8
/usr/share/man/man8/delpart.8
/usr/share/man/man8/delpart.8
/usr/share/man/man8/resizepart.8
/usr/share/man/man8/resizepart.8
/usr/share/man/man8/partx.8
/usr/share/man/man8/partx.8
/usr/share/man/man8/uname26.8
/usr/share/man/man8/uname26.8
/usr/share/man/man8/linux32.8
/usr/share/man/man8/linux32.8
/usr/share/man/man8/linux64.8
/usr/share/man/man8/linux64.8
/usr/share/man/man8/i386.8
/usr/share/man/man8/i386.8
/usr/include/blkid/blkid.h
/usr/include/blkid/blkid.h
/usr/include/libmount/libmount.h
/usr/include/libmount/libmount.h
/usr/include/libsmartcols/libsmartcols.h
/usr/include/libsmartcols/libsmartcols.h
/usr/lib/pkgconfig/uuid.pc
/usr/lib/pkgconfig/uuid.pc
/usr/lib/pkgconfig/blkid.pc
/usr/lib/pkgconfig/blkid.pc
/usr/lib/pkgconfig/mount.pc
/usr/lib/pkgconfig/mount.pc
/usr/lib/pkgconfig/smartcols.pc
/usr/lib/pkgconfig/smartcols.pc
/usr/include/uuid/uuid.h
/usr/include/uuid/uuid.h
