/etc/rc.d/init.d/cron
/etc/rc.d/init.d/cron
/etc/rc.d/rc0.d/K08cron
/etc/rc.d/rc1.d/K08cron
/etc/rc.d/rc2.d/S40cron
/etc/rc.d/rc3.d/S40cron
/etc/rc.d/rc4.d/S40cron
/etc/rc.d/rc5.d/S40cron
/etc/rc.d/rc6.d/K08cron
/usr/bin/crontab
/usr/bin/crontab
/usr/bin/crontab
/usr/sbin/cron
/usr/sbin/cron
/usr/sbin/cron
/usr/share/man/man1/crontab.1
/usr/share/man/man1/crontab.1
/usr/share/man/man5/crontab.5
/usr/share/man/man5/crontab.5
/usr/share/man/man8/cron.8
/usr/share/man/man8/cron.8
/var/cron/cron.allow
/var/cron/cron.allow
