/usr/include/lzma/base.h
/usr/include/lzma/base.h
/usr/include/lzma/bcj.h
/usr/include/lzma/bcj.h
/usr/include/lzma/block.h
/usr/include/lzma/block.h
/usr/include/lzma/check.h
/usr/include/lzma/check.h
/usr/include/lzma/container.h
/usr/include/lzma/container.h
/usr/include/lzma/delta.h
/usr/include/lzma/delta.h
/usr/include/lzma/filter.h
/usr/include/lzma/filter.h
/usr/include/lzma/hardware.h
/usr/include/lzma/hardware.h
/usr/include/lzma/index.h
/usr/include/lzma/index.h
/usr/include/lzma/index_hash.h
/usr/include/lzma/index_hash.h
/usr/include/lzma/lzma.h
/usr/include/lzma/lzma.h
/usr/include/lzma/stream_flags.h
/usr/include/lzma/stream_flags.h
/usr/include/lzma/version.h
/usr/include/lzma/version.h
/usr/include/lzma/vli.h
/usr/include/lzma/vli.h
/usr/include/lzma.h
/usr/include/lzma.h
/usr/lib/liblzma.so.5.0.5
/usr/lib/liblzma.so.5.0.5
/usr/lib/liblzma.so.5.0.5
/usr/lib/liblzma.so.5.0.5
/usr/lib/liblzma.so.5.0.5
/usr/lib/liblzma.so.5.0.5
/usr/lib/liblzma.so.5
/usr/lib/liblzma.so
/usr/lib/liblzma.la
/usr/lib/liblzma.la
/usr/lib/liblzma.a
/usr/lib/liblzma.a
/usr/lib/liblzma.a
/usr/lib/liblzma.a
/usr/lib/liblzma.a
/usr/lib/liblzma.a
/usr/lib/liblzma.a
/usr/lib/liblzma.a
/usr/lib/stwO1YKx
/usr/lib/stwO1YKx
/usr/lib/stwO1YKx
/usr/lib/stwO1YKx
/usr/lib/stwO1YKx
/usr/lib/stwO1YKx
/usr/lib/stwO1YKx
/usr/lib/stwO1YKx
/usr/lib/stwO1YKx
/usr/lib/stwO1YKx
/usr/lib/stwO1YKx
/usr/lib/stwO1YKx
/usr/lib/stwO1YKx
/usr/lib/stwO1YKx
/usr/lib/stwO1YKx
/usr/lib/stwO1YKx
/usr/lib/stwO1YKx
/usr/lib/stwO1YKx
/usr/lib/stwO1YKx
/usr/lib/stwO1YKx
/usr/lib/stwO1YKx
/usr/lib/stwO1YKx
/usr/lib/stwO1YKx
/usr/lib/stwO1YKx
/usr/lib/stwO1YKx
/usr/lib/stwO1YKx
/usr/lib/stwO1YKx
/usr/lib/stwO1YKx
/usr/lib/stwO1YKx
/usr/lib/stwO1YKx
/usr/lib/stwO1YKx
/usr/lib/stwO1YKx
/usr/lib/stwO1YKx
/usr/lib/stwO1YKx
/usr/lib/stwO1YKx
/usr/lib/stwO1YKx
/usr/lib/stwO1YKx
/usr/lib/stwO1YKx
/usr/lib/stwO1YKx
/usr/lib/stwO1YKx
/usr/lib/stwO1YKx
/usr/lib/stwO1YKx
/usr/lib/stwO1YKx
/usr/lib/stwO1YKx
/usr/lib/stwO1YKx
/usr/lib/stwO1YKx
/usr/lib/stwO1YKx
/usr/lib/stwO1YKx
/usr/lib/stwO1YKx
/usr/lib/stwO1YKx
/usr/lib/stwO1YKx
/usr/lib/stwO1YKx
/usr/lib/stwO1YKx
/usr/lib/stwO1YKx
/usr/lib/stwO1YKx
/usr/lib/stwO1YKx
/usr/lib/stwO1YKx
/usr/lib/stwO1YKx
/usr/lib/stwO1YKx
/usr/lib/stwO1YKx
/usr/lib/stwO1YKx
/usr/lib/stwO1YKx
/usr/lib/stwO1YKx
/usr/lib/stwO1YKx
/usr/lib/stwO1YKx
/usr/lib/stwO1YKx
/usr/lib/stwO1YKx
/usr/lib/stwO1YKx
/usr/lib/stwO1YKx
/usr/lib/stwO1YKx
/usr/lib/stwO1YKx
/usr/lib/stwO1YKx
/usr/lib/stwO1YKx
/usr/lib/stwO1YKx
/usr/lib/stwO1YKx
/usr/lib/stwO1YKx
/usr/lib/stwO1YKx
/usr/lib/stwO1YKx
/usr/lib/stwO1YKx
/usr/lib/stwO1YKx
/usr/lib/stwO1YKx
/usr/lib/stwO1YKx
/usr/lib/stwO1YKx
/usr/lib/stwO1YKx
/usr/lib/stwO1YKx
/usr/lib/stwO1YKx
/usr/lib/stwO1YKx
/usr/lib/stwO1YKx
/usr/lib/stwO1YKx
/usr/lib/stwO1YKx
/usr/lib/stwO1YKx
/usr/lib/stwO1YKx
/usr/lib/stwO1YKx
/usr/lib/stwO1YKx
/usr/lib/stwO1YKx
/usr/lib/stwO1YKx
/usr/lib/stwO1YKx
/usr/lib/stwO1YKx
/usr/lib/stwO1YKx
/usr/lib/stwO1YKx
/usr/lib/stwO1YKx
/usr/lib/stwO1YKx
/usr/lib/stwO1YKx
/usr/lib/stwO1YKx
/usr/lib/stwO1YKx
/usr/lib/stwO1YKx
/usr/lib/stwO1YKx
/usr/lib/stwO1YKx
/usr/lib/stwO1YKx
/usr/lib/stwO1YKx
/usr/lib/stwO1YKx
/usr/lib/stwO1YKx
/usr/lib/stwO1YKx
/usr/lib/stwO1YKx
/usr/lib/stwO1YKx
/usr/lib/stwO1YKx
/usr/lib/stwO1YKx
/usr/lib/stwO1YKx
/usr/lib/stwO1YKx
/usr/lib/stwO1YKx
/usr/lib/stwO1YKx
/usr/lib/stwO1YKx
/usr/lib/stwO1YKx
/usr/lib/stwO1YKx
/usr/lib/stwO1YKx
/usr/lib/stwO1YKx
/usr/lib/stwO1YKx
/usr/lib/stwO1YKx
/usr/lib/stwO1YKx
/usr/lib/stwO1YKx
/usr/lib/stwO1YKx
/usr/lib/stwO1YKx
/usr/lib/stwO1YKx
/usr/lib/stwO1YKx
/usr/lib/stwO1YKx
/usr/lib/stwO1YKx
/usr/lib/stwO1YKx
/usr/lib/stwO1YKx
/usr/lib/stwO1YKx
/usr/lib/stwO1YKx
/usr/lib/stwO1YKx
/usr/lib/stwO1YKx
/usr/lib/stwO1YKx
/usr/lib/stwO1YKx
/usr/lib/stwO1YKx
/usr/lib/stwO1YKx
/usr/lib/stwO1YKx
/usr/lib/stwO1YKx
/usr/lib/stwO1YKx
/usr/lib/stwO1YKx
/usr/lib/stwO1YKx
/usr/lib/stwO1YKx
/usr/lib/stwO1YKx
/usr/lib/stwO1YKx
/usr/lib/stwO1YKx
/usr/lib/stwO1YKx
/usr/lib/stwO1YKx
/usr/lib/stwO1YKx
/usr/lib/stwO1YKx
/usr/lib/stwO1YKx
/usr/lib/stwO1YKx
/usr/lib/stwO1YKx
/usr/lib/stwO1YKx
/usr/lib/stwO1YKx
/usr/lib/stwO1YKx
/usr/lib/stwO1YKx
/usr/lib/stwO1YKx
/usr/lib/stwO1YKx
/usr/lib/stwO1YKx
/usr/lib/stwO1YKx
/usr/lib/stwO1YKx
/usr/lib/stwO1YKx
/usr/lib/stwO1YKx
/usr/lib/stwO1YKx
/usr/lib/stwO1YKx
/usr/lib/stwO1YKx
/usr/lib/stwO1YKx
/usr/lib/stwO1YKx
/usr/lib/stwO1YKx
/usr/lib/stwO1YKx
/usr/lib/stwO1YKx
/usr/lib/stwO1YKx
/usr/lib/stwO1YKx
/usr/lib/stwO1YKx
/usr/lib/stwO1YKx
/usr/lib/stwO1YKx
/usr/lib/stwO1YKx
/usr/lib/stwO1YKx
/usr/lib/stwO1YKx
/usr/lib/stwO1YKx
/usr/lib/stwO1YKx
/usr/lib/stwO1YKx
/usr/lib/stwO1YKx
/usr/lib/stwO1YKx
/usr/lib/stwO1YKx
/usr/lib/stwO1YKx
/usr/lib/stwO1YKx
/usr/lib/stwO1YKx
/usr/lib/stwO1YKx
/usr/lib/stwO1YKx
/usr/lib/stwO1YKx
/usr/lib/liblzma.a
/usr/lib/pkgconfig/liblzma.pc
/usr/lib/pkgconfig/liblzma.pc
/usr/bin/xzdec
/usr/bin/xzdec
/usr/bin/lzmadec
/usr/bin/lzmadec
/usr/share/man/man1/xzdec.1
/usr/share/man/man1/xzdec.1
/usr/share/man/man1/lzmadec.1
/usr/bin/xz
/usr/bin/xz
/usr/bin/xz
/usr/bin/unxz
/usr/bin/xzcat
/usr/bin/lzma
/usr/bin/unlzma
/usr/bin/lzcat
/usr/share/man/man1/xz.1
/usr/share/man/man1/xz.1
/usr/share/man/man1/unxz.1
/usr/share/man/man1/xzcat.1
/usr/share/man/man1/lzma.1
/usr/share/man/man1/unlzma.1
/usr/share/man/man1/lzcat.1
/usr/bin/lzmainfo
/usr/bin/lzmainfo
/usr/share/man/man1/lzmainfo.1
/usr/share/man/man1/lzmainfo.1
/usr/bin/xzdiff
/usr/bin/xzdiff
/usr/bin/xzgrep
/usr/bin/xzgrep
/usr/bin/xzmore
/usr/bin/xzmore
/usr/bin/xzless
/usr/bin/xzless
/usr/bin/xzcmp
/usr/bin/xzegrep
/usr/bin/xzfgrep
/usr/bin/lzdiff
/usr/bin/lzcmp
/usr/bin/lzgrep
/usr/bin/lzegrep
/usr/bin/lzfgrep
/usr/bin/lzmore
/usr/bin/lzless
/usr/share/man/man1/xzdiff.1
/usr/share/man/man1/xzdiff.1
/usr/share/man/man1/xzgrep.1
/usr/share/man/man1/xzgrep.1
/usr/share/man/man1/xzmore.1
/usr/share/man/man1/xzmore.1
/usr/share/man/man1/xzless.1
/usr/share/man/man1/xzless.1
/usr/share/man/man1/xzcmp.1
/usr/share/man/man1/xzegrep.1
/usr/share/man/man1/xzfgrep.1
/usr/share/man/man1/lzdiff.1
/usr/share/man/man1/lzcmp.1
/usr/share/man/man1/lzgrep.1
/usr/share/man/man1/lzegrep.1
/usr/share/man/man1/lzfgrep.1
/usr/share/man/man1/lzmore.1
/usr/share/man/man1/lzless.1
/usr/share/locale/cs/LC_MESSAGES/xz.mo
/usr/share/locale/cs/LC_MESSAGES/xz.mo
/usr/share/locale/de/LC_MESSAGES/xz.mo
/usr/share/locale/de/LC_MESSAGES/xz.mo
/usr/share/locale/fr/LC_MESSAGES/xz.mo
/usr/share/locale/fr/LC_MESSAGES/xz.mo
/usr/share/locale/it/LC_MESSAGES/xz.mo
/usr/share/locale/it/LC_MESSAGES/xz.mo
/usr/share/locale/pl/LC_MESSAGES/xz.mo
/usr/share/locale/pl/LC_MESSAGES/xz.mo
/usr/share/doc/xz-5.0.5/AUTHORS
/usr/share/doc/xz-5.0.5/AUTHORS
/usr/share/doc/xz-5.0.5/COPYING
/usr/share/doc/xz-5.0.5/COPYING
/usr/share/doc/xz-5.0.5/COPYING.GPLv2
/usr/share/doc/xz-5.0.5/COPYING.GPLv2
/usr/share/doc/xz-5.0.5/NEWS
/usr/share/doc/xz-5.0.5/NEWS
/usr/share/doc/xz-5.0.5/README
/usr/share/doc/xz-5.0.5/README
/usr/share/doc/xz-5.0.5/THANKS
/usr/share/doc/xz-5.0.5/THANKS
/usr/share/doc/xz-5.0.5/TODO
/usr/share/doc/xz-5.0.5/TODO
/usr/share/doc/xz-5.0.5/faq.txt
/usr/share/doc/xz-5.0.5/faq.txt
/usr/share/doc/xz-5.0.5/history.txt
/usr/share/doc/xz-5.0.5/history.txt
/usr/share/doc/xz-5.0.5/xz-file-format.txt
/usr/share/doc/xz-5.0.5/xz-file-format.txt
/usr/share/doc/xz-5.0.5/lzma-file-format.txt
/usr/share/doc/xz-5.0.5/lzma-file-format.txt
/usr/share/doc/xz-5.0.5/examples/00_README.txt
/usr/share/doc/xz-5.0.5/examples/00_README.txt
/usr/share/doc/xz-5.0.5/examples/01_compress_easy.c
/usr/share/doc/xz-5.0.5/examples/01_compress_easy.c
/usr/share/doc/xz-5.0.5/examples/02_decompress.c
/usr/share/doc/xz-5.0.5/examples/02_decompress.c
/usr/share/doc/xz-5.0.5/examples/03_compress_custom.c
/usr/share/doc/xz-5.0.5/examples/03_compress_custom.c
/usr/share/doc/xz-5.0.5/examples/Makefile
/usr/share/doc/xz-5.0.5/examples/Makefile
/usr/share/doc/xz-5.0.5/examples_old/xz_pipe_comp.c
/usr/share/doc/xz-5.0.5/examples_old/xz_pipe_comp.c
/usr/share/doc/xz-5.0.5/examples_old/xz_pipe_decomp.c
/usr/share/doc/xz-5.0.5/examples_old/xz_pipe_decomp.c
/usr/bin/lzma
/bin/lzma
/usr/bin/unlzma
/bin/unlzma
/usr/bin/lzcat
/bin/lzcat
/usr/bin/xz
/bin/xz
/usr/bin/unxz
/bin/unxz
/usr/bin/xzcat
/bin/xzcat
/usr/lib/liblzma.so.5
/lib/liblzma.so.5
/usr/lib/liblzma.so.5.0.5
/lib/liblzma.so.5.0.5
/usr/lib/liblzma.so
