/srv/mysql/zentao/zt_dept.MYI
/srv/mysql/zentao/zt_doc.frm
/srv/mysql/zentao/zt_doc.MYD
/srv/mysql/zentao/zt_action.MYI
/srv/mysql/zentao/zt_testtask.MYD
/srv/mysql/zentao/zt_module.MYI
/srv/mysql/zentao/zt_lang.frm
/srv/mysql/zentao/zt_doclib.MYD
/srv/mysql/zentao/zt_user.MYD
/srv/mysql/zentao/zt_company.MYD
/srv/mysql/zentao/zt_burn.MYD
/srv/mysql/zentao/zt_config.frm
/srv/mysql/zentao/zt_casestep.MYD
/srv/mysql/zentao/zt_usercontact.frm
/srv/mysql/zentao/zt_usertpl.MYI
/srv/mysql/zentao/zt_taskestimate.MYD
/srv/mysql/zentao/zt_mailqueue.MYD
/srv/mysql/zentao/zt_testresult.MYI
/srv/mysql/zentao/zt_lang.MYI
/srv/mysql/zentao/zt_story.frm
/srv/mysql/zentao/zt_action.MYD
/srv/mysql/zentao/zt_team.MYI
/srv/mysql/zentao/zt_mailqueue.frm
/srv/mysql/zentao/zt_case.MYD
/srv/mysql/zentao/zt_extension.MYI
/srv/mysql/zentao/zt_productplan.frm
/srv/mysql/zentao/zt_taskestimate.MYI
/srv/mysql/zentao/zt_usergroup.frm
/srv/mysql/zentao/zt_history.frm
/srv/mysql/zentao/zt_product.MYD
/srv/mysql/zentao/zt_storyspec.frm
/srv/mysql/zentao/zt_product.frm
/srv/mysql/zentao/zt_doclib.frm
/srv/mysql/zentao/zt_user.MYI
/srv/mysql/zentao/zt_testresult.frm
/srv/mysql/zentao/zt_team.frm
/srv/mysql/zentao/zt_testrun.MYD
/srv/mysql/zentao/zt_file.MYI
/srv/mysql/zentao/zt_action.frm
/srv/mysql/zentao/zt_usercontact.MYI
/srv/mysql/zentao/zt_usergroup.MYI
/srv/mysql/zentao/zt_cron.MYD
/srv/mysql/zentao/zt_projectproduct.MYI
/srv/mysql/zentao/zt_bug.MYD
/srv/mysql/zentao/zt_dept.MYD
/srv/mysql/zentao/zt_build.MYI
/srv/mysql/zentao/zt_company.frm
/srv/mysql/zentao/zt_project.MYD
/srv/mysql/zentao/zt_history.MYD
/srv/mysql/zentao/zt_testtask.frm
/srv/mysql/zentao/zt_config.MYD
/srv/mysql/zentao/zt_user.frm
/srv/mysql/zentao/zt_effort.MYD
/srv/mysql/zentao/zt_story.MYD
/srv/mysql/zentao/zt_lang.MYD
/srv/mysql/zentao/zt_projectproduct.frm
/srv/mysql/zentao/zt_product.MYI
/srv/mysql/zentao/zt_bug.frm
/srv/mysql/zentao/zt_todo.frm
/srv/mysql/zentao/zt_usertpl.frm
/srv/mysql/zentao/zt_testtask.MYI
/srv/mysql/zentao/zt_productplan.MYI
/srv/mysql/zentao/zt_taskestimate.frm
/srv/mysql/zentao/zt_userquery.MYD
/srv/mysql/zentao/zt_bug.MYI
/srv/mysql/zentao/zt_release.MYI
/srv/mysql/zentao/zt_casestep.MYI
/srv/mysql/zentao/zt_dept.frm
/srv/mysql/zentao/zt_release.MYD
/srv/mysql/zentao/zt_module.MYD
/srv/mysql/zentao/zt_usertpl.MYD
/srv/mysql/zentao/zt_testrun.MYI
/srv/mysql/zentao/zt_project.MYI
/srv/mysql/zentao/zt_productplan.MYD
/srv/mysql/zentao/zt_build.frm
/srv/mysql/zentao/zt_case.MYI
/srv/mysql/zentao/zt_build.MYD
/srv/mysql/zentao/zt_cron.MYI
/srv/mysql/zentao/zt_extension.MYD
/srv/mysql/zentao/zt_team.MYD
/srv/mysql/zentao/zt_task.frm
/srv/mysql/zentao/zt_usergroup.MYD
/srv/mysql/zentao/zt_effort.MYI
/srv/mysql/zentao/zt_group.MYD
/srv/mysql/zentao/zt_userquery.frm
/srv/mysql/zentao/zt_doclib.MYI
/srv/mysql/zentao/zt_testrun.frm
/srv/mysql/zentao/zt_usercontact.MYD
/srv/mysql/zentao/zt_company.MYI
/srv/mysql/zentao/zt_extension.frm
/srv/mysql/zentao/zt_storyspec.MYI
/srv/mysql/zentao/zt_task.MYD
/srv/mysql/zentao/zt_todo.MYD
/srv/mysql/zentao/zt_project.frm
/srv/mysql/zentao/zt_testresult.MYD
/srv/mysql/zentao/zt_projectstory.frm
/srv/mysql/zentao/zt_group.MYI
/srv/mysql/zentao/zt_cron.frm
/srv/mysql/zentao/zt_release.frm
/srv/mysql/zentao/zt_burn.MYI
/srv/mysql/zentao/zt_userquery.MYI
/srv/mysql/zentao/zt_grouppriv.MYI
/srv/mysql/zentao/zt_burn.frm
/srv/mysql/zentao/zt_doc.MYI
/srv/mysql/zentao/zt_task.MYI
/srv/mysql/zentao/zt_grouppriv.MYD
/srv/mysql/zentao/zt_story.MYI
/srv/mysql/zentao/zt_projectstory.MYI
/srv/mysql/zentao/zt_casestep.frm
/srv/mysql/zentao/zt_module.frm
/srv/mysql/zentao/zt_todo.MYI
/srv/mysql/zentao/zt_grouppriv.frm
/srv/mysql/zentao/zt_file.frm
/srv/mysql/zentao/zt_mailqueue.MYI
/srv/mysql/zentao/zt_file.MYD
/srv/mysql/zentao/zt_case.frm
/srv/mysql/zentao/zt_effort.frm
/srv/mysql/zentao/db.opt
/srv/mysql/zentao/zt_projectstory.MYD
/srv/mysql/zentao/zt_storyspec.MYD
/srv/mysql/zentao/zt_history.MYI
/srv/mysql/zentao/zt_group.frm
/srv/mysql/zentao/zt_config.MYI
/srv/mysql/zentao/zt_projectproduct.MYD
