/srv/zentao/VERSION
/srv/zentao/config/my.php
/srv/zentao/config/config.php
/srv/zentao/tmp/log/php.20150305.log.php
/srv/zentao/tmp/model/misc.php
/srv/zentao/lib/pclzip/pclzip.class.php
/srv/zentao/lib/pclzip/gnu-lgpl.txt
/srv/zentao/lib/pclzip/readme.txt
/srv/zentao/lib/ubb/ubb.class.php
/srv/zentao/lib/front/front.class.php
/srv/zentao/lib/filter/filter.class.php
/srv/zentao/lib/pager/pager.class.php
/srv/zentao/lib/crontab/crontab.class.php
/srv/zentao/lib/snoopy/README
/srv/zentao/lib/snoopy/FAQ
/srv/zentao/lib/snoopy/TODO
/srv/zentao/lib/snoopy/AUTHORS
/srv/zentao/lib/snoopy/snoopy.class.php
/srv/zentao/lib/snoopy/ChangeLog
/srv/zentao/lib/snoopy/COPYING.lib
/srv/zentao/lib/snoopy/NEWS
/srv/zentao/lib/snoopy/INSTALL
/srv/zentao/lib/phpmailer/class.smtp.php
/srv/zentao/lib/phpmailer/README
/srv/zentao/lib/phpmailer/language/phpmailer.lang-cz.php
/srv/zentao/lib/phpmailer/language/phpmailer.lang-ar.php
/srv/zentao/lib/phpmailer/language/phpmailer.lang-br.php
/srv/zentao/lib/phpmailer/language/phpmailer.lang-dk.php
/srv/zentao/lib/phpmailer/language/phpmailer.lang-no.php
/srv/zentao/lib/phpmailer/language/phpmailer.lang-zh-cn.php
/srv/zentao/lib/phpmailer/language/phpmailer.lang-fr.php
/srv/zentao/lib/phpmailer/language/phpmailer.lang-ro.php
/srv/zentao/lib/phpmailer/language/phpmailer.lang-zh-tw.php
/srv/zentao/lib/phpmailer/language/phpmailer.lang-se.php
/srv/zentao/lib/phpmailer/language/phpmailer.lang-fo.php
/srv/zentao/lib/phpmailer/language/phpmailer.lang-tr.php
/srv/zentao/lib/phpmailer/language/phpmailer.lang-ru.php
/srv/zentao/lib/phpmailer/language/phpmailer.lang-ja.php
/srv/zentao/lib/phpmailer/language/phpmailer.lang-hu.php
/srv/zentao/lib/phpmailer/language/phpmailer.lang-pl.php
/srv/zentao/lib/phpmailer/language/phpmailer.lang-et.php
/srv/zentao/lib/phpmailer/language/phpmailer.lang-nl.php
/srv/zentao/lib/phpmailer/language/phpmailer.lang-it.php
/srv/zentao/lib/phpmailer/language/phpmailer.lang-es.php
/srv/zentao/lib/phpmailer/language/phpmailer.lang-ca.php
/srv/zentao/lib/phpmailer/language/phpmailer.lang-ch.php
/srv/zentao/lib/phpmailer/language/phpmailer.lang-fi.php
/srv/zentao/lib/phpmailer/language/phpmailer.lang-de.php
/srv/zentao/lib/phpmailer/class.pop3.php
/srv/zentao/lib/phpmailer/LICENSE
/srv/zentao/lib/phpmailer/phpmailer.class.php
/srv/zentao/lib/mobile/mobile.class.php
/srv/zentao/lib/zdb/zdb.class.php
/srv/zentao/lib/api/api.class.php
/srv/zentao/lib/date/date.class.php
/srv/zentao/lib/spyc/COPYING
/srv/zentao/lib/spyc/spyc.class.php
/srv/zentao/lib/qrcode/qrcode.class.php
/srv/zentao/lib/dao/dao.class.php
/srv/zentao/lib/zfile/zfile.class.php
/srv/zentao/www/theme/lang/zh-cn.css
/srv/zentao/www/theme/lang/zh-tw.css
/srv/zentao/www/theme/lang/en.css
/srv/zentao/www/theme/blackberry/style.css
/srv/zentao/www/theme/browser/opera.css
/srv/zentao/www/theme/browser/ie.6.css
/srv/zentao/www/theme/browser/chrome.css
/srv/zentao/www/theme/browser/ie.css
/srv/zentao/www/theme/browser/firefox.css
/srv/zentao/www/theme/browser/safari.css
/srv/zentao/www/theme/green/style.css
/srv/zentao/www/theme/lightblue/style.css
/srv/zentao/www/theme/default/zh-cn.blackberry.css
/srv/zentao/www/theme/default/style.css
/srv/zentao/www/theme/default/en.green.css
/srv/zentao/www/theme/default/treeview.css
/srv/zentao/www/theme/default/en.blackberry.css
/srv/zentao/www/theme/default/jquery.mobile.css
/srv/zentao/www/theme/default/zh-tw.red.css
/srv/zentao/www/theme/default/en.red.css
/srv/zentao/www/theme/default/zh-cn.default.css
/srv/zentao/www/theme/default/en.default.css
/srv/zentao/www/theme/default/zh-tw.blackberry.css
/srv/zentao/www/theme/default/m.zh-tw.default.css
/srv/zentao/www/theme/default/index.css
/srv/zentao/www/theme/default/zh-tw.green.css
/srv/zentao/www/theme/default/zh-cn.lightblue.css
/srv/zentao/www/theme/default/m.zh-cn.default.css
/srv/zentao/www/theme/default/treetable.css
/srv/zentao/www/theme/default/en.lightblue.css
/srv/zentao/www/theme/default/zh-tw.lightblue.css
/srv/zentao/www/theme/default/zh-cn.green.css
/srv/zentao/www/theme/default/zh-tw.default.css
/srv/zentao/www/theme/default/zh-cn.red.css
/srv/zentao/www/theme/default/images/main/zt-icons.png
/srv/zentao/www/theme/default/images/main/icon.png
/srv/zentao/www/theme/default/images/main/zt-logo.png
/srv/zentao/www/theme/default/images/main/green.png
/srv/zentao/www/theme/default/images/main/weixin.jpg
/srv/zentao/www/theme/default/images/main/logo2.png
/srv/zentao/www/theme/default/images/main/logo.png
/srv/zentao/www/theme/default/images/chosen/chosen-sprite.png
/srv/zentao/www/theme/default/images/mobile/icons-36-black.png
/srv/zentao/www/theme/default/images/mobile/icons-18-white.png
/srv/zentao/www/theme/default/images/mobile/icons-18-black.png
/srv/zentao/www/theme/default/images/mobile/icons-36-white.png
/srv/zentao/www/theme/default/images/mobile/ajax-loader.gif
/srv/zentao/www/theme/default/images/treeview/treeview-black.gif
/srv/zentao/www/theme/default/images/treeview/treeview-gray-line.gif
/srv/zentao/www/theme/default/images/treeview/treeview-red-line.gif
/srv/zentao/www/theme/default/images/treeview/minus.gif
/srv/zentao/www/theme/default/images/treeview/folder-closed.gif
/srv/zentao/www/theme/default/images/treeview/treeview-default.gif
/srv/zentao/www/theme/default/images/treeview/plus.gif
/srv/zentao/www/theme/default/images/treeview/treeview-famfamfam-line.gif
/srv/zentao/www/theme/default/images/treeview/file.gif
/srv/zentao/www/theme/default/images/treeview/treeview-red.gif
/srv/zentao/www/theme/default/images/treeview/treeview-black-line.gif
/srv/zentao/www/theme/default/images/treeview/treeview-famfamfam.gif
/srv/zentao/www/theme/default/images/treeview/folder.gif
/srv/zentao/www/theme/default/images/treeview/treeview-gray.gif
/srv/zentao/www/theme/default/images/treeview/treeview-default-line.gif
/srv/zentao/www/theme/default/images/kindeditor/save.gif
/srv/zentao/www/theme/default/images/treetable/toggle-expand-light.png
/srv/zentao/www/theme/default/images/treetable/toggle-collapse-light.png
/srv/zentao/www/theme/default/images/treetable/toggle-collapse-dark.png
/srv/zentao/www/theme/default/images/treetable/toggle-expand-dark.png
/srv/zentao/www/theme/default/m.en.default.css
/srv/zentao/www/theme/default/m.style.css
/srv/zentao/www/theme/red/style.css
/srv/zentao/www/theme/zui/css/min.css
/srv/zentao/www/theme/zui/fonts/zenicon.ttf
/srv/zentao/www/theme/zui/fonts/zenicon.eot
/srv/zentao/www/theme/zui/fonts/zenicon.woff
/srv/zentao/www/theme/zui/fonts/zenicon.svg
/srv/zentao/www/upgrade.php
/srv/zentao/www/install.php
/srv/zentao/www/.ztaccess
/srv/zentao/www/index.php
/srv/zentao/www/favicon.ico
/srv/zentao/www/js/html5shiv/min.js
/srv/zentao/www/js/all.js
/srv/zentao/www/js/chartjs/excanvas.min.js
/srv/zentao/www/js/chartjs/chart.line.min.js
/srv/zentao/www/js/my.min.js
/srv/zentao/www/js/jquery/form/zentao.js
/srv/zentao/www/js/jquery/form/min.js
/srv/zentao/www/js/jquery/reverseorder/raw.js
/srv/zentao/www/js/jquery/flot/excanvas.min.js
/srv/zentao/www/js/jquery/flot/jquery.flot.min.js
/srv/zentao/www/js/jquery/syntaxhighlighter/styles/shCore.css
/srv/zentao/www/js/jquery/syntaxhighlighter/styles/shCoreDefault.css
/srv/zentao/www/js/jquery/syntaxhighlighter/styles/shThemeDefault.css
/srv/zentao/www/js/jquery/syntaxhighlighter/scripts/shBrushCpp.js
/srv/zentao/www/js/jquery/syntaxhighlighter/scripts/shCore.js
/srv/zentao/www/js/jquery/syntaxhighlighter/scripts/shBrushPython.js
/srv/zentao/www/js/jquery/syntaxhighlighter/scripts/shBrushRuby.js
/srv/zentao/www/js/jquery/syntaxhighlighter/scripts/shBrushCss.js
/srv/zentao/www/js/jquery/syntaxhighlighter/scripts/shAutoloader.js
/srv/zentao/www/js/jquery/syntaxhighlighter/scripts/shBrushJScript.js
/srv/zentao/www/js/jquery/syntaxhighlighter/scripts/shBrushBash.js
/srv/zentao/www/js/jquery/syntaxhighlighter/scripts/shBrushPerl.js
/srv/zentao/www/js/jquery/syntaxhighlighter/scripts/shBrushColdFusion.js
/srv/zentao/www/js/jquery/syntaxhighlighter/scripts/shBrushPlain.js
/srv/zentao/www/js/jquery/syntaxhighlighter/scripts/shBrushCSharp.js
/srv/zentao/www/js/jquery/syntaxhighlighter/scripts/shBrushPhp.js
/srv/zentao/www/js/jquery/syntaxhighlighter/scripts/shBrushJava.js
/srv/zentao/www/js/jquery/syntaxhighlighter/scripts/shLegacy.js
/srv/zentao/www/js/jquery/syntaxhighlighter/scripts/shBrushXml.js
/srv/zentao/www/js/jquery/chosen/min.css
/srv/zentao/www/js/jquery/chosen/min.js
/srv/zentao/www/js/jquery/mobile/jquery.mobile.min.js
/srv/zentao/www/js/jquery/mobile/jquery-1.10.1.min.js
/srv/zentao/www/js/jquery/lib.js
/srv/zentao/www/js/jquery/treeview/min.js
/srv/zentao/www/js/jquery/datetimepicker/min.css
/srv/zentao/www/js/jquery/datetimepicker/min.js
/srv/zentao/www/js/jquery/tablesorter/metadata.js
/srv/zentao/www/js/jquery/tablesorter/min.js
/srv/zentao/www/js/jquery/jquery.pjax.js
/srv/zentao/www/js/jquery/placeholder/min.js
/srv/zentao/www/js/jquery/treetable/raw.js
/srv/zentao/www/js/jquery/treetable/min.js
/srv/zentao/www/js/jquery/validation/min.js
/srv/zentao/www/js/m.all.js
/srv/zentao/www/js/misc/date.js
/srv/zentao/www/js/misc/fusioncharts.js
/srv/zentao/www/js/my.full.js
/srv/zentao/www/js/kindeditor/kindeditor.js
/srv/zentao/www/js/kindeditor/plugins/filemanager/filemanager.js
/srv/zentao/www/js/kindeditor/plugins/filemanager/images/folder-16.gif
/srv/zentao/www/js/kindeditor/plugins/filemanager/images/folder-64.gif
/srv/zentao/www/js/kindeditor/plugins/filemanager/images/file-64.gif
/srv/zentao/www/js/kindeditor/plugins/filemanager/images/file-16.gif
/srv/zentao/www/js/kindeditor/plugins/filemanager/images/go-up.gif
/srv/zentao/www/js/kindeditor/plugins/map/map.js
/srv/zentao/www/js/kindeditor/plugins/map/map.html
/srv/zentao/www/js/kindeditor/plugins/flash/flash.js
/srv/zentao/www/js/kindeditor/plugins/clearhtml/clearhtml.js
/srv/zentao/www/js/kindeditor/plugins/template/template.js
/srv/zentao/www/js/kindeditor/plugins/template/html/2.html
/srv/zentao/www/js/kindeditor/plugins/template/html/3.html
/srv/zentao/www/js/kindeditor/plugins/template/html/1.html
/srv/zentao/www/js/kindeditor/plugins/insertfile/insertfile.js
/srv/zentao/www/js/kindeditor/plugins/link/link.js
/srv/zentao/www/js/kindeditor/plugins/multiimage/multiimage.js
/srv/zentao/www/js/kindeditor/plugins/multiimage/images/select-files-zh_CN.png
/srv/zentao/www/js/kindeditor/plugins/multiimage/images/image.png
/srv/zentao/www/js/kindeditor/plugins/multiimage/images/swfupload.swf
/srv/zentao/www/js/kindeditor/plugins/multiimage/images/select-files-en.png
/srv/zentao/www/js/kindeditor/plugins/code/prettify.js
/srv/zentao/www/js/kindeditor/plugins/code/prettify.css
/srv/zentao/www/js/kindeditor/plugins/code/code.js
/srv/zentao/www/js/kindeditor/plugins/image/image.js
/srv/zentao/www/js/kindeditor/plugins/image/images/align_left.gif
/srv/zentao/www/js/kindeditor/plugins/image/images/align_top.gif
/srv/zentao/www/js/kindeditor/plugins/image/images/align_right.gif
/srv/zentao/www/js/kindeditor/plugins/image/images/refresh.png
/srv/zentao/www/js/kindeditor/plugins/baidumap/index.html
/srv/zentao/www/js/kindeditor/plugins/baidumap/map.html
/srv/zentao/www/js/kindeditor/plugins/baidumap/baidumap.js
/srv/zentao/www/js/kindeditor/plugins/preview/preview.js
/srv/zentao/www/js/kindeditor/plugins/anchor/anchor.js
/srv/zentao/www/js/kindeditor/plugins/wordpaste/wordpaste.js
/srv/zentao/www/js/kindeditor/plugins/emoticons/emoticons.js
/srv/zentao/www/js/kindeditor/plugins/emoticons/images/39.gif
/srv/zentao/www/js/kindeditor/plugins/emoticons/images/40.gif
/srv/zentao/www/js/kindeditor/plugins/emoticons/images/17.gif
/srv/zentao/www/js/kindeditor/plugins/emoticons/images/134.gif
/srv/zentao/www/js/kindeditor/plugins/emoticons/images/104.gif
/srv/zentao/www/js/kindeditor/plugins/emoticons/images/90.gif
/srv/zentao/www/js/kindeditor/plugins/emoticons/images/16.gif
/srv/zentao/www/js/kindeditor/plugins/emoticons/images/57.gif
/srv/zentao/www/js/kindeditor/plugins/emoticons/images/4.gif
/srv/zentao/www/js/kindeditor/plugins/emoticons/images/1.gif
/srv/zentao/www/js/kindeditor/plugins/emoticons/images/67.gif
/srv/zentao/www/js/kindeditor/plugins/emoticons/images/23.gif
/srv/zentao/www/js/kindeditor/plugins/emoticons/images/102.gif
/srv/zentao/www/js/kindeditor/plugins/emoticons/images/99.gif
/srv/zentao/www/js/kindeditor/plugins/emoticons/images/86.gif
/srv/zentao/www/js/kindeditor/plugins/emoticons/images/32.gif
/srv/zentao/www/js/kindeditor/plugins/emoticons/images/123.gif
/srv/zentao/www/js/kindeditor/plugins/emoticons/images/132.gif
/srv/zentao/www/js/kindeditor/plugins/emoticons/images/113.gif
/srv/zentao/www/js/kindeditor/plugins/emoticons/images/9.gif
/srv/zentao/www/js/kindeditor/plugins/emoticons/images/0.gif
/srv/zentao/www/js/kindeditor/plugins/emoticons/images/101.gif
/srv/zentao/www/js/kindeditor/plugins/emoticons/images/111.gif
/srv/zentao/www/js/kindeditor/plugins/emoticons/images/52.gif
/srv/zentao/www/js/kindeditor/plugins/emoticons/images/11.gif
/srv/zentao/www/js/kindeditor/plugins/emoticons/images/95.gif
/srv/zentao/www/js/kindeditor/plugins/emoticons/images/119.gif
/srv/zentao/www/js/kindeditor/plugins/emoticons/images/117.gif
/srv/zentao/www/js/kindeditor/plugins/emoticons/images/14.gif
/srv/zentao/www/js/kindeditor/plugins/emoticons/images/103.gif
/srv/zentao/www/js/kindeditor/plugins/emoticons/images/60.gif
/srv/zentao/www/js/kindeditor/plugins/emoticons/images/125.gif
/srv/zentao/www/js/kindeditor/plugins/emoticons/images/109.gif
/srv/zentao/www/js/kindeditor/plugins/emoticons/images/76.gif
/srv/zentao/www/js/kindeditor/plugins/emoticons/images/43.gif
/srv/zentao/www/js/kindeditor/plugins/emoticons/images/2.gif
/srv/zentao/www/js/kindeditor/plugins/emoticons/images/65.gif
/srv/zentao/www/js/kindeditor/plugins/emoticons/images/82.gif
/srv/zentao/www/js/kindeditor/plugins/emoticons/images/79.gif
/srv/zentao/www/js/kindeditor/plugins/emoticons/images/110.gif
/srv/zentao/www/js/kindeditor/plugins/emoticons/images/77.gif
/srv/zentao/www/js/kindeditor/plugins/emoticons/images/92.gif
/srv/zentao/www/js/kindeditor/plugins/emoticons/images/61.gif
/srv/zentao/www/js/kindeditor/plugins/emoticons/images/62.gif
/srv/zentao/www/js/kindeditor/plugins/emoticons/images/89.gif
/srv/zentao/www/js/kindeditor/plugins/emoticons/images/130.gif
/srv/zentao/www/js/kindeditor/plugins/emoticons/images/5.gif
/srv/zentao/www/js/kindeditor/plugins/emoticons/images/20.gif
/srv/zentao/www/js/kindeditor/plugins/emoticons/images/56.gif
/srv/zentao/www/js/kindeditor/plugins/emoticons/images/21.gif
/srv/zentao/www/js/kindeditor/plugins/emoticons/images/34.gif
/srv/zentao/www/js/kindeditor/plugins/emoticons/images/114.gif
/srv/zentao/www/js/kindeditor/plugins/emoticons/images/static.gif
/srv/zentao/www/js/kindeditor/plugins/emoticons/images/35.gif
/srv/zentao/www/js/kindeditor/plugins/emoticons/images/120.gif
/srv/zentao/www/js/kindeditor/plugins/emoticons/images/78.gif
/srv/zentao/www/js/kindeditor/plugins/emoticons/images/55.gif
/srv/zentao/www/js/kindeditor/plugins/emoticons/images/53.gif
/srv/zentao/www/js/kindeditor/plugins/emoticons/images/66.gif
/srv/zentao/www/js/kindeditor/plugins/emoticons/images/100.gif
/srv/zentao/www/js/kindeditor/plugins/emoticons/images/112.gif
/srv/zentao/www/js/kindeditor/plugins/emoticons/images/118.gif
/srv/zentao/www/js/kindeditor/plugins/emoticons/images/38.gif
/srv/zentao/www/js/kindeditor/plugins/emoticons/images/48.gif
/srv/zentao/www/js/kindeditor/plugins/emoticons/images/8.gif
/srv/zentao/www/js/kindeditor/plugins/emoticons/images/133.gif
/srv/zentao/www/js/kindeditor/plugins/emoticons/images/71.gif
/srv/zentao/www/js/kindeditor/plugins/emoticons/images/84.gif
/srv/zentao/www/js/kindeditor/plugins/emoticons/images/58.gif
/srv/zentao/www/js/kindeditor/plugins/emoticons/images/126.gif
/srv/zentao/www/js/kindeditor/plugins/emoticons/images/6.gif
/srv/zentao/www/js/kindeditor/plugins/emoticons/images/25.gif
/srv/zentao/www/js/kindeditor/plugins/emoticons/images/85.gif
/srv/zentao/www/js/kindeditor/plugins/emoticons/images/121.gif
/srv/zentao/www/js/kindeditor/plugins/emoticons/images/18.gif
/srv/zentao/www/js/kindeditor/plugins/emoticons/images/75.gif
/srv/zentao/www/js/kindeditor/plugins/emoticons/images/94.gif
/srv/zentao/www/js/kindeditor/plugins/emoticons/images/80.gif
/srv/zentao/www/js/kindeditor/plugins/emoticons/images/46.gif
/srv/zentao/www/js/kindeditor/plugins/emoticons/images/15.gif
/srv/zentao/www/js/kindeditor/plugins/emoticons/images/131.gif
/srv/zentao/www/js/kindeditor/plugins/emoticons/images/30.gif
/srv/zentao/www/js/kindeditor/plugins/emoticons/images/31.gif
/srv/zentao/www/js/kindeditor/plugins/emoticons/images/106.gif
/srv/zentao/www/js/kindeditor/plugins/emoticons/images/70.gif
/srv/zentao/www/js/kindeditor/plugins/emoticons/images/36.gif
/srv/zentao/www/js/kindeditor/plugins/emoticons/images/49.gif
/srv/zentao/www/js/kindeditor/plugins/emoticons/images/63.gif
/srv/zentao/www/js/kindeditor/plugins/emoticons/images/88.gif
/srv/zentao/www/js/kindeditor/plugins/emoticons/images/51.gif
/srv/zentao/www/js/kindeditor/plugins/emoticons/images/45.gif
/srv/zentao/www/js/kindeditor/plugins/emoticons/images/29.gif
/srv/zentao/www/js/kindeditor/plugins/emoticons/images/3.gif
/srv/zentao/www/js/kindeditor/plugins/emoticons/images/50.gif
/srv/zentao/www/js/kindeditor/plugins/emoticons/images/98.gif
/srv/zentao/www/js/kindeditor/plugins/emoticons/images/54.gif
/srv/zentao/www/js/kindeditor/plugins/emoticons/images/73.gif
/srv/zentao/www/js/kindeditor/plugins/emoticons/images/81.gif
/srv/zentao/www/js/kindeditor/plugins/emoticons/images/27.gif
/srv/zentao/www/js/kindeditor/plugins/emoticons/images/33.gif
/srv/zentao/www/js/kindeditor/plugins/emoticons/images/19.gif
/srv/zentao/www/js/kindeditor/plugins/emoticons/images/122.gif
/srv/zentao/www/js/kindeditor/plugins/emoticons/images/97.gif
/srv/zentao/www/js/kindeditor/plugins/emoticons/images/127.gif
/srv/zentao/www/js/kindeditor/plugins/emoticons/images/129.gif
/srv/zentao/www/js/kindeditor/plugins/emoticons/images/83.gif
/srv/zentao/www/js/kindeditor/plugins/emoticons/images/22.gif
/srv/zentao/www/js/kindeditor/plugins/emoticons/images/41.gif
/srv/zentao/www/js/kindeditor/plugins/emoticons/images/72.gif
/srv/zentao/www/js/kindeditor/plugins/emoticons/images/115.gif
/srv/zentao/www/js/kindeditor/plugins/emoticons/images/69.gif
/srv/zentao/www/js/kindeditor/plugins/emoticons/images/44.gif
/srv/zentao/www/js/kindeditor/plugins/emoticons/images/13.gif
/srv/zentao/www/js/kindeditor/plugins/emoticons/images/128.gif
/srv/zentao/www/js/kindeditor/plugins/emoticons/images/105.gif
/srv/zentao/www/js/kindeditor/plugins/emoticons/images/108.gif
/srv/zentao/www/js/kindeditor/plugins/emoticons/images/47.gif
/srv/zentao/www/js/kindeditor/plugins/emoticons/images/42.gif
/srv/zentao/www/js/kindeditor/plugins/emoticons/images/26.gif
/srv/zentao/www/js/kindeditor/plugins/emoticons/images/91.gif
/srv/zentao/www/js/kindeditor/plugins/emoticons/images/24.gif
/srv/zentao/www/js/kindeditor/plugins/emoticons/images/59.gif
/srv/zentao/www/js/kindeditor/plugins/emoticons/images/64.gif
/srv/zentao/www/js/kindeditor/plugins/emoticons/images/116.gif
/srv/zentao/www/js/kindeditor/plugins/emoticons/images/7.gif
/srv/zentao/www/js/kindeditor/plugins/emoticons/images/93.gif
/srv/zentao/www/js/kindeditor/plugins/emoticons/images/28.gif
/srv/zentao/www/js/kindeditor/plugins/emoticons/images/107.gif
/srv/zentao/www/js/kindeditor/plugins/emoticons/images/87.gif
/srv/zentao/www/js/kindeditor/plugins/emoticons/images/96.gif
/srv/zentao/www/js/kindeditor/plugins/emoticons/images/74.gif
/srv/zentao/www/js/kindeditor/plugins/emoticons/images/10.gif
/srv/zentao/www/js/kindeditor/plugins/emoticons/images/68.gif
/srv/zentao/www/js/kindeditor/plugins/emoticons/images/37.gif
/srv/zentao/www/js/kindeditor/plugins/emoticons/images/124.gif
/srv/zentao/www/js/kindeditor/plugins/emoticons/images/12.gif
/srv/zentao/www/js/kindeditor/plugins/autoheight/autoheight.js
/srv/zentao/www/js/kindeditor/plugins/table/table.js
/srv/zentao/www/js/kindeditor/plugins/media/media.js
/srv/zentao/www/js/kindeditor/plugins/quickformat/quickformat.js
/srv/zentao/www/js/kindeditor/plugins/lineheight/lineheight.js
/srv/zentao/www/js/kindeditor/plugins/plainpaste/plainpaste.js
/srv/zentao/www/js/kindeditor/plugins/pagebreak/pagebreak.js
/srv/zentao/www/js/kindeditor/lang/ar.js
/srv/zentao/www/js/kindeditor/lang/zh_CN.js
/srv/zentao/www/js/kindeditor/lang/en.js
/srv/zentao/www/js/kindeditor/lang/zh_TW.js
/srv/zentao/www/js/kindeditor/Makefile
/srv/zentao/www/js/kindeditor/license.txt
/srv/zentao/www/js/kindeditor/kindeditor-min.js
/srv/zentao/www/js/kindeditor/themes/qq/qq.css
/srv/zentao/www/js/kindeditor/themes/qq/editor.gif
/srv/zentao/www/js/kindeditor/themes/common/blank.gif
/srv/zentao/www/js/kindeditor/themes/common/loading.gif
/srv/zentao/www/js/kindeditor/themes/common/rm.gif
/srv/zentao/www/js/kindeditor/themes/common/flash.gif
/srv/zentao/www/js/kindeditor/themes/common/media.gif
/srv/zentao/www/js/kindeditor/themes/common/anchor.gif
/srv/zentao/www/js/kindeditor/themes/default/background.png
/srv/zentao/www/js/kindeditor/themes/default/default.png
/srv/zentao/www/js/kindeditor/themes/default/default.css
/srv/zentao/www/js/kindeditor/themes/simple/simple.css
/srv/zentao/www/js/m.my.full.js
/srv/zentao/www/js/respond/min.js
/srv/zentao/www/js/zui/min.js
/srv/zentao/www/fusioncharts/fcf_pie2d.swf
/srv/zentao/www/fusioncharts/fcf_stackedbar2d.swf
/srv/zentao/www/fusioncharts/fcf_mscolumn2d.swf
/srv/zentao/www/fusioncharts/fcf_mscolumn2dlinedy.swf
/srv/zentao/www/fusioncharts/fcf_stackedcolumn2d.swf
/srv/zentao/www/fusioncharts/fcf_msarea2d.swf
/srv/zentao/www/fusioncharts/fcf_doughnut2d.swf
/srv/zentao/www/fusioncharts/fcf_gantt.swf
/srv/zentao/www/fusioncharts/fcf_stackedarea2d.swf
/srv/zentao/www/fusioncharts/fcf_candlestick.swf
/srv/zentao/www/fusioncharts/fcf_mscolumn3d.swf
/srv/zentao/www/fusioncharts/fcf_pie3d.swf
/srv/zentao/www/fusioncharts/fcf_stackedcolumn3d.swf
/srv/zentao/www/fusioncharts/fcf_msbar2d.swf
/srv/zentao/www/fusioncharts/fcf_msline.swf
/srv/zentao/www/fusioncharts/fcf_line.swf
/srv/zentao/www/fusioncharts/fcf_bar2d.swf
/srv/zentao/www/fusioncharts/fcf_funnel.swf
/srv/zentao/www/fusioncharts/fcf_column2d.swf
/srv/zentao/www/fusioncharts/fcf_mscolumn3dlinedy.swf
/srv/zentao/www/fusioncharts/fcf_area2d.swf
/srv/zentao/www/fusioncharts/fcf_column3d.swf
/srv/zentao/www/fusioncharts/Readme.txt
/srv/zentao/www/.htaccess
/srv/zentao/www/ioncube.php
/srv/zentao/www/robots.txt
/srv/zentao/bin/ztcli
/srv/zentao/bin/php/crond.php
/srv/zentao/bin/php/backup.php
/srv/zentao/bin/php/checkyaml.php
/srv/zentao/bin/init.bat
/srv/zentao/bin/init.sh
/srv/zentao/module/admin/model.php
/srv/zentao/module/admin/css/index.css
/srv/zentao/module/admin/control.php
/srv/zentao/module/admin/lang/zh-tw.php
/srv/zentao/module/admin/lang/en.php
/srv/zentao/module/admin/lang/zh-cn.php
/srv/zentao/module/admin/view/bind.html.php
/srv/zentao/module/admin/view/index.html.php
/srv/zentao/module/admin/view/register.html.php
/srv/zentao/module/admin/js/cleardata.js
/srv/zentao/module/admin/config.php
/srv/zentao/module/report/model.php
/srv/zentao/module/report/css/common.css
/srv/zentao/module/report/control.php
/srv/zentao/module/report/lang/zh-tw.php
/srv/zentao/module/report/lang/en.php
/srv/zentao/module/report/lang/zh-cn.php
/srv/zentao/module/report/view/workload.html.php
/srv/zentao/module/report/view/dailyreminder.html.php
/srv/zentao/module/report/view/projectdeviation.html.php
/srv/zentao/module/report/view/productinfo.html.php
/srv/zentao/module/report/view/bugassign.html.php
/srv/zentao/module/report/view/bugsummary.html.php
/srv/zentao/module/report/view/blockreportlist.html.php
/srv/zentao/module/report/js/bugsummary.js
/srv/zentao/module/report/js/workload.js
/srv/zentao/module/report/config.php
/srv/zentao/module/setting/model.php
/srv/zentao/module/convert/model.php
/srv/zentao/module/convert/css/common.css
/srv/zentao/module/convert/css/selectsource.css
/srv/zentao/module/convert/control.php
/srv/zentao/module/convert/lang/zh-tw.php
/srv/zentao/module/convert/lang/en.php
/srv/zentao/module/convert/lang/zh-cn.php
/srv/zentao/module/convert/view/convertredmine.html.php
/srv/zentao/module/convert/view/checkconfig.html.php
/srv/zentao/module/convert/view/convertbugfree.html.php
/srv/zentao/module/convert/view/checkredmine.html.php
/srv/zentao/module/convert/view/index.html.php
/srv/zentao/module/convert/view/convertIssue.html.php
/srv/zentao/module/convert/view/selectsource.html.php
/srv/zentao/module/convert/view/checkbugfree.html.php
/srv/zentao/module/convert/view/setbugfree.html.php
/srv/zentao/module/convert/view/execute.html.php
/srv/zentao/module/convert/view/setredmine.html.php
/srv/zentao/module/convert/view/setconfig.html.php
/srv/zentao/module/convert/js/setconfig.js
/srv/zentao/module/convert/js/selectsource.js
/srv/zentao/module/convert/converter/bugfree2.php
/srv/zentao/module/convert/converter/bugfree1.php
/srv/zentao/module/convert/converter/bugfree.php
/srv/zentao/module/convert/converter/redmine1.1.php
/srv/zentao/module/convert/converter/redmine.php
/srv/zentao/module/group/model.php
/srv/zentao/module/group/css/managemember.css
/srv/zentao/module/group/css/browse.css
/srv/zentao/module/group/css/managepriv.css
/srv/zentao/module/group/control.php
/srv/zentao/module/group/lang/zh-tw.php
/srv/zentao/module/group/lang/en.php
/srv/zentao/module/group/lang/zh-cn.php
/srv/zentao/module/group/lang/resource.php
/srv/zentao/module/group/view/copy.html.php
/srv/zentao/module/group/view/edit.html.php
/srv/zentao/module/group/view/browse.html.php
/srv/zentao/module/group/view/managepriv.html.php
/srv/zentao/module/group/view/managemember.html.php
/srv/zentao/module/group/view/privbygroup.html.php
/srv/zentao/module/group/view/create.html.php
/srv/zentao/module/group/view/privbymodule.html.php
/srv/zentao/module/group/js/managepriv.js
/srv/zentao/module/group/js/managemember.js
/srv/zentao/module/group/config.php
/srv/zentao/module/task/model.php
/srv/zentao/module/task/css/recordestimate.css
/srv/zentao/module/task/css/batchcreate.css
/srv/zentao/module/task/css/report.css
/srv/zentao/module/task/css/edit.css
/srv/zentao/module/task/css/common.css
/srv/zentao/module/task/css/create.css
/srv/zentao/module/task/css/batchedit.css
/srv/zentao/module/task/control.php
/srv/zentao/module/task/lang/zh-tw.php
/srv/zentao/module/task/lang/en.php
/srv/zentao/module/task/lang/zh-cn.php
/srv/zentao/module/task/view/pause.html.php
/srv/zentao/module/task/view/restart.html.php
/srv/zentao/module/task/view/m.ajaxgetdetail.html.php
/srv/zentao/module/task/view/export.html.php
/srv/zentao/module/task/view/m.assignto.html.php
/srv/zentao/module/task/view/batchedit.html.php
/srv/zentao/module/task/view/m.activate.html.php
/srv/zentao/module/task/view/edit.html.php
/srv/zentao/module/task/view/m.view.html.php
/srv/zentao/module/task/view/browse.html.php
/srv/zentao/module/task/view/m.recordestimate.html.php
/srv/zentao/module/task/view/assignto.html.php
/srv/zentao/module/task/view/m.finish.html.php
/srv/zentao/module/task/view/recordestimate.html.php
/srv/zentao/module/task/view/start.html.php
/srv/zentao/module/task/view/finish.html.php
/srv/zentao/module/task/view/batchcreate.html.php
/srv/zentao/module/task/view/m.start.html.php
/srv/zentao/module/task/view/close.html.php
/srv/zentao/module/task/view/report.html.php
/srv/zentao/module/task/view/view.html.php
/srv/zentao/module/task/view/m.sendmail.html.php
/srv/zentao/module/task/view/activate.html.php
/srv/zentao/module/task/view/create.html.php
/srv/zentao/module/task/view/cancel.html.php
/srv/zentao/module/task/view/editestimate.html.php
/srv/zentao/module/task/view/sendmail.html.php
/srv/zentao/module/task/view/m.close.html.php
/srv/zentao/module/task/js/view.js
/srv/zentao/module/task/js/common.js
/srv/zentao/module/task/js/report.js
/srv/zentao/module/task/js/editestimate.js
/srv/zentao/module/task/js/m.common.js
/srv/zentao/module/task/js/recordestimate.js
/srv/zentao/module/task/js/create.js
/srv/zentao/module/task/js/batchcreate.js
/srv/zentao/module/task/js/edit.js
/srv/zentao/module/task/config.php
/srv/zentao/module/editor/model.php
/srv/zentao/module/editor/css/extend.css
/srv/zentao/module/editor/css/index.css
/srv/zentao/module/editor/css/edit.css
/srv/zentao/module/editor/control.php
/srv/zentao/module/editor/lang/zh-tw.php
/srv/zentao/module/editor/lang/en.php
/srv/zentao/module/editor/lang/zh-cn.php
/srv/zentao/module/editor/view/edit.html.php
/srv/zentao/module/editor/view/newpage.html.php
/srv/zentao/module/editor/view/index.html.php
/srv/zentao/module/editor/view/extend.html.php
/srv/zentao/module/editor/js/index.js
/srv/zentao/module/editor/js/edit.js
/srv/zentao/module/editor/config.php
/srv/zentao/module/backup/model.php
/srv/zentao/module/backup/control.php
/srv/zentao/module/backup/lang/zh-tw.php
/srv/zentao/module/backup/lang/en.php
/srv/zentao/module/backup/lang/zh-cn.php
/srv/zentao/module/backup/view/index.html.php
/srv/zentao/module/backup/js/index.js
/srv/zentao/module/productplan/model.php
/srv/zentao/module/productplan/css/linkbug.css
/srv/zentao/module/productplan/css/linkstory.css
/srv/zentao/module/productplan/css/browse.css
/srv/zentao/module/productplan/css/view.css
/srv/zentao/module/productplan/control.php
/srv/zentao/module/productplan/lang/zh-tw.php
/srv/zentao/module/productplan/lang/en.php
/srv/zentao/module/productplan/lang/zh-cn.php
/srv/zentao/module/productplan/view/edit.html.php
/srv/zentao/module/productplan/view/linkbug.html.php
/srv/zentao/module/productplan/view/browse.html.php
/srv/zentao/module/productplan/view/linkstory.html.php
/srv/zentao/module/productplan/view/view.html.php
/srv/zentao/module/productplan/view/create.html.php
/srv/zentao/module/productplan/js/create.js
/srv/zentao/module/productplan/config.php
/srv/zentao/module/testcase/model.php
/srv/zentao/module/testcase/css/browse.css
/srv/zentao/module/testcase/css/showimport.css
/srv/zentao/module/testcase/css/batchcreate.css
/srv/zentao/module/testcase/css/edit.css
/srv/zentao/module/testcase/css/common.css
/srv/zentao/module/testcase/css/create.css
/srv/zentao/module/testcase/css/batchedit.css
/srv/zentao/module/testcase/control.php
/srv/zentao/module/testcase/lang/zh-tw.php
/srv/zentao/module/testcase/lang/en.php
/srv/zentao/module/testcase/lang/zh-cn.php
/srv/zentao/module/testcase/view/import.html.php
/srv/zentao/module/testcase/view/exporttemplet.html.php
/srv/zentao/module/testcase/view/export.html.php
/srv/zentao/module/testcase/view/batchedit.html.php
/srv/zentao/module/testcase/view/edit.html.php
/srv/zentao/module/testcase/view/createbug.html.php
/srv/zentao/module/testcase/view/browse.html.php
/srv/zentao/module/testcase/view/showimport.html.php
/srv/zentao/module/testcase/view/index.html.php
/srv/zentao/module/testcase/view/batchcreate.html.php
/srv/zentao/module/testcase/view/view.html.php
/srv/zentao/module/testcase/view/create.html.php
/srv/zentao/module/testcase/view/groupcase.html.php
/srv/zentao/module/testcase/view/caseheader.html.php
/srv/zentao/module/testcase/js/view.js
/srv/zentao/module/testcase/js/groupcase.js
/srv/zentao/module/testcase/js/batchedit.js
/srv/zentao/module/testcase/js/common.js
/srv/zentao/module/testcase/js/create.js
/srv/zentao/module/testcase/js/browse.js
/srv/zentao/module/testcase/js/batchcreate.js
/srv/zentao/module/testcase/js/edit.js
/srv/zentao/module/testcase/config.php
/srv/zentao/module/custom/model.php
/srv/zentao/module/custom/css/common.css
/srv/zentao/module/custom/control.php
/srv/zentao/module/custom/lang/zh-tw.php
/srv/zentao/module/custom/lang/en.php
/srv/zentao/module/custom/lang/zh-cn.php
/srv/zentao/module/custom/view/set.html.php
/srv/zentao/module/custom/js/set.js
/srv/zentao/module/custom/config.php
/srv/zentao/module/project/model.php
/srv/zentao/module/project/css/team.css
/srv/zentao/module/project/css/burn.css
/srv/zentao/module/project/css/bug.css
/srv/zentao/module/project/css/importtask.css
/srv/zentao/module/project/css/manageproducts.css
/srv/zentao/module/project/css/grouptask.css
/srv/zentao/module/project/css/view.css
/srv/zentao/module/project/css/task.css
/srv/zentao/module/project/css/common.css
/srv/zentao/module/project/css/managemembers.css
/srv/zentao/module/project/css/story.css
/srv/zentao/module/project/css/build.css
/srv/zentao/module/project/css/create.css
/srv/zentao/module/project/control.php
/srv/zentao/module/project/lang/zh-tw.php
/srv/zentao/module/project/lang/en.php
/srv/zentao/module/project/lang/zh-cn.php
/srv/zentao/module/project/view/ajaxgetmatcheditems.html.php
/srv/zentao/module/project/view/managemembers.html.php
/srv/zentao/module/project/view/testtask.html.php
/srv/zentao/module/project/view/build.html.php
/srv/zentao/module/project/view/doc.html.php
/srv/zentao/module/project/view/suspend.html.php
/srv/zentao/module/project/view/batchedit.html.php
/srv/zentao/module/project/view/edit.html.php
/srv/zentao/module/project/view/putoff.html.php
/srv/zentao/module/project/view/grouptask.html.php
/srv/zentao/module/project/view/task.html.php
/srv/zentao/module/project/view/m.task.html.php
/srv/zentao/module/project/view/managechilds.html.php
/srv/zentao/module/project/view/linkstory.html.php
/srv/zentao/module/project/view/project.html.php
/srv/zentao/module/project/view/story.html.php
/srv/zentao/module/project/view/m.index.html.php
/srv/zentao/module/project/view/taskheader.html.php
/srv/zentao/module/project/view/start.html.php
/srv/zentao/module/project/view/dynamic.html.php
/srv/zentao/module/project/view/index.html.php
/srv/zentao/module/project/view/team.html.php
/srv/zentao/module/project/view/close.html.php
/srv/zentao/module/project/view/manageproducts.html.php
/srv/zentao/module/project/view/ajaxgetdropmenu.html.php
/srv/zentao/module/project/view/tips.html.php
/srv/zentao/module/project/view/importbug.html.php
/srv/zentao/module/project/view/importtask.html.php
/srv/zentao/module/project/view/view.html.php
/srv/zentao/module/project/view/activate.html.php
/srv/zentao/module/project/view/computeburn.html.php
/srv/zentao/module/project/view/create.html.php
/srv/zentao/module/project/view/burn.html.php
/srv/zentao/module/project/view/sendmail.html.php
/srv/zentao/module/project/view/bug.html.php
/srv/zentao/module/project/js/story.js
/srv/zentao/module/project/js/bug.js
/srv/zentao/module/project/js/dynamic.js
/srv/zentao/module/project/js/common.js
/srv/zentao/module/project/js/burn.js
/srv/zentao/module/project/js/importbug.js
/srv/zentao/module/project/js/importtask.js
/srv/zentao/module/project/js/task.js
/srv/zentao/module/project/js/create.js
/srv/zentao/module/project/js/doc.js
/srv/zentao/module/project/js/index.js
/srv/zentao/module/project/js/managemembers.js
/srv/zentao/module/project/js/manageproducts.js
/srv/zentao/module/project/config.php
/srv/zentao/module/todo/model.php
/srv/zentao/module/todo/css/view.css
/srv/zentao/module/todo/css/batchcreate.css
/srv/zentao/module/todo/css/batchedit.css
/srv/zentao/module/todo/control.php
/srv/zentao/module/todo/lang/zh-tw.php
/srv/zentao/module/todo/lang/en.php
/srv/zentao/module/todo/lang/zh-cn.php
/srv/zentao/module/todo/view/m.ajaxgetdetail.html.php
/srv/zentao/module/todo/view/export.html.php
/srv/zentao/module/todo/view/batchedit.html.php
/srv/zentao/module/todo/view/edit.html.php
/srv/zentao/module/todo/view/batchcreate.html.php
/srv/zentao/module/todo/view/view.html.php
/srv/zentao/module/todo/view/create.html.php
/srv/zentao/module/todo/view/footer.html.php
/srv/zentao/module/todo/view/m.batchcreate.html.php
/srv/zentao/module/todo/js/view.js
/srv/zentao/module/todo/js/common.js
/srv/zentao/module/todo/js/batchcreate.js
/srv/zentao/module/todo/config.php
/srv/zentao/module/story/model.php
/srv/zentao/module/story/css/batchcreate.css
/srv/zentao/module/story/css/report.css
/srv/zentao/module/story/css/edit.css
/srv/zentao/module/story/css/change.css
/srv/zentao/module/story/css/common.css
/srv/zentao/module/story/css/tasks.css
/srv/zentao/module/story/css/create.css
/srv/zentao/module/story/css/batchedit.css
/srv/zentao/module/story/css/batchclose.css
/srv/zentao/module/story/control.php
/srv/zentao/module/story/lang/zh-tw.php
/srv/zentao/module/story/lang/en.php
/srv/zentao/module/story/lang/zh-cn.php
/srv/zentao/module/story/view/m.ajaxgetdetail.html.php
/srv/zentao/module/story/view/header.html.php
/srv/zentao/module/story/view/export.html.php
/srv/zentao/module/story/view/batchedit.html.php
/srv/zentao/module/story/view/review.html.php
/srv/zentao/module/story/view/edit.html.php
/srv/zentao/module/story/view/m.view.html.php
/srv/zentao/module/story/view/tasks.html.php
/srv/zentao/module/story/view/zerocase.html.php
/srv/zentao/module/story/view/batchclose.html.php
/srv/zentao/module/story/view/affected.html.php
/srv/zentao/module/story/view/batchcreate.html.php
/srv/zentao/module/story/view/close.html.php
/srv/zentao/module/story/view/report.html.php
/srv/zentao/module/story/view/change.html.php
/srv/zentao/module/story/view/view.html.php
/srv/zentao/module/story/view/m.sendmail.html.php
/srv/zentao/module/story/view/activate.html.php
/srv/zentao/module/story/view/create.html.php
/srv/zentao/module/story/view/sendmail.html.php
/srv/zentao/module/story/view/m.close.html.php
/srv/zentao/module/story/view/m.review.html.php
/srv/zentao/module/story/js/view.js
/srv/zentao/module/story/js/change.js
/srv/zentao/module/story/js/zerocase.js
/srv/zentao/module/story/js/batchedit.js
/srv/zentao/module/story/js/report.js
/srv/zentao/module/story/js/batchclose.js
/srv/zentao/module/story/js/review.js
/srv/zentao/module/story/js/create.js
/srv/zentao/module/story/js/m.close.js
/srv/zentao/module/story/js/batchcreate.js
/srv/zentao/module/story/js/close.js
/srv/zentao/module/story/js/m.review.js
/srv/zentao/module/story/config.php
/srv/zentao/module/testtask/model.php
/srv/zentao/module/testtask/css/view.css
/srv/zentao/module/testtask/css/batchrun.css
/srv/zentao/module/testtask/css/linkcase.css
/srv/zentao/module/testtask/css/runcase.css
/srv/zentao/module/testtask/css/results.css
/srv/zentao/module/testtask/control.php
/srv/zentao/module/testtask/lang/zh-tw.php
/srv/zentao/module/testtask/lang/en.php
/srv/zentao/module/testtask/lang/zh-cn.php
/srv/zentao/module/testtask/view/edit.html.php
/srv/zentao/module/testtask/view/linkcase.html.php
/srv/zentao/module/testtask/view/browse.html.php
/srv/zentao/module/testtask/view/results.html.php
/srv/zentao/module/testtask/view/batchrun.html.php
/srv/zentao/module/testtask/view/start.html.php
/srv/zentao/module/testtask/view/close.html.php
/srv/zentao/module/testtask/view/view.html.php
/srv/zentao/module/testtask/view/create.html.php
/srv/zentao/module/testtask/view/runcase.html.php
/srv/zentao/module/testtask/view/cases.html.php
/srv/zentao/module/testtask/view/sendmail.html.php
/srv/zentao/module/testtask/view/groupcase.html.php
/srv/zentao/module/testtask/view/caseheader.html.php
/srv/zentao/module/testtask/js/view.js
/srv/zentao/module/testtask/js/groupcase.js
/srv/zentao/module/testtask/js/cases.js
/srv/zentao/module/testtask/js/results.js
/srv/zentao/module/testtask/js/batchrun.js
/srv/zentao/module/testtask/js/runcase.js
/srv/zentao/module/testtask/js/create.js
/srv/zentao/module/testtask/js/linkcase.js
/srv/zentao/module/testtask/config.php
/srv/zentao/module/git/model.php
/srv/zentao/module/git/control.php
/srv/zentao/module/git/lang/zh-tw.php
/srv/zentao/module/git/lang/en.php
/srv/zentao/module/git/lang/zh-cn.php
/srv/zentao/module/git/view/diff.html.php
/srv/zentao/module/git/view/cat.html.php
/srv/zentao/module/git/config.php
/srv/zentao/module/build/model.php
/srv/zentao/module/build/css/view.css
/srv/zentao/module/build/css/common.css
/srv/zentao/module/build/control.php
/srv/zentao/module/build/lang/zh-tw.php
/srv/zentao/module/build/lang/en.php
/srv/zentao/module/build/lang/zh-cn.php
/srv/zentao/module/build/view/edit.html.php
/srv/zentao/module/build/view/linkbug.html.php
/srv/zentao/module/build/view/linkstory.html.php
/srv/zentao/module/build/view/view.html.php
/srv/zentao/module/build/view/create.html.php
/srv/zentao/module/build/js/common.js
/srv/zentao/module/build/config.php
/srv/zentao/module/user/model.php
/srv/zentao/module/user/css/deny.css
/srv/zentao/module/user/css/batchcreate.css
/srv/zentao/module/user/css/managecontacts.css
/srv/zentao/module/user/css/edit.css
/srv/zentao/module/user/css/login.css
/srv/zentao/module/user/css/batchedit.css
/srv/zentao/module/user/control.php
/srv/zentao/module/user/lang/zh-tw.php
/srv/zentao/module/user/lang/en.php
/srv/zentao/module/user/lang/zh-cn.php
/srv/zentao/module/user/view/testtask.html.php
/srv/zentao/module/user/view/batchedit.html.php
/srv/zentao/module/user/view/edit.html.php
/srv/zentao/module/user/view/task.html.php
/srv/zentao/module/user/view/project.html.php
/srv/zentao/module/user/view/story.html.php
/srv/zentao/module/user/view/featurebar.html.php
/srv/zentao/module/user/view/dynamic.html.php
/srv/zentao/module/user/view/team.html.php
/srv/zentao/module/user/view/batchcreate.html.php
/srv/zentao/module/user/view/login.html.php
/srv/zentao/module/user/view/m.login.html.php
/srv/zentao/module/user/view/deny.html.php
/srv/zentao/module/user/view/testcase.html.php
/srv/zentao/module/user/view/todo.html.php
/srv/zentao/module/user/view/create.html.php
/srv/zentao/module/user/view/managecontacts.html.php
/srv/zentao/module/user/view/profile.html.php
/srv/zentao/module/user/view/bug.html.php
/srv/zentao/module/user/js/m.login.js
/srv/zentao/module/user/js/batchedit.js
/srv/zentao/module/user/js/common.js
/srv/zentao/module/user/js/login.js
/srv/zentao/module/user/js/todo.js
/srv/zentao/module/user/js/create.js
/srv/zentao/module/user/js/batchcreate.js
/srv/zentao/module/user/config.php
/srv/zentao/module/common/model.php
/srv/zentao/module/common/control.php
/srv/zentao/module/common/lang/zh-tw.php
/srv/zentao/module/common/lang/en.php
/srv/zentao/module/common/lang/menuOrder.php
/srv/zentao/module/common/lang/zh-cn.php
/srv/zentao/module/common/view/tablesorter.html.php
/srv/zentao/module/common/view/m.header.lite.html.php
/srv/zentao/module/common/view/pastetext.html.php
/srv/zentao/module/common/view/header.html.php
/srv/zentao/module/common/view/footer.lite.html.php
/srv/zentao/module/common/view/validation.html.php
/srv/zentao/module/common/view/datepicker.html.php
/srv/zentao/module/common/view/m.footer.html.php
/srv/zentao/module/common/view/m.header.html.php
/srv/zentao/module/common/view/mail.html.php
/srv/zentao/module/common/view/chosen.html.php
/srv/zentao/module/common/view/treetable.html.php
/srv/zentao/module/common/view/form.html.php
/srv/zentao/module/common/view/m.footer.lite.html.php
/srv/zentao/module/common/view/kindeditor.html.php
/srv/zentao/module/common/view/header.lite.html.php
/srv/zentao/module/common/view/m.action.html.php
/srv/zentao/module/common/view/action.html.php
/srv/zentao/module/common/view/footer.html.php
/srv/zentao/module/common/view/treeview.html.php
/srv/zentao/module/common/view/syntaxhighlighter.html.php
/srv/zentao/module/common/view/sparkline.html.php
/srv/zentao/module/bug/model.php
/srv/zentao/module/bug/css/browse.css
/srv/zentao/module/bug/css/view.css
/srv/zentao/module/bug/css/batchcreate.css
/srv/zentao/module/bug/css/report.css
/srv/zentao/module/bug/css/edit.css
/srv/zentao/module/bug/css/common.css
/srv/zentao/module/bug/css/create.css
/srv/zentao/module/bug/css/customfields.css
/srv/zentao/module/bug/control.php
/srv/zentao/module/bug/lang/zh-tw.php
/srv/zentao/module/bug/lang/en.php
/srv/zentao/module/bug/lang/zh-cn.php
/srv/zentao/module/bug/view/m.ajaxgetdetail.html.php
/srv/zentao/module/bug/view/m.resolve.html.php
/srv/zentao/module/bug/view/export.html.php
/srv/zentao/module/bug/view/m.assignto.html.php
/srv/zentao/module/bug/view/batchedit.html.php
/srv/zentao/module/bug/view/m.activate.html.php
/srv/zentao/module/bug/view/edit.html.php
/srv/zentao/module/bug/view/m.view.html.php
/srv/zentao/module/bug/view/resolve.html.php
/srv/zentao/module/bug/view/browse.html.php
/srv/zentao/module/bug/view/m.confirmbug.html.php
/srv/zentao/module/bug/view/assignto.html.php
/srv/zentao/module/bug/view/confirmbug.html.php
/srv/zentao/module/bug/view/batchcreate.html.php
/srv/zentao/module/bug/view/close.html.php
/srv/zentao/module/bug/view/report.html.php
/srv/zentao/module/bug/view/view.html.php
/srv/zentao/module/bug/view/m.sendmail.html.php
/srv/zentao/module/bug/view/activate.html.php
/srv/zentao/module/bug/view/buildtemplates.html.php
/srv/zentao/module/bug/view/create.html.php
/srv/zentao/module/bug/view/sendmail.html.php
/srv/zentao/module/bug/view/m.close.html.php
/srv/zentao/module/bug/view/m.browse.html.php
/srv/zentao/module/bug/js/view.js
/srv/zentao/module/bug/js/resolve.js
/srv/zentao/module/bug/js/batchedit.js
/srv/zentao/module/bug/js/common.js
/srv/zentao/module/bug/js/report.js
/srv/zentao/module/bug/js/customfields.js
/srv/zentao/module/bug/js/create.js
/srv/zentao/module/bug/js/browse.js
/srv/zentao/module/bug/js/batchcreate.js
/srv/zentao/module/bug/js/edit.js
/srv/zentao/module/bug/config.php
/srv/zentao/module/product/model.php
/srv/zentao/module/product/css/roadmap.css
/srv/zentao/module/product/css/browse.css
/srv/zentao/module/product/css/view.css
/srv/zentao/module/product/css/index.css
/srv/zentao/module/product/control.php
/srv/zentao/module/product/lang/zh-tw.php
/srv/zentao/module/product/lang/en.php
/srv/zentao/module/product/lang/zh-cn.php
/srv/zentao/module/product/view/ajaxgetmatcheditems.html.php
/srv/zentao/module/product/view/doc.html.php
/srv/zentao/module/product/view/batchedit.html.php
/srv/zentao/module/product/view/edit.html.php
/srv/zentao/module/product/view/roadmap.html.php
/srv/zentao/module/product/view/browse.html.php
/srv/zentao/module/product/view/project.html.php
/srv/zentao/module/product/view/m.index.html.php
/srv/zentao/module/product/view/dynamic.html.php
/srv/zentao/module/product/view/index.html.php
/srv/zentao/module/product/view/close.html.php
/srv/zentao/module/product/view/ajaxgetdropmenu.html.php
/srv/zentao/module/product/view/view.html.php
/srv/zentao/module/product/view/create.html.php
/srv/zentao/module/product/view/m.browse.html.php
/srv/zentao/module/product/js/dynamic.js
/srv/zentao/module/product/js/common.js
/srv/zentao/module/product/js/project.js
/srv/zentao/module/product/js/browse.js
/srv/zentao/module/product/js/index.js
/srv/zentao/module/product/config.php
/srv/zentao/module/dept/model.php
/srv/zentao/module/dept/css/browse.css
/srv/zentao/module/dept/control.php
/srv/zentao/module/dept/lang/zh-tw.php
/srv/zentao/module/dept/lang/en.php
/srv/zentao/module/dept/lang/zh-cn.php
/srv/zentao/module/dept/view/edit.html.php
/srv/zentao/module/dept/view/browse.html.php
/srv/zentao/module/file/model.php
/srv/zentao/module/file/control.php
/srv/zentao/module/file/lang/zh-tw.php
/srv/zentao/module/file/lang/en.php
/srv/zentao/module/file/lang/zh-cn.php
/srv/zentao/module/file/view/export.html.php
/srv/zentao/module/file/view/edit.html.php
/srv/zentao/module/file/view/export2html.html.php
/srv/zentao/module/file/view/uploadimages.html.php
/srv/zentao/module/file/view/export2xml.html.php
/srv/zentao/module/file/view/export2csv.html.php
/srv/zentao/module/file/view/printfiles.html.php
/srv/zentao/module/file/view/buildform.html.php
/srv/zentao/module/file/config.php
/srv/zentao/module/index/model.php
/srv/zentao/module/index/control.php
/srv/zentao/module/index/lang/zh-tw.php
/srv/zentao/module/index/lang/en.php
/srv/zentao/module/index/lang/zh-cn.php
/srv/zentao/module/misc/model.php
/srv/zentao/module/misc/css/about.css
/srv/zentao/module/misc/control.php
/srv/zentao/module/misc/lang/zh-tw.php
/srv/zentao/module/misc/lang/en.php
/srv/zentao/module/misc/lang/zh-cn.php
/srv/zentao/module/misc/view/getsid.html.php
/srv/zentao/module/misc/view/links.html.php
/srv/zentao/module/misc/view/checkupdate.html.php
/srv/zentao/module/misc/view/qrcode.html.php
/srv/zentao/module/misc/view/about.html.php
/srv/zentao/module/misc/ext/config/config2.php
/srv/zentao/module/misc/ext/config/config1.php
/srv/zentao/module/misc/ext/control/getsid.php
/srv/zentao/module/misc/ext/lang/zh-cn2.php
/srv/zentao/module/misc/ext/lang/zh-cn1.php
/srv/zentao/module/misc/ext/view/getsid.html.php
/srv/zentao/module/misc/ext/view/getsid.color.html.hook.php
/srv/zentao/module/misc/ext/model/ext.php
/srv/zentao/module/misc/ext/model/foo.php
/srv/zentao/module/misc/ext/model/hook/hello.test2.php
/srv/zentao/module/misc/ext/model/hook/hello2.start.php
/srv/zentao/module/misc/ext/model/hook/hello.test.php
/srv/zentao/module/misc/ext/model/class/test.class.php
/srv/zentao/module/api/model.php
/srv/zentao/module/api/css/debug.css
/srv/zentao/module/api/control.php
/srv/zentao/module/api/lang/zh-tw.php
/srv/zentao/module/api/lang/en.php
/srv/zentao/module/api/lang/zh-cn.php
/srv/zentao/module/api/view/debug.html.php
/srv/zentao/module/api/js/debug.js
/srv/zentao/module/doc/model.php
/srv/zentao/module/doc/css/editlib.css
/srv/zentao/module/doc/css/createlib.css
/srv/zentao/module/doc/css/common.css
/srv/zentao/module/doc/control.php
/srv/zentao/module/doc/lang/zh-tw.php
/srv/zentao/module/doc/lang/en.php
/srv/zentao/module/doc/lang/zh-cn.php
/srv/zentao/module/doc/view/edit.html.php
/srv/zentao/module/doc/view/browse.html.php
/srv/zentao/module/doc/view/editlib.html.php
/srv/zentao/module/doc/view/createlib.html.php
/srv/zentao/module/doc/view/view.html.php
/srv/zentao/module/doc/view/create.html.php
/srv/zentao/module/doc/view/footer.html.php
/srv/zentao/module/doc/js/common.js
/srv/zentao/module/doc/js/create.js
/srv/zentao/module/doc/js/browse.js
/srv/zentao/module/doc/js/edit.js
/srv/zentao/module/doc/config.php
/srv/zentao/module/qa/model.php
/srv/zentao/module/qa/control.php
/srv/zentao/module/qa/lang/zh-tw.php
/srv/zentao/module/qa/lang/en.php
/srv/zentao/module/qa/lang/zh-cn.php
/srv/zentao/module/qa/view/index.html.php
/srv/zentao/module/mail/model.php
/srv/zentao/module/mail/css/test.css
/srv/zentao/module/mail/control.php
/srv/zentao/module/mail/lang/zh-tw.php
/srv/zentao/module/mail/lang/en.php
/srv/zentao/module/mail/lang/zh-cn.php
/srv/zentao/module/mail/view/edit.html.php
/srv/zentao/module/mail/view/save.html.php
/srv/zentao/module/mail/view/test.html.php
/srv/zentao/module/mail/view/detect.html.php
/srv/zentao/module/mail/js/detect.js
/srv/zentao/module/mail/js/edit.js
/srv/zentao/module/mail/config.php
/srv/zentao/module/tree/model.php
/srv/zentao/module/tree/css/edit.css
/srv/zentao/module/tree/css/common.css
/srv/zentao/module/tree/control.php
/srv/zentao/module/tree/lang/zh-tw.php
/srv/zentao/module/tree/lang/en.php
/srv/zentao/module/tree/lang/zh-cn.php
/srv/zentao/module/tree/view/edit.html.php
/srv/zentao/module/tree/view/browse.html.php
/srv/zentao/module/tree/view/browsetask.html.php
/srv/zentao/module/tree/js/browsetask.js
/srv/zentao/module/tree/js/browse.js
/srv/zentao/module/tree/config.php
/srv/zentao/module/search/model.php
/srv/zentao/module/search/control.php
/srv/zentao/module/search/lang/zh-tw.php
/srv/zentao/module/search/lang/en.php
/srv/zentao/module/search/lang/zh-cn.php
/srv/zentao/module/search/view/buildform.html.php
/srv/zentao/module/search/config.php
/srv/zentao/module/company/model.php
/srv/zentao/module/company/css/browse.css
/srv/zentao/module/company/control.php
/srv/zentao/module/company/lang/zh-tw.php
/srv/zentao/module/company/lang/en.php
/srv/zentao/module/company/lang/zh-cn.php
/srv/zentao/module/company/view/edit.html.php
/srv/zentao/module/company/view/browse.html.php
/srv/zentao/module/company/view/dynamic.html.php
/srv/zentao/module/company/view/view.html.php
/srv/zentao/module/company/js/view.js
/srv/zentao/module/company/js/dynamic.js
/srv/zentao/module/company/js/browse.js
/srv/zentao/module/company/js/edit.js
/srv/zentao/module/company/config.php
/srv/zentao/module/my/model.php
/srv/zentao/module/my/css/index.css
/srv/zentao/module/my/css/editprofile.css
/srv/zentao/module/my/css/todo.css
/srv/zentao/module/my/css/common.css
/srv/zentao/module/my/control.php
/srv/zentao/module/my/lang/zh-tw.php
/srv/zentao/module/my/lang/en.php
/srv/zentao/module/my/lang/zh-cn.php
/srv/zentao/module/my/view/editprofile.html.php
/srv/zentao/module/my/view/testtask.html.php
/srv/zentao/module/my/view/blockproducts.html.php
/srv/zentao/module/my/view/blockbugs.html.php
/srv/zentao/module/my/view/blockstories.html.php
/srv/zentao/module/my/view/task.html.php
/srv/zentao/module/my/view/m.task.html.php
/srv/zentao/module/my/view/m.todo.html.php
/srv/zentao/module/my/view/project.html.php
/srv/zentao/module/my/view/blockprojects.html.php
/srv/zentao/module/my/view/story.html.php
/srv/zentao/module/my/view/dynamic.html.php
/srv/zentao/module/my/view/index.html.php
/srv/zentao/module/my/view/team.html.php
/srv/zentao/module/my/view/blocktodoes.html.php
/srv/zentao/module/my/view/blockdynamic.html.php
/srv/zentao/module/my/view/m.story.html.php
/srv/zentao/module/my/view/testcase.html.php
/srv/zentao/module/my/view/blocktasks.html.php
/srv/zentao/module/my/view/todo.html.php
/srv/zentao/module/my/view/changepassword.html.php
/srv/zentao/module/my/view/profile.html.php
/srv/zentao/module/my/view/m.bug.html.php
/srv/zentao/module/my/view/bug.html.php
/srv/zentao/module/my/js/testcase.js
/srv/zentao/module/my/js/common.js
/srv/zentao/module/my/js/task.js
/srv/zentao/module/my/js/todo.js
/srv/zentao/module/my/js/index.js
/srv/zentao/module/my/config.php
/srv/zentao/module/upgrade/model.php
/srv/zentao/module/upgrade/css/common.css
/srv/zentao/module/upgrade/control.php
/srv/zentao/module/upgrade/lang/zh-tw.php
/srv/zentao/module/upgrade/lang/en.php
/srv/zentao/module/upgrade/lang/zh-cn.php
/srv/zentao/module/upgrade/view/backup.html.php
/srv/zentao/module/upgrade/view/selectversion.html.php
/srv/zentao/module/upgrade/view/license.html.php
/srv/zentao/module/upgrade/view/execute.html.php
/srv/zentao/module/upgrade/view/confirm.html.php
/srv/zentao/module/upgrade/js/license.js
/srv/zentao/module/upgrade/js/common.js
/srv/zentao/module/upgrade/js/execute.js
/srv/zentao/module/upgrade/config.php
/srv/zentao/module/release/model.php
/srv/zentao/module/release/css/browse.css
/srv/zentao/module/release/css/view.css
/srv/zentao/module/release/css/edit.css
/srv/zentao/module/release/css/common.css
/srv/zentao/module/release/control.php
/srv/zentao/module/release/lang/zh-tw.php
/srv/zentao/module/release/lang/en.php
/srv/zentao/module/release/lang/zh-cn.php
/srv/zentao/module/release/view/export.html.php
/srv/zentao/module/release/view/edit.html.php
/srv/zentao/module/release/view/linkbug.html.php
/srv/zentao/module/release/view/browse.html.php
/srv/zentao/module/release/view/linkstory.html.php
/srv/zentao/module/release/view/view.html.php
/srv/zentao/module/release/view/create.html.php
/srv/zentao/module/release/js/common.js
/srv/zentao/module/release/config.php
/srv/zentao/module/extension/model.php
/srv/zentao/module/extension/css/upload.css
/srv/zentao/module/extension/css/common.css
/srv/zentao/module/extension/css/obtain.css
/srv/zentao/module/extension/control.php
/srv/zentao/module/extension/lang/zh-tw.php
/srv/zentao/module/extension/lang/en.php
/srv/zentao/module/extension/lang/zh-cn.php
/srv/zentao/module/extension/license/apache.txt
/srv/zentao/module/extension/license/mit.txt
/srv/zentao/module/extension/license/bsd.txt
/srv/zentao/module/extension/license/lgpl.txt
/srv/zentao/module/extension/license/gpl.txt
/srv/zentao/module/extension/view/header.html.php
/srv/zentao/module/extension/view/checkscore.html.php
/srv/zentao/module/extension/view/browse.html.php
/srv/zentao/module/extension/view/obtain.html.php
/srv/zentao/module/extension/view/waring.htm.php
/srv/zentao/module/extension/view/install.html.php
/srv/zentao/module/extension/view/uninstall.html.php
/srv/zentao/module/extension/view/structure.html.php
/srv/zentao/module/extension/view/upload.html.php
/srv/zentao/module/extension/view/deactivate.html.php
/srv/zentao/module/extension/view/activate.html.php
/srv/zentao/module/extension/view/erase.html.php
/srv/zentao/module/extension/js/common.js
/srv/zentao/module/extension/config.php
/srv/zentao/module/svn/model.php
/srv/zentao/module/svn/control.php
/srv/zentao/module/svn/lang/zh-tw.php
/srv/zentao/module/svn/lang/en.php
/srv/zentao/module/svn/lang/zh-cn.php
/srv/zentao/module/svn/view/diff.html.php
/srv/zentao/module/svn/view/cat.html.php
/srv/zentao/module/svn/config.php
/srv/zentao/module/svn/syncer/VERSION
/srv/zentao/module/svn/syncer/syncer.php
/srv/zentao/module/svn/syncer/Makefile
/srv/zentao/module/svn/syncer/config.php
/srv/zentao/module/action/model.php
/srv/zentao/module/action/css/trash.css
/srv/zentao/module/action/control.php
/srv/zentao/module/action/lang/zh-tw.php
/srv/zentao/module/action/lang/en.php
/srv/zentao/module/action/lang/zh-cn.php
/srv/zentao/module/action/view/trash.html.php
/srv/zentao/module/action/config.php
/srv/zentao/module/install/model.php
/srv/zentao/module/install/css/index.css
/srv/zentao/module/install/css/common.css
/srv/zentao/module/install/control.php
/srv/zentao/module/install/lang/zh-tw.php
/srv/zentao/module/install/lang/en.php
/srv/zentao/module/install/lang/zh-cn.php
/srv/zentao/module/install/view/step2.html.php
/srv/zentao/module/install/view/step4.html.php
/srv/zentao/module/install/view/license.html.php
/srv/zentao/module/install/view/index.html.php
/srv/zentao/module/install/view/step1.html.php
/srv/zentao/module/install/view/step5.html.php
/srv/zentao/module/install/view/step3.html.php
/srv/zentao/module/install/js/license.js
/srv/zentao/module/install/js/common.js
/srv/zentao/module/install/js/step2.js
/srv/zentao/db/update4.0.beta2.sql
/srv/zentao/db/update2.2.sql
/srv/zentao/db/demo.sql
/srv/zentao/db/update2.0.sql
/srv/zentao/db/update6.1.sql
/srv/zentao/db/update1.3.sql
/srv/zentao/db/update0.1.sql
/srv/zentao/db/update0.4.sql
/srv/zentao/db/update2.4.sql
/srv/zentao/db/update1.0.beta.sql
/srv/zentao/db/win2unix.sql
/srv/zentao/db/update1.0.1.sql
/srv/zentao/db/update0.6.sql
/srv/zentao/db/update3.0.beta1.sql
/srv/zentao/db/update3.1.sql
/srv/zentao/db/update3.2.1.sql
/srv/zentao/db/zentao.sql
/srv/zentao/db/update6.0.sql
/srv/zentao/db/update2.1.sql
/srv/zentao/db/update2.3.sql
/srv/zentao/db/update4.1.sql
/srv/zentao/db/update4.2.sql
/srv/zentao/db/update1.4.sql
/srv/zentao/db/update5.2.1.sql
/srv/zentao/db/update4.0.1.sql
/srv/zentao/db/update4.0.sql
/srv/zentao/db/update1.1.sql
/srv/zentao/db/update6.0.beta1.sql
/srv/zentao/db/update4.0.beta1.sql
/srv/zentao/db/update3.3.sql
/srv/zentao/db/update1.2.sql
/srv/zentao/db/update1.0.rc1.sql
/srv/zentao/db/update4.3.sql
/srv/zentao/db/update0.5.sql
/srv/zentao/db/update0.3.sql
/srv/zentao/db/update1.5.sql
/srv/zentao/db/update3.2.sql
/srv/zentao/.flow
/srv/zentao/framework/router.class.php
/srv/zentao/framework/control.class.php
/srv/zentao/framework/model.class.php
/srv/zentao/framework/helper.class.php
/srv/zentao/doc/UPGRADE
/srv/zentao/doc/HELP.url
/srv/zentao/doc/VIDEO.url
/srv/zentao/doc/README
/srv/zentao/doc/COPYING.LESSER
/srv/zentao/doc/CHANGELOG
/srv/zentao/doc/TODO
/srv/zentao/doc/THIRDPARTY
/srv/zentao/doc/COPYING
/srv/zentao/doc/README.zh_CN
/srv/zentao/doc/LICENSE
/srv/zentao/doc/INSTALL
/srv/zentao/doc/FLOWCHART.url
/srv/zentao/doc/THANKS
/srv/mysql/zentao/zt_doclib.MYD
/srv/mysql/zentao/zt_effort.MYD
/srv/mysql/zentao/zt_case.MYD
/srv/mysql/zentao/zt_testresult.MYI
/srv/mysql/zentao/zt_testresult.MYD
/srv/mysql/zentao/zt_projectstory.frm
/srv/mysql/zentao/zt_burn.frm
/srv/mysql/zentao/zt_todo.frm
/srv/mysql/zentao/zt_storyspec.MYI
/srv/mysql/zentao/zt_build.frm
/srv/mysql/zentao/zt_project.MYI
/srv/mysql/zentao/zt_company.frm
/srv/mysql/zentao/zt_extension.frm
/srv/mysql/zentao/zt_file.MYI
/srv/mysql/zentao/zt_casestep.MYD
/srv/mysql/zentao/zt_productplan.frm
/srv/mysql/zentao/zt_config.MYI
/srv/mysql/zentao/zt_taskestimate.frm
/srv/mysql/zentao/zt_dept.MYD
/srv/mysql/zentao/zt_usertpl.MYD
/srv/mysql/zentao/zt_team.MYD
/srv/mysql/zentao/zt_file.frm
/srv/mysql/zentao/zt_config.frm
/srv/mysql/zentao/zt_story.MYI
/srv/mysql/zentao/zt_product.MYD
/srv/mysql/zentao/zt_usercontact.frm
/srv/mysql/zentao/zt_projectstory.MYD
/srv/mysql/zentao/zt_release.frm
/srv/mysql/zentao/zt_user.MYD
/srv/mysql/zentao/zt_testresult.frm
/srv/mysql/zentao/zt_testrun.MYI
/srv/mysql/zentao/zt_config.MYD
/srv/mysql/zentao/zt_file.MYD
/srv/mysql/zentao/zt_grouppriv.frm
/srv/mysql/zentao/zt_productplan.MYI
/srv/mysql/zentao/zt_burn.MYD
/srv/mysql/zentao/zt_grouppriv.MYD
/srv/mysql/zentao/zt_task.frm
/srv/mysql/zentao/zt_effort.frm
/srv/mysql/zentao/zt_grouppriv.MYI
/srv/mysql/zentao/zt_projectstory.MYI
/srv/mysql/zentao/zt_doc.MYD
/srv/mysql/zentao/zt_storyspec.frm
/srv/mysql/zentao/zt_company.MYI
/srv/mysql/zentao/zt_casestep.frm
/srv/mysql/zentao/zt_history.MYD
/srv/mysql/zentao/zt_usertpl.frm
/srv/mysql/zentao/zt_casestep.MYI
/srv/mysql/zentao/zt_team.MYI
/srv/mysql/zentao/zt_story.frm
/srv/mysql/zentao/zt_history.frm
/srv/mysql/zentao/zt_release.MYD
/srv/mysql/zentao/zt_testrun.MYD
/srv/mysql/zentao/zt_action.MYI
/srv/mysql/zentao/zt_project.MYD
/srv/mysql/zentao/zt_todo.MYI
/srv/mysql/zentao/zt_group.frm
/srv/mysql/zentao/zt_module.frm
/srv/mysql/zentao/zt_testtask.MYD
/srv/mysql/zentao/zt_extension.MYI
/srv/mysql/zentao/db.opt
/srv/mysql/zentao/zt_team.frm
/srv/mysql/zentao/zt_task.MYD
/srv/mysql/zentao/zt_case.MYI
/srv/mysql/zentao/zt_history.MYI
/srv/mysql/zentao/zt_testrun.frm
/srv/mysql/zentao/zt_testtask.frm
/srv/mysql/zentao/zt_release.MYI
/srv/mysql/zentao/zt_usergroup.frm
/srv/mysql/zentao/zt_bug.frm
/srv/mysql/zentao/zt_burn.MYI
/srv/mysql/zentao/zt_testtask.MYI
/srv/mysql/zentao/zt_projectproduct.MYI
/srv/mysql/zentao/zt_group.MYD
/srv/mysql/zentao/zt_projectproduct.MYD
/srv/mysql/zentao/zt_usertpl.MYI
/srv/mysql/zentao/zt_doc.frm
/srv/mysql/zentao/zt_storyspec.MYD
/srv/mysql/zentao/zt_todo.MYD
/srv/mysql/zentao/zt_lang.MYD
/srv/mysql/zentao/zt_usergroup.MYD
/srv/mysql/zentao/zt_doc.MYI
/srv/mysql/zentao/zt_bug.MYD
/srv/mysql/zentao/zt_case.frm
/srv/mysql/zentao/zt_taskestimate.MYD
/srv/mysql/zentao/zt_group.MYI
/srv/mysql/zentao/zt_product.frm
/srv/mysql/zentao/zt_dept.MYI
/srv/mysql/zentao/zt_usercontact.MYD
/srv/mysql/zentao/zt_build.MYI
/srv/mysql/zentao/zt_extension.MYD
/srv/mysql/zentao/zt_doclib.frm
/srv/mysql/zentao/zt_user.frm
/srv/mysql/zentao/zt_userquery.MYD
/srv/mysql/zentao/zt_build.MYD
/srv/mysql/zentao/zt_dept.frm
/srv/mysql/zentao/zt_module.MYD
/srv/mysql/zentao/zt_taskestimate.MYI
/srv/mysql/zentao/zt_product.MYI
/srv/mysql/zentao/zt_lang.MYI
/srv/mysql/zentao/zt_doclib.MYI
/srv/mysql/zentao/zt_story.MYD
/srv/mysql/zentao/zt_usergroup.MYI
/srv/mysql/zentao/zt_productplan.MYD
/srv/mysql/zentao/zt_project.frm
/srv/mysql/zentao/zt_action.MYD
/srv/mysql/zentao/zt_bug.MYI
/srv/mysql/zentao/zt_module.MYI
/srv/mysql/zentao/zt_usercontact.MYI
/srv/mysql/zentao/zt_task.MYI
/srv/mysql/zentao/zt_userquery.MYI
/srv/mysql/zentao/zt_lang.frm
/srv/mysql/zentao/zt_company.MYD
/srv/mysql/zentao/zt_userquery.frm
/srv/mysql/zentao/zt_effort.MYI
/srv/mysql/zentao/zt_user.MYI
/srv/mysql/zentao/zt_action.frm
/srv/mysql/zentao/zt_projectproduct.frm
/etc/httpd/sites/02.zentao.conf
