/usr/lib/libz.a
/usr/lib/libz.a
/usr/lib/stPqjinh
/usr/lib/stPqjinh
/usr/lib/stPqjinh
/usr/lib/stPqjinh
/usr/lib/stPqjinh
/usr/lib/stPqjinh
/usr/lib/stPqjinh
/usr/lib/stPqjinh
/usr/lib/stPqjinh
/usr/lib/stPqjinh
/usr/lib/stPqjinh
/usr/lib/stPqjinh
/usr/lib/stPqjinh
/usr/lib/stPqjinh
/usr/lib/stPqjinh
/usr/lib/stPqjinh
/usr/lib/stPqjinh
/usr/lib/stPqjinh
/usr/lib/stPqjinh
/usr/lib/stPqjinh
/usr/lib/stPqjinh
/usr/lib/stPqjinh
/usr/lib/stPqjinh
/usr/lib/stPqjinh
/usr/lib/stPqjinh
/usr/lib/stPqjinh
/usr/lib/stPqjinh
/usr/lib/stPqjinh
/usr/lib/stPqjinh
/usr/lib/stPqjinh
/usr/lib/stPqjinh
/usr/lib/stPqjinh
/usr/lib/stPqjinh
/usr/lib/stPqjinh
/usr/lib/libz.a
/usr/lib/libz.so.1.2.8
/usr/lib/libz.so.1.2.8
/usr/lib/libz.so
/usr/lib/libz.so.1
/usr/share/man/man3/zlib.3
/usr/share/man/man3/zlib.3
/usr/lib/pkgconfig/zlib.pc
/usr/lib/pkgconfig/zlib.pc
/usr/include/zlib.h
/usr/include/zlib.h
/usr/include/zconf.h
/usr/include/zconf.h
/usr/lib/libz.so.1
/lib/libz.so.1
/usr/lib/libz.so.1.2.8
/lib/libz.so.1.2.8
/usr/lib/libz.so
